

================================================================
== Vitis HLS Report for 'extendedKalmanFilter_Pipeline_VITIS_LOOP_58_43'
================================================================
* Date:           Sun Mar 17 14:02:02 2024

* Version:        2023.2 (Build 4023990 on Oct 11 2023)
* Project:        ExtendedKalmanFilter
* Solution:       solution2 (Vivado IP Flow Target)
* Product family: kintex7
* Target device:  xc7k160t-fbg676-2


================================================================
== Performance Estimates
================================================================
+ Timing: 
    * Summary: 
    +--------+---------+----------+------------+
    |  Clock |  Target | Estimated| Uncertainty|
    +--------+---------+----------+------------+
    |ap_clk  |  4.00 ns|  2.796 ns|     1.08 ns|
    +--------+---------+----------+------------+

+ Latency: 
    * Summary: 
    +---------+---------+----------+----------+-----+-----+---------+
    |  Latency (cycles) |  Latency (absolute) |  Interval | Pipeline|
    |   min   |   max   |    min   |    max   | min | max |   Type  |
    +---------+---------+----------+----------+-----+-----+---------+
    |       72|       72|  0.288 us|  0.288 us|   72|   72|       no|
    +---------+---------+----------+----------+-----+-----+---------+

    + Detail: 
        * Instance: 
        N/A

        * Loop: 
        +-------------------+---------+---------+----------+-----------+-----------+------+----------+
        |                   |  Latency (cycles) | Iteration|  Initiation Interval  | Trip |          |
        |     Loop Name     |   min   |   max   |  Latency |  achieved |   target  | Count| Pipelined|
        +-------------------+---------+---------+----------+-----------+-----------+------+----------+
        |- VITIS_LOOP_58_4  |       70|       70|        68|          1|          1|     4|       yes|
        +-------------------+---------+---------+----------+-----------+-----------+------+----------+

============================================================
+ Verbose Summary: Synthesis Manager
============================================================
InlineROM: 1
ExposeGlobal: 0
============================================================
+ Verbose Summary: CDFG Model
============================================================
IsTopModel: 0
ResetActiveHigh: 1
IsCombinational: 0
IsDatapathOnly: 0
HasWiredReturn: 1
HasMFsm: 2
HasVarLatency: 1
IsPipeline: 0
IsRtlPipelined: 0
IsInstanceOverlapped: 0
IsDontTouch: 0
HasImplIP: 0
IsGatedGlobalClock: 0

+ Individual pipeline summary: 
  * Pipeline-0: initiation interval (II) = 1, depth = 68


============================================================
+ Verbose Summary: Schedule
============================================================
* Number of FSM states : 68
* Pipeline : 1
  Pipeline-0 : II = 1, D = 68, States = { 1 2 3 4 5 6 7 8 9 10 11 12 13 14 15 16 17 18 19 20 21 22 23 24 25 26 27 28 29 30 31 32 33 34 35 36 37 38 39 40 41 42 43 44 45 46 47 48 49 50 51 52 53 54 55 56 57 58 59 60 61 62 63 64 65 66 67 68 }
* Dataflow Pipeline: 0

* FSM state transitions: 
1 --> 2 
2 --> 3 
3 --> 4 
4 --> 5 
5 --> 6 
6 --> 7 
7 --> 8 
8 --> 9 
9 --> 10 
10 --> 11 
11 --> 12 
12 --> 13 
13 --> 14 
14 --> 15 
15 --> 16 
16 --> 17 
17 --> 18 
18 --> 19 
19 --> 20 
20 --> 21 
21 --> 22 
22 --> 23 
23 --> 24 
24 --> 25 
25 --> 26 
26 --> 27 
27 --> 28 
28 --> 29 
29 --> 30 
30 --> 31 
31 --> 32 
32 --> 33 
33 --> 34 
34 --> 35 
35 --> 36 
36 --> 37 
37 --> 38 
38 --> 39 
39 --> 40 
40 --> 41 
41 --> 42 
42 --> 43 
43 --> 44 
44 --> 45 
45 --> 46 
46 --> 47 
47 --> 48 
48 --> 49 
49 --> 50 
50 --> 51 
51 --> 52 
52 --> 53 
53 --> 54 
54 --> 55 
55 --> 56 
56 --> 57 
57 --> 58 
58 --> 59 
59 --> 60 
60 --> 61 
61 --> 62 
62 --> 63 
63 --> 64 
64 --> 65 
65 --> 66 
66 --> 67 
67 --> 68 
68 --> 

* FSM state operations: 

State 1 <SV = 0> <Delay = 2.60>
ST_1 : Operation 71 [1/1] (0.00ns)   --->   "%j_3 = alloca i32 1" [ExtendedKalmanFilter.cpp:58]   --->   Operation 71 'alloca' 'j_3' <Predicate = true> <Delay = 0.00>
ST_1 : Operation 72 [1/1] (0.00ns)   --->   "%empty = alloca i32 1"   --->   Operation 72 'alloca' 'empty' <Predicate = true> <Delay = 0.00>
ST_1 : Operation 73 [1/1] (0.00ns)   --->   "%empty_13 = alloca i32 1"   --->   Operation 73 'alloca' 'empty_13' <Predicate = true> <Delay = 0.00>
ST_1 : Operation 74 [1/1] (0.00ns)   --->   "%empty_14 = alloca i32 1"   --->   Operation 74 'alloca' 'empty_14' <Predicate = true> <Delay = 0.00>
ST_1 : Operation 75 [1/1] (0.00ns)   --->   "%empty_15 = alloca i32 1"   --->   Operation 75 'alloca' 'empty_15' <Predicate = true> <Delay = 0.00>
ST_1 : Operation 76 [1/1] (0.00ns)   --->   "%P_3_3_load_read = read i64 @_ssdm_op_Read.ap_auto.double, i64 %P_3_3_load"   --->   Operation 76 'read' 'P_3_3_load_read' <Predicate = true> <Delay = 0.00>
ST_1 : Operation 77 [1/1] (0.00ns)   --->   "%P_3_2_load_read = read i64 @_ssdm_op_Read.ap_auto.double, i64 %P_3_2_load"   --->   Operation 77 'read' 'P_3_2_load_read' <Predicate = true> <Delay = 0.00>
ST_1 : Operation 78 [1/1] (0.00ns)   --->   "%P_3_1_load_read = read i64 @_ssdm_op_Read.ap_auto.double, i64 %P_3_1_load"   --->   Operation 78 'read' 'P_3_1_load_read' <Predicate = true> <Delay = 0.00>
ST_1 : Operation 79 [1/1] (0.00ns)   --->   "%P_3_0_load_read = read i64 @_ssdm_op_Read.ap_auto.double, i64 %P_3_0_load"   --->   Operation 79 'read' 'P_3_0_load_read' <Predicate = true> <Delay = 0.00>
ST_1 : Operation 80 [1/1] (0.00ns)   --->   "%P_2_3_load_read = read i64 @_ssdm_op_Read.ap_auto.double, i64 %P_2_3_load"   --->   Operation 80 'read' 'P_2_3_load_read' <Predicate = true> <Delay = 0.00>
ST_1 : Operation 81 [1/1] (0.00ns)   --->   "%P_2_2_load_read = read i64 @_ssdm_op_Read.ap_auto.double, i64 %P_2_2_load"   --->   Operation 81 'read' 'P_2_2_load_read' <Predicate = true> <Delay = 0.00>
ST_1 : Operation 82 [1/1] (0.00ns)   --->   "%P_2_1_load_read = read i64 @_ssdm_op_Read.ap_auto.double, i64 %P_2_1_load"   --->   Operation 82 'read' 'P_2_1_load_read' <Predicate = true> <Delay = 0.00>
ST_1 : Operation 83 [1/1] (0.00ns)   --->   "%P_2_0_load_read = read i64 @_ssdm_op_Read.ap_auto.double, i64 %P_2_0_load"   --->   Operation 83 'read' 'P_2_0_load_read' <Predicate = true> <Delay = 0.00>
ST_1 : Operation 84 [1/1] (0.00ns)   --->   "%P_1_3_load_read = read i64 @_ssdm_op_Read.ap_auto.double, i64 %P_1_3_load"   --->   Operation 84 'read' 'P_1_3_load_read' <Predicate = true> <Delay = 0.00>
ST_1 : Operation 85 [1/1] (0.00ns)   --->   "%P_1_2_load_read = read i64 @_ssdm_op_Read.ap_auto.double, i64 %P_1_2_load"   --->   Operation 85 'read' 'P_1_2_load_read' <Predicate = true> <Delay = 0.00>
ST_1 : Operation 86 [1/1] (0.00ns)   --->   "%P_1_1_load_read = read i64 @_ssdm_op_Read.ap_auto.double, i64 %P_1_1_load"   --->   Operation 86 'read' 'P_1_1_load_read' <Predicate = true> <Delay = 0.00>
ST_1 : Operation 87 [1/1] (0.00ns)   --->   "%P_1_0_load_read = read i64 @_ssdm_op_Read.ap_auto.double, i64 %P_1_0_load"   --->   Operation 87 'read' 'P_1_0_load_read' <Predicate = true> <Delay = 0.00>
ST_1 : Operation 88 [1/1] (0.00ns)   --->   "%P_0_3_load_read = read i64 @_ssdm_op_Read.ap_auto.double, i64 %P_0_3_load"   --->   Operation 88 'read' 'P_0_3_load_read' <Predicate = true> <Delay = 0.00>
ST_1 : Operation 89 [1/1] (0.00ns)   --->   "%P_0_2_load_read = read i64 @_ssdm_op_Read.ap_auto.double, i64 %P_0_2_load"   --->   Operation 89 'read' 'P_0_2_load_read' <Predicate = true> <Delay = 0.00>
ST_1 : Operation 90 [1/1] (0.00ns)   --->   "%P_0_1_load_read = read i64 @_ssdm_op_Read.ap_auto.double, i64 %P_0_1_load"   --->   Operation 90 'read' 'P_0_1_load_read' <Predicate = true> <Delay = 0.00>
ST_1 : Operation 91 [1/1] (0.00ns)   --->   "%P_0_0_load_read = read i64 @_ssdm_op_Read.ap_auto.double, i64 %P_0_0_load"   --->   Operation 91 'read' 'P_0_0_load_read' <Predicate = true> <Delay = 0.00>
ST_1 : Operation 92 [1/1] (0.83ns)   --->   "%store_ln58 = store i3 0, i3 %j_3" [ExtendedKalmanFilter.cpp:58]   --->   Operation 92 'store' 'store_ln58' <Predicate = true> <Delay = 0.83>
ST_1 : Operation 93 [1/1] (0.00ns)   --->   "%br_ln0 = br void %VITIS_LOOP_60_5.3"   --->   Operation 93 'br' 'br_ln0' <Predicate = true> <Delay = 0.00>
ST_1 : Operation 94 [1/1] (0.00ns)   --->   "%j = load i3 %j_3" [ExtendedKalmanFilter.cpp:58]   --->   Operation 94 'load' 'j' <Predicate = true> <Delay = 0.00>
ST_1 : Operation 95 [1/1] (0.93ns)   --->   "%icmp_ln58 = icmp_eq  i3 %j, i3 4" [ExtendedKalmanFilter.cpp:58]   --->   Operation 95 'icmp' 'icmp_ln58' <Predicate = true> <Delay = 0.93> <CoreInst = "Cmp">   --->   Core 9 'Cmp' <Latency = 0> <II = 1> <Delay = 0.93> <FuncUnit> <Opcode : 'icmp'> <InPorts = 2> <OutPorts = 1>
ST_1 : Operation 96 [1/1] (0.93ns)   --->   "%add_ln58 = add i3 %j, i3 1" [ExtendedKalmanFilter.cpp:58]   --->   Operation 96 'add' 'add_ln58' <Predicate = true> <Delay = 0.93> <CoreInst = "Adder">   --->   Core 1 'Adder' <Latency = 0> <II = 1> <Delay = 0.93> <FuncUnit> <Opcode : 'add' 'sub'> <InPorts = 2> <OutPorts = 1>
ST_1 : Operation 97 [1/1] (0.00ns)   --->   "%br_ln58 = br i1 %icmp_ln58, void %VITIS_LOOP_60_5.3.split, void %VITIS_LOOP_69_8.preheader.exitStub" [ExtendedKalmanFilter.cpp:58]   --->   Operation 97 'br' 'br_ln58' <Predicate = true> <Delay = 0.00>
ST_1 : Operation 98 [1/1] (0.00ns)   --->   "%trunc_ln58 = trunc i3 %j" [ExtendedKalmanFilter.cpp:58]   --->   Operation 98 'trunc' 'trunc_ln58' <Predicate = (!icmp_ln58)> <Delay = 0.00>
ST_1 : Operation 99 [1/1] (0.86ns)   --->   "%tmp_11 = sparsemux i64 @_ssdm_op_SparseMux.ap_auto.4f64.f64.i2, i2 0, i64 %P_0_0_load_read, i2 1, i64 %P_0_1_load_read, i2 2, i64 %P_0_2_load_read, i2 3, i64 %P_0_3_load_read, i64 <undef>, i2 %trunc_ln58" [ExtendedKalmanFilter.cpp:61]   --->   Operation 99 'sparsemux' 'tmp_11' <Predicate = (!icmp_ln58)> <Delay = 0.86> <CoreInst = "SparseMux">   --->   Core 135 'SparseMux' <Latency = 0> <II = 1> <Delay = 0.86> <FuncUnit> <Opcode : 'sparsemux'> <InPorts = 2> <OutPorts = 1>
ST_1 : Operation 100 [1/1] (1.20ns)   --->   "%switch_ln61 = switch i2 %trunc_ln58, void %arrayidx2431.3.case.3, i2 0, void %VITIS_LOOP_60_5.3.split.arrayidx2431.3.exit_crit_edge23, i2 1, void %arrayidx2431.3.case.1, i2 2, void %VITIS_LOOP_60_5.3.split.arrayidx2431.3.exit_crit_edge" [ExtendedKalmanFilter.cpp:61]   --->   Operation 100 'switch' 'switch_ln61' <Predicate = (!icmp_ln58)> <Delay = 1.20>
ST_1 : Operation 101 [1/1] (0.83ns)   --->   "%store_ln58 = store i3 %add_ln58, i3 %j_3" [ExtendedKalmanFilter.cpp:58]   --->   Operation 101 'store' 'store_ln58' <Predicate = (!icmp_ln58)> <Delay = 0.83>
ST_1 : Operation 102 [1/1] (0.00ns)   --->   "%br_ln58 = br void %VITIS_LOOP_60_5.3" [ExtendedKalmanFilter.cpp:58]   --->   Operation 102 'br' 'br_ln58' <Predicate = (!icmp_ln58)> <Delay = 0.00>

State 2 <SV = 1> <Delay = 2.79>
ST_2 : Operation 103 [15/15] (2.79ns)   --->   "%mul_3 = dmul i64 %tmp_11, i64 0" [ExtendedKalmanFilter.cpp:61]   --->   Operation 103 'dmul' 'mul_3' <Predicate = true> <Delay = 2.79> <CoreInst = "DMul_maxdsp">   --->   Core 49 'DMul_maxdsp' <Latency = 14> <II = 1> <Delay = 2.79> <FuncUnit> <Opcode : 'dmul'> <InPorts = 2> <OutPorts = 1>

State 3 <SV = 2> <Delay = 2.79>
ST_3 : Operation 104 [14/15] (2.79ns)   --->   "%mul_3 = dmul i64 %tmp_11, i64 0" [ExtendedKalmanFilter.cpp:61]   --->   Operation 104 'dmul' 'mul_3' <Predicate = true> <Delay = 2.79> <CoreInst = "DMul_maxdsp">   --->   Core 49 'DMul_maxdsp' <Latency = 14> <II = 1> <Delay = 2.79> <FuncUnit> <Opcode : 'dmul'> <InPorts = 2> <OutPorts = 1>

State 4 <SV = 3> <Delay = 2.79>
ST_4 : Operation 105 [13/15] (2.79ns)   --->   "%mul_3 = dmul i64 %tmp_11, i64 0" [ExtendedKalmanFilter.cpp:61]   --->   Operation 105 'dmul' 'mul_3' <Predicate = true> <Delay = 2.79> <CoreInst = "DMul_maxdsp">   --->   Core 49 'DMul_maxdsp' <Latency = 14> <II = 1> <Delay = 2.79> <FuncUnit> <Opcode : 'dmul'> <InPorts = 2> <OutPorts = 1>

State 5 <SV = 4> <Delay = 2.79>
ST_5 : Operation 106 [12/15] (2.79ns)   --->   "%mul_3 = dmul i64 %tmp_11, i64 0" [ExtendedKalmanFilter.cpp:61]   --->   Operation 106 'dmul' 'mul_3' <Predicate = true> <Delay = 2.79> <CoreInst = "DMul_maxdsp">   --->   Core 49 'DMul_maxdsp' <Latency = 14> <II = 1> <Delay = 2.79> <FuncUnit> <Opcode : 'dmul'> <InPorts = 2> <OutPorts = 1>

State 6 <SV = 5> <Delay = 2.79>
ST_6 : Operation 107 [11/15] (2.79ns)   --->   "%mul_3 = dmul i64 %tmp_11, i64 0" [ExtendedKalmanFilter.cpp:61]   --->   Operation 107 'dmul' 'mul_3' <Predicate = true> <Delay = 2.79> <CoreInst = "DMul_maxdsp">   --->   Core 49 'DMul_maxdsp' <Latency = 14> <II = 1> <Delay = 2.79> <FuncUnit> <Opcode : 'dmul'> <InPorts = 2> <OutPorts = 1>

State 7 <SV = 6> <Delay = 2.79>
ST_7 : Operation 108 [10/15] (2.79ns)   --->   "%mul_3 = dmul i64 %tmp_11, i64 0" [ExtendedKalmanFilter.cpp:61]   --->   Operation 108 'dmul' 'mul_3' <Predicate = true> <Delay = 2.79> <CoreInst = "DMul_maxdsp">   --->   Core 49 'DMul_maxdsp' <Latency = 14> <II = 1> <Delay = 2.79> <FuncUnit> <Opcode : 'dmul'> <InPorts = 2> <OutPorts = 1>

State 8 <SV = 7> <Delay = 2.79>
ST_8 : Operation 109 [9/15] (2.79ns)   --->   "%mul_3 = dmul i64 %tmp_11, i64 0" [ExtendedKalmanFilter.cpp:61]   --->   Operation 109 'dmul' 'mul_3' <Predicate = true> <Delay = 2.79> <CoreInst = "DMul_maxdsp">   --->   Core 49 'DMul_maxdsp' <Latency = 14> <II = 1> <Delay = 2.79> <FuncUnit> <Opcode : 'dmul'> <InPorts = 2> <OutPorts = 1>

State 9 <SV = 8> <Delay = 2.79>
ST_9 : Operation 110 [8/15] (2.79ns)   --->   "%mul_3 = dmul i64 %tmp_11, i64 0" [ExtendedKalmanFilter.cpp:61]   --->   Operation 110 'dmul' 'mul_3' <Predicate = true> <Delay = 2.79> <CoreInst = "DMul_maxdsp">   --->   Core 49 'DMul_maxdsp' <Latency = 14> <II = 1> <Delay = 2.79> <FuncUnit> <Opcode : 'dmul'> <InPorts = 2> <OutPorts = 1>

State 10 <SV = 9> <Delay = 2.79>
ST_10 : Operation 111 [7/15] (2.79ns)   --->   "%mul_3 = dmul i64 %tmp_11, i64 0" [ExtendedKalmanFilter.cpp:61]   --->   Operation 111 'dmul' 'mul_3' <Predicate = true> <Delay = 2.79> <CoreInst = "DMul_maxdsp">   --->   Core 49 'DMul_maxdsp' <Latency = 14> <II = 1> <Delay = 2.79> <FuncUnit> <Opcode : 'dmul'> <InPorts = 2> <OutPorts = 1>

State 11 <SV = 10> <Delay = 2.79>
ST_11 : Operation 112 [6/15] (2.79ns)   --->   "%mul_3 = dmul i64 %tmp_11, i64 0" [ExtendedKalmanFilter.cpp:61]   --->   Operation 112 'dmul' 'mul_3' <Predicate = true> <Delay = 2.79> <CoreInst = "DMul_maxdsp">   --->   Core 49 'DMul_maxdsp' <Latency = 14> <II = 1> <Delay = 2.79> <FuncUnit> <Opcode : 'dmul'> <InPorts = 2> <OutPorts = 1>

State 12 <SV = 11> <Delay = 2.79>
ST_12 : Operation 113 [5/15] (2.79ns)   --->   "%mul_3 = dmul i64 %tmp_11, i64 0" [ExtendedKalmanFilter.cpp:61]   --->   Operation 113 'dmul' 'mul_3' <Predicate = true> <Delay = 2.79> <CoreInst = "DMul_maxdsp">   --->   Core 49 'DMul_maxdsp' <Latency = 14> <II = 1> <Delay = 2.79> <FuncUnit> <Opcode : 'dmul'> <InPorts = 2> <OutPorts = 1>

State 13 <SV = 12> <Delay = 2.79>
ST_13 : Operation 114 [4/15] (2.79ns)   --->   "%mul_3 = dmul i64 %tmp_11, i64 0" [ExtendedKalmanFilter.cpp:61]   --->   Operation 114 'dmul' 'mul_3' <Predicate = true> <Delay = 2.79> <CoreInst = "DMul_maxdsp">   --->   Core 49 'DMul_maxdsp' <Latency = 14> <II = 1> <Delay = 2.79> <FuncUnit> <Opcode : 'dmul'> <InPorts = 2> <OutPorts = 1>

State 14 <SV = 13> <Delay = 2.79>
ST_14 : Operation 115 [3/15] (2.79ns)   --->   "%mul_3 = dmul i64 %tmp_11, i64 0" [ExtendedKalmanFilter.cpp:61]   --->   Operation 115 'dmul' 'mul_3' <Predicate = true> <Delay = 2.79> <CoreInst = "DMul_maxdsp">   --->   Core 49 'DMul_maxdsp' <Latency = 14> <II = 1> <Delay = 2.79> <FuncUnit> <Opcode : 'dmul'> <InPorts = 2> <OutPorts = 1>
ST_14 : Operation 116 [1/1] (0.86ns)   --->   "%tmp_12 = sparsemux i64 @_ssdm_op_SparseMux.ap_auto.4f64.f64.i2, i2 0, i64 %P_1_0_load_read, i2 1, i64 %P_1_1_load_read, i2 2, i64 %P_1_2_load_read, i2 3, i64 %P_1_3_load_read, i64 <undef>, i2 %trunc_ln58" [ExtendedKalmanFilter.cpp:61]   --->   Operation 116 'sparsemux' 'tmp_12' <Predicate = true> <Delay = 0.86> <CoreInst = "SparseMux">   --->   Core 135 'SparseMux' <Latency = 0> <II = 1> <Delay = 0.86> <FuncUnit> <Opcode : 'sparsemux'> <InPorts = 2> <OutPorts = 1>

State 15 <SV = 14> <Delay = 2.79>
ST_15 : Operation 117 [2/15] (2.79ns)   --->   "%mul_3 = dmul i64 %tmp_11, i64 0" [ExtendedKalmanFilter.cpp:61]   --->   Operation 117 'dmul' 'mul_3' <Predicate = true> <Delay = 2.79> <CoreInst = "DMul_maxdsp">   --->   Core 49 'DMul_maxdsp' <Latency = 14> <II = 1> <Delay = 2.79> <FuncUnit> <Opcode : 'dmul'> <InPorts = 2> <OutPorts = 1>
ST_15 : Operation 118 [15/15] (2.79ns)   --->   "%mul_3_1 = dmul i64 %tmp_12, i64 0" [ExtendedKalmanFilter.cpp:61]   --->   Operation 118 'dmul' 'mul_3_1' <Predicate = true> <Delay = 2.79> <CoreInst = "DMul_maxdsp">   --->   Core 49 'DMul_maxdsp' <Latency = 14> <II = 1> <Delay = 2.79> <FuncUnit> <Opcode : 'dmul'> <InPorts = 2> <OutPorts = 1>

State 16 <SV = 15> <Delay = 2.79>
ST_16 : Operation 119 [1/15] (2.79ns)   --->   "%mul_3 = dmul i64 %tmp_11, i64 0" [ExtendedKalmanFilter.cpp:61]   --->   Operation 119 'dmul' 'mul_3' <Predicate = true> <Delay = 2.79> <CoreInst = "DMul_maxdsp">   --->   Core 49 'DMul_maxdsp' <Latency = 14> <II = 1> <Delay = 2.79> <FuncUnit> <Opcode : 'dmul'> <InPorts = 2> <OutPorts = 1>
ST_16 : Operation 120 [14/15] (2.79ns)   --->   "%mul_3_1 = dmul i64 %tmp_12, i64 0" [ExtendedKalmanFilter.cpp:61]   --->   Operation 120 'dmul' 'mul_3_1' <Predicate = true> <Delay = 2.79> <CoreInst = "DMul_maxdsp">   --->   Core 49 'DMul_maxdsp' <Latency = 14> <II = 1> <Delay = 2.79> <FuncUnit> <Opcode : 'dmul'> <InPorts = 2> <OutPorts = 1>

State 17 <SV = 16> <Delay = 2.79>
ST_17 : Operation 121 [13/13] (2.32ns)   --->   "%add_3 = dadd i64 %mul_3, i64 0" [ExtendedKalmanFilter.cpp:61]   --->   Operation 121 'dadd' 'add_3' <Predicate = true> <Delay = 2.32> <CoreInst = "DAddSub_fulldsp">   --->   Core 37 'DAddSub_fulldsp' <Latency = 12> <II = 1> <Delay = 2.32> <FuncUnit> <Opcode : 'dadd' 'dsub'> <InPorts = 2> <OutPorts = 1>
ST_17 : Operation 122 [13/15] (2.79ns)   --->   "%mul_3_1 = dmul i64 %tmp_12, i64 0" [ExtendedKalmanFilter.cpp:61]   --->   Operation 122 'dmul' 'mul_3_1' <Predicate = true> <Delay = 2.79> <CoreInst = "DMul_maxdsp">   --->   Core 49 'DMul_maxdsp' <Latency = 14> <II = 1> <Delay = 2.79> <FuncUnit> <Opcode : 'dmul'> <InPorts = 2> <OutPorts = 1>

State 18 <SV = 17> <Delay = 2.79>
ST_18 : Operation 123 [12/13] (2.32ns)   --->   "%add_3 = dadd i64 %mul_3, i64 0" [ExtendedKalmanFilter.cpp:61]   --->   Operation 123 'dadd' 'add_3' <Predicate = true> <Delay = 2.32> <CoreInst = "DAddSub_fulldsp">   --->   Core 37 'DAddSub_fulldsp' <Latency = 12> <II = 1> <Delay = 2.32> <FuncUnit> <Opcode : 'dadd' 'dsub'> <InPorts = 2> <OutPorts = 1>
ST_18 : Operation 124 [12/15] (2.79ns)   --->   "%mul_3_1 = dmul i64 %tmp_12, i64 0" [ExtendedKalmanFilter.cpp:61]   --->   Operation 124 'dmul' 'mul_3_1' <Predicate = true> <Delay = 2.79> <CoreInst = "DMul_maxdsp">   --->   Core 49 'DMul_maxdsp' <Latency = 14> <II = 1> <Delay = 2.79> <FuncUnit> <Opcode : 'dmul'> <InPorts = 2> <OutPorts = 1>

State 19 <SV = 18> <Delay = 2.79>
ST_19 : Operation 125 [11/13] (2.32ns)   --->   "%add_3 = dadd i64 %mul_3, i64 0" [ExtendedKalmanFilter.cpp:61]   --->   Operation 125 'dadd' 'add_3' <Predicate = true> <Delay = 2.32> <CoreInst = "DAddSub_fulldsp">   --->   Core 37 'DAddSub_fulldsp' <Latency = 12> <II = 1> <Delay = 2.32> <FuncUnit> <Opcode : 'dadd' 'dsub'> <InPorts = 2> <OutPorts = 1>
ST_19 : Operation 126 [11/15] (2.79ns)   --->   "%mul_3_1 = dmul i64 %tmp_12, i64 0" [ExtendedKalmanFilter.cpp:61]   --->   Operation 126 'dmul' 'mul_3_1' <Predicate = true> <Delay = 2.79> <CoreInst = "DMul_maxdsp">   --->   Core 49 'DMul_maxdsp' <Latency = 14> <II = 1> <Delay = 2.79> <FuncUnit> <Opcode : 'dmul'> <InPorts = 2> <OutPorts = 1>

State 20 <SV = 19> <Delay = 2.79>
ST_20 : Operation 127 [10/13] (2.32ns)   --->   "%add_3 = dadd i64 %mul_3, i64 0" [ExtendedKalmanFilter.cpp:61]   --->   Operation 127 'dadd' 'add_3' <Predicate = true> <Delay = 2.32> <CoreInst = "DAddSub_fulldsp">   --->   Core 37 'DAddSub_fulldsp' <Latency = 12> <II = 1> <Delay = 2.32> <FuncUnit> <Opcode : 'dadd' 'dsub'> <InPorts = 2> <OutPorts = 1>
ST_20 : Operation 128 [10/15] (2.79ns)   --->   "%mul_3_1 = dmul i64 %tmp_12, i64 0" [ExtendedKalmanFilter.cpp:61]   --->   Operation 128 'dmul' 'mul_3_1' <Predicate = true> <Delay = 2.79> <CoreInst = "DMul_maxdsp">   --->   Core 49 'DMul_maxdsp' <Latency = 14> <II = 1> <Delay = 2.79> <FuncUnit> <Opcode : 'dmul'> <InPorts = 2> <OutPorts = 1>

State 21 <SV = 20> <Delay = 2.79>
ST_21 : Operation 129 [9/13] (2.32ns)   --->   "%add_3 = dadd i64 %mul_3, i64 0" [ExtendedKalmanFilter.cpp:61]   --->   Operation 129 'dadd' 'add_3' <Predicate = true> <Delay = 2.32> <CoreInst = "DAddSub_fulldsp">   --->   Core 37 'DAddSub_fulldsp' <Latency = 12> <II = 1> <Delay = 2.32> <FuncUnit> <Opcode : 'dadd' 'dsub'> <InPorts = 2> <OutPorts = 1>
ST_21 : Operation 130 [9/15] (2.79ns)   --->   "%mul_3_1 = dmul i64 %tmp_12, i64 0" [ExtendedKalmanFilter.cpp:61]   --->   Operation 130 'dmul' 'mul_3_1' <Predicate = true> <Delay = 2.79> <CoreInst = "DMul_maxdsp">   --->   Core 49 'DMul_maxdsp' <Latency = 14> <II = 1> <Delay = 2.79> <FuncUnit> <Opcode : 'dmul'> <InPorts = 2> <OutPorts = 1>

State 22 <SV = 21> <Delay = 2.79>
ST_22 : Operation 131 [8/13] (2.32ns)   --->   "%add_3 = dadd i64 %mul_3, i64 0" [ExtendedKalmanFilter.cpp:61]   --->   Operation 131 'dadd' 'add_3' <Predicate = true> <Delay = 2.32> <CoreInst = "DAddSub_fulldsp">   --->   Core 37 'DAddSub_fulldsp' <Latency = 12> <II = 1> <Delay = 2.32> <FuncUnit> <Opcode : 'dadd' 'dsub'> <InPorts = 2> <OutPorts = 1>
ST_22 : Operation 132 [8/15] (2.79ns)   --->   "%mul_3_1 = dmul i64 %tmp_12, i64 0" [ExtendedKalmanFilter.cpp:61]   --->   Operation 132 'dmul' 'mul_3_1' <Predicate = true> <Delay = 2.79> <CoreInst = "DMul_maxdsp">   --->   Core 49 'DMul_maxdsp' <Latency = 14> <II = 1> <Delay = 2.79> <FuncUnit> <Opcode : 'dmul'> <InPorts = 2> <OutPorts = 1>

State 23 <SV = 22> <Delay = 2.79>
ST_23 : Operation 133 [7/13] (2.32ns)   --->   "%add_3 = dadd i64 %mul_3, i64 0" [ExtendedKalmanFilter.cpp:61]   --->   Operation 133 'dadd' 'add_3' <Predicate = true> <Delay = 2.32> <CoreInst = "DAddSub_fulldsp">   --->   Core 37 'DAddSub_fulldsp' <Latency = 12> <II = 1> <Delay = 2.32> <FuncUnit> <Opcode : 'dadd' 'dsub'> <InPorts = 2> <OutPorts = 1>
ST_23 : Operation 134 [7/15] (2.79ns)   --->   "%mul_3_1 = dmul i64 %tmp_12, i64 0" [ExtendedKalmanFilter.cpp:61]   --->   Operation 134 'dmul' 'mul_3_1' <Predicate = true> <Delay = 2.79> <CoreInst = "DMul_maxdsp">   --->   Core 49 'DMul_maxdsp' <Latency = 14> <II = 1> <Delay = 2.79> <FuncUnit> <Opcode : 'dmul'> <InPorts = 2> <OutPorts = 1>

State 24 <SV = 23> <Delay = 2.79>
ST_24 : Operation 135 [6/13] (2.32ns)   --->   "%add_3 = dadd i64 %mul_3, i64 0" [ExtendedKalmanFilter.cpp:61]   --->   Operation 135 'dadd' 'add_3' <Predicate = true> <Delay = 2.32> <CoreInst = "DAddSub_fulldsp">   --->   Core 37 'DAddSub_fulldsp' <Latency = 12> <II = 1> <Delay = 2.32> <FuncUnit> <Opcode : 'dadd' 'dsub'> <InPorts = 2> <OutPorts = 1>
ST_24 : Operation 136 [6/15] (2.79ns)   --->   "%mul_3_1 = dmul i64 %tmp_12, i64 0" [ExtendedKalmanFilter.cpp:61]   --->   Operation 136 'dmul' 'mul_3_1' <Predicate = true> <Delay = 2.79> <CoreInst = "DMul_maxdsp">   --->   Core 49 'DMul_maxdsp' <Latency = 14> <II = 1> <Delay = 2.79> <FuncUnit> <Opcode : 'dmul'> <InPorts = 2> <OutPorts = 1>

State 25 <SV = 24> <Delay = 2.79>
ST_25 : Operation 137 [5/13] (2.32ns)   --->   "%add_3 = dadd i64 %mul_3, i64 0" [ExtendedKalmanFilter.cpp:61]   --->   Operation 137 'dadd' 'add_3' <Predicate = true> <Delay = 2.32> <CoreInst = "DAddSub_fulldsp">   --->   Core 37 'DAddSub_fulldsp' <Latency = 12> <II = 1> <Delay = 2.32> <FuncUnit> <Opcode : 'dadd' 'dsub'> <InPorts = 2> <OutPorts = 1>
ST_25 : Operation 138 [5/15] (2.79ns)   --->   "%mul_3_1 = dmul i64 %tmp_12, i64 0" [ExtendedKalmanFilter.cpp:61]   --->   Operation 138 'dmul' 'mul_3_1' <Predicate = true> <Delay = 2.79> <CoreInst = "DMul_maxdsp">   --->   Core 49 'DMul_maxdsp' <Latency = 14> <II = 1> <Delay = 2.79> <FuncUnit> <Opcode : 'dmul'> <InPorts = 2> <OutPorts = 1>

State 26 <SV = 25> <Delay = 2.79>
ST_26 : Operation 139 [4/13] (2.32ns)   --->   "%add_3 = dadd i64 %mul_3, i64 0" [ExtendedKalmanFilter.cpp:61]   --->   Operation 139 'dadd' 'add_3' <Predicate = true> <Delay = 2.32> <CoreInst = "DAddSub_fulldsp">   --->   Core 37 'DAddSub_fulldsp' <Latency = 12> <II = 1> <Delay = 2.32> <FuncUnit> <Opcode : 'dadd' 'dsub'> <InPorts = 2> <OutPorts = 1>
ST_26 : Operation 140 [4/15] (2.79ns)   --->   "%mul_3_1 = dmul i64 %tmp_12, i64 0" [ExtendedKalmanFilter.cpp:61]   --->   Operation 140 'dmul' 'mul_3_1' <Predicate = true> <Delay = 2.79> <CoreInst = "DMul_maxdsp">   --->   Core 49 'DMul_maxdsp' <Latency = 14> <II = 1> <Delay = 2.79> <FuncUnit> <Opcode : 'dmul'> <InPorts = 2> <OutPorts = 1>

State 27 <SV = 26> <Delay = 2.79>
ST_27 : Operation 141 [3/13] (2.32ns)   --->   "%add_3 = dadd i64 %mul_3, i64 0" [ExtendedKalmanFilter.cpp:61]   --->   Operation 141 'dadd' 'add_3' <Predicate = true> <Delay = 2.32> <CoreInst = "DAddSub_fulldsp">   --->   Core 37 'DAddSub_fulldsp' <Latency = 12> <II = 1> <Delay = 2.32> <FuncUnit> <Opcode : 'dadd' 'dsub'> <InPorts = 2> <OutPorts = 1>
ST_27 : Operation 142 [3/15] (2.79ns)   --->   "%mul_3_1 = dmul i64 %tmp_12, i64 0" [ExtendedKalmanFilter.cpp:61]   --->   Operation 142 'dmul' 'mul_3_1' <Predicate = true> <Delay = 2.79> <CoreInst = "DMul_maxdsp">   --->   Core 49 'DMul_maxdsp' <Latency = 14> <II = 1> <Delay = 2.79> <FuncUnit> <Opcode : 'dmul'> <InPorts = 2> <OutPorts = 1>
ST_27 : Operation 143 [1/1] (0.86ns)   --->   "%tmp_s = sparsemux i64 @_ssdm_op_SparseMux.ap_auto.4f64.f64.i2, i2 0, i64 %P_2_0_load_read, i2 1, i64 %P_2_1_load_read, i2 2, i64 %P_2_2_load_read, i2 3, i64 %P_2_3_load_read, i64 <undef>, i2 %trunc_ln58" [ExtendedKalmanFilter.cpp:61]   --->   Operation 143 'sparsemux' 'tmp_s' <Predicate = true> <Delay = 0.86> <CoreInst = "SparseMux">   --->   Core 135 'SparseMux' <Latency = 0> <II = 1> <Delay = 0.86> <FuncUnit> <Opcode : 'sparsemux'> <InPorts = 2> <OutPorts = 1>

State 28 <SV = 27> <Delay = 2.79>
ST_28 : Operation 144 [2/13] (2.32ns)   --->   "%add_3 = dadd i64 %mul_3, i64 0" [ExtendedKalmanFilter.cpp:61]   --->   Operation 144 'dadd' 'add_3' <Predicate = true> <Delay = 2.32> <CoreInst = "DAddSub_fulldsp">   --->   Core 37 'DAddSub_fulldsp' <Latency = 12> <II = 1> <Delay = 2.32> <FuncUnit> <Opcode : 'dadd' 'dsub'> <InPorts = 2> <OutPorts = 1>
ST_28 : Operation 145 [2/15] (2.79ns)   --->   "%mul_3_1 = dmul i64 %tmp_12, i64 0" [ExtendedKalmanFilter.cpp:61]   --->   Operation 145 'dmul' 'mul_3_1' <Predicate = true> <Delay = 2.79> <CoreInst = "DMul_maxdsp">   --->   Core 49 'DMul_maxdsp' <Latency = 14> <II = 1> <Delay = 2.79> <FuncUnit> <Opcode : 'dmul'> <InPorts = 2> <OutPorts = 1>
ST_28 : Operation 146 [15/15] (2.79ns)   --->   "%mul_3_2 = dmul i64 %tmp_s, i64 0" [ExtendedKalmanFilter.cpp:61]   --->   Operation 146 'dmul' 'mul_3_2' <Predicate = true> <Delay = 2.79> <CoreInst = "DMul_maxdsp">   --->   Core 49 'DMul_maxdsp' <Latency = 14> <II = 1> <Delay = 2.79> <FuncUnit> <Opcode : 'dmul'> <InPorts = 2> <OutPorts = 1>

State 29 <SV = 28> <Delay = 2.79>
ST_29 : Operation 147 [1/13] (2.32ns)   --->   "%add_3 = dadd i64 %mul_3, i64 0" [ExtendedKalmanFilter.cpp:61]   --->   Operation 147 'dadd' 'add_3' <Predicate = true> <Delay = 2.32> <CoreInst = "DAddSub_fulldsp">   --->   Core 37 'DAddSub_fulldsp' <Latency = 12> <II = 1> <Delay = 2.32> <FuncUnit> <Opcode : 'dadd' 'dsub'> <InPorts = 2> <OutPorts = 1>
ST_29 : Operation 148 [1/15] (2.79ns)   --->   "%mul_3_1 = dmul i64 %tmp_12, i64 0" [ExtendedKalmanFilter.cpp:61]   --->   Operation 148 'dmul' 'mul_3_1' <Predicate = true> <Delay = 2.79> <CoreInst = "DMul_maxdsp">   --->   Core 49 'DMul_maxdsp' <Latency = 14> <II = 1> <Delay = 2.79> <FuncUnit> <Opcode : 'dmul'> <InPorts = 2> <OutPorts = 1>
ST_29 : Operation 149 [14/15] (2.79ns)   --->   "%mul_3_2 = dmul i64 %tmp_s, i64 0" [ExtendedKalmanFilter.cpp:61]   --->   Operation 149 'dmul' 'mul_3_2' <Predicate = true> <Delay = 2.79> <CoreInst = "DMul_maxdsp">   --->   Core 49 'DMul_maxdsp' <Latency = 14> <II = 1> <Delay = 2.79> <FuncUnit> <Opcode : 'dmul'> <InPorts = 2> <OutPorts = 1>

State 30 <SV = 29> <Delay = 2.79>
ST_30 : Operation 150 [13/13] (2.32ns)   --->   "%add_3_1 = dadd i64 %add_3, i64 %mul_3_1" [ExtendedKalmanFilter.cpp:61]   --->   Operation 150 'dadd' 'add_3_1' <Predicate = true> <Delay = 2.32> <CoreInst = "DAddSub_fulldsp">   --->   Core 37 'DAddSub_fulldsp' <Latency = 12> <II = 1> <Delay = 2.32> <FuncUnit> <Opcode : 'dadd' 'dsub'> <InPorts = 2> <OutPorts = 1>
ST_30 : Operation 151 [13/15] (2.79ns)   --->   "%mul_3_2 = dmul i64 %tmp_s, i64 0" [ExtendedKalmanFilter.cpp:61]   --->   Operation 151 'dmul' 'mul_3_2' <Predicate = true> <Delay = 2.79> <CoreInst = "DMul_maxdsp">   --->   Core 49 'DMul_maxdsp' <Latency = 14> <II = 1> <Delay = 2.79> <FuncUnit> <Opcode : 'dmul'> <InPorts = 2> <OutPorts = 1>

State 31 <SV = 30> <Delay = 2.79>
ST_31 : Operation 152 [12/13] (2.32ns)   --->   "%add_3_1 = dadd i64 %add_3, i64 %mul_3_1" [ExtendedKalmanFilter.cpp:61]   --->   Operation 152 'dadd' 'add_3_1' <Predicate = true> <Delay = 2.32> <CoreInst = "DAddSub_fulldsp">   --->   Core 37 'DAddSub_fulldsp' <Latency = 12> <II = 1> <Delay = 2.32> <FuncUnit> <Opcode : 'dadd' 'dsub'> <InPorts = 2> <OutPorts = 1>
ST_31 : Operation 153 [12/15] (2.79ns)   --->   "%mul_3_2 = dmul i64 %tmp_s, i64 0" [ExtendedKalmanFilter.cpp:61]   --->   Operation 153 'dmul' 'mul_3_2' <Predicate = true> <Delay = 2.79> <CoreInst = "DMul_maxdsp">   --->   Core 49 'DMul_maxdsp' <Latency = 14> <II = 1> <Delay = 2.79> <FuncUnit> <Opcode : 'dmul'> <InPorts = 2> <OutPorts = 1>

State 32 <SV = 31> <Delay = 2.79>
ST_32 : Operation 154 [11/13] (2.32ns)   --->   "%add_3_1 = dadd i64 %add_3, i64 %mul_3_1" [ExtendedKalmanFilter.cpp:61]   --->   Operation 154 'dadd' 'add_3_1' <Predicate = true> <Delay = 2.32> <CoreInst = "DAddSub_fulldsp">   --->   Core 37 'DAddSub_fulldsp' <Latency = 12> <II = 1> <Delay = 2.32> <FuncUnit> <Opcode : 'dadd' 'dsub'> <InPorts = 2> <OutPorts = 1>
ST_32 : Operation 155 [11/15] (2.79ns)   --->   "%mul_3_2 = dmul i64 %tmp_s, i64 0" [ExtendedKalmanFilter.cpp:61]   --->   Operation 155 'dmul' 'mul_3_2' <Predicate = true> <Delay = 2.79> <CoreInst = "DMul_maxdsp">   --->   Core 49 'DMul_maxdsp' <Latency = 14> <II = 1> <Delay = 2.79> <FuncUnit> <Opcode : 'dmul'> <InPorts = 2> <OutPorts = 1>

State 33 <SV = 32> <Delay = 2.79>
ST_33 : Operation 156 [10/13] (2.32ns)   --->   "%add_3_1 = dadd i64 %add_3, i64 %mul_3_1" [ExtendedKalmanFilter.cpp:61]   --->   Operation 156 'dadd' 'add_3_1' <Predicate = true> <Delay = 2.32> <CoreInst = "DAddSub_fulldsp">   --->   Core 37 'DAddSub_fulldsp' <Latency = 12> <II = 1> <Delay = 2.32> <FuncUnit> <Opcode : 'dadd' 'dsub'> <InPorts = 2> <OutPorts = 1>
ST_33 : Operation 157 [10/15] (2.79ns)   --->   "%mul_3_2 = dmul i64 %tmp_s, i64 0" [ExtendedKalmanFilter.cpp:61]   --->   Operation 157 'dmul' 'mul_3_2' <Predicate = true> <Delay = 2.79> <CoreInst = "DMul_maxdsp">   --->   Core 49 'DMul_maxdsp' <Latency = 14> <II = 1> <Delay = 2.79> <FuncUnit> <Opcode : 'dmul'> <InPorts = 2> <OutPorts = 1>

State 34 <SV = 33> <Delay = 2.79>
ST_34 : Operation 158 [9/13] (2.32ns)   --->   "%add_3_1 = dadd i64 %add_3, i64 %mul_3_1" [ExtendedKalmanFilter.cpp:61]   --->   Operation 158 'dadd' 'add_3_1' <Predicate = true> <Delay = 2.32> <CoreInst = "DAddSub_fulldsp">   --->   Core 37 'DAddSub_fulldsp' <Latency = 12> <II = 1> <Delay = 2.32> <FuncUnit> <Opcode : 'dadd' 'dsub'> <InPorts = 2> <OutPorts = 1>
ST_34 : Operation 159 [9/15] (2.79ns)   --->   "%mul_3_2 = dmul i64 %tmp_s, i64 0" [ExtendedKalmanFilter.cpp:61]   --->   Operation 159 'dmul' 'mul_3_2' <Predicate = true> <Delay = 2.79> <CoreInst = "DMul_maxdsp">   --->   Core 49 'DMul_maxdsp' <Latency = 14> <II = 1> <Delay = 2.79> <FuncUnit> <Opcode : 'dmul'> <InPorts = 2> <OutPorts = 1>

State 35 <SV = 34> <Delay = 2.79>
ST_35 : Operation 160 [8/13] (2.32ns)   --->   "%add_3_1 = dadd i64 %add_3, i64 %mul_3_1" [ExtendedKalmanFilter.cpp:61]   --->   Operation 160 'dadd' 'add_3_1' <Predicate = true> <Delay = 2.32> <CoreInst = "DAddSub_fulldsp">   --->   Core 37 'DAddSub_fulldsp' <Latency = 12> <II = 1> <Delay = 2.32> <FuncUnit> <Opcode : 'dadd' 'dsub'> <InPorts = 2> <OutPorts = 1>
ST_35 : Operation 161 [8/15] (2.79ns)   --->   "%mul_3_2 = dmul i64 %tmp_s, i64 0" [ExtendedKalmanFilter.cpp:61]   --->   Operation 161 'dmul' 'mul_3_2' <Predicate = true> <Delay = 2.79> <CoreInst = "DMul_maxdsp">   --->   Core 49 'DMul_maxdsp' <Latency = 14> <II = 1> <Delay = 2.79> <FuncUnit> <Opcode : 'dmul'> <InPorts = 2> <OutPorts = 1>

State 36 <SV = 35> <Delay = 2.79>
ST_36 : Operation 162 [7/13] (2.32ns)   --->   "%add_3_1 = dadd i64 %add_3, i64 %mul_3_1" [ExtendedKalmanFilter.cpp:61]   --->   Operation 162 'dadd' 'add_3_1' <Predicate = true> <Delay = 2.32> <CoreInst = "DAddSub_fulldsp">   --->   Core 37 'DAddSub_fulldsp' <Latency = 12> <II = 1> <Delay = 2.32> <FuncUnit> <Opcode : 'dadd' 'dsub'> <InPorts = 2> <OutPorts = 1>
ST_36 : Operation 163 [7/15] (2.79ns)   --->   "%mul_3_2 = dmul i64 %tmp_s, i64 0" [ExtendedKalmanFilter.cpp:61]   --->   Operation 163 'dmul' 'mul_3_2' <Predicate = true> <Delay = 2.79> <CoreInst = "DMul_maxdsp">   --->   Core 49 'DMul_maxdsp' <Latency = 14> <II = 1> <Delay = 2.79> <FuncUnit> <Opcode : 'dmul'> <InPorts = 2> <OutPorts = 1>

State 37 <SV = 36> <Delay = 2.79>
ST_37 : Operation 164 [6/13] (2.32ns)   --->   "%add_3_1 = dadd i64 %add_3, i64 %mul_3_1" [ExtendedKalmanFilter.cpp:61]   --->   Operation 164 'dadd' 'add_3_1' <Predicate = true> <Delay = 2.32> <CoreInst = "DAddSub_fulldsp">   --->   Core 37 'DAddSub_fulldsp' <Latency = 12> <II = 1> <Delay = 2.32> <FuncUnit> <Opcode : 'dadd' 'dsub'> <InPorts = 2> <OutPorts = 1>
ST_37 : Operation 165 [6/15] (2.79ns)   --->   "%mul_3_2 = dmul i64 %tmp_s, i64 0" [ExtendedKalmanFilter.cpp:61]   --->   Operation 165 'dmul' 'mul_3_2' <Predicate = true> <Delay = 2.79> <CoreInst = "DMul_maxdsp">   --->   Core 49 'DMul_maxdsp' <Latency = 14> <II = 1> <Delay = 2.79> <FuncUnit> <Opcode : 'dmul'> <InPorts = 2> <OutPorts = 1>

State 38 <SV = 37> <Delay = 2.79>
ST_38 : Operation 166 [5/13] (2.32ns)   --->   "%add_3_1 = dadd i64 %add_3, i64 %mul_3_1" [ExtendedKalmanFilter.cpp:61]   --->   Operation 166 'dadd' 'add_3_1' <Predicate = true> <Delay = 2.32> <CoreInst = "DAddSub_fulldsp">   --->   Core 37 'DAddSub_fulldsp' <Latency = 12> <II = 1> <Delay = 2.32> <FuncUnit> <Opcode : 'dadd' 'dsub'> <InPorts = 2> <OutPorts = 1>
ST_38 : Operation 167 [5/15] (2.79ns)   --->   "%mul_3_2 = dmul i64 %tmp_s, i64 0" [ExtendedKalmanFilter.cpp:61]   --->   Operation 167 'dmul' 'mul_3_2' <Predicate = true> <Delay = 2.79> <CoreInst = "DMul_maxdsp">   --->   Core 49 'DMul_maxdsp' <Latency = 14> <II = 1> <Delay = 2.79> <FuncUnit> <Opcode : 'dmul'> <InPorts = 2> <OutPorts = 1>

State 39 <SV = 38> <Delay = 2.79>
ST_39 : Operation 168 [4/13] (2.32ns)   --->   "%add_3_1 = dadd i64 %add_3, i64 %mul_3_1" [ExtendedKalmanFilter.cpp:61]   --->   Operation 168 'dadd' 'add_3_1' <Predicate = true> <Delay = 2.32> <CoreInst = "DAddSub_fulldsp">   --->   Core 37 'DAddSub_fulldsp' <Latency = 12> <II = 1> <Delay = 2.32> <FuncUnit> <Opcode : 'dadd' 'dsub'> <InPorts = 2> <OutPorts = 1>
ST_39 : Operation 169 [4/15] (2.79ns)   --->   "%mul_3_2 = dmul i64 %tmp_s, i64 0" [ExtendedKalmanFilter.cpp:61]   --->   Operation 169 'dmul' 'mul_3_2' <Predicate = true> <Delay = 2.79> <CoreInst = "DMul_maxdsp">   --->   Core 49 'DMul_maxdsp' <Latency = 14> <II = 1> <Delay = 2.79> <FuncUnit> <Opcode : 'dmul'> <InPorts = 2> <OutPorts = 1>

State 40 <SV = 39> <Delay = 2.79>
ST_40 : Operation 170 [3/13] (2.32ns)   --->   "%add_3_1 = dadd i64 %add_3, i64 %mul_3_1" [ExtendedKalmanFilter.cpp:61]   --->   Operation 170 'dadd' 'add_3_1' <Predicate = true> <Delay = 2.32> <CoreInst = "DAddSub_fulldsp">   --->   Core 37 'DAddSub_fulldsp' <Latency = 12> <II = 1> <Delay = 2.32> <FuncUnit> <Opcode : 'dadd' 'dsub'> <InPorts = 2> <OutPorts = 1>
ST_40 : Operation 171 [3/15] (2.79ns)   --->   "%mul_3_2 = dmul i64 %tmp_s, i64 0" [ExtendedKalmanFilter.cpp:61]   --->   Operation 171 'dmul' 'mul_3_2' <Predicate = true> <Delay = 2.79> <CoreInst = "DMul_maxdsp">   --->   Core 49 'DMul_maxdsp' <Latency = 14> <II = 1> <Delay = 2.79> <FuncUnit> <Opcode : 'dmul'> <InPorts = 2> <OutPorts = 1>

State 41 <SV = 40> <Delay = 2.79>
ST_41 : Operation 172 [2/13] (2.32ns)   --->   "%add_3_1 = dadd i64 %add_3, i64 %mul_3_1" [ExtendedKalmanFilter.cpp:61]   --->   Operation 172 'dadd' 'add_3_1' <Predicate = true> <Delay = 2.32> <CoreInst = "DAddSub_fulldsp">   --->   Core 37 'DAddSub_fulldsp' <Latency = 12> <II = 1> <Delay = 2.32> <FuncUnit> <Opcode : 'dadd' 'dsub'> <InPorts = 2> <OutPorts = 1>
ST_41 : Operation 173 [2/15] (2.79ns)   --->   "%mul_3_2 = dmul i64 %tmp_s, i64 0" [ExtendedKalmanFilter.cpp:61]   --->   Operation 173 'dmul' 'mul_3_2' <Predicate = true> <Delay = 2.79> <CoreInst = "DMul_maxdsp">   --->   Core 49 'DMul_maxdsp' <Latency = 14> <II = 1> <Delay = 2.79> <FuncUnit> <Opcode : 'dmul'> <InPorts = 2> <OutPorts = 1>

State 42 <SV = 41> <Delay = 2.79>
ST_42 : Operation 174 [1/13] (2.32ns)   --->   "%add_3_1 = dadd i64 %add_3, i64 %mul_3_1" [ExtendedKalmanFilter.cpp:61]   --->   Operation 174 'dadd' 'add_3_1' <Predicate = true> <Delay = 2.32> <CoreInst = "DAddSub_fulldsp">   --->   Core 37 'DAddSub_fulldsp' <Latency = 12> <II = 1> <Delay = 2.32> <FuncUnit> <Opcode : 'dadd' 'dsub'> <InPorts = 2> <OutPorts = 1>
ST_42 : Operation 175 [1/15] (2.79ns)   --->   "%mul_3_2 = dmul i64 %tmp_s, i64 0" [ExtendedKalmanFilter.cpp:61]   --->   Operation 175 'dmul' 'mul_3_2' <Predicate = true> <Delay = 2.79> <CoreInst = "DMul_maxdsp">   --->   Core 49 'DMul_maxdsp' <Latency = 14> <II = 1> <Delay = 2.79> <FuncUnit> <Opcode : 'dmul'> <InPorts = 2> <OutPorts = 1>

State 43 <SV = 42> <Delay = 2.32>
ST_43 : Operation 176 [13/13] (2.32ns)   --->   "%add_3_2 = dadd i64 %add_3_1, i64 %mul_3_2" [ExtendedKalmanFilter.cpp:61]   --->   Operation 176 'dadd' 'add_3_2' <Predicate = true> <Delay = 2.32> <CoreInst = "DAddSub_fulldsp">   --->   Core 37 'DAddSub_fulldsp' <Latency = 12> <II = 1> <Delay = 2.32> <FuncUnit> <Opcode : 'dadd' 'dsub'> <InPorts = 2> <OutPorts = 1>

State 44 <SV = 43> <Delay = 2.32>
ST_44 : Operation 177 [12/13] (2.32ns)   --->   "%add_3_2 = dadd i64 %add_3_1, i64 %mul_3_2" [ExtendedKalmanFilter.cpp:61]   --->   Operation 177 'dadd' 'add_3_2' <Predicate = true> <Delay = 2.32> <CoreInst = "DAddSub_fulldsp">   --->   Core 37 'DAddSub_fulldsp' <Latency = 12> <II = 1> <Delay = 2.32> <FuncUnit> <Opcode : 'dadd' 'dsub'> <InPorts = 2> <OutPorts = 1>

State 45 <SV = 44> <Delay = 2.32>
ST_45 : Operation 178 [11/13] (2.32ns)   --->   "%add_3_2 = dadd i64 %add_3_1, i64 %mul_3_2" [ExtendedKalmanFilter.cpp:61]   --->   Operation 178 'dadd' 'add_3_2' <Predicate = true> <Delay = 2.32> <CoreInst = "DAddSub_fulldsp">   --->   Core 37 'DAddSub_fulldsp' <Latency = 12> <II = 1> <Delay = 2.32> <FuncUnit> <Opcode : 'dadd' 'dsub'> <InPorts = 2> <OutPorts = 1>

State 46 <SV = 45> <Delay = 2.32>
ST_46 : Operation 179 [10/13] (2.32ns)   --->   "%add_3_2 = dadd i64 %add_3_1, i64 %mul_3_2" [ExtendedKalmanFilter.cpp:61]   --->   Operation 179 'dadd' 'add_3_2' <Predicate = true> <Delay = 2.32> <CoreInst = "DAddSub_fulldsp">   --->   Core 37 'DAddSub_fulldsp' <Latency = 12> <II = 1> <Delay = 2.32> <FuncUnit> <Opcode : 'dadd' 'dsub'> <InPorts = 2> <OutPorts = 1>

State 47 <SV = 46> <Delay = 2.32>
ST_47 : Operation 180 [9/13] (2.32ns)   --->   "%add_3_2 = dadd i64 %add_3_1, i64 %mul_3_2" [ExtendedKalmanFilter.cpp:61]   --->   Operation 180 'dadd' 'add_3_2' <Predicate = true> <Delay = 2.32> <CoreInst = "DAddSub_fulldsp">   --->   Core 37 'DAddSub_fulldsp' <Latency = 12> <II = 1> <Delay = 2.32> <FuncUnit> <Opcode : 'dadd' 'dsub'> <InPorts = 2> <OutPorts = 1>

State 48 <SV = 47> <Delay = 2.32>
ST_48 : Operation 181 [8/13] (2.32ns)   --->   "%add_3_2 = dadd i64 %add_3_1, i64 %mul_3_2" [ExtendedKalmanFilter.cpp:61]   --->   Operation 181 'dadd' 'add_3_2' <Predicate = true> <Delay = 2.32> <CoreInst = "DAddSub_fulldsp">   --->   Core 37 'DAddSub_fulldsp' <Latency = 12> <II = 1> <Delay = 2.32> <FuncUnit> <Opcode : 'dadd' 'dsub'> <InPorts = 2> <OutPorts = 1>

State 49 <SV = 48> <Delay = 2.32>
ST_49 : Operation 182 [7/13] (2.32ns)   --->   "%add_3_2 = dadd i64 %add_3_1, i64 %mul_3_2" [ExtendedKalmanFilter.cpp:61]   --->   Operation 182 'dadd' 'add_3_2' <Predicate = true> <Delay = 2.32> <CoreInst = "DAddSub_fulldsp">   --->   Core 37 'DAddSub_fulldsp' <Latency = 12> <II = 1> <Delay = 2.32> <FuncUnit> <Opcode : 'dadd' 'dsub'> <InPorts = 2> <OutPorts = 1>

State 50 <SV = 49> <Delay = 2.32>
ST_50 : Operation 183 [6/13] (2.32ns)   --->   "%add_3_2 = dadd i64 %add_3_1, i64 %mul_3_2" [ExtendedKalmanFilter.cpp:61]   --->   Operation 183 'dadd' 'add_3_2' <Predicate = true> <Delay = 2.32> <CoreInst = "DAddSub_fulldsp">   --->   Core 37 'DAddSub_fulldsp' <Latency = 12> <II = 1> <Delay = 2.32> <FuncUnit> <Opcode : 'dadd' 'dsub'> <InPorts = 2> <OutPorts = 1>

State 51 <SV = 50> <Delay = 2.32>
ST_51 : Operation 184 [5/13] (2.32ns)   --->   "%add_3_2 = dadd i64 %add_3_1, i64 %mul_3_2" [ExtendedKalmanFilter.cpp:61]   --->   Operation 184 'dadd' 'add_3_2' <Predicate = true> <Delay = 2.32> <CoreInst = "DAddSub_fulldsp">   --->   Core 37 'DAddSub_fulldsp' <Latency = 12> <II = 1> <Delay = 2.32> <FuncUnit> <Opcode : 'dadd' 'dsub'> <InPorts = 2> <OutPorts = 1>

State 52 <SV = 51> <Delay = 2.32>
ST_52 : Operation 185 [4/13] (2.32ns)   --->   "%add_3_2 = dadd i64 %add_3_1, i64 %mul_3_2" [ExtendedKalmanFilter.cpp:61]   --->   Operation 185 'dadd' 'add_3_2' <Predicate = true> <Delay = 2.32> <CoreInst = "DAddSub_fulldsp">   --->   Core 37 'DAddSub_fulldsp' <Latency = 12> <II = 1> <Delay = 2.32> <FuncUnit> <Opcode : 'dadd' 'dsub'> <InPorts = 2> <OutPorts = 1>

State 53 <SV = 52> <Delay = 2.32>
ST_53 : Operation 186 [3/13] (2.32ns)   --->   "%add_3_2 = dadd i64 %add_3_1, i64 %mul_3_2" [ExtendedKalmanFilter.cpp:61]   --->   Operation 186 'dadd' 'add_3_2' <Predicate = true> <Delay = 2.32> <CoreInst = "DAddSub_fulldsp">   --->   Core 37 'DAddSub_fulldsp' <Latency = 12> <II = 1> <Delay = 2.32> <FuncUnit> <Opcode : 'dadd' 'dsub'> <InPorts = 2> <OutPorts = 1>

State 54 <SV = 53> <Delay = 2.32>
ST_54 : Operation 187 [2/13] (2.32ns)   --->   "%add_3_2 = dadd i64 %add_3_1, i64 %mul_3_2" [ExtendedKalmanFilter.cpp:61]   --->   Operation 187 'dadd' 'add_3_2' <Predicate = true> <Delay = 2.32> <CoreInst = "DAddSub_fulldsp">   --->   Core 37 'DAddSub_fulldsp' <Latency = 12> <II = 1> <Delay = 2.32> <FuncUnit> <Opcode : 'dadd' 'dsub'> <InPorts = 2> <OutPorts = 1>

State 55 <SV = 54> <Delay = 2.32>
ST_55 : Operation 188 [1/13] (2.32ns)   --->   "%add_3_2 = dadd i64 %add_3_1, i64 %mul_3_2" [ExtendedKalmanFilter.cpp:61]   --->   Operation 188 'dadd' 'add_3_2' <Predicate = true> <Delay = 2.32> <CoreInst = "DAddSub_fulldsp">   --->   Core 37 'DAddSub_fulldsp' <Latency = 12> <II = 1> <Delay = 2.32> <FuncUnit> <Opcode : 'dadd' 'dsub'> <InPorts = 2> <OutPorts = 1>
ST_55 : Operation 189 [1/1] (0.86ns)   --->   "%tmp_13 = sparsemux i64 @_ssdm_op_SparseMux.ap_auto.4f64.f64.i2, i2 0, i64 %P_3_0_load_read, i2 1, i64 %P_3_1_load_read, i2 2, i64 %P_3_2_load_read, i2 3, i64 %P_3_3_load_read, i64 <undef>, i2 %trunc_ln58" [ExtendedKalmanFilter.cpp:61]   --->   Operation 189 'sparsemux' 'tmp_13' <Predicate = true> <Delay = 0.86> <CoreInst = "SparseMux">   --->   Core 135 'SparseMux' <Latency = 0> <II = 1> <Delay = 0.86> <FuncUnit> <Opcode : 'sparsemux'> <InPorts = 2> <OutPorts = 1>

State 56 <SV = 55> <Delay = 2.32>
ST_56 : Operation 190 [13/13] (2.32ns)   --->   "%add_3_3 = dadd i64 %add_3_2, i64 %tmp_13" [ExtendedKalmanFilter.cpp:61]   --->   Operation 190 'dadd' 'add_3_3' <Predicate = true> <Delay = 2.32> <CoreInst = "DAddSub_fulldsp">   --->   Core 37 'DAddSub_fulldsp' <Latency = 12> <II = 1> <Delay = 2.32> <FuncUnit> <Opcode : 'dadd' 'dsub'> <InPorts = 2> <OutPorts = 1>

State 57 <SV = 56> <Delay = 2.32>
ST_57 : Operation 191 [12/13] (2.32ns)   --->   "%add_3_3 = dadd i64 %add_3_2, i64 %tmp_13" [ExtendedKalmanFilter.cpp:61]   --->   Operation 191 'dadd' 'add_3_3' <Predicate = true> <Delay = 2.32> <CoreInst = "DAddSub_fulldsp">   --->   Core 37 'DAddSub_fulldsp' <Latency = 12> <II = 1> <Delay = 2.32> <FuncUnit> <Opcode : 'dadd' 'dsub'> <InPorts = 2> <OutPorts = 1>

State 58 <SV = 57> <Delay = 2.32>
ST_58 : Operation 192 [11/13] (2.32ns)   --->   "%add_3_3 = dadd i64 %add_3_2, i64 %tmp_13" [ExtendedKalmanFilter.cpp:61]   --->   Operation 192 'dadd' 'add_3_3' <Predicate = true> <Delay = 2.32> <CoreInst = "DAddSub_fulldsp">   --->   Core 37 'DAddSub_fulldsp' <Latency = 12> <II = 1> <Delay = 2.32> <FuncUnit> <Opcode : 'dadd' 'dsub'> <InPorts = 2> <OutPorts = 1>

State 59 <SV = 58> <Delay = 2.32>
ST_59 : Operation 193 [10/13] (2.32ns)   --->   "%add_3_3 = dadd i64 %add_3_2, i64 %tmp_13" [ExtendedKalmanFilter.cpp:61]   --->   Operation 193 'dadd' 'add_3_3' <Predicate = true> <Delay = 2.32> <CoreInst = "DAddSub_fulldsp">   --->   Core 37 'DAddSub_fulldsp' <Latency = 12> <II = 1> <Delay = 2.32> <FuncUnit> <Opcode : 'dadd' 'dsub'> <InPorts = 2> <OutPorts = 1>

State 60 <SV = 59> <Delay = 2.32>
ST_60 : Operation 194 [9/13] (2.32ns)   --->   "%add_3_3 = dadd i64 %add_3_2, i64 %tmp_13" [ExtendedKalmanFilter.cpp:61]   --->   Operation 194 'dadd' 'add_3_3' <Predicate = true> <Delay = 2.32> <CoreInst = "DAddSub_fulldsp">   --->   Core 37 'DAddSub_fulldsp' <Latency = 12> <II = 1> <Delay = 2.32> <FuncUnit> <Opcode : 'dadd' 'dsub'> <InPorts = 2> <OutPorts = 1>

State 61 <SV = 60> <Delay = 2.32>
ST_61 : Operation 195 [8/13] (2.32ns)   --->   "%add_3_3 = dadd i64 %add_3_2, i64 %tmp_13" [ExtendedKalmanFilter.cpp:61]   --->   Operation 195 'dadd' 'add_3_3' <Predicate = true> <Delay = 2.32> <CoreInst = "DAddSub_fulldsp">   --->   Core 37 'DAddSub_fulldsp' <Latency = 12> <II = 1> <Delay = 2.32> <FuncUnit> <Opcode : 'dadd' 'dsub'> <InPorts = 2> <OutPorts = 1>

State 62 <SV = 61> <Delay = 2.32>
ST_62 : Operation 196 [7/13] (2.32ns)   --->   "%add_3_3 = dadd i64 %add_3_2, i64 %tmp_13" [ExtendedKalmanFilter.cpp:61]   --->   Operation 196 'dadd' 'add_3_3' <Predicate = true> <Delay = 2.32> <CoreInst = "DAddSub_fulldsp">   --->   Core 37 'DAddSub_fulldsp' <Latency = 12> <II = 1> <Delay = 2.32> <FuncUnit> <Opcode : 'dadd' 'dsub'> <InPorts = 2> <OutPorts = 1>

State 63 <SV = 62> <Delay = 2.32>
ST_63 : Operation 197 [6/13] (2.32ns)   --->   "%add_3_3 = dadd i64 %add_3_2, i64 %tmp_13" [ExtendedKalmanFilter.cpp:61]   --->   Operation 197 'dadd' 'add_3_3' <Predicate = true> <Delay = 2.32> <CoreInst = "DAddSub_fulldsp">   --->   Core 37 'DAddSub_fulldsp' <Latency = 12> <II = 1> <Delay = 2.32> <FuncUnit> <Opcode : 'dadd' 'dsub'> <InPorts = 2> <OutPorts = 1>

State 64 <SV = 63> <Delay = 2.32>
ST_64 : Operation 198 [5/13] (2.32ns)   --->   "%add_3_3 = dadd i64 %add_3_2, i64 %tmp_13" [ExtendedKalmanFilter.cpp:61]   --->   Operation 198 'dadd' 'add_3_3' <Predicate = true> <Delay = 2.32> <CoreInst = "DAddSub_fulldsp">   --->   Core 37 'DAddSub_fulldsp' <Latency = 12> <II = 1> <Delay = 2.32> <FuncUnit> <Opcode : 'dadd' 'dsub'> <InPorts = 2> <OutPorts = 1>

State 65 <SV = 64> <Delay = 2.32>
ST_65 : Operation 199 [4/13] (2.32ns)   --->   "%add_3_3 = dadd i64 %add_3_2, i64 %tmp_13" [ExtendedKalmanFilter.cpp:61]   --->   Operation 199 'dadd' 'add_3_3' <Predicate = true> <Delay = 2.32> <CoreInst = "DAddSub_fulldsp">   --->   Core 37 'DAddSub_fulldsp' <Latency = 12> <II = 1> <Delay = 2.32> <FuncUnit> <Opcode : 'dadd' 'dsub'> <InPorts = 2> <OutPorts = 1>

State 66 <SV = 65> <Delay = 2.32>
ST_66 : Operation 200 [3/13] (2.32ns)   --->   "%add_3_3 = dadd i64 %add_3_2, i64 %tmp_13" [ExtendedKalmanFilter.cpp:61]   --->   Operation 200 'dadd' 'add_3_3' <Predicate = true> <Delay = 2.32> <CoreInst = "DAddSub_fulldsp">   --->   Core 37 'DAddSub_fulldsp' <Latency = 12> <II = 1> <Delay = 2.32> <FuncUnit> <Opcode : 'dadd' 'dsub'> <InPorts = 2> <OutPorts = 1>

State 67 <SV = 66> <Delay = 2.32>
ST_67 : Operation 201 [2/13] (2.32ns)   --->   "%add_3_3 = dadd i64 %add_3_2, i64 %tmp_13" [ExtendedKalmanFilter.cpp:61]   --->   Operation 201 'dadd' 'add_3_3' <Predicate = true> <Delay = 2.32> <CoreInst = "DAddSub_fulldsp">   --->   Core 37 'DAddSub_fulldsp' <Latency = 12> <II = 1> <Delay = 2.32> <FuncUnit> <Opcode : 'dadd' 'dsub'> <InPorts = 2> <OutPorts = 1>
ST_67 : Operation 214 [1/1] (0.00ns)   --->   "%p_load24 = load i64 %empty"   --->   Operation 214 'load' 'p_load24' <Predicate = (icmp_ln58)> <Delay = 0.00>
ST_67 : Operation 215 [1/1] (0.00ns)   --->   "%p_load22 = load i64 %empty_13"   --->   Operation 215 'load' 'p_load22' <Predicate = (icmp_ln58)> <Delay = 0.00>
ST_67 : Operation 216 [1/1] (0.00ns)   --->   "%p_load21 = load i64 %empty_14"   --->   Operation 216 'load' 'p_load21' <Predicate = (icmp_ln58)> <Delay = 0.00>
ST_67 : Operation 217 [1/1] (0.00ns)   --->   "%p_load = load i64 %empty_15"   --->   Operation 217 'load' 'p_load' <Predicate = (icmp_ln58)> <Delay = 0.00>
ST_67 : Operation 218 [1/1] (0.00ns)   --->   "%write_ln0 = write void @_ssdm_op_Write.ap_auto.doubleP0A, i64 %p_out, i64 %p_load"   --->   Operation 218 'write' 'write_ln0' <Predicate = (icmp_ln58)> <Delay = 0.00>
ST_67 : Operation 219 [1/1] (0.00ns)   --->   "%write_ln0 = write void @_ssdm_op_Write.ap_auto.doubleP0A, i64 %p_out1, i64 %p_load21"   --->   Operation 219 'write' 'write_ln0' <Predicate = (icmp_ln58)> <Delay = 0.00>
ST_67 : Operation 220 [1/1] (0.00ns)   --->   "%write_ln0 = write void @_ssdm_op_Write.ap_auto.doubleP0A, i64 %p_out2, i64 %p_load22"   --->   Operation 220 'write' 'write_ln0' <Predicate = (icmp_ln58)> <Delay = 0.00>
ST_67 : Operation 221 [1/1] (0.00ns)   --->   "%write_ln0 = write void @_ssdm_op_Write.ap_auto.doubleP0A, i64 %p_out3, i64 %p_load24"   --->   Operation 221 'write' 'write_ln0' <Predicate = (icmp_ln58)> <Delay = 0.00>
ST_67 : Operation 222 [1/1] (0.00ns)   --->   "%ret_ln0 = ret"   --->   Operation 222 'ret' 'ret_ln0' <Predicate = (icmp_ln58)> <Delay = 0.00>

State 68 <SV = 67> <Delay = 2.32>
ST_68 : Operation 202 [1/1] (0.00ns)   --->   "%specpipeline_ln58 = specpipeline void @_ssdm_op_SpecPipeline, i32 4294967295, i32 0, i32 0, i32 0, void @empty_8" [ExtendedKalmanFilter.cpp:58]   --->   Operation 202 'specpipeline' 'specpipeline_ln58' <Predicate = true> <Delay = 0.00>
ST_68 : Operation 203 [1/1] (0.00ns)   --->   "%speclooptripcount_ln58 = speclooptripcount void @_ssdm_op_SpecLoopTripCount, i64 4, i64 4, i64 4" [ExtendedKalmanFilter.cpp:58]   --->   Operation 203 'speclooptripcount' 'speclooptripcount_ln58' <Predicate = true> <Delay = 0.00>
ST_68 : Operation 204 [1/1] (0.00ns)   --->   "%specloopname_ln58 = specloopname void @_ssdm_op_SpecLoopName, void @empty_2" [ExtendedKalmanFilter.cpp:58]   --->   Operation 204 'specloopname' 'specloopname_ln58' <Predicate = true> <Delay = 0.00>
ST_68 : Operation 205 [1/13] (2.32ns)   --->   "%add_3_3 = dadd i64 %add_3_2, i64 %tmp_13" [ExtendedKalmanFilter.cpp:61]   --->   Operation 205 'dadd' 'add_3_3' <Predicate = true> <Delay = 2.32> <CoreInst = "DAddSub_fulldsp">   --->   Core 37 'DAddSub_fulldsp' <Latency = 12> <II = 1> <Delay = 2.32> <FuncUnit> <Opcode : 'dadd' 'dsub'> <InPorts = 2> <OutPorts = 1>
ST_68 : Operation 206 [1/1] (0.00ns)   --->   "%store_ln61 = store i64 %add_3_3, i64 %empty_14" [ExtendedKalmanFilter.cpp:61]   --->   Operation 206 'store' 'store_ln61' <Predicate = (trunc_ln58 == 2)> <Delay = 0.00>
ST_68 : Operation 207 [1/1] (0.00ns)   --->   "%br_ln61 = br void %arrayidx2431.3.exit" [ExtendedKalmanFilter.cpp:61]   --->   Operation 207 'br' 'br_ln61' <Predicate = (trunc_ln58 == 2)> <Delay = 0.00>
ST_68 : Operation 208 [1/1] (0.00ns)   --->   "%store_ln61 = store i64 %add_3_3, i64 %empty_13" [ExtendedKalmanFilter.cpp:61]   --->   Operation 208 'store' 'store_ln61' <Predicate = (trunc_ln58 == 1)> <Delay = 0.00>
ST_68 : Operation 209 [1/1] (0.00ns)   --->   "%br_ln61 = br void %arrayidx2431.3.exit" [ExtendedKalmanFilter.cpp:61]   --->   Operation 209 'br' 'br_ln61' <Predicate = (trunc_ln58 == 1)> <Delay = 0.00>
ST_68 : Operation 210 [1/1] (0.00ns)   --->   "%store_ln61 = store i64 %add_3_3, i64 %empty" [ExtendedKalmanFilter.cpp:61]   --->   Operation 210 'store' 'store_ln61' <Predicate = (trunc_ln58 == 0)> <Delay = 0.00>
ST_68 : Operation 211 [1/1] (0.00ns)   --->   "%br_ln61 = br void %arrayidx2431.3.exit" [ExtendedKalmanFilter.cpp:61]   --->   Operation 211 'br' 'br_ln61' <Predicate = (trunc_ln58 == 0)> <Delay = 0.00>
ST_68 : Operation 212 [1/1] (0.00ns)   --->   "%store_ln61 = store i64 %add_3_3, i64 %empty_15" [ExtendedKalmanFilter.cpp:61]   --->   Operation 212 'store' 'store_ln61' <Predicate = (trunc_ln58 == 3)> <Delay = 0.00>
ST_68 : Operation 213 [1/1] (0.00ns)   --->   "%br_ln61 = br void %arrayidx2431.3.exit" [ExtendedKalmanFilter.cpp:61]   --->   Operation 213 'br' 'br_ln61' <Predicate = (trunc_ln58 == 3)> <Delay = 0.00>


============================================================
+ Verbose Summary: Timing violations
============================================================
Target clock period: 4.000ns, clock uncertainty: 1.080ns.

 <State 1>: 2.600ns
The critical path consists of the following:
	'store' operation 0 bit ('store_ln58', ExtendedKalmanFilter.cpp:58) of constant 0 on local variable 'j', ExtendedKalmanFilter.cpp:58 [42]  (0.833 ns)
	'load' operation 3 bit ('j', ExtendedKalmanFilter.cpp:58) on local variable 'j', ExtendedKalmanFilter.cpp:58 [45]  (0.000 ns)
	'icmp' operation 1 bit ('icmp_ln58', ExtendedKalmanFilter.cpp:58) [46]  (0.934 ns)
	'store' operation 0 bit ('store_ln58', ExtendedKalmanFilter.cpp:58) of variable 'add_ln58', ExtendedKalmanFilter.cpp:58 on local variable 'j', ExtendedKalmanFilter.cpp:58 [79]  (0.833 ns)

 <State 2>: 2.796ns
The critical path consists of the following:
	'dmul' operation 64 bit ('mul_3', ExtendedKalmanFilter.cpp:61) [55]  (2.796 ns)

 <State 3>: 2.796ns
The critical path consists of the following:
	'dmul' operation 64 bit ('mul_3', ExtendedKalmanFilter.cpp:61) [55]  (2.796 ns)

 <State 4>: 2.796ns
The critical path consists of the following:
	'dmul' operation 64 bit ('mul_3', ExtendedKalmanFilter.cpp:61) [55]  (2.796 ns)

 <State 5>: 2.796ns
The critical path consists of the following:
	'dmul' operation 64 bit ('mul_3', ExtendedKalmanFilter.cpp:61) [55]  (2.796 ns)

 <State 6>: 2.796ns
The critical path consists of the following:
	'dmul' operation 64 bit ('mul_3', ExtendedKalmanFilter.cpp:61) [55]  (2.796 ns)

 <State 7>: 2.796ns
The critical path consists of the following:
	'dmul' operation 64 bit ('mul_3', ExtendedKalmanFilter.cpp:61) [55]  (2.796 ns)

 <State 8>: 2.796ns
The critical path consists of the following:
	'dmul' operation 64 bit ('mul_3', ExtendedKalmanFilter.cpp:61) [55]  (2.796 ns)

 <State 9>: 2.796ns
The critical path consists of the following:
	'dmul' operation 64 bit ('mul_3', ExtendedKalmanFilter.cpp:61) [55]  (2.796 ns)

 <State 10>: 2.796ns
The critical path consists of the following:
	'dmul' operation 64 bit ('mul_3', ExtendedKalmanFilter.cpp:61) [55]  (2.796 ns)

 <State 11>: 2.796ns
The critical path consists of the following:
	'dmul' operation 64 bit ('mul_3', ExtendedKalmanFilter.cpp:61) [55]  (2.796 ns)

 <State 12>: 2.796ns
The critical path consists of the following:
	'dmul' operation 64 bit ('mul_3', ExtendedKalmanFilter.cpp:61) [55]  (2.796 ns)

 <State 13>: 2.796ns
The critical path consists of the following:
	'dmul' operation 64 bit ('mul_3', ExtendedKalmanFilter.cpp:61) [55]  (2.796 ns)

 <State 14>: 2.796ns
The critical path consists of the following:
	'dmul' operation 64 bit ('mul_3', ExtendedKalmanFilter.cpp:61) [55]  (2.796 ns)

 <State 15>: 2.796ns
The critical path consists of the following:
	'dmul' operation 64 bit ('mul_3', ExtendedKalmanFilter.cpp:61) [55]  (2.796 ns)

 <State 16>: 2.796ns
The critical path consists of the following:
	'dmul' operation 64 bit ('mul_3', ExtendedKalmanFilter.cpp:61) [55]  (2.796 ns)

 <State 17>: 2.796ns
The critical path consists of the following:
	'dmul' operation 64 bit ('mul_3_1', ExtendedKalmanFilter.cpp:61) [58]  (2.796 ns)

 <State 18>: 2.796ns
The critical path consists of the following:
	'dmul' operation 64 bit ('mul_3_1', ExtendedKalmanFilter.cpp:61) [58]  (2.796 ns)

 <State 19>: 2.796ns
The critical path consists of the following:
	'dmul' operation 64 bit ('mul_3_1', ExtendedKalmanFilter.cpp:61) [58]  (2.796 ns)

 <State 20>: 2.796ns
The critical path consists of the following:
	'dmul' operation 64 bit ('mul_3_1', ExtendedKalmanFilter.cpp:61) [58]  (2.796 ns)

 <State 21>: 2.796ns
The critical path consists of the following:
	'dmul' operation 64 bit ('mul_3_1', ExtendedKalmanFilter.cpp:61) [58]  (2.796 ns)

 <State 22>: 2.796ns
The critical path consists of the following:
	'dmul' operation 64 bit ('mul_3_1', ExtendedKalmanFilter.cpp:61) [58]  (2.796 ns)

 <State 23>: 2.796ns
The critical path consists of the following:
	'dmul' operation 64 bit ('mul_3_1', ExtendedKalmanFilter.cpp:61) [58]  (2.796 ns)

 <State 24>: 2.796ns
The critical path consists of the following:
	'dmul' operation 64 bit ('mul_3_1', ExtendedKalmanFilter.cpp:61) [58]  (2.796 ns)

 <State 25>: 2.796ns
The critical path consists of the following:
	'dmul' operation 64 bit ('mul_3_1', ExtendedKalmanFilter.cpp:61) [58]  (2.796 ns)

 <State 26>: 2.796ns
The critical path consists of the following:
	'dmul' operation 64 bit ('mul_3_1', ExtendedKalmanFilter.cpp:61) [58]  (2.796 ns)

 <State 27>: 2.796ns
The critical path consists of the following:
	'dmul' operation 64 bit ('mul_3_1', ExtendedKalmanFilter.cpp:61) [58]  (2.796 ns)

 <State 28>: 2.796ns
The critical path consists of the following:
	'dmul' operation 64 bit ('mul_3_1', ExtendedKalmanFilter.cpp:61) [58]  (2.796 ns)

 <State 29>: 2.796ns
The critical path consists of the following:
	'dmul' operation 64 bit ('mul_3_1', ExtendedKalmanFilter.cpp:61) [58]  (2.796 ns)

 <State 30>: 2.796ns
The critical path consists of the following:
	'dmul' operation 64 bit ('mul_3_2', ExtendedKalmanFilter.cpp:61) [61]  (2.796 ns)

 <State 31>: 2.796ns
The critical path consists of the following:
	'dmul' operation 64 bit ('mul_3_2', ExtendedKalmanFilter.cpp:61) [61]  (2.796 ns)

 <State 32>: 2.796ns
The critical path consists of the following:
	'dmul' operation 64 bit ('mul_3_2', ExtendedKalmanFilter.cpp:61) [61]  (2.796 ns)

 <State 33>: 2.796ns
The critical path consists of the following:
	'dmul' operation 64 bit ('mul_3_2', ExtendedKalmanFilter.cpp:61) [61]  (2.796 ns)

 <State 34>: 2.796ns
The critical path consists of the following:
	'dmul' operation 64 bit ('mul_3_2', ExtendedKalmanFilter.cpp:61) [61]  (2.796 ns)

 <State 35>: 2.796ns
The critical path consists of the following:
	'dmul' operation 64 bit ('mul_3_2', ExtendedKalmanFilter.cpp:61) [61]  (2.796 ns)

 <State 36>: 2.796ns
The critical path consists of the following:
	'dmul' operation 64 bit ('mul_3_2', ExtendedKalmanFilter.cpp:61) [61]  (2.796 ns)

 <State 37>: 2.796ns
The critical path consists of the following:
	'dmul' operation 64 bit ('mul_3_2', ExtendedKalmanFilter.cpp:61) [61]  (2.796 ns)

 <State 38>: 2.796ns
The critical path consists of the following:
	'dmul' operation 64 bit ('mul_3_2', ExtendedKalmanFilter.cpp:61) [61]  (2.796 ns)

 <State 39>: 2.796ns
The critical path consists of the following:
	'dmul' operation 64 bit ('mul_3_2', ExtendedKalmanFilter.cpp:61) [61]  (2.796 ns)

 <State 40>: 2.796ns
The critical path consists of the following:
	'dmul' operation 64 bit ('mul_3_2', ExtendedKalmanFilter.cpp:61) [61]  (2.796 ns)

 <State 41>: 2.796ns
The critical path consists of the following:
	'dmul' operation 64 bit ('mul_3_2', ExtendedKalmanFilter.cpp:61) [61]  (2.796 ns)

 <State 42>: 2.796ns
The critical path consists of the following:
	'dmul' operation 64 bit ('mul_3_2', ExtendedKalmanFilter.cpp:61) [61]  (2.796 ns)

 <State 43>: 2.320ns
The critical path consists of the following:
	'dadd' operation 64 bit ('add_3_2', ExtendedKalmanFilter.cpp:61) [62]  (2.320 ns)

 <State 44>: 2.320ns
The critical path consists of the following:
	'dadd' operation 64 bit ('add_3_2', ExtendedKalmanFilter.cpp:61) [62]  (2.320 ns)

 <State 45>: 2.320ns
The critical path consists of the following:
	'dadd' operation 64 bit ('add_3_2', ExtendedKalmanFilter.cpp:61) [62]  (2.320 ns)

 <State 46>: 2.320ns
The critical path consists of the following:
	'dadd' operation 64 bit ('add_3_2', ExtendedKalmanFilter.cpp:61) [62]  (2.320 ns)

 <State 47>: 2.320ns
The critical path consists of the following:
	'dadd' operation 64 bit ('add_3_2', ExtendedKalmanFilter.cpp:61) [62]  (2.320 ns)

 <State 48>: 2.320ns
The critical path consists of the following:
	'dadd' operation 64 bit ('add_3_2', ExtendedKalmanFilter.cpp:61) [62]  (2.320 ns)

 <State 49>: 2.320ns
The critical path consists of the following:
	'dadd' operation 64 bit ('add_3_2', ExtendedKalmanFilter.cpp:61) [62]  (2.320 ns)

 <State 50>: 2.320ns
The critical path consists of the following:
	'dadd' operation 64 bit ('add_3_2', ExtendedKalmanFilter.cpp:61) [62]  (2.320 ns)

 <State 51>: 2.320ns
The critical path consists of the following:
	'dadd' operation 64 bit ('add_3_2', ExtendedKalmanFilter.cpp:61) [62]  (2.320 ns)

 <State 52>: 2.320ns
The critical path consists of the following:
	'dadd' operation 64 bit ('add_3_2', ExtendedKalmanFilter.cpp:61) [62]  (2.320 ns)

 <State 53>: 2.320ns
The critical path consists of the following:
	'dadd' operation 64 bit ('add_3_2', ExtendedKalmanFilter.cpp:61) [62]  (2.320 ns)

 <State 54>: 2.320ns
The critical path consists of the following:
	'dadd' operation 64 bit ('add_3_2', ExtendedKalmanFilter.cpp:61) [62]  (2.320 ns)

 <State 55>: 2.320ns
The critical path consists of the following:
	'dadd' operation 64 bit ('add_3_2', ExtendedKalmanFilter.cpp:61) [62]  (2.320 ns)

 <State 56>: 2.320ns
The critical path consists of the following:
	'dadd' operation 64 bit ('add_3_3', ExtendedKalmanFilter.cpp:61) [64]  (2.320 ns)

 <State 57>: 2.320ns
The critical path consists of the following:
	'dadd' operation 64 bit ('add_3_3', ExtendedKalmanFilter.cpp:61) [64]  (2.320 ns)

 <State 58>: 2.320ns
The critical path consists of the following:
	'dadd' operation 64 bit ('add_3_3', ExtendedKalmanFilter.cpp:61) [64]  (2.320 ns)

 <State 59>: 2.320ns
The critical path consists of the following:
	'dadd' operation 64 bit ('add_3_3', ExtendedKalmanFilter.cpp:61) [64]  (2.320 ns)

 <State 60>: 2.320ns
The critical path consists of the following:
	'dadd' operation 64 bit ('add_3_3', ExtendedKalmanFilter.cpp:61) [64]  (2.320 ns)

 <State 61>: 2.320ns
The critical path consists of the following:
	'dadd' operation 64 bit ('add_3_3', ExtendedKalmanFilter.cpp:61) [64]  (2.320 ns)

 <State 62>: 2.320ns
The critical path consists of the following:
	'dadd' operation 64 bit ('add_3_3', ExtendedKalmanFilter.cpp:61) [64]  (2.320 ns)

 <State 63>: 2.320ns
The critical path consists of the following:
	'dadd' operation 64 bit ('add_3_3', ExtendedKalmanFilter.cpp:61) [64]  (2.320 ns)

 <State 64>: 2.320ns
The critical path consists of the following:
	'dadd' operation 64 bit ('add_3_3', ExtendedKalmanFilter.cpp:61) [64]  (2.320 ns)

 <State 65>: 2.320ns
The critical path consists of the following:
	'dadd' operation 64 bit ('add_3_3', ExtendedKalmanFilter.cpp:61) [64]  (2.320 ns)

 <State 66>: 2.320ns
The critical path consists of the following:
	'dadd' operation 64 bit ('add_3_3', ExtendedKalmanFilter.cpp:61) [64]  (2.320 ns)

 <State 67>: 2.320ns
The critical path consists of the following:
	'dadd' operation 64 bit ('add_3_3', ExtendedKalmanFilter.cpp:61) [64]  (2.320 ns)

 <State 68>: 2.320ns
The critical path consists of the following:
	'dadd' operation 64 bit ('add_3_3', ExtendedKalmanFilter.cpp:61) [64]  (2.320 ns)
	'store' operation 0 bit ('store_ln61', ExtendedKalmanFilter.cpp:61) of variable 'add_3_3', ExtendedKalmanFilter.cpp:61 on local variable 'empty_14' [67]  (0.000 ns)


============================================================
+ Verbose Summary: Binding
============================================================
N/A
* FSMD analyzer results:
  - Output states:
 - Input state : 
  - Chain level:
	State 1
	State 2
	State 3
	State 4
	State 5
	State 6
	State 7
	State 8
	State 9
	State 10
	State 11
	State 12
	State 13
	State 14
	State 15
	State 16
	State 17
	State 18
	State 19
	State 20
	State 21
	State 22
	State 23
	State 24
	State 25
	State 26
	State 27
	State 28
	State 29
	State 30
	State 31
	State 32
	State 33
	State 34
	State 35
	State 36
	State 37
	State 38
	State 39
	State 40
	State 41
	State 42
	State 43
	State 44
	State 45
	State 46
	State 47
	State 48
	State 49
	State 50
	State 51
	State 52
	State 53
	State 54
	State 55
	State 56
	State 57
	State 58
	State 59
	State 60
	State 61
	State 62
	State 63
	State 64
	State 65
	State 66
	State 67
	State 68


============================================================
+ Verbose Summary: Datapath Resource usage 
============================================================
N/A
