

================================================================
== Vitis HLS Report for 'extendedKalmanFilter_Pipeline_VITIS_LOOP_135_24'
================================================================
* Date:           Sun Mar 17 14:02:09 2024

* Version:        2023.2 (Build 4023990 on Oct 11 2023)
* Project:        ExtendedKalmanFilter
* Solution:       solution2 (Vivado IP Flow Target)
* Product family: kintex7
* Target device:  xc7k160t-fbg676-2


================================================================
== Performance Estimates
================================================================
+ Timing: 
    * Summary: 
    +--------+---------+----------+------------+
    |  Clock |  Target | Estimated| Uncertainty|
    +--------+---------+----------+------------+
    |ap_clk  |  4.00 ns|  2.796 ns|     1.08 ns|
    +--------+---------+----------+------------+

+ Latency: 
    * Summary: 
    +---------+---------+----------+----------+-----+-----+---------+
    |  Latency (cycles) |  Latency (absolute) |  Interval | Pipeline|
    |   min   |   max   |    min   |    max   | min | max |   Type  |
    +---------+---------+----------+----------+-----+-----+---------+
    |      125|      125|  0.500 us|  0.500 us|  125|  125|       no|
    +---------+---------+----------+----------+-----+-----+---------+

    + Detail: 
        * Instance: 
        N/A

        * Loop: 
        +---------------------+---------+---------+----------+-----------+-----------+------+----------+
        |                     |  Latency (cycles) | Iteration|  Initiation Interval  | Trip |          |
        |      Loop Name      |   min   |   max   |  Latency |  achieved |   target  | Count| Pipelined|
        +---------------------+---------+---------+----------+-----------+-----------+------+----------+
        |- VITIS_LOOP_135_24  |      123|      123|        43|         27|          1|     4|       yes|
        +---------------------+---------+---------+----------+-----------+-----------+------+----------+

============================================================
+ Verbose Summary: Synthesis Manager
============================================================
InlineROM: 1
ExposeGlobal: 0
============================================================
+ Verbose Summary: CDFG Model
============================================================
IsTopModel: 0
ResetActiveHigh: 1
IsCombinational: 0
IsDatapathOnly: 0
HasWiredReturn: 1
HasMFsm: 2
HasVarLatency: 1
IsPipeline: 0
IsRtlPipelined: 0
IsInstanceOverlapped: 0
IsDontTouch: 0
HasImplIP: 0
IsGatedGlobalClock: 0

+ Individual pipeline summary: 
  * Pipeline-0: initiation interval (II) = 27, depth = 43


============================================================
+ Verbose Summary: Schedule
============================================================
* Number of FSM states : 43
* Pipeline : 1
  Pipeline-0 : II = 27, D = 43, States = { 1 2 3 4 5 6 7 8 9 10 11 12 13 14 15 16 17 18 19 20 21 22 23 24 25 26 27 28 29 30 31 32 33 34 35 36 37 38 39 40 41 42 43 }
* Dataflow Pipeline: 0

* FSM state transitions: 
1 --> 2 
2 --> 3 
3 --> 4 
4 --> 5 
5 --> 6 
6 --> 7 
7 --> 8 
8 --> 9 
9 --> 10 
10 --> 11 
11 --> 12 
12 --> 13 
13 --> 14 
14 --> 15 
15 --> 16 
16 --> 17 
17 --> 18 
18 --> 19 
19 --> 20 
20 --> 21 
21 --> 22 
22 --> 23 
23 --> 24 
24 --> 25 
25 --> 26 
26 --> 27 
27 --> 28 
28 --> 29 
29 --> 30 
30 --> 31 
31 --> 32 
32 --> 33 
33 --> 34 
34 --> 35 
35 --> 36 
36 --> 37 
37 --> 38 
38 --> 39 
39 --> 40 
40 --> 41 
41 --> 42 
42 --> 43 
43 --> 

* FSM state operations: 

State 1 <SV = 0> <Delay = 2.60>
ST_1 : Operation 46 [1/1] (0.00ns)   --->   "%i = alloca i32 1" [ExtendedKalmanFilter.cpp:135]   --->   Operation 46 'alloca' 'i' <Predicate = true> <Delay = 0.00>
ST_1 : Operation 47 [1/1] (0.00ns)   --->   "%empty = alloca i32 1"   --->   Operation 47 'alloca' 'empty' <Predicate = true> <Delay = 0.00>
ST_1 : Operation 48 [1/1] (0.00ns)   --->   "%empty_25 = alloca i32 1"   --->   Operation 48 'alloca' 'empty_25' <Predicate = true> <Delay = 0.00>
ST_1 : Operation 49 [1/1] (0.00ns)   --->   "%empty_26 = alloca i32 1"   --->   Operation 49 'alloca' 'empty_26' <Predicate = true> <Delay = 0.00>
ST_1 : Operation 50 [1/1] (0.00ns)   --->   "%empty_27 = alloca i32 1"   --->   Operation 50 'alloca' 'empty_27' <Predicate = true> <Delay = 0.00>
ST_1 : Operation 51 [1/1] (0.00ns)   --->   "%y_1_read = read i64 @_ssdm_op_Read.ap_auto.double, i64 %y_1"   --->   Operation 51 'read' 'y_1_read' <Predicate = true> <Delay = 0.00>
ST_1 : Operation 52 [1/1] (0.00ns)   --->   "%mux_case_3257467_reload_read = read i64 @_ssdm_op_Read.ap_auto.double, i64 %mux_case_3257467_reload"   --->   Operation 52 'read' 'mux_case_3257467_reload_read' <Predicate = true> <Delay = 0.00>
ST_1 : Operation 53 [1/1] (0.00ns)   --->   "%mux_case_2255464_reload_read = read i64 @_ssdm_op_Read.ap_auto.double, i64 %mux_case_2255464_reload"   --->   Operation 53 'read' 'mux_case_2255464_reload_read' <Predicate = true> <Delay = 0.00>
ST_1 : Operation 54 [1/1] (0.00ns)   --->   "%mux_case_1253461_reload_read = read i64 @_ssdm_op_Read.ap_auto.double, i64 %mux_case_1253461_reload"   --->   Operation 54 'read' 'mux_case_1253461_reload_read' <Predicate = true> <Delay = 0.00>
ST_1 : Operation 55 [1/1] (0.00ns)   --->   "%mux_case_0251458_reload_read = read i64 @_ssdm_op_Read.ap_auto.double, i64 %mux_case_0251458_reload"   --->   Operation 55 'read' 'mux_case_0251458_reload_read' <Predicate = true> <Delay = 0.00>
ST_1 : Operation 56 [1/1] (0.00ns)   --->   "%y_read = read i64 @_ssdm_op_Read.ap_auto.double, i64 %y"   --->   Operation 56 'read' 'y_read' <Predicate = true> <Delay = 0.00>
ST_1 : Operation 57 [1/1] (0.00ns)   --->   "%mux_case_3249455_reload_read = read i64 @_ssdm_op_Read.ap_auto.double, i64 %mux_case_3249455_reload"   --->   Operation 57 'read' 'mux_case_3249455_reload_read' <Predicate = true> <Delay = 0.00>
ST_1 : Operation 58 [1/1] (0.00ns)   --->   "%mux_case_2247452_reload_read = read i64 @_ssdm_op_Read.ap_auto.double, i64 %mux_case_2247452_reload"   --->   Operation 58 'read' 'mux_case_2247452_reload_read' <Predicate = true> <Delay = 0.00>
ST_1 : Operation 59 [1/1] (0.00ns)   --->   "%mux_case_1245449_reload_read = read i64 @_ssdm_op_Read.ap_auto.double, i64 %mux_case_1245449_reload"   --->   Operation 59 'read' 'mux_case_1245449_reload_read' <Predicate = true> <Delay = 0.00>
ST_1 : Operation 60 [1/1] (0.00ns)   --->   "%mux_case_0243446_reload_read = read i64 @_ssdm_op_Read.ap_auto.double, i64 %mux_case_0243446_reload"   --->   Operation 60 'read' 'mux_case_0243446_reload_read' <Predicate = true> <Delay = 0.00>
ST_1 : Operation 61 [1/1] (0.00ns)   --->   "%z_pred_read = read i64 @_ssdm_op_Read.ap_auto.double, i64 %z_pred"   --->   Operation 61 'read' 'z_pred_read' <Predicate = true> <Delay = 0.00>
ST_1 : Operation 62 [1/1] (0.00ns)   --->   "%z_pred_1_read = read i64 @_ssdm_op_Read.ap_auto.double, i64 %z_pred_1"   --->   Operation 62 'read' 'z_pred_1_read' <Predicate = true> <Delay = 0.00>
ST_1 : Operation 63 [1/1] (0.00ns)   --->   "%add2_i_read = read i64 @_ssdm_op_Read.ap_auto.double, i64 %add2_i"   --->   Operation 63 'read' 'add2_i_read' <Predicate = true> <Delay = 0.00>
ST_1 : Operation 64 [1/1] (0.00ns)   --->   "%add4_i_read = read i64 @_ssdm_op_Read.ap_auto.double, i64 %add4_i"   --->   Operation 64 'read' 'add4_i_read' <Predicate = true> <Delay = 0.00>
ST_1 : Operation 65 [1/1] (0.83ns)   --->   "%store_ln0 = store i64 %add4_i_read, i64 %empty_27"   --->   Operation 65 'store' 'store_ln0' <Predicate = true> <Delay = 0.83>
ST_1 : Operation 66 [1/1] (0.83ns)   --->   "%store_ln0 = store i64 %add2_i_read, i64 %empty_26"   --->   Operation 66 'store' 'store_ln0' <Predicate = true> <Delay = 0.83>
ST_1 : Operation 67 [1/1] (0.83ns)   --->   "%store_ln0 = store i64 %z_pred_1_read, i64 %empty_25"   --->   Operation 67 'store' 'store_ln0' <Predicate = true> <Delay = 0.83>
ST_1 : Operation 68 [1/1] (0.83ns)   --->   "%store_ln0 = store i64 %z_pred_read, i64 %empty"   --->   Operation 68 'store' 'store_ln0' <Predicate = true> <Delay = 0.83>
ST_1 : Operation 69 [1/1] (0.83ns)   --->   "%store_ln135 = store i3 0, i3 %i" [ExtendedKalmanFilter.cpp:135]   --->   Operation 69 'store' 'store_ln135' <Predicate = true> <Delay = 0.83>
ST_1 : Operation 70 [1/1] (0.00ns)   --->   "%br_ln0 = br void %for.inc322"   --->   Operation 70 'br' 'br_ln0' <Predicate = true> <Delay = 0.00>
ST_1 : Operation 71 [1/1] (0.00ns)   --->   "%i_1 = load i3 %i" [ExtendedKalmanFilter.cpp:135]   --->   Operation 71 'load' 'i_1' <Predicate = true> <Delay = 0.00>
ST_1 : Operation 72 [1/1] (0.93ns)   --->   "%icmp_ln135 = icmp_eq  i3 %i_1, i3 4" [ExtendedKalmanFilter.cpp:135]   --->   Operation 72 'icmp' 'icmp_ln135' <Predicate = true> <Delay = 0.93> <CoreInst = "Cmp">   --->   Core 9 'Cmp' <Latency = 0> <II = 1> <Delay = 0.93> <FuncUnit> <Opcode : 'icmp'> <InPorts = 2> <OutPorts = 1>
ST_1 : Operation 73 [1/1] (0.93ns)   --->   "%add_ln135 = add i3 %i_1, i3 1" [ExtendedKalmanFilter.cpp:135]   --->   Operation 73 'add' 'add_ln135' <Predicate = true> <Delay = 0.93> <CoreInst = "Adder">   --->   Core 1 'Adder' <Latency = 0> <II = 1> <Delay = 0.93> <FuncUnit> <Opcode : 'add' 'sub'> <InPorts = 2> <OutPorts = 1>
ST_1 : Operation 74 [1/1] (0.00ns)   --->   "%br_ln135 = br i1 %icmp_ln135, void %for.inc322.split, void %VITIS_LOOP_143_27.preheader.exitStub" [ExtendedKalmanFilter.cpp:135]   --->   Operation 74 'br' 'br_ln135' <Predicate = true> <Delay = 0.00>
ST_1 : Operation 75 [1/1] (0.00ns)   --->   "%trunc_ln135 = trunc i3 %i_1" [ExtendedKalmanFilter.cpp:135]   --->   Operation 75 'trunc' 'trunc_ln135' <Predicate = (!icmp_ln135)> <Delay = 0.00>
ST_1 : Operation 76 [1/1] (0.86ns)   --->   "%tmp_23 = sparsemux i64 @_ssdm_op_SparseMux.ap_auto.4f64.f64.i2, i2 0, i64 %mux_case_0243446_reload_read, i2 1, i64 %mux_case_1245449_reload_read, i2 2, i64 %mux_case_2247452_reload_read, i2 3, i64 %mux_case_3249455_reload_read, i64 <undef>, i2 %trunc_ln135" [ExtendedKalmanFilter.cpp:136]   --->   Operation 76 'sparsemux' 'tmp_23' <Predicate = (!icmp_ln135)> <Delay = 0.86> <CoreInst = "SparseMux">   --->   Core 135 'SparseMux' <Latency = 0> <II = 1> <Delay = 0.86> <FuncUnit> <Opcode : 'sparsemux'> <InPorts = 2> <OutPorts = 1>
ST_1 : Operation 77 [1/1] (0.86ns)   --->   "%tmp_24 = sparsemux i64 @_ssdm_op_SparseMux.ap_auto.4f64.f64.i2, i2 0, i64 %mux_case_0251458_reload_read, i2 1, i64 %mux_case_1253461_reload_read, i2 2, i64 %mux_case_2255464_reload_read, i2 3, i64 %mux_case_3257467_reload_read, i64 <undef>, i2 %trunc_ln135" [ExtendedKalmanFilter.cpp:136]   --->   Operation 77 'sparsemux' 'tmp_24' <Predicate = (!icmp_ln135)> <Delay = 0.86> <CoreInst = "SparseMux">   --->   Core 135 'SparseMux' <Latency = 0> <II = 1> <Delay = 0.86> <FuncUnit> <Opcode : 'sparsemux'> <InPorts = 2> <OutPorts = 1>
ST_1 : Operation 78 [1/1] (1.20ns)   --->   "%switch_ln136 = switch i2 %trunc_ln135, void %branch3, i2 0, void %branch0, i2 1, void %branch1, i2 2, void %branch2" [ExtendedKalmanFilter.cpp:136]   --->   Operation 78 'switch' 'switch_ln136' <Predicate = (!icmp_ln135)> <Delay = 1.20>
ST_1 : Operation 79 [1/1] (0.83ns)   --->   "%store_ln135 = store i3 %add_ln135, i3 %i" [ExtendedKalmanFilter.cpp:135]   --->   Operation 79 'store' 'store_ln135' <Predicate = (!icmp_ln135)> <Delay = 0.83>
ST_1 : Operation 80 [1/1] (0.00ns)   --->   "%br_ln135 = br void %for.inc322" [ExtendedKalmanFilter.cpp:135]   --->   Operation 80 'br' 'br_ln135' <Predicate = (!icmp_ln135)> <Delay = 0.00>

State 2 <SV = 1> <Delay = 2.79>
ST_2 : Operation 81 [15/15] (2.79ns)   --->   "%mul3 = dmul i64 %tmp_23, i64 %y_read" [ExtendedKalmanFilter.cpp:136]   --->   Operation 81 'dmul' 'mul3' <Predicate = (!icmp_ln135)> <Delay = 2.79> <CoreInst = "DMul_maxdsp">   --->   Core 49 'DMul_maxdsp' <Latency = 14> <II = 1> <Delay = 2.79> <FuncUnit> <Opcode : 'dmul'> <InPorts = 2> <OutPorts = 1>

State 3 <SV = 2> <Delay = 2.79>
ST_3 : Operation 82 [14/15] (2.79ns)   --->   "%mul3 = dmul i64 %tmp_23, i64 %y_read" [ExtendedKalmanFilter.cpp:136]   --->   Operation 82 'dmul' 'mul3' <Predicate = (!icmp_ln135)> <Delay = 2.79> <CoreInst = "DMul_maxdsp">   --->   Core 49 'DMul_maxdsp' <Latency = 14> <II = 1> <Delay = 2.79> <FuncUnit> <Opcode : 'dmul'> <InPorts = 2> <OutPorts = 1>
ST_3 : Operation 83 [15/15] (2.79ns)   --->   "%mul4 = dmul i64 %tmp_24, i64 %y_1_read" [ExtendedKalmanFilter.cpp:136]   --->   Operation 83 'dmul' 'mul4' <Predicate = (!icmp_ln135)> <Delay = 2.79> <CoreInst = "DMul_maxdsp">   --->   Core 49 'DMul_maxdsp' <Latency = 14> <II = 1> <Delay = 2.79> <FuncUnit> <Opcode : 'dmul'> <InPorts = 2> <OutPorts = 1>

State 4 <SV = 3> <Delay = 2.79>
ST_4 : Operation 84 [13/15] (2.79ns)   --->   "%mul3 = dmul i64 %tmp_23, i64 %y_read" [ExtendedKalmanFilter.cpp:136]   --->   Operation 84 'dmul' 'mul3' <Predicate = (!icmp_ln135)> <Delay = 2.79> <CoreInst = "DMul_maxdsp">   --->   Core 49 'DMul_maxdsp' <Latency = 14> <II = 1> <Delay = 2.79> <FuncUnit> <Opcode : 'dmul'> <InPorts = 2> <OutPorts = 1>
ST_4 : Operation 85 [14/15] (2.79ns)   --->   "%mul4 = dmul i64 %tmp_24, i64 %y_1_read" [ExtendedKalmanFilter.cpp:136]   --->   Operation 85 'dmul' 'mul4' <Predicate = (!icmp_ln135)> <Delay = 2.79> <CoreInst = "DMul_maxdsp">   --->   Core 49 'DMul_maxdsp' <Latency = 14> <II = 1> <Delay = 2.79> <FuncUnit> <Opcode : 'dmul'> <InPorts = 2> <OutPorts = 1>

State 5 <SV = 4> <Delay = 2.79>
ST_5 : Operation 86 [12/15] (2.79ns)   --->   "%mul3 = dmul i64 %tmp_23, i64 %y_read" [ExtendedKalmanFilter.cpp:136]   --->   Operation 86 'dmul' 'mul3' <Predicate = (!icmp_ln135)> <Delay = 2.79> <CoreInst = "DMul_maxdsp">   --->   Core 49 'DMul_maxdsp' <Latency = 14> <II = 1> <Delay = 2.79> <FuncUnit> <Opcode : 'dmul'> <InPorts = 2> <OutPorts = 1>
ST_5 : Operation 87 [13/15] (2.79ns)   --->   "%mul4 = dmul i64 %tmp_24, i64 %y_1_read" [ExtendedKalmanFilter.cpp:136]   --->   Operation 87 'dmul' 'mul4' <Predicate = (!icmp_ln135)> <Delay = 2.79> <CoreInst = "DMul_maxdsp">   --->   Core 49 'DMul_maxdsp' <Latency = 14> <II = 1> <Delay = 2.79> <FuncUnit> <Opcode : 'dmul'> <InPorts = 2> <OutPorts = 1>

State 6 <SV = 5> <Delay = 2.79>
ST_6 : Operation 88 [11/15] (2.79ns)   --->   "%mul3 = dmul i64 %tmp_23, i64 %y_read" [ExtendedKalmanFilter.cpp:136]   --->   Operation 88 'dmul' 'mul3' <Predicate = (!icmp_ln135)> <Delay = 2.79> <CoreInst = "DMul_maxdsp">   --->   Core 49 'DMul_maxdsp' <Latency = 14> <II = 1> <Delay = 2.79> <FuncUnit> <Opcode : 'dmul'> <InPorts = 2> <OutPorts = 1>
ST_6 : Operation 89 [12/15] (2.79ns)   --->   "%mul4 = dmul i64 %tmp_24, i64 %y_1_read" [ExtendedKalmanFilter.cpp:136]   --->   Operation 89 'dmul' 'mul4' <Predicate = (!icmp_ln135)> <Delay = 2.79> <CoreInst = "DMul_maxdsp">   --->   Core 49 'DMul_maxdsp' <Latency = 14> <II = 1> <Delay = 2.79> <FuncUnit> <Opcode : 'dmul'> <InPorts = 2> <OutPorts = 1>

State 7 <SV = 6> <Delay = 2.79>
ST_7 : Operation 90 [10/15] (2.79ns)   --->   "%mul3 = dmul i64 %tmp_23, i64 %y_read" [ExtendedKalmanFilter.cpp:136]   --->   Operation 90 'dmul' 'mul3' <Predicate = (!icmp_ln135)> <Delay = 2.79> <CoreInst = "DMul_maxdsp">   --->   Core 49 'DMul_maxdsp' <Latency = 14> <II = 1> <Delay = 2.79> <FuncUnit> <Opcode : 'dmul'> <InPorts = 2> <OutPorts = 1>
ST_7 : Operation 91 [11/15] (2.79ns)   --->   "%mul4 = dmul i64 %tmp_24, i64 %y_1_read" [ExtendedKalmanFilter.cpp:136]   --->   Operation 91 'dmul' 'mul4' <Predicate = (!icmp_ln135)> <Delay = 2.79> <CoreInst = "DMul_maxdsp">   --->   Core 49 'DMul_maxdsp' <Latency = 14> <II = 1> <Delay = 2.79> <FuncUnit> <Opcode : 'dmul'> <InPorts = 2> <OutPorts = 1>

State 8 <SV = 7> <Delay = 2.79>
ST_8 : Operation 92 [9/15] (2.79ns)   --->   "%mul3 = dmul i64 %tmp_23, i64 %y_read" [ExtendedKalmanFilter.cpp:136]   --->   Operation 92 'dmul' 'mul3' <Predicate = (!icmp_ln135)> <Delay = 2.79> <CoreInst = "DMul_maxdsp">   --->   Core 49 'DMul_maxdsp' <Latency = 14> <II = 1> <Delay = 2.79> <FuncUnit> <Opcode : 'dmul'> <InPorts = 2> <OutPorts = 1>
ST_8 : Operation 93 [10/15] (2.79ns)   --->   "%mul4 = dmul i64 %tmp_24, i64 %y_1_read" [ExtendedKalmanFilter.cpp:136]   --->   Operation 93 'dmul' 'mul4' <Predicate = (!icmp_ln135)> <Delay = 2.79> <CoreInst = "DMul_maxdsp">   --->   Core 49 'DMul_maxdsp' <Latency = 14> <II = 1> <Delay = 2.79> <FuncUnit> <Opcode : 'dmul'> <InPorts = 2> <OutPorts = 1>

State 9 <SV = 8> <Delay = 2.79>
ST_9 : Operation 94 [8/15] (2.79ns)   --->   "%mul3 = dmul i64 %tmp_23, i64 %y_read" [ExtendedKalmanFilter.cpp:136]   --->   Operation 94 'dmul' 'mul3' <Predicate = (!icmp_ln135)> <Delay = 2.79> <CoreInst = "DMul_maxdsp">   --->   Core 49 'DMul_maxdsp' <Latency = 14> <II = 1> <Delay = 2.79> <FuncUnit> <Opcode : 'dmul'> <InPorts = 2> <OutPorts = 1>
ST_9 : Operation 95 [9/15] (2.79ns)   --->   "%mul4 = dmul i64 %tmp_24, i64 %y_1_read" [ExtendedKalmanFilter.cpp:136]   --->   Operation 95 'dmul' 'mul4' <Predicate = (!icmp_ln135)> <Delay = 2.79> <CoreInst = "DMul_maxdsp">   --->   Core 49 'DMul_maxdsp' <Latency = 14> <II = 1> <Delay = 2.79> <FuncUnit> <Opcode : 'dmul'> <InPorts = 2> <OutPorts = 1>

State 10 <SV = 9> <Delay = 2.79>
ST_10 : Operation 96 [7/15] (2.79ns)   --->   "%mul3 = dmul i64 %tmp_23, i64 %y_read" [ExtendedKalmanFilter.cpp:136]   --->   Operation 96 'dmul' 'mul3' <Predicate = (!icmp_ln135)> <Delay = 2.79> <CoreInst = "DMul_maxdsp">   --->   Core 49 'DMul_maxdsp' <Latency = 14> <II = 1> <Delay = 2.79> <FuncUnit> <Opcode : 'dmul'> <InPorts = 2> <OutPorts = 1>
ST_10 : Operation 97 [8/15] (2.79ns)   --->   "%mul4 = dmul i64 %tmp_24, i64 %y_1_read" [ExtendedKalmanFilter.cpp:136]   --->   Operation 97 'dmul' 'mul4' <Predicate = (!icmp_ln135)> <Delay = 2.79> <CoreInst = "DMul_maxdsp">   --->   Core 49 'DMul_maxdsp' <Latency = 14> <II = 1> <Delay = 2.79> <FuncUnit> <Opcode : 'dmul'> <InPorts = 2> <OutPorts = 1>

State 11 <SV = 10> <Delay = 2.79>
ST_11 : Operation 98 [6/15] (2.79ns)   --->   "%mul3 = dmul i64 %tmp_23, i64 %y_read" [ExtendedKalmanFilter.cpp:136]   --->   Operation 98 'dmul' 'mul3' <Predicate = (!icmp_ln135)> <Delay = 2.79> <CoreInst = "DMul_maxdsp">   --->   Core 49 'DMul_maxdsp' <Latency = 14> <II = 1> <Delay = 2.79> <FuncUnit> <Opcode : 'dmul'> <InPorts = 2> <OutPorts = 1>
ST_11 : Operation 99 [7/15] (2.79ns)   --->   "%mul4 = dmul i64 %tmp_24, i64 %y_1_read" [ExtendedKalmanFilter.cpp:136]   --->   Operation 99 'dmul' 'mul4' <Predicate = (!icmp_ln135)> <Delay = 2.79> <CoreInst = "DMul_maxdsp">   --->   Core 49 'DMul_maxdsp' <Latency = 14> <II = 1> <Delay = 2.79> <FuncUnit> <Opcode : 'dmul'> <InPorts = 2> <OutPorts = 1>

State 12 <SV = 11> <Delay = 2.79>
ST_12 : Operation 100 [5/15] (2.79ns)   --->   "%mul3 = dmul i64 %tmp_23, i64 %y_read" [ExtendedKalmanFilter.cpp:136]   --->   Operation 100 'dmul' 'mul3' <Predicate = (!icmp_ln135)> <Delay = 2.79> <CoreInst = "DMul_maxdsp">   --->   Core 49 'DMul_maxdsp' <Latency = 14> <II = 1> <Delay = 2.79> <FuncUnit> <Opcode : 'dmul'> <InPorts = 2> <OutPorts = 1>
ST_12 : Operation 101 [6/15] (2.79ns)   --->   "%mul4 = dmul i64 %tmp_24, i64 %y_1_read" [ExtendedKalmanFilter.cpp:136]   --->   Operation 101 'dmul' 'mul4' <Predicate = (!icmp_ln135)> <Delay = 2.79> <CoreInst = "DMul_maxdsp">   --->   Core 49 'DMul_maxdsp' <Latency = 14> <II = 1> <Delay = 2.79> <FuncUnit> <Opcode : 'dmul'> <InPorts = 2> <OutPorts = 1>

State 13 <SV = 12> <Delay = 2.79>
ST_13 : Operation 102 [4/15] (2.79ns)   --->   "%mul3 = dmul i64 %tmp_23, i64 %y_read" [ExtendedKalmanFilter.cpp:136]   --->   Operation 102 'dmul' 'mul3' <Predicate = (!icmp_ln135)> <Delay = 2.79> <CoreInst = "DMul_maxdsp">   --->   Core 49 'DMul_maxdsp' <Latency = 14> <II = 1> <Delay = 2.79> <FuncUnit> <Opcode : 'dmul'> <InPorts = 2> <OutPorts = 1>
ST_13 : Operation 103 [5/15] (2.79ns)   --->   "%mul4 = dmul i64 %tmp_24, i64 %y_1_read" [ExtendedKalmanFilter.cpp:136]   --->   Operation 103 'dmul' 'mul4' <Predicate = (!icmp_ln135)> <Delay = 2.79> <CoreInst = "DMul_maxdsp">   --->   Core 49 'DMul_maxdsp' <Latency = 14> <II = 1> <Delay = 2.79> <FuncUnit> <Opcode : 'dmul'> <InPorts = 2> <OutPorts = 1>

State 14 <SV = 13> <Delay = 2.79>
ST_14 : Operation 104 [3/15] (2.79ns)   --->   "%mul3 = dmul i64 %tmp_23, i64 %y_read" [ExtendedKalmanFilter.cpp:136]   --->   Operation 104 'dmul' 'mul3' <Predicate = (!icmp_ln135)> <Delay = 2.79> <CoreInst = "DMul_maxdsp">   --->   Core 49 'DMul_maxdsp' <Latency = 14> <II = 1> <Delay = 2.79> <FuncUnit> <Opcode : 'dmul'> <InPorts = 2> <OutPorts = 1>
ST_14 : Operation 105 [4/15] (2.79ns)   --->   "%mul4 = dmul i64 %tmp_24, i64 %y_1_read" [ExtendedKalmanFilter.cpp:136]   --->   Operation 105 'dmul' 'mul4' <Predicate = (!icmp_ln135)> <Delay = 2.79> <CoreInst = "DMul_maxdsp">   --->   Core 49 'DMul_maxdsp' <Latency = 14> <II = 1> <Delay = 2.79> <FuncUnit> <Opcode : 'dmul'> <InPorts = 2> <OutPorts = 1>

State 15 <SV = 14> <Delay = 2.79>
ST_15 : Operation 106 [2/15] (2.79ns)   --->   "%mul3 = dmul i64 %tmp_23, i64 %y_read" [ExtendedKalmanFilter.cpp:136]   --->   Operation 106 'dmul' 'mul3' <Predicate = (!icmp_ln135)> <Delay = 2.79> <CoreInst = "DMul_maxdsp">   --->   Core 49 'DMul_maxdsp' <Latency = 14> <II = 1> <Delay = 2.79> <FuncUnit> <Opcode : 'dmul'> <InPorts = 2> <OutPorts = 1>
ST_15 : Operation 107 [3/15] (2.79ns)   --->   "%mul4 = dmul i64 %tmp_24, i64 %y_1_read" [ExtendedKalmanFilter.cpp:136]   --->   Operation 107 'dmul' 'mul4' <Predicate = (!icmp_ln135)> <Delay = 2.79> <CoreInst = "DMul_maxdsp">   --->   Core 49 'DMul_maxdsp' <Latency = 14> <II = 1> <Delay = 2.79> <FuncUnit> <Opcode : 'dmul'> <InPorts = 2> <OutPorts = 1>

State 16 <SV = 15> <Delay = 2.79>
ST_16 : Operation 108 [1/1] (0.00ns)   --->   "%p_load18 = load i64 %empty" [ExtendedKalmanFilter.cpp:136]   --->   Operation 108 'load' 'p_load18' <Predicate = (!icmp_ln135)> <Delay = 0.00>
ST_16 : Operation 109 [1/1] (0.00ns)   --->   "%p_load17 = load i64 %empty_25" [ExtendedKalmanFilter.cpp:136]   --->   Operation 109 'load' 'p_load17' <Predicate = (!icmp_ln135)> <Delay = 0.00>
ST_16 : Operation 110 [1/1] (0.00ns)   --->   "%p_load16 = load i64 %empty_26" [ExtendedKalmanFilter.cpp:136]   --->   Operation 110 'load' 'p_load16' <Predicate = (!icmp_ln135)> <Delay = 0.00>
ST_16 : Operation 111 [1/1] (0.00ns)   --->   "%p_load = load i64 %empty_27" [ExtendedKalmanFilter.cpp:136]   --->   Operation 111 'load' 'p_load' <Predicate = (!icmp_ln135)> <Delay = 0.00>
ST_16 : Operation 112 [1/1] (0.86ns)   --->   "%tmp_s = mux i64 @_ssdm_op_Mux.ap_auto.4double.i2, i64 %p_load18, i64 %p_load17, i64 %p_load16, i64 %p_load, i2 %trunc_ln135" [ExtendedKalmanFilter.cpp:136]   --->   Operation 112 'mux' 'tmp_s' <Predicate = (!icmp_ln135)> <Delay = 0.86> <CoreInst = "Multiplexer">   --->   Core 76 'Multiplexer' <Latency = 0> <II = 1> <Delay = 0.86> <FuncUnit> <Opcode : 'mux'> <InPorts = 2> <OutPorts = 1>
ST_16 : Operation 113 [1/15] (2.79ns)   --->   "%mul3 = dmul i64 %tmp_23, i64 %y_read" [ExtendedKalmanFilter.cpp:136]   --->   Operation 113 'dmul' 'mul3' <Predicate = (!icmp_ln135)> <Delay = 2.79> <CoreInst = "DMul_maxdsp">   --->   Core 49 'DMul_maxdsp' <Latency = 14> <II = 1> <Delay = 2.79> <FuncUnit> <Opcode : 'dmul'> <InPorts = 2> <OutPorts = 1>
ST_16 : Operation 114 [2/15] (2.79ns)   --->   "%mul4 = dmul i64 %tmp_24, i64 %y_1_read" [ExtendedKalmanFilter.cpp:136]   --->   Operation 114 'dmul' 'mul4' <Predicate = (!icmp_ln135)> <Delay = 2.79> <CoreInst = "DMul_maxdsp">   --->   Core 49 'DMul_maxdsp' <Latency = 14> <II = 1> <Delay = 2.79> <FuncUnit> <Opcode : 'dmul'> <InPorts = 2> <OutPorts = 1>
ST_16 : Operation 157 [1/1] (0.00ns)   --->   "%ret_ln0 = ret"   --->   Operation 157 'ret' 'ret_ln0' <Predicate = (icmp_ln135)> <Delay = 0.00>

State 17 <SV = 16> <Delay = 2.79>
ST_17 : Operation 115 [13/13] (2.32ns)   --->   "%add5 = dadd i64 %tmp_s, i64 %mul3" [ExtendedKalmanFilter.cpp:136]   --->   Operation 115 'dadd' 'add5' <Predicate = (!icmp_ln135)> <Delay = 2.32> <CoreInst = "DAddSub_fulldsp">   --->   Core 37 'DAddSub_fulldsp' <Latency = 12> <II = 1> <Delay = 2.32> <FuncUnit> <Opcode : 'dadd' 'dsub'> <InPorts = 2> <OutPorts = 1>
ST_17 : Operation 116 [1/15] (2.79ns)   --->   "%mul4 = dmul i64 %tmp_24, i64 %y_1_read" [ExtendedKalmanFilter.cpp:136]   --->   Operation 116 'dmul' 'mul4' <Predicate = (!icmp_ln135)> <Delay = 2.79> <CoreInst = "DMul_maxdsp">   --->   Core 49 'DMul_maxdsp' <Latency = 14> <II = 1> <Delay = 2.79> <FuncUnit> <Opcode : 'dmul'> <InPorts = 2> <OutPorts = 1>

State 18 <SV = 17> <Delay = 2.32>
ST_18 : Operation 117 [12/13] (2.32ns)   --->   "%add5 = dadd i64 %tmp_s, i64 %mul3" [ExtendedKalmanFilter.cpp:136]   --->   Operation 117 'dadd' 'add5' <Predicate = (!icmp_ln135)> <Delay = 2.32> <CoreInst = "DAddSub_fulldsp">   --->   Core 37 'DAddSub_fulldsp' <Latency = 12> <II = 1> <Delay = 2.32> <FuncUnit> <Opcode : 'dadd' 'dsub'> <InPorts = 2> <OutPorts = 1>

State 19 <SV = 18> <Delay = 2.32>
ST_19 : Operation 118 [11/13] (2.32ns)   --->   "%add5 = dadd i64 %tmp_s, i64 %mul3" [ExtendedKalmanFilter.cpp:136]   --->   Operation 118 'dadd' 'add5' <Predicate = (!icmp_ln135)> <Delay = 2.32> <CoreInst = "DAddSub_fulldsp">   --->   Core 37 'DAddSub_fulldsp' <Latency = 12> <II = 1> <Delay = 2.32> <FuncUnit> <Opcode : 'dadd' 'dsub'> <InPorts = 2> <OutPorts = 1>

State 20 <SV = 19> <Delay = 2.32>
ST_20 : Operation 119 [10/13] (2.32ns)   --->   "%add5 = dadd i64 %tmp_s, i64 %mul3" [ExtendedKalmanFilter.cpp:136]   --->   Operation 119 'dadd' 'add5' <Predicate = (!icmp_ln135)> <Delay = 2.32> <CoreInst = "DAddSub_fulldsp">   --->   Core 37 'DAddSub_fulldsp' <Latency = 12> <II = 1> <Delay = 2.32> <FuncUnit> <Opcode : 'dadd' 'dsub'> <InPorts = 2> <OutPorts = 1>

State 21 <SV = 20> <Delay = 2.32>
ST_21 : Operation 120 [9/13] (2.32ns)   --->   "%add5 = dadd i64 %tmp_s, i64 %mul3" [ExtendedKalmanFilter.cpp:136]   --->   Operation 120 'dadd' 'add5' <Predicate = (!icmp_ln135)> <Delay = 2.32> <CoreInst = "DAddSub_fulldsp">   --->   Core 37 'DAddSub_fulldsp' <Latency = 12> <II = 1> <Delay = 2.32> <FuncUnit> <Opcode : 'dadd' 'dsub'> <InPorts = 2> <OutPorts = 1>

State 22 <SV = 21> <Delay = 2.32>
ST_22 : Operation 121 [8/13] (2.32ns)   --->   "%add5 = dadd i64 %tmp_s, i64 %mul3" [ExtendedKalmanFilter.cpp:136]   --->   Operation 121 'dadd' 'add5' <Predicate = (!icmp_ln135)> <Delay = 2.32> <CoreInst = "DAddSub_fulldsp">   --->   Core 37 'DAddSub_fulldsp' <Latency = 12> <II = 1> <Delay = 2.32> <FuncUnit> <Opcode : 'dadd' 'dsub'> <InPorts = 2> <OutPorts = 1>

State 23 <SV = 22> <Delay = 2.32>
ST_23 : Operation 122 [7/13] (2.32ns)   --->   "%add5 = dadd i64 %tmp_s, i64 %mul3" [ExtendedKalmanFilter.cpp:136]   --->   Operation 122 'dadd' 'add5' <Predicate = (!icmp_ln135)> <Delay = 2.32> <CoreInst = "DAddSub_fulldsp">   --->   Core 37 'DAddSub_fulldsp' <Latency = 12> <II = 1> <Delay = 2.32> <FuncUnit> <Opcode : 'dadd' 'dsub'> <InPorts = 2> <OutPorts = 1>

State 24 <SV = 23> <Delay = 2.32>
ST_24 : Operation 123 [6/13] (2.32ns)   --->   "%add5 = dadd i64 %tmp_s, i64 %mul3" [ExtendedKalmanFilter.cpp:136]   --->   Operation 123 'dadd' 'add5' <Predicate = (!icmp_ln135)> <Delay = 2.32> <CoreInst = "DAddSub_fulldsp">   --->   Core 37 'DAddSub_fulldsp' <Latency = 12> <II = 1> <Delay = 2.32> <FuncUnit> <Opcode : 'dadd' 'dsub'> <InPorts = 2> <OutPorts = 1>

State 25 <SV = 24> <Delay = 2.32>
ST_25 : Operation 124 [5/13] (2.32ns)   --->   "%add5 = dadd i64 %tmp_s, i64 %mul3" [ExtendedKalmanFilter.cpp:136]   --->   Operation 124 'dadd' 'add5' <Predicate = (!icmp_ln135)> <Delay = 2.32> <CoreInst = "DAddSub_fulldsp">   --->   Core 37 'DAddSub_fulldsp' <Latency = 12> <II = 1> <Delay = 2.32> <FuncUnit> <Opcode : 'dadd' 'dsub'> <InPorts = 2> <OutPorts = 1>

State 26 <SV = 25> <Delay = 2.32>
ST_26 : Operation 125 [4/13] (2.32ns)   --->   "%add5 = dadd i64 %tmp_s, i64 %mul3" [ExtendedKalmanFilter.cpp:136]   --->   Operation 125 'dadd' 'add5' <Predicate = (!icmp_ln135)> <Delay = 2.32> <CoreInst = "DAddSub_fulldsp">   --->   Core 37 'DAddSub_fulldsp' <Latency = 12> <II = 1> <Delay = 2.32> <FuncUnit> <Opcode : 'dadd' 'dsub'> <InPorts = 2> <OutPorts = 1>

State 27 <SV = 26> <Delay = 2.32>
ST_27 : Operation 126 [3/13] (2.32ns)   --->   "%add5 = dadd i64 %tmp_s, i64 %mul3" [ExtendedKalmanFilter.cpp:136]   --->   Operation 126 'dadd' 'add5' <Predicate = (!icmp_ln135)> <Delay = 2.32> <CoreInst = "DAddSub_fulldsp">   --->   Core 37 'DAddSub_fulldsp' <Latency = 12> <II = 1> <Delay = 2.32> <FuncUnit> <Opcode : 'dadd' 'dsub'> <InPorts = 2> <OutPorts = 1>

State 28 <SV = 27> <Delay = 2.32>
ST_28 : Operation 127 [2/13] (2.32ns)   --->   "%add5 = dadd i64 %tmp_s, i64 %mul3" [ExtendedKalmanFilter.cpp:136]   --->   Operation 127 'dadd' 'add5' <Predicate = true> <Delay = 2.32> <CoreInst = "DAddSub_fulldsp">   --->   Core 37 'DAddSub_fulldsp' <Latency = 12> <II = 1> <Delay = 2.32> <FuncUnit> <Opcode : 'dadd' 'dsub'> <InPorts = 2> <OutPorts = 1>

State 29 <SV = 28> <Delay = 2.32>
ST_29 : Operation 128 [1/13] (2.32ns)   --->   "%add5 = dadd i64 %tmp_s, i64 %mul3" [ExtendedKalmanFilter.cpp:136]   --->   Operation 128 'dadd' 'add5' <Predicate = true> <Delay = 2.32> <CoreInst = "DAddSub_fulldsp">   --->   Core 37 'DAddSub_fulldsp' <Latency = 12> <II = 1> <Delay = 2.32> <FuncUnit> <Opcode : 'dadd' 'dsub'> <InPorts = 2> <OutPorts = 1>

State 30 <SV = 29> <Delay = 2.32>
ST_30 : Operation 129 [13/13] (2.32ns)   --->   "%add6 = dadd i64 %add5, i64 %mul4" [ExtendedKalmanFilter.cpp:136]   --->   Operation 129 'dadd' 'add6' <Predicate = true> <Delay = 2.32> <CoreInst = "DAddSub_fulldsp">   --->   Core 37 'DAddSub_fulldsp' <Latency = 12> <II = 1> <Delay = 2.32> <FuncUnit> <Opcode : 'dadd' 'dsub'> <InPorts = 2> <OutPorts = 1>

State 31 <SV = 30> <Delay = 2.32>
ST_31 : Operation 130 [12/13] (2.32ns)   --->   "%add6 = dadd i64 %add5, i64 %mul4" [ExtendedKalmanFilter.cpp:136]   --->   Operation 130 'dadd' 'add6' <Predicate = true> <Delay = 2.32> <CoreInst = "DAddSub_fulldsp">   --->   Core 37 'DAddSub_fulldsp' <Latency = 12> <II = 1> <Delay = 2.32> <FuncUnit> <Opcode : 'dadd' 'dsub'> <InPorts = 2> <OutPorts = 1>

State 32 <SV = 31> <Delay = 2.32>
ST_32 : Operation 131 [11/13] (2.32ns)   --->   "%add6 = dadd i64 %add5, i64 %mul4" [ExtendedKalmanFilter.cpp:136]   --->   Operation 131 'dadd' 'add6' <Predicate = true> <Delay = 2.32> <CoreInst = "DAddSub_fulldsp">   --->   Core 37 'DAddSub_fulldsp' <Latency = 12> <II = 1> <Delay = 2.32> <FuncUnit> <Opcode : 'dadd' 'dsub'> <InPorts = 2> <OutPorts = 1>

State 33 <SV = 32> <Delay = 2.32>
ST_33 : Operation 132 [10/13] (2.32ns)   --->   "%add6 = dadd i64 %add5, i64 %mul4" [ExtendedKalmanFilter.cpp:136]   --->   Operation 132 'dadd' 'add6' <Predicate = true> <Delay = 2.32> <CoreInst = "DAddSub_fulldsp">   --->   Core 37 'DAddSub_fulldsp' <Latency = 12> <II = 1> <Delay = 2.32> <FuncUnit> <Opcode : 'dadd' 'dsub'> <InPorts = 2> <OutPorts = 1>

State 34 <SV = 33> <Delay = 2.32>
ST_34 : Operation 133 [9/13] (2.32ns)   --->   "%add6 = dadd i64 %add5, i64 %mul4" [ExtendedKalmanFilter.cpp:136]   --->   Operation 133 'dadd' 'add6' <Predicate = true> <Delay = 2.32> <CoreInst = "DAddSub_fulldsp">   --->   Core 37 'DAddSub_fulldsp' <Latency = 12> <II = 1> <Delay = 2.32> <FuncUnit> <Opcode : 'dadd' 'dsub'> <InPorts = 2> <OutPorts = 1>

State 35 <SV = 34> <Delay = 2.32>
ST_35 : Operation 134 [8/13] (2.32ns)   --->   "%add6 = dadd i64 %add5, i64 %mul4" [ExtendedKalmanFilter.cpp:136]   --->   Operation 134 'dadd' 'add6' <Predicate = true> <Delay = 2.32> <CoreInst = "DAddSub_fulldsp">   --->   Core 37 'DAddSub_fulldsp' <Latency = 12> <II = 1> <Delay = 2.32> <FuncUnit> <Opcode : 'dadd' 'dsub'> <InPorts = 2> <OutPorts = 1>

State 36 <SV = 35> <Delay = 2.32>
ST_36 : Operation 135 [7/13] (2.32ns)   --->   "%add6 = dadd i64 %add5, i64 %mul4" [ExtendedKalmanFilter.cpp:136]   --->   Operation 135 'dadd' 'add6' <Predicate = true> <Delay = 2.32> <CoreInst = "DAddSub_fulldsp">   --->   Core 37 'DAddSub_fulldsp' <Latency = 12> <II = 1> <Delay = 2.32> <FuncUnit> <Opcode : 'dadd' 'dsub'> <InPorts = 2> <OutPorts = 1>

State 37 <SV = 36> <Delay = 2.32>
ST_37 : Operation 136 [6/13] (2.32ns)   --->   "%add6 = dadd i64 %add5, i64 %mul4" [ExtendedKalmanFilter.cpp:136]   --->   Operation 136 'dadd' 'add6' <Predicate = true> <Delay = 2.32> <CoreInst = "DAddSub_fulldsp">   --->   Core 37 'DAddSub_fulldsp' <Latency = 12> <II = 1> <Delay = 2.32> <FuncUnit> <Opcode : 'dadd' 'dsub'> <InPorts = 2> <OutPorts = 1>

State 38 <SV = 37> <Delay = 2.32>
ST_38 : Operation 137 [5/13] (2.32ns)   --->   "%add6 = dadd i64 %add5, i64 %mul4" [ExtendedKalmanFilter.cpp:136]   --->   Operation 137 'dadd' 'add6' <Predicate = true> <Delay = 2.32> <CoreInst = "DAddSub_fulldsp">   --->   Core 37 'DAddSub_fulldsp' <Latency = 12> <II = 1> <Delay = 2.32> <FuncUnit> <Opcode : 'dadd' 'dsub'> <InPorts = 2> <OutPorts = 1>

State 39 <SV = 38> <Delay = 2.32>
ST_39 : Operation 138 [4/13] (2.32ns)   --->   "%add6 = dadd i64 %add5, i64 %mul4" [ExtendedKalmanFilter.cpp:136]   --->   Operation 138 'dadd' 'add6' <Predicate = true> <Delay = 2.32> <CoreInst = "DAddSub_fulldsp">   --->   Core 37 'DAddSub_fulldsp' <Latency = 12> <II = 1> <Delay = 2.32> <FuncUnit> <Opcode : 'dadd' 'dsub'> <InPorts = 2> <OutPorts = 1>

State 40 <SV = 39> <Delay = 2.32>
ST_40 : Operation 139 [3/13] (2.32ns)   --->   "%add6 = dadd i64 %add5, i64 %mul4" [ExtendedKalmanFilter.cpp:136]   --->   Operation 139 'dadd' 'add6' <Predicate = true> <Delay = 2.32> <CoreInst = "DAddSub_fulldsp">   --->   Core 37 'DAddSub_fulldsp' <Latency = 12> <II = 1> <Delay = 2.32> <FuncUnit> <Opcode : 'dadd' 'dsub'> <InPorts = 2> <OutPorts = 1>

State 41 <SV = 40> <Delay = 2.32>
ST_41 : Operation 140 [2/13] (2.32ns)   --->   "%add6 = dadd i64 %add5, i64 %mul4" [ExtendedKalmanFilter.cpp:136]   --->   Operation 140 'dadd' 'add6' <Predicate = true> <Delay = 2.32> <CoreInst = "DAddSub_fulldsp">   --->   Core 37 'DAddSub_fulldsp' <Latency = 12> <II = 1> <Delay = 2.32> <FuncUnit> <Opcode : 'dadd' 'dsub'> <InPorts = 2> <OutPorts = 1>

State 42 <SV = 41> <Delay = 2.32>
ST_42 : Operation 141 [1/1] (0.00ns)   --->   "%specpipeline_ln135 = specpipeline void @_ssdm_op_SpecPipeline, i32 4294967295, i32 0, i32 0, i32 0, void @empty_8" [ExtendedKalmanFilter.cpp:135]   --->   Operation 141 'specpipeline' 'specpipeline_ln135' <Predicate = true> <Delay = 0.00>
ST_42 : Operation 142 [1/1] (0.00ns)   --->   "%speclooptripcount_ln135 = speclooptripcount void @_ssdm_op_SpecLoopTripCount, i64 4, i64 4, i64 4" [ExtendedKalmanFilter.cpp:135]   --->   Operation 142 'speclooptripcount' 'speclooptripcount_ln135' <Predicate = true> <Delay = 0.00>
ST_42 : Operation 143 [1/1] (0.00ns)   --->   "%specloopname_ln135 = specloopname void @_ssdm_op_SpecLoopName, void @empty" [ExtendedKalmanFilter.cpp:135]   --->   Operation 143 'specloopname' 'specloopname_ln135' <Predicate = true> <Delay = 0.00>
ST_42 : Operation 144 [1/13] (2.32ns)   --->   "%add6 = dadd i64 %add5, i64 %mul4" [ExtendedKalmanFilter.cpp:136]   --->   Operation 144 'dadd' 'add6' <Predicate = true> <Delay = 2.32> <CoreInst = "DAddSub_fulldsp">   --->   Core 37 'DAddSub_fulldsp' <Latency = 12> <II = 1> <Delay = 2.32> <FuncUnit> <Opcode : 'dadd' 'dsub'> <InPorts = 2> <OutPorts = 1>

State 43 <SV = 42> <Delay = 0.83>
ST_43 : Operation 145 [1/1] (0.00ns)   --->   "%store_ln136 = store i64 %add6, i64 %x_2" [ExtendedKalmanFilter.cpp:136]   --->   Operation 145 'store' 'store_ln136' <Predicate = (trunc_ln135 == 2)> <Delay = 0.00>
ST_43 : Operation 146 [1/1] (0.83ns)   --->   "%store_ln136 = store i64 %add6, i64 %empty_26" [ExtendedKalmanFilter.cpp:136]   --->   Operation 146 'store' 'store_ln136' <Predicate = (trunc_ln135 == 2)> <Delay = 0.83>
ST_43 : Operation 147 [1/1] (0.00ns)   --->   "%br_ln136 = br void %for.inc322.split125" [ExtendedKalmanFilter.cpp:136]   --->   Operation 147 'br' 'br_ln136' <Predicate = (trunc_ln135 == 2)> <Delay = 0.00>
ST_43 : Operation 148 [1/1] (0.00ns)   --->   "%store_ln136 = store i64 %add6, i64 %x_1" [ExtendedKalmanFilter.cpp:136]   --->   Operation 148 'store' 'store_ln136' <Predicate = (trunc_ln135 == 1)> <Delay = 0.00>
ST_43 : Operation 149 [1/1] (0.83ns)   --->   "%store_ln136 = store i64 %add6, i64 %empty_25" [ExtendedKalmanFilter.cpp:136]   --->   Operation 149 'store' 'store_ln136' <Predicate = (trunc_ln135 == 1)> <Delay = 0.83>
ST_43 : Operation 150 [1/1] (0.00ns)   --->   "%br_ln136 = br void %for.inc322.split125" [ExtendedKalmanFilter.cpp:136]   --->   Operation 150 'br' 'br_ln136' <Predicate = (trunc_ln135 == 1)> <Delay = 0.00>
ST_43 : Operation 151 [1/1] (0.00ns)   --->   "%store_ln136 = store i64 %add6, i64 %x_0" [ExtendedKalmanFilter.cpp:136]   --->   Operation 151 'store' 'store_ln136' <Predicate = (trunc_ln135 == 0)> <Delay = 0.00>
ST_43 : Operation 152 [1/1] (0.83ns)   --->   "%store_ln136 = store i64 %add6, i64 %empty" [ExtendedKalmanFilter.cpp:136]   --->   Operation 152 'store' 'store_ln136' <Predicate = (trunc_ln135 == 0)> <Delay = 0.83>
ST_43 : Operation 153 [1/1] (0.00ns)   --->   "%br_ln136 = br void %for.inc322.split125" [ExtendedKalmanFilter.cpp:136]   --->   Operation 153 'br' 'br_ln136' <Predicate = (trunc_ln135 == 0)> <Delay = 0.00>
ST_43 : Operation 154 [1/1] (0.00ns)   --->   "%store_ln136 = store i64 %add6, i64 %x_3" [ExtendedKalmanFilter.cpp:136]   --->   Operation 154 'store' 'store_ln136' <Predicate = (trunc_ln135 == 3)> <Delay = 0.00>
ST_43 : Operation 155 [1/1] (0.83ns)   --->   "%store_ln136 = store i64 %add6, i64 %empty_27" [ExtendedKalmanFilter.cpp:136]   --->   Operation 155 'store' 'store_ln136' <Predicate = (trunc_ln135 == 3)> <Delay = 0.83>
ST_43 : Operation 156 [1/1] (0.00ns)   --->   "%br_ln136 = br void %for.inc322.split125" [ExtendedKalmanFilter.cpp:136]   --->   Operation 156 'br' 'br_ln136' <Predicate = (trunc_ln135 == 3)> <Delay = 0.00>


============================================================
+ Verbose Summary: Binding
============================================================
STG Binding: 
---------------- STG Properties BEGIN ----------------
- Is combinational: 0
- Is one-state seq: 0
- Is datapath-only: 0
- Is pipelined: 0
- Is top level: 0
Port [ Return ] is wired: 1; IO mode=ap_ctrl_hs:ce=0
Port [ add4_i]:  wired=1; compound=0; hidden=0; nouse=0; global=0; static=0; extern=0; dir=0; type=0; pingpong=0; private_global=0; IO mode=ap_none:ce=0
Port [ add2_i]:  wired=1; compound=0; hidden=0; nouse=0; global=0; static=0; extern=0; dir=0; type=0; pingpong=0; private_global=0; IO mode=ap_none:ce=0
Port [ z_pred_1]:  wired=1; compound=0; hidden=0; nouse=0; global=0; static=0; extern=0; dir=0; type=0; pingpong=0; private_global=0; IO mode=ap_none:ce=0
Port [ z_pred]:  wired=1; compound=0; hidden=0; nouse=0; global=0; static=0; extern=0; dir=0; type=0; pingpong=0; private_global=0; IO mode=ap_none:ce=0
Port [ mux_case_0243446_reload]:  wired=1; compound=0; hidden=0; nouse=0; global=0; static=0; extern=0; dir=0; type=0; pingpong=0; private_global=0; IO mode=ap_none:ce=0
Port [ mux_case_1245449_reload]:  wired=1; compound=0; hidden=0; nouse=0; global=0; static=0; extern=0; dir=0; type=0; pingpong=0; private_global=0; IO mode=ap_none:ce=0
Port [ mux_case_2247452_reload]:  wired=1; compound=0; hidden=0; nouse=0; global=0; static=0; extern=0; dir=0; type=0; pingpong=0; private_global=0; IO mode=ap_none:ce=0
Port [ mux_case_3249455_reload]:  wired=1; compound=0; hidden=0; nouse=0; global=0; static=0; extern=0; dir=0; type=0; pingpong=0; private_global=0; IO mode=ap_none:ce=0
Port [ y]:  wired=1; compound=0; hidden=0; nouse=0; global=0; static=0; extern=0; dir=0; type=0; pingpong=0; private_global=0; IO mode=ap_none:ce=0
Port [ mux_case_0251458_reload]:  wired=1; compound=0; hidden=0; nouse=0; global=0; static=0; extern=0; dir=0; type=0; pingpong=0; private_global=0; IO mode=ap_none:ce=0
Port [ mux_case_1253461_reload]:  wired=1; compound=0; hidden=0; nouse=0; global=0; static=0; extern=0; dir=0; type=0; pingpong=0; private_global=0; IO mode=ap_none:ce=0
Port [ mux_case_2255464_reload]:  wired=1; compound=0; hidden=0; nouse=0; global=0; static=0; extern=0; dir=0; type=0; pingpong=0; private_global=0; IO mode=ap_none:ce=0
Port [ mux_case_3257467_reload]:  wired=1; compound=0; hidden=0; nouse=0; global=0; static=0; extern=0; dir=0; type=0; pingpong=0; private_global=0; IO mode=ap_none:ce=0
Port [ y_1]:  wired=1; compound=0; hidden=0; nouse=0; global=0; static=0; extern=0; dir=0; type=0; pingpong=0; private_global=0; IO mode=ap_none:ce=0
Port [ x_0]:  wired=1; compound=0; hidden=0; nouse=0; global=1; static=1; extern=0; dir=1; type=0; pingpong=0; private_global=0; IO mode=ap_vld:ce=0
Port [ x_1]:  wired=1; compound=0; hidden=0; nouse=0; global=1; static=1; extern=0; dir=1; type=0; pingpong=0; private_global=0; IO mode=ap_vld:ce=0
Port [ x_2]:  wired=1; compound=0; hidden=0; nouse=0; global=1; static=1; extern=0; dir=1; type=0; pingpong=0; private_global=0; IO mode=ap_vld:ce=0
Port [ x_3]:  wired=1; compound=0; hidden=0; nouse=0; global=1; static=1; extern=0; dir=1; type=0; pingpong=0; private_global=0; IO mode=ap_vld:ce=0
---------------- STG Properties END ------------------

---------------- Datapath Model BEGIN ----------------

<LifeTime>
<method=bitvector/>
i                            (alloca           ) [ 01000000000000000000000000000000000000000000]
empty                        (alloca           ) [ 01111111111111111111111111111111111111111111]
empty_25                     (alloca           ) [ 01111111111111111111111111111111111111111111]
empty_26                     (alloca           ) [ 01111111111111111111111111111111111111111111]
empty_27                     (alloca           ) [ 01111111111111111111111111111111111111111111]
y_1_read                     (read             ) [ 00111111111111111100000000000000000000000000]
mux_case_3257467_reload_read (read             ) [ 00000000000000000000000000000000000000000000]
mux_case_2255464_reload_read (read             ) [ 00000000000000000000000000000000000000000000]
mux_case_1253461_reload_read (read             ) [ 00000000000000000000000000000000000000000000]
mux_case_0251458_reload_read (read             ) [ 00000000000000000000000000000000000000000000]
y_read                       (read             ) [ 00111111111111111000000000000000000000000000]
mux_case_3249455_reload_read (read             ) [ 00000000000000000000000000000000000000000000]
mux_case_2247452_reload_read (read             ) [ 00000000000000000000000000000000000000000000]
mux_case_1245449_reload_read (read             ) [ 00000000000000000000000000000000000000000000]
mux_case_0243446_reload_read (read             ) [ 00000000000000000000000000000000000000000000]
z_pred_read                  (read             ) [ 00000000000000000000000000000000000000000000]
z_pred_1_read                (read             ) [ 00000000000000000000000000000000000000000000]
add2_i_read                  (read             ) [ 00000000000000000000000000000000000000000000]
add4_i_read                  (read             ) [ 00000000000000000000000000000000000000000000]
store_ln0                    (store            ) [ 00000000000000000000000000000000000000000000]
store_ln0                    (store            ) [ 00000000000000000000000000000000000000000000]
store_ln0                    (store            ) [ 00000000000000000000000000000000000000000000]
store_ln0                    (store            ) [ 00000000000000000000000000000000000000000000]
store_ln135                  (store            ) [ 00000000000000000000000000000000000000000000]
br_ln0                       (br               ) [ 00000000000000000000000000000000000000000000]
i_1                          (load             ) [ 00000000000000000000000000000000000000000000]
icmp_ln135                   (icmp             ) [ 01111111111111111111111111110000000000000000]
add_ln135                    (add              ) [ 00000000000000000000000000000000000000000000]
br_ln135                     (br               ) [ 00000000000000000000000000000000000000000000]
trunc_ln135                  (trunc            ) [ 01111111111111111111111111111111111111111111]
tmp_23                       (sparsemux        ) [ 00111111111111111000000000000000000000000000]
tmp_24                       (sparsemux        ) [ 00111111111111111100000000000000000000000000]
switch_ln136                 (switch           ) [ 00000000000000000000000000000000000000000000]
store_ln135                  (store            ) [ 00000000000000000000000000000000000000000000]
br_ln135                     (br               ) [ 00000000000000000000000000000000000000000000]
p_load18                     (load             ) [ 00000000000000000000000000000000000000000000]
p_load17                     (load             ) [ 00000000000000000000000000000000000000000000]
p_load16                     (load             ) [ 00000000000000000000000000000000000000000000]
p_load                       (load             ) [ 00000000000000000000000000000000000000000000]
tmp_s                        (mux              ) [ 01100000000000000111111111111100000000000000]
mul3                         (dmul             ) [ 01100000000000000111111111111100000000000000]
mul4                         (dmul             ) [ 01111111111111110011111111111111111111111110]
add5                         (dadd             ) [ 00011111111111110000000000000011111111111110]
specpipeline_ln135           (specpipeline     ) [ 00000000000000000000000000000000000000000000]
speclooptripcount_ln135      (speclooptripcount) [ 00000000000000000000000000000000000000000000]
specloopname_ln135           (specloopname     ) [ 00000000000000000000000000000000000000000000]
add6                         (dadd             ) [ 00000000000000001000000000000000000000000001]
store_ln136                  (store            ) [ 00000000000000000000000000000000000000000000]
store_ln136                  (store            ) [ 00000000000000000000000000000000000000000000]
br_ln136                     (br               ) [ 00000000000000000000000000000000000000000000]
store_ln136                  (store            ) [ 00000000000000000000000000000000000000000000]
store_ln136                  (store            ) [ 00000000000000000000000000000000000000000000]
br_ln136                     (br               ) [ 00000000000000000000000000000000000000000000]
store_ln136                  (store            ) [ 00000000000000000000000000000000000000000000]
store_ln136                  (store            ) [ 00000000000000000000000000000000000000000000]
br_ln136                     (br               ) [ 00000000000000000000000000000000000000000000]
store_ln136                  (store            ) [ 00000000000000000000000000000000000000000000]
store_ln136                  (store            ) [ 00000000000000000000000000000000000000000000]
br_ln136                     (br               ) [ 00000000000000000000000000000000000000000000]
ret_ln0                      (ret              ) [ 00000000000000000000000000000000000000000000]
</LifeTime>

<model>

<comp_list>
<comp id="0" class="1000" name="add4_i">
<pin_list>
<pin id="1" dir="1" index="0" bw="1" slack="0"/>
</pin_list>
<bind>
<StgValue><ssdm name="add4_i"/></StgValue>
</bind>
</comp>

<comp id="2" class="1000" name="add2_i">
<pin_list>
<pin id="3" dir="1" index="0" bw="1" slack="0"/>
</pin_list>
<bind>
<StgValue><ssdm name="add2_i"/></StgValue>
</bind>
</comp>

<comp id="4" class="1000" name="z_pred_1">
<pin_list>
<pin id="5" dir="1" index="0" bw="1" slack="0"/>
</pin_list>
<bind>
<StgValue><ssdm name="z_pred_1"/></StgValue>
</bind>
</comp>

<comp id="6" class="1000" name="z_pred">
<pin_list>
<pin id="7" dir="1" index="0" bw="1" slack="0"/>
</pin_list>
<bind>
<StgValue><ssdm name="z_pred"/></StgValue>
</bind>
</comp>

<comp id="8" class="1000" name="mux_case_0243446_reload">
<pin_list>
<pin id="9" dir="1" index="0" bw="1" slack="0"/>
</pin_list>
<bind>
<StgValue><ssdm name="mux_case_0243446_reload"/></StgValue>
</bind>
</comp>

<comp id="10" class="1000" name="mux_case_1245449_reload">
<pin_list>
<pin id="11" dir="1" index="0" bw="1" slack="0"/>
</pin_list>
<bind>
<StgValue><ssdm name="mux_case_1245449_reload"/></StgValue>
</bind>
</comp>

<comp id="12" class="1000" name="mux_case_2247452_reload">
<pin_list>
<pin id="13" dir="1" index="0" bw="1" slack="0"/>
</pin_list>
<bind>
<StgValue><ssdm name="mux_case_2247452_reload"/></StgValue>
</bind>
</comp>

<comp id="14" class="1000" name="mux_case_3249455_reload">
<pin_list>
<pin id="15" dir="1" index="0" bw="1" slack="0"/>
</pin_list>
<bind>
<StgValue><ssdm name="mux_case_3249455_reload"/></StgValue>
</bind>
</comp>

<comp id="16" class="1000" name="y">
<pin_list>
<pin id="17" dir="1" index="0" bw="1" slack="0"/>
</pin_list>
<bind>
<StgValue><ssdm name="y"/></StgValue>
</bind>
</comp>

<comp id="18" class="1000" name="mux_case_0251458_reload">
<pin_list>
<pin id="19" dir="1" index="0" bw="1" slack="0"/>
</pin_list>
<bind>
<StgValue><ssdm name="mux_case_0251458_reload"/></StgValue>
</bind>
</comp>

<comp id="20" class="1000" name="mux_case_1253461_reload">
<pin_list>
<pin id="21" dir="1" index="0" bw="1" slack="0"/>
</pin_list>
<bind>
<StgValue><ssdm name="mux_case_1253461_reload"/></StgValue>
</bind>
</comp>

<comp id="22" class="1000" name="mux_case_2255464_reload">
<pin_list>
<pin id="23" dir="1" index="0" bw="1" slack="0"/>
</pin_list>
<bind>
<StgValue><ssdm name="mux_case_2255464_reload"/></StgValue>
</bind>
</comp>

<comp id="24" class="1000" name="mux_case_3257467_reload">
<pin_list>
<pin id="25" dir="1" index="0" bw="1" slack="0"/>
</pin_list>
<bind>
<StgValue><ssdm name="mux_case_3257467_reload"/></StgValue>
</bind>
</comp>

<comp id="26" class="1000" name="y_1">
<pin_list>
<pin id="27" dir="1" index="0" bw="1" slack="0"/>
</pin_list>
<bind>
<StgValue><ssdm name="y_1"/></StgValue>
</bind>
</comp>

<comp id="28" class="1000" name="x_0">
<pin_list>
<pin id="29" dir="1" index="0" bw="1" slack="0"/>
</pin_list>
<bind>
<StgValue><ssdm name="x_0"/></StgValue>
</bind>
</comp>

<comp id="30" class="1000" name="x_1">
<pin_list>
<pin id="31" dir="1" index="0" bw="1" slack="0"/>
</pin_list>
<bind>
<StgValue><ssdm name="x_1"/></StgValue>
</bind>
</comp>

<comp id="32" class="1000" name="x_2">
<pin_list>
<pin id="33" dir="1" index="0" bw="1" slack="0"/>
</pin_list>
<bind>
<StgValue><ssdm name="x_2"/></StgValue>
</bind>
</comp>

<comp id="34" class="1000" name="x_3">
<pin_list>
<pin id="35" dir="1" index="0" bw="1" slack="0"/>
</pin_list>
<bind>
<StgValue><ssdm name="x_3"/></StgValue>
</bind>
</comp>

<comp id="36" class="1001" name="const_36">
<pin_list>
<pin id="37" dir="1" index="0" bw="1" slack="0"/>
</pin_list>
<bind>
<StgValue><ssdm name=""/></StgValue>
</bind>
</comp>

<comp id="38" class="1001" name="const_38">
<pin_list>
<pin id="39" dir="1" index="0" bw="1" slack="0"/>
</pin_list>
<bind>
<StgValue><ssdm name="_ssdm_op_Read.ap_auto.double"/></StgValue>
</bind>
</comp>

<comp id="40" class="1001" name="const_40">
<pin_list>
<pin id="41" dir="1" index="0" bw="1" slack="0"/>
</pin_list>
<bind>
<StgValue><ssdm name=""/></StgValue>
</bind>
</comp>

<comp id="42" class="1001" name="const_42">
<pin_list>
<pin id="43" dir="1" index="0" bw="1" slack="0"/>
</pin_list>
<bind>
<StgValue><ssdm name=""/></StgValue>
</bind>
</comp>

<comp id="44" class="1001" name="const_44">
<pin_list>
<pin id="45" dir="1" index="0" bw="1" slack="0"/>
</pin_list>
<bind>
<StgValue><ssdm name=""/></StgValue>
</bind>
</comp>

<comp id="46" class="1001" name="const_46">
<pin_list>
<pin id="47" dir="1" index="0" bw="1" slack="0"/>
</pin_list>
<bind>
<StgValue><ssdm name="_ssdm_op_SparseMux.ap_auto.4f64.f64.i2"/></StgValue>
</bind>
</comp>

<comp id="48" class="1001" name="const_48">
<pin_list>
<pin id="49" dir="1" index="0" bw="1" slack="0"/>
</pin_list>
<bind>
<StgValue><ssdm name=""/></StgValue>
</bind>
</comp>

<comp id="50" class="1001" name="const_50">
<pin_list>
<pin id="51" dir="1" index="0" bw="1" slack="0"/>
</pin_list>
<bind>
<StgValue><ssdm name=""/></StgValue>
</bind>
</comp>

<comp id="52" class="1001" name="const_52">
<pin_list>
<pin id="53" dir="1" index="0" bw="1" slack="0"/>
</pin_list>
<bind>
<StgValue><ssdm name=""/></StgValue>
</bind>
</comp>

<comp id="54" class="1001" name="const_54">
<pin_list>
<pin id="55" dir="1" index="0" bw="1" slack="0"/>
</pin_list>
<bind>
<StgValue><ssdm name=""/></StgValue>
</bind>
</comp>

<comp id="56" class="1001" name="const_56">
<pin_list>
<pin id="57" dir="1" index="0" bw="1" slack="0"/>
</pin_list>
<bind>
<StgValue><ssdm name=""/></StgValue>
</bind>
</comp>

<comp id="58" class="1001" name="const_58">
<pin_list>
<pin id="59" dir="1" index="0" bw="1" slack="0"/>
</pin_list>
<bind>
<StgValue><ssdm name="_ssdm_op_Mux.ap_auto.4double.i2"/></StgValue>
</bind>
</comp>

<comp id="60" class="1001" name="const_60">
<pin_list>
<pin id="61" dir="1" index="0" bw="1" slack="2147483647"/>
</pin_list>
<bind>
<StgValue><ssdm name="_ssdm_op_SpecPipeline"/></StgValue>
</bind>
</comp>

<comp id="62" class="1001" name="const_62">
<pin_list>
<pin id="63" dir="1" index="0" bw="1" slack="2147483647"/>
</pin_list>
<bind>
<StgValue><ssdm name=""/></StgValue>
</bind>
</comp>

<comp id="64" class="1001" name="const_64">
<pin_list>
<pin id="65" dir="1" index="0" bw="1" slack="2147483647"/>
</pin_list>
<bind>
<StgValue><ssdm name=""/></StgValue>
</bind>
</comp>

<comp id="66" class="1001" name="const_66">
<pin_list>
<pin id="67" dir="1" index="0" bw="1" slack="2147483647"/>
</pin_list>
<bind>
<StgValue><ssdm name="empty_8"/></StgValue>
</bind>
</comp>

<comp id="68" class="1001" name="const_68">
<pin_list>
<pin id="69" dir="1" index="0" bw="1" slack="2147483647"/>
</pin_list>
<bind>
<StgValue><ssdm name="_ssdm_op_SpecLoopTripCount"/></StgValue>
</bind>
</comp>

<comp id="70" class="1001" name="const_70">
<pin_list>
<pin id="71" dir="1" index="0" bw="1" slack="2147483647"/>
</pin_list>
<bind>
<StgValue><ssdm name=""/></StgValue>
</bind>
</comp>

<comp id="72" class="1001" name="const_72">
<pin_list>
<pin id="73" dir="1" index="0" bw="1" slack="2147483647"/>
</pin_list>
<bind>
<StgValue><ssdm name="_ssdm_op_SpecLoopName"/></StgValue>
</bind>
</comp>

<comp id="74" class="1001" name="const_74">
<pin_list>
<pin id="75" dir="1" index="0" bw="1" slack="2147483647"/>
</pin_list>
<bind>
<StgValue><ssdm name="empty"/></StgValue>
</bind>
</comp>

<comp id="76" class="1004" name="i_fu_76">
<pin_list>
<pin id="77" dir="0" index="0" bw="1" slack="0"/>
<pin id="78" dir="1" index="1" bw="3" slack="0"/>
</pin_list>
<bind>
<opcode="alloca(26) " fcode="alloca"/>
<opset="i/1 "/>
</bind>
</comp>

<comp id="80" class="1004" name="empty_fu_80">
<pin_list>
<pin id="81" dir="0" index="0" bw="1" slack="0"/>
<pin id="82" dir="1" index="1" bw="64" slack="0"/>
</pin_list>
<bind>
<opcode="alloca(26) " fcode="alloca"/>
<opset="empty/1 "/>
</bind>
</comp>

<comp id="84" class="1004" name="empty_25_fu_84">
<pin_list>
<pin id="85" dir="0" index="0" bw="1" slack="0"/>
<pin id="86" dir="1" index="1" bw="64" slack="0"/>
</pin_list>
<bind>
<opcode="alloca(26) " fcode="alloca"/>
<opset="empty_25/1 "/>
</bind>
</comp>

<comp id="88" class="1004" name="empty_26_fu_88">
<pin_list>
<pin id="89" dir="0" index="0" bw="1" slack="0"/>
<pin id="90" dir="1" index="1" bw="64" slack="0"/>
</pin_list>
<bind>
<opcode="alloca(26) " fcode="alloca"/>
<opset="empty_26/1 "/>
</bind>
</comp>

<comp id="92" class="1004" name="empty_27_fu_92">
<pin_list>
<pin id="93" dir="0" index="0" bw="1" slack="0"/>
<pin id="94" dir="1" index="1" bw="64" slack="0"/>
</pin_list>
<bind>
<opcode="alloca(26) " fcode="alloca"/>
<opset="empty_27/1 "/>
</bind>
</comp>

<comp id="96" class="1004" name="y_1_read_read_fu_96">
<pin_list>
<pin id="97" dir="0" index="0" bw="64" slack="0"/>
<pin id="98" dir="0" index="1" bw="64" slack="0"/>
<pin id="99" dir="1" index="2" bw="64" slack="2"/>
</pin_list>
<bind>
<opcode="read(1150) " fcode="read"/>
<opset="y_1_read/1 "/>
</bind>
</comp>

<comp id="102" class="1004" name="mux_case_3257467_reload_read_read_fu_102">
<pin_list>
<pin id="103" dir="0" index="0" bw="64" slack="0"/>
<pin id="104" dir="0" index="1" bw="64" slack="0"/>
<pin id="105" dir="1" index="2" bw="64" slack="0"/>
</pin_list>
<bind>
<opcode="read(1150) " fcode="read"/>
<opset="mux_case_3257467_reload_read/1 "/>
</bind>
</comp>

<comp id="108" class="1004" name="mux_case_2255464_reload_read_read_fu_108">
<pin_list>
<pin id="109" dir="0" index="0" bw="64" slack="0"/>
<pin id="110" dir="0" index="1" bw="64" slack="0"/>
<pin id="111" dir="1" index="2" bw="64" slack="0"/>
</pin_list>
<bind>
<opcode="read(1150) " fcode="read"/>
<opset="mux_case_2255464_reload_read/1 "/>
</bind>
</comp>

<comp id="114" class="1004" name="mux_case_1253461_reload_read_read_fu_114">
<pin_list>
<pin id="115" dir="0" index="0" bw="64" slack="0"/>
<pin id="116" dir="0" index="1" bw="64" slack="0"/>
<pin id="117" dir="1" index="2" bw="64" slack="0"/>
</pin_list>
<bind>
<opcode="read(1150) " fcode="read"/>
<opset="mux_case_1253461_reload_read/1 "/>
</bind>
</comp>

<comp id="120" class="1004" name="mux_case_0251458_reload_read_read_fu_120">
<pin_list>
<pin id="121" dir="0" index="0" bw="64" slack="0"/>
<pin id="122" dir="0" index="1" bw="64" slack="0"/>
<pin id="123" dir="1" index="2" bw="64" slack="0"/>
</pin_list>
<bind>
<opcode="read(1150) " fcode="read"/>
<opset="mux_case_0251458_reload_read/1 "/>
</bind>
</comp>

<comp id="126" class="1004" name="y_read_read_fu_126">
<pin_list>
<pin id="127" dir="0" index="0" bw="64" slack="0"/>
<pin id="128" dir="0" index="1" bw="64" slack="0"/>
<pin id="129" dir="1" index="2" bw="64" slack="1"/>
</pin_list>
<bind>
<opcode="read(1150) " fcode="read"/>
<opset="y_read/1 "/>
</bind>
</comp>

<comp id="132" class="1004" name="mux_case_3249455_reload_read_read_fu_132">
<pin_list>
<pin id="133" dir="0" index="0" bw="64" slack="0"/>
<pin id="134" dir="0" index="1" bw="64" slack="0"/>
<pin id="135" dir="1" index="2" bw="64" slack="0"/>
</pin_list>
<bind>
<opcode="read(1150) " fcode="read"/>
<opset="mux_case_3249455_reload_read/1 "/>
</bind>
</comp>

<comp id="138" class="1004" name="mux_case_2247452_reload_read_read_fu_138">
<pin_list>
<pin id="139" dir="0" index="0" bw="64" slack="0"/>
<pin id="140" dir="0" index="1" bw="64" slack="0"/>
<pin id="141" dir="1" index="2" bw="64" slack="0"/>
</pin_list>
<bind>
<opcode="read(1150) " fcode="read"/>
<opset="mux_case_2247452_reload_read/1 "/>
</bind>
</comp>

<comp id="144" class="1004" name="mux_case_1245449_reload_read_read_fu_144">
<pin_list>
<pin id="145" dir="0" index="0" bw="64" slack="0"/>
<pin id="146" dir="0" index="1" bw="64" slack="0"/>
<pin id="147" dir="1" index="2" bw="64" slack="0"/>
</pin_list>
<bind>
<opcode="read(1150) " fcode="read"/>
<opset="mux_case_1245449_reload_read/1 "/>
</bind>
</comp>

<comp id="150" class="1004" name="mux_case_0243446_reload_read_read_fu_150">
<pin_list>
<pin id="151" dir="0" index="0" bw="64" slack="0"/>
<pin id="152" dir="0" index="1" bw="64" slack="0"/>
<pin id="153" dir="1" index="2" bw="64" slack="0"/>
</pin_list>
<bind>
<opcode="read(1150) " fcode="read"/>
<opset="mux_case_0243446_reload_read/1 "/>
</bind>
</comp>

<comp id="156" class="1004" name="z_pred_read_read_fu_156">
<pin_list>
<pin id="157" dir="0" index="0" bw="64" slack="0"/>
<pin id="158" dir="0" index="1" bw="64" slack="0"/>
<pin id="159" dir="1" index="2" bw="64" slack="0"/>
</pin_list>
<bind>
<opcode="read(1150) " fcode="read"/>
<opset="z_pred_read/1 "/>
</bind>
</comp>

<comp id="162" class="1004" name="z_pred_1_read_read_fu_162">
<pin_list>
<pin id="163" dir="0" index="0" bw="64" slack="0"/>
<pin id="164" dir="0" index="1" bw="64" slack="0"/>
<pin id="165" dir="1" index="2" bw="64" slack="0"/>
</pin_list>
<bind>
<opcode="read(1150) " fcode="read"/>
<opset="z_pred_1_read/1 "/>
</bind>
</comp>

<comp id="168" class="1004" name="add2_i_read_read_fu_168">
<pin_list>
<pin id="169" dir="0" index="0" bw="64" slack="0"/>
<pin id="170" dir="0" index="1" bw="64" slack="0"/>
<pin id="171" dir="1" index="2" bw="64" slack="0"/>
</pin_list>
<bind>
<opcode="read(1150) " fcode="read"/>
<opset="add2_i_read/1 "/>
</bind>
</comp>

<comp id="174" class="1004" name="add4_i_read_read_fu_174">
<pin_list>
<pin id="175" dir="0" index="0" bw="64" slack="0"/>
<pin id="176" dir="0" index="1" bw="64" slack="0"/>
<pin id="177" dir="1" index="2" bw="64" slack="0"/>
</pin_list>
<bind>
<opcode="read(1150) " fcode="read"/>
<opset="add4_i_read/1 "/>
</bind>
</comp>

<comp id="180" class="1004" name="grp_fu_180">
<pin_list>
<pin id="181" dir="0" index="0" bw="64" slack="1"/>
<pin id="182" dir="0" index="1" bw="64" slack="1"/>
<pin id="183" dir="1" index="2" bw="64" slack="1"/>
</pin_list>
<bind>
<opcode="dadd(508) " fcode="dadd"/>
<opset="add5/17 add6/30 "/>
</bind>
</comp>

<comp id="184" class="1004" name="grp_fu_184">
<pin_list>
<pin id="185" dir="0" index="0" bw="64" slack="1"/>
<pin id="186" dir="0" index="1" bw="64" slack="1"/>
<pin id="187" dir="1" index="2" bw="64" slack="1"/>
</pin_list>
<bind>
<opcode="dmul(510) " fcode="dmul"/>
<opset="mul3/2 mul4/3 "/>
</bind>
</comp>

<comp id="188" class="1005" name="reg_188">
<pin_list>
<pin id="189" dir="0" index="0" bw="64" slack="1"/>
<pin id="190" dir="1" index="1" bw="64" slack="1"/>
</pin_list>
<bind>
<opset="add5 add6 "/>
</bind>
</comp>

<comp id="193" class="1004" name="store_ln0_store_fu_193">
<pin_list>
<pin id="194" dir="0" index="0" bw="64" slack="0"/>
<pin id="195" dir="0" index="1" bw="64" slack="0"/>
<pin id="196" dir="1" index="2" bw="0" slack="2147483647"/>
</pin_list>
<bind>
<opcode="store(28) " fcode="store"/>
<opset="store_ln0/1 "/>
</bind>
</comp>

<comp id="198" class="1004" name="store_ln0_store_fu_198">
<pin_list>
<pin id="199" dir="0" index="0" bw="64" slack="0"/>
<pin id="200" dir="0" index="1" bw="64" slack="0"/>
<pin id="201" dir="1" index="2" bw="0" slack="2147483647"/>
</pin_list>
<bind>
<opcode="store(28) " fcode="store"/>
<opset="store_ln0/1 "/>
</bind>
</comp>

<comp id="203" class="1004" name="store_ln0_store_fu_203">
<pin_list>
<pin id="204" dir="0" index="0" bw="64" slack="0"/>
<pin id="205" dir="0" index="1" bw="64" slack="0"/>
<pin id="206" dir="1" index="2" bw="0" slack="2147483647"/>
</pin_list>
<bind>
<opcode="store(28) " fcode="store"/>
<opset="store_ln0/1 "/>
</bind>
</comp>

<comp id="208" class="1004" name="store_ln0_store_fu_208">
<pin_list>
<pin id="209" dir="0" index="0" bw="64" slack="0"/>
<pin id="210" dir="0" index="1" bw="64" slack="0"/>
<pin id="211" dir="1" index="2" bw="0" slack="2147483647"/>
</pin_list>
<bind>
<opcode="store(28) " fcode="store"/>
<opset="store_ln0/1 "/>
</bind>
</comp>

<comp id="213" class="1004" name="store_ln135_store_fu_213">
<pin_list>
<pin id="214" dir="0" index="0" bw="1" slack="0"/>
<pin id="215" dir="0" index="1" bw="3" slack="0"/>
<pin id="216" dir="1" index="2" bw="0" slack="2147483647"/>
</pin_list>
<bind>
<opcode="store(28) " fcode="store"/>
<opset="store_ln135/1 "/>
</bind>
</comp>

<comp id="218" class="1004" name="i_1_load_fu_218">
<pin_list>
<pin id="219" dir="0" index="0" bw="3" slack="0"/>
<pin id="220" dir="1" index="1" bw="3" slack="0"/>
</pin_list>
<bind>
<opcode="load(27) " fcode="load"/>
<opset="i_1/1 "/>
</bind>
</comp>

<comp id="221" class="1004" name="icmp_ln135_fu_221">
<pin_list>
<pin id="222" dir="0" index="0" bw="3" slack="0"/>
<pin id="223" dir="0" index="1" bw="3" slack="0"/>
<pin id="224" dir="1" index="2" bw="1" slack="1"/>
</pin_list>
<bind>
<opcode="icmp(45) " fcode="icmp"/>
<opset="icmp_ln135/1 "/>
</bind>
</comp>

<comp id="227" class="1004" name="add_ln135_fu_227">
<pin_list>
<pin id="228" dir="0" index="0" bw="3" slack="0"/>
<pin id="229" dir="0" index="1" bw="1" slack="0"/>
<pin id="230" dir="1" index="2" bw="3" slack="0"/>
</pin_list>
<bind>
<opcode="add(8) " fcode="add"/>
<opset="add_ln135/1 "/>
</bind>
</comp>

<comp id="233" class="1004" name="trunc_ln135_fu_233">
<pin_list>
<pin id="234" dir="0" index="0" bw="3" slack="0"/>
<pin id="235" dir="1" index="1" bw="2" slack="0"/>
</pin_list>
<bind>
<opcode="trunc(33) " fcode="trunc"/>
<opset="trunc_ln135/1 "/>
</bind>
</comp>

<comp id="237" class="1004" name="tmp_23_fu_237">
<pin_list>
<pin id="238" dir="0" index="0" bw="64" slack="0"/>
<pin id="239" dir="0" index="1" bw="1" slack="0"/>
<pin id="240" dir="0" index="2" bw="64" slack="0"/>
<pin id="241" dir="0" index="3" bw="1" slack="0"/>
<pin id="242" dir="0" index="4" bw="64" slack="0"/>
<pin id="243" dir="0" index="5" bw="2" slack="0"/>
<pin id="244" dir="0" index="6" bw="64" slack="0"/>
<pin id="245" dir="0" index="7" bw="1" slack="0"/>
<pin id="246" dir="0" index="8" bw="64" slack="0"/>
<pin id="247" dir="0" index="9" bw="64" slack="0"/>
<pin id="248" dir="0" index="10" bw="2" slack="0"/>
<pin id="249" dir="1" index="11" bw="64" slack="1"/>
</pin_list>
<bind>
<opcode="sparsemux(1197) " fcode="sparsemux"/>
<opset="tmp_23/1 "/>
</bind>
</comp>

<comp id="261" class="1004" name="tmp_24_fu_261">
<pin_list>
<pin id="262" dir="0" index="0" bw="64" slack="0"/>
<pin id="263" dir="0" index="1" bw="1" slack="0"/>
<pin id="264" dir="0" index="2" bw="64" slack="0"/>
<pin id="265" dir="0" index="3" bw="1" slack="0"/>
<pin id="266" dir="0" index="4" bw="64" slack="0"/>
<pin id="267" dir="0" index="5" bw="2" slack="0"/>
<pin id="268" dir="0" index="6" bw="64" slack="0"/>
<pin id="269" dir="0" index="7" bw="1" slack="0"/>
<pin id="270" dir="0" index="8" bw="64" slack="0"/>
<pin id="271" dir="0" index="9" bw="64" slack="0"/>
<pin id="272" dir="0" index="10" bw="2" slack="0"/>
<pin id="273" dir="1" index="11" bw="64" slack="2"/>
</pin_list>
<bind>
<opcode="sparsemux(1197) " fcode="sparsemux"/>
<opset="tmp_24/1 "/>
</bind>
</comp>

<comp id="285" class="1004" name="store_ln135_store_fu_285">
<pin_list>
<pin id="286" dir="0" index="0" bw="3" slack="0"/>
<pin id="287" dir="0" index="1" bw="3" slack="0"/>
<pin id="288" dir="1" index="2" bw="0" slack="2147483647"/>
</pin_list>
<bind>
<opcode="store(28) " fcode="store"/>
<opset="store_ln135/1 "/>
</bind>
</comp>

<comp id="290" class="1004" name="p_load18_load_fu_290">
<pin_list>
<pin id="291" dir="0" index="0" bw="64" slack="15"/>
<pin id="292" dir="1" index="1" bw="64" slack="0"/>
</pin_list>
<bind>
<opcode="load(27) " fcode="load"/>
<opset="p_load18/16 "/>
</bind>
</comp>

<comp id="293" class="1004" name="p_load17_load_fu_293">
<pin_list>
<pin id="294" dir="0" index="0" bw="64" slack="15"/>
<pin id="295" dir="1" index="1" bw="64" slack="0"/>
</pin_list>
<bind>
<opcode="load(27) " fcode="load"/>
<opset="p_load17/16 "/>
</bind>
</comp>

<comp id="296" class="1004" name="p_load16_load_fu_296">
<pin_list>
<pin id="297" dir="0" index="0" bw="64" slack="15"/>
<pin id="298" dir="1" index="1" bw="64" slack="0"/>
</pin_list>
<bind>
<opcode="load(27) " fcode="load"/>
<opset="p_load16/16 "/>
</bind>
</comp>

<comp id="299" class="1004" name="p_load_load_fu_299">
<pin_list>
<pin id="300" dir="0" index="0" bw="64" slack="15"/>
<pin id="301" dir="1" index="1" bw="64" slack="0"/>
</pin_list>
<bind>
<opcode="load(27) " fcode="load"/>
<opset="p_load/16 "/>
</bind>
</comp>

<comp id="302" class="1004" name="tmp_s_fu_302">
<pin_list>
<pin id="303" dir="0" index="0" bw="64" slack="0"/>
<pin id="304" dir="0" index="1" bw="64" slack="0"/>
<pin id="305" dir="0" index="2" bw="64" slack="0"/>
<pin id="306" dir="0" index="3" bw="64" slack="0"/>
<pin id="307" dir="0" index="4" bw="64" slack="0"/>
<pin id="308" dir="0" index="5" bw="2" slack="15"/>
<pin id="309" dir="1" index="6" bw="64" slack="1"/>
</pin_list>
<bind>
<opcode="mux(1196) " fcode="mux"/>
<opset="tmp_s/16 "/>
</bind>
</comp>

<comp id="315" class="1004" name="store_ln136_store_fu_315">
<pin_list>
<pin id="316" dir="0" index="0" bw="64" slack="1"/>
<pin id="317" dir="0" index="1" bw="64" slack="0"/>
<pin id="318" dir="1" index="2" bw="0" slack="2147483647"/>
</pin_list>
<bind>
<opcode="store(28) " fcode="store"/>
<opset="store_ln136/43 "/>
</bind>
</comp>

<comp id="321" class="1004" name="store_ln136_store_fu_321">
<pin_list>
<pin id="322" dir="0" index="0" bw="64" slack="1"/>
<pin id="323" dir="0" index="1" bw="64" slack="42"/>
<pin id="324" dir="1" index="2" bw="0" slack="2147483647"/>
</pin_list>
<bind>
<opcode="store(28) " fcode="store"/>
<opset="store_ln136/43 "/>
</bind>
</comp>

<comp id="326" class="1004" name="store_ln136_store_fu_326">
<pin_list>
<pin id="327" dir="0" index="0" bw="64" slack="1"/>
<pin id="328" dir="0" index="1" bw="64" slack="0"/>
<pin id="329" dir="1" index="2" bw="0" slack="2147483647"/>
</pin_list>
<bind>
<opcode="store(28) " fcode="store"/>
<opset="store_ln136/43 "/>
</bind>
</comp>

<comp id="332" class="1004" name="store_ln136_store_fu_332">
<pin_list>
<pin id="333" dir="0" index="0" bw="64" slack="1"/>
<pin id="334" dir="0" index="1" bw="64" slack="42"/>
<pin id="335" dir="1" index="2" bw="0" slack="2147483647"/>
</pin_list>
<bind>
<opcode="store(28) " fcode="store"/>
<opset="store_ln136/43 "/>
</bind>
</comp>

<comp id="337" class="1004" name="store_ln136_store_fu_337">
<pin_list>
<pin id="338" dir="0" index="0" bw="64" slack="1"/>
<pin id="339" dir="0" index="1" bw="64" slack="0"/>
<pin id="340" dir="1" index="2" bw="0" slack="2147483647"/>
</pin_list>
<bind>
<opcode="store(28) " fcode="store"/>
<opset="store_ln136/43 "/>
</bind>
</comp>

<comp id="343" class="1004" name="store_ln136_store_fu_343">
<pin_list>
<pin id="344" dir="0" index="0" bw="64" slack="1"/>
<pin id="345" dir="0" index="1" bw="64" slack="42"/>
<pin id="346" dir="1" index="2" bw="0" slack="2147483647"/>
</pin_list>
<bind>
<opcode="store(28) " fcode="store"/>
<opset="store_ln136/43 "/>
</bind>
</comp>

<comp id="348" class="1004" name="store_ln136_store_fu_348">
<pin_list>
<pin id="349" dir="0" index="0" bw="64" slack="1"/>
<pin id="350" dir="0" index="1" bw="64" slack="0"/>
<pin id="351" dir="1" index="2" bw="0" slack="2147483647"/>
</pin_list>
<bind>
<opcode="store(28) " fcode="store"/>
<opset="store_ln136/43 "/>
</bind>
</comp>

<comp id="354" class="1004" name="store_ln136_store_fu_354">
<pin_list>
<pin id="355" dir="0" index="0" bw="64" slack="1"/>
<pin id="356" dir="0" index="1" bw="64" slack="42"/>
<pin id="357" dir="1" index="2" bw="0" slack="2147483647"/>
</pin_list>
<bind>
<opcode="store(28) " fcode="store"/>
<opset="store_ln136/43 "/>
</bind>
</comp>

<comp id="359" class="1005" name="i_reg_359">
<pin_list>
<pin id="360" dir="0" index="0" bw="3" slack="0"/>
<pin id="361" dir="1" index="1" bw="3" slack="0"/>
</pin_list>
<bind>
<opset="i "/>
</bind>
</comp>

<comp id="366" class="1005" name="empty_reg_366">
<pin_list>
<pin id="367" dir="0" index="0" bw="64" slack="0"/>
<pin id="368" dir="1" index="1" bw="64" slack="0"/>
</pin_list>
<bind>
<opset="empty "/>
</bind>
</comp>

<comp id="373" class="1005" name="empty_25_reg_373">
<pin_list>
<pin id="374" dir="0" index="0" bw="64" slack="0"/>
<pin id="375" dir="1" index="1" bw="64" slack="0"/>
</pin_list>
<bind>
<opset="empty_25 "/>
</bind>
</comp>

<comp id="380" class="1005" name="empty_26_reg_380">
<pin_list>
<pin id="381" dir="0" index="0" bw="64" slack="0"/>
<pin id="382" dir="1" index="1" bw="64" slack="0"/>
</pin_list>
<bind>
<opset="empty_26 "/>
</bind>
</comp>

<comp id="387" class="1005" name="empty_27_reg_387">
<pin_list>
<pin id="388" dir="0" index="0" bw="64" slack="0"/>
<pin id="389" dir="1" index="1" bw="64" slack="0"/>
</pin_list>
<bind>
<opset="empty_27 "/>
</bind>
</comp>

<comp id="394" class="1005" name="y_1_read_reg_394">
<pin_list>
<pin id="395" dir="0" index="0" bw="64" slack="2"/>
<pin id="396" dir="1" index="1" bw="64" slack="2"/>
</pin_list>
<bind>
<opset="y_1_read "/>
</bind>
</comp>

<comp id="399" class="1005" name="y_read_reg_399">
<pin_list>
<pin id="400" dir="0" index="0" bw="64" slack="1"/>
<pin id="401" dir="1" index="1" bw="64" slack="1"/>
</pin_list>
<bind>
<opset="y_read "/>
</bind>
</comp>

<comp id="404" class="1005" name="icmp_ln135_reg_404">
<pin_list>
<pin id="405" dir="0" index="0" bw="1" slack="1"/>
<pin id="406" dir="1" index="1" bw="1" slack="2147483647"/>
</pin_list>
<bind>
<opset="icmp_ln135 "/>
</bind>
</comp>

<comp id="408" class="1005" name="trunc_ln135_reg_408">
<pin_list>
<pin id="409" dir="0" index="0" bw="2" slack="15"/>
<pin id="410" dir="1" index="1" bw="2" slack="15"/>
</pin_list>
<bind>
<opset="trunc_ln135 "/>
</bind>
</comp>

<comp id="413" class="1005" name="tmp_23_reg_413">
<pin_list>
<pin id="414" dir="0" index="0" bw="64" slack="1"/>
<pin id="415" dir="1" index="1" bw="64" slack="1"/>
</pin_list>
<bind>
<opset="tmp_23 "/>
</bind>
</comp>

<comp id="418" class="1005" name="tmp_24_reg_418">
<pin_list>
<pin id="419" dir="0" index="0" bw="64" slack="2"/>
<pin id="420" dir="1" index="1" bw="64" slack="2"/>
</pin_list>
<bind>
<opset="tmp_24 "/>
</bind>
</comp>

<comp id="423" class="1005" name="tmp_s_reg_423">
<pin_list>
<pin id="424" dir="0" index="0" bw="64" slack="1"/>
<pin id="425" dir="1" index="1" bw="64" slack="1"/>
</pin_list>
<bind>
<opset="tmp_s "/>
</bind>
</comp>

<comp id="428" class="1005" name="mul3_reg_428">
<pin_list>
<pin id="429" dir="0" index="0" bw="64" slack="1"/>
<pin id="430" dir="1" index="1" bw="64" slack="1"/>
</pin_list>
<bind>
<opset="mul3 "/>
</bind>
</comp>

<comp id="433" class="1005" name="mul4_reg_433">
<pin_list>
<pin id="434" dir="0" index="0" bw="64" slack="13"/>
<pin id="435" dir="1" index="1" bw="64" slack="13"/>
</pin_list>
<bind>
<opset="mul4 "/>
</bind>
</comp>

</comp_list>

<net_list>
<net id="79"><net_src comp="36" pin="0"/><net_sink comp="76" pin=0"/></net>

<net id="83"><net_src comp="36" pin="0"/><net_sink comp="80" pin=0"/></net>

<net id="87"><net_src comp="36" pin="0"/><net_sink comp="84" pin=0"/></net>

<net id="91"><net_src comp="36" pin="0"/><net_sink comp="88" pin=0"/></net>

<net id="95"><net_src comp="36" pin="0"/><net_sink comp="92" pin=0"/></net>

<net id="100"><net_src comp="38" pin="0"/><net_sink comp="96" pin=0"/></net>

<net id="101"><net_src comp="26" pin="0"/><net_sink comp="96" pin=1"/></net>

<net id="106"><net_src comp="38" pin="0"/><net_sink comp="102" pin=0"/></net>

<net id="107"><net_src comp="24" pin="0"/><net_sink comp="102" pin=1"/></net>

<net id="112"><net_src comp="38" pin="0"/><net_sink comp="108" pin=0"/></net>

<net id="113"><net_src comp="22" pin="0"/><net_sink comp="108" pin=1"/></net>

<net id="118"><net_src comp="38" pin="0"/><net_sink comp="114" pin=0"/></net>

<net id="119"><net_src comp="20" pin="0"/><net_sink comp="114" pin=1"/></net>

<net id="124"><net_src comp="38" pin="0"/><net_sink comp="120" pin=0"/></net>

<net id="125"><net_src comp="18" pin="0"/><net_sink comp="120" pin=1"/></net>

<net id="130"><net_src comp="38" pin="0"/><net_sink comp="126" pin=0"/></net>

<net id="131"><net_src comp="16" pin="0"/><net_sink comp="126" pin=1"/></net>

<net id="136"><net_src comp="38" pin="0"/><net_sink comp="132" pin=0"/></net>

<net id="137"><net_src comp="14" pin="0"/><net_sink comp="132" pin=1"/></net>

<net id="142"><net_src comp="38" pin="0"/><net_sink comp="138" pin=0"/></net>

<net id="143"><net_src comp="12" pin="0"/><net_sink comp="138" pin=1"/></net>

<net id="148"><net_src comp="38" pin="0"/><net_sink comp="144" pin=0"/></net>

<net id="149"><net_src comp="10" pin="0"/><net_sink comp="144" pin=1"/></net>

<net id="154"><net_src comp="38" pin="0"/><net_sink comp="150" pin=0"/></net>

<net id="155"><net_src comp="8" pin="0"/><net_sink comp="150" pin=1"/></net>

<net id="160"><net_src comp="38" pin="0"/><net_sink comp="156" pin=0"/></net>

<net id="161"><net_src comp="6" pin="0"/><net_sink comp="156" pin=1"/></net>

<net id="166"><net_src comp="38" pin="0"/><net_sink comp="162" pin=0"/></net>

<net id="167"><net_src comp="4" pin="0"/><net_sink comp="162" pin=1"/></net>

<net id="172"><net_src comp="38" pin="0"/><net_sink comp="168" pin=0"/></net>

<net id="173"><net_src comp="2" pin="0"/><net_sink comp="168" pin=1"/></net>

<net id="178"><net_src comp="38" pin="0"/><net_sink comp="174" pin=0"/></net>

<net id="179"><net_src comp="0" pin="0"/><net_sink comp="174" pin=1"/></net>

<net id="191"><net_src comp="180" pin="2"/><net_sink comp="188" pin=0"/></net>

<net id="192"><net_src comp="188" pin="1"/><net_sink comp="180" pin=0"/></net>

<net id="197"><net_src comp="174" pin="2"/><net_sink comp="193" pin=0"/></net>

<net id="202"><net_src comp="168" pin="2"/><net_sink comp="198" pin=0"/></net>

<net id="207"><net_src comp="162" pin="2"/><net_sink comp="203" pin=0"/></net>

<net id="212"><net_src comp="156" pin="2"/><net_sink comp="208" pin=0"/></net>

<net id="217"><net_src comp="40" pin="0"/><net_sink comp="213" pin=0"/></net>

<net id="225"><net_src comp="218" pin="1"/><net_sink comp="221" pin=0"/></net>

<net id="226"><net_src comp="42" pin="0"/><net_sink comp="221" pin=1"/></net>

<net id="231"><net_src comp="218" pin="1"/><net_sink comp="227" pin=0"/></net>

<net id="232"><net_src comp="44" pin="0"/><net_sink comp="227" pin=1"/></net>

<net id="236"><net_src comp="218" pin="1"/><net_sink comp="233" pin=0"/></net>

<net id="250"><net_src comp="46" pin="0"/><net_sink comp="237" pin=0"/></net>

<net id="251"><net_src comp="48" pin="0"/><net_sink comp="237" pin=1"/></net>

<net id="252"><net_src comp="150" pin="2"/><net_sink comp="237" pin=2"/></net>

<net id="253"><net_src comp="50" pin="0"/><net_sink comp="237" pin=3"/></net>

<net id="254"><net_src comp="144" pin="2"/><net_sink comp="237" pin=4"/></net>

<net id="255"><net_src comp="52" pin="0"/><net_sink comp="237" pin=5"/></net>

<net id="256"><net_src comp="138" pin="2"/><net_sink comp="237" pin=6"/></net>

<net id="257"><net_src comp="54" pin="0"/><net_sink comp="237" pin=7"/></net>

<net id="258"><net_src comp="132" pin="2"/><net_sink comp="237" pin=8"/></net>

<net id="259"><net_src comp="56" pin="0"/><net_sink comp="237" pin=9"/></net>

<net id="260"><net_src comp="233" pin="1"/><net_sink comp="237" pin=10"/></net>

<net id="274"><net_src comp="46" pin="0"/><net_sink comp="261" pin=0"/></net>

<net id="275"><net_src comp="48" pin="0"/><net_sink comp="261" pin=1"/></net>

<net id="276"><net_src comp="120" pin="2"/><net_sink comp="261" pin=2"/></net>

<net id="277"><net_src comp="50" pin="0"/><net_sink comp="261" pin=3"/></net>

<net id="278"><net_src comp="114" pin="2"/><net_sink comp="261" pin=4"/></net>

<net id="279"><net_src comp="52" pin="0"/><net_sink comp="261" pin=5"/></net>

<net id="280"><net_src comp="108" pin="2"/><net_sink comp="261" pin=6"/></net>

<net id="281"><net_src comp="54" pin="0"/><net_sink comp="261" pin=7"/></net>

<net id="282"><net_src comp="102" pin="2"/><net_sink comp="261" pin=8"/></net>

<net id="283"><net_src comp="56" pin="0"/><net_sink comp="261" pin=9"/></net>

<net id="284"><net_src comp="233" pin="1"/><net_sink comp="261" pin=10"/></net>

<net id="289"><net_src comp="227" pin="2"/><net_sink comp="285" pin=0"/></net>

<net id="310"><net_src comp="58" pin="0"/><net_sink comp="302" pin=0"/></net>

<net id="311"><net_src comp="290" pin="1"/><net_sink comp="302" pin=1"/></net>

<net id="312"><net_src comp="293" pin="1"/><net_sink comp="302" pin=2"/></net>

<net id="313"><net_src comp="296" pin="1"/><net_sink comp="302" pin=3"/></net>

<net id="314"><net_src comp="299" pin="1"/><net_sink comp="302" pin=4"/></net>

<net id="319"><net_src comp="188" pin="1"/><net_sink comp="315" pin=0"/></net>

<net id="320"><net_src comp="32" pin="0"/><net_sink comp="315" pin=1"/></net>

<net id="325"><net_src comp="188" pin="1"/><net_sink comp="321" pin=0"/></net>

<net id="330"><net_src comp="188" pin="1"/><net_sink comp="326" pin=0"/></net>

<net id="331"><net_src comp="30" pin="0"/><net_sink comp="326" pin=1"/></net>

<net id="336"><net_src comp="188" pin="1"/><net_sink comp="332" pin=0"/></net>

<net id="341"><net_src comp="188" pin="1"/><net_sink comp="337" pin=0"/></net>

<net id="342"><net_src comp="28" pin="0"/><net_sink comp="337" pin=1"/></net>

<net id="347"><net_src comp="188" pin="1"/><net_sink comp="343" pin=0"/></net>

<net id="352"><net_src comp="188" pin="1"/><net_sink comp="348" pin=0"/></net>

<net id="353"><net_src comp="34" pin="0"/><net_sink comp="348" pin=1"/></net>

<net id="358"><net_src comp="188" pin="1"/><net_sink comp="354" pin=0"/></net>

<net id="362"><net_src comp="76" pin="1"/><net_sink comp="359" pin=0"/></net>

<net id="363"><net_src comp="359" pin="1"/><net_sink comp="213" pin=1"/></net>

<net id="364"><net_src comp="359" pin="1"/><net_sink comp="218" pin=0"/></net>

<net id="365"><net_src comp="359" pin="1"/><net_sink comp="285" pin=1"/></net>

<net id="369"><net_src comp="80" pin="1"/><net_sink comp="366" pin=0"/></net>

<net id="370"><net_src comp="366" pin="1"/><net_sink comp="208" pin=1"/></net>

<net id="371"><net_src comp="366" pin="1"/><net_sink comp="290" pin=0"/></net>

<net id="372"><net_src comp="366" pin="1"/><net_sink comp="343" pin=1"/></net>

<net id="376"><net_src comp="84" pin="1"/><net_sink comp="373" pin=0"/></net>

<net id="377"><net_src comp="373" pin="1"/><net_sink comp="203" pin=1"/></net>

<net id="378"><net_src comp="373" pin="1"/><net_sink comp="293" pin=0"/></net>

<net id="379"><net_src comp="373" pin="1"/><net_sink comp="332" pin=1"/></net>

<net id="383"><net_src comp="88" pin="1"/><net_sink comp="380" pin=0"/></net>

<net id="384"><net_src comp="380" pin="1"/><net_sink comp="198" pin=1"/></net>

<net id="385"><net_src comp="380" pin="1"/><net_sink comp="296" pin=0"/></net>

<net id="386"><net_src comp="380" pin="1"/><net_sink comp="321" pin=1"/></net>

<net id="390"><net_src comp="92" pin="1"/><net_sink comp="387" pin=0"/></net>

<net id="391"><net_src comp="387" pin="1"/><net_sink comp="193" pin=1"/></net>

<net id="392"><net_src comp="387" pin="1"/><net_sink comp="299" pin=0"/></net>

<net id="393"><net_src comp="387" pin="1"/><net_sink comp="354" pin=1"/></net>

<net id="397"><net_src comp="96" pin="2"/><net_sink comp="394" pin=0"/></net>

<net id="398"><net_src comp="394" pin="1"/><net_sink comp="184" pin=1"/></net>

<net id="402"><net_src comp="126" pin="2"/><net_sink comp="399" pin=0"/></net>

<net id="403"><net_src comp="399" pin="1"/><net_sink comp="184" pin=1"/></net>

<net id="407"><net_src comp="221" pin="2"/><net_sink comp="404" pin=0"/></net>

<net id="411"><net_src comp="233" pin="1"/><net_sink comp="408" pin=0"/></net>

<net id="412"><net_src comp="408" pin="1"/><net_sink comp="302" pin=5"/></net>

<net id="416"><net_src comp="237" pin="11"/><net_sink comp="413" pin=0"/></net>

<net id="417"><net_src comp="413" pin="1"/><net_sink comp="184" pin=0"/></net>

<net id="421"><net_src comp="261" pin="11"/><net_sink comp="418" pin=0"/></net>

<net id="422"><net_src comp="418" pin="1"/><net_sink comp="184" pin=0"/></net>

<net id="426"><net_src comp="302" pin="6"/><net_sink comp="423" pin=0"/></net>

<net id="427"><net_src comp="423" pin="1"/><net_sink comp="180" pin=0"/></net>

<net id="431"><net_src comp="184" pin="2"/><net_sink comp="428" pin=0"/></net>

<net id="432"><net_src comp="428" pin="1"/><net_sink comp="180" pin=1"/></net>

<net id="436"><net_src comp="184" pin="2"/><net_sink comp="433" pin=0"/></net>

<net id="437"><net_src comp="433" pin="1"/><net_sink comp="180" pin=1"/></net>

</net_list>

</model> 
---------------- Datapath Model END ------------------

* FSMD analyzer results:
  - Output states:
	Port: x_0 | {43 }
	Port: x_1 | {43 }
	Port: x_2 | {43 }
	Port: x_3 | {43 }
 - Input state : 
	Port: extendedKalmanFilter_Pipeline_VITIS_LOOP_135_24 : add4_i | {1 }
	Port: extendedKalmanFilter_Pipeline_VITIS_LOOP_135_24 : add2_i | {1 }
	Port: extendedKalmanFilter_Pipeline_VITIS_LOOP_135_24 : z_pred_1 | {1 }
	Port: extendedKalmanFilter_Pipeline_VITIS_LOOP_135_24 : z_pred | {1 }
	Port: extendedKalmanFilter_Pipeline_VITIS_LOOP_135_24 : mux_case_0243446_reload | {1 }
	Port: extendedKalmanFilter_Pipeline_VITIS_LOOP_135_24 : mux_case_1245449_reload | {1 }
	Port: extendedKalmanFilter_Pipeline_VITIS_LOOP_135_24 : mux_case_2247452_reload | {1 }
	Port: extendedKalmanFilter_Pipeline_VITIS_LOOP_135_24 : mux_case_3249455_reload | {1 }
	Port: extendedKalmanFilter_Pipeline_VITIS_LOOP_135_24 : y | {1 }
	Port: extendedKalmanFilter_Pipeline_VITIS_LOOP_135_24 : mux_case_0251458_reload | {1 }
	Port: extendedKalmanFilter_Pipeline_VITIS_LOOP_135_24 : mux_case_1253461_reload | {1 }
	Port: extendedKalmanFilter_Pipeline_VITIS_LOOP_135_24 : mux_case_2255464_reload | {1 }
	Port: extendedKalmanFilter_Pipeline_VITIS_LOOP_135_24 : mux_case_3257467_reload | {1 }
	Port: extendedKalmanFilter_Pipeline_VITIS_LOOP_135_24 : y_1 | {1 }
  - Chain level:
	State 1
		store_ln135 : 1
		i_1 : 1
		icmp_ln135 : 2
		add_ln135 : 2
		br_ln135 : 3
		trunc_ln135 : 2
		tmp_23 : 3
		tmp_24 : 3
		switch_ln136 : 3
		store_ln135 : 3
	State 2
	State 3
	State 4
	State 5
	State 6
	State 7
	State 8
	State 9
	State 10
	State 11
	State 12
	State 13
	State 14
	State 15
	State 16
		tmp_s : 1
	State 17
	State 18
	State 19
	State 20
	State 21
	State 22
	State 23
	State 24
	State 25
	State 26
	State 27
	State 28
	State 29
	State 30
	State 31
	State 32
	State 33
	State 34
	State 35
	State 36
	State 37
	State 38
	State 39
	State 40
	State 41
	State 42
	State 43


============================================================
+ Verbose Summary: Datapath Resource usage 
============================================================

* Functional unit list:
|----------|------------------------------------------|---------|---------|---------|
| Operation|              Functional Unit             |   DSP   |    FF   |   LUT   |
|----------|------------------------------------------|---------|---------|---------|
|   dadd   |                grp_fu_180                |    3    |   979   |   800   |
|----------|------------------------------------------|---------|---------|---------|
|   dmul   |                grp_fu_184                |    11   |   565   |   296   |
|----------|------------------------------------------|---------|---------|---------|
| sparsemux|               tmp_23_fu_237              |    0    |    0    |    17   |
|          |               tmp_24_fu_261              |    0    |    0    |    17   |
|----------|------------------------------------------|---------|---------|---------|
|    mux   |               tmp_s_fu_302               |    0    |    0    |    17   |
|----------|------------------------------------------|---------|---------|---------|
|   icmp   |             icmp_ln135_fu_221            |    0    |    0    |    11   |
|----------|------------------------------------------|---------|---------|---------|
|    add   |             add_ln135_fu_227             |    0    |    0    |    11   |
|----------|------------------------------------------|---------|---------|---------|
|          |            y_1_read_read_fu_96           |    0    |    0    |    0    |
|          | mux_case_3257467_reload_read_read_fu_102 |    0    |    0    |    0    |
|          | mux_case_2255464_reload_read_read_fu_108 |    0    |    0    |    0    |
|          | mux_case_1253461_reload_read_read_fu_114 |    0    |    0    |    0    |
|          | mux_case_0251458_reload_read_read_fu_120 |    0    |    0    |    0    |
|          |            y_read_read_fu_126            |    0    |    0    |    0    |
|   read   | mux_case_3249455_reload_read_read_fu_132 |    0    |    0    |    0    |
|          | mux_case_2247452_reload_read_read_fu_138 |    0    |    0    |    0    |
|          | mux_case_1245449_reload_read_read_fu_144 |    0    |    0    |    0    |
|          | mux_case_0243446_reload_read_read_fu_150 |    0    |    0    |    0    |
|          |          z_pred_read_read_fu_156         |    0    |    0    |    0    |
|          |         z_pred_1_read_read_fu_162        |    0    |    0    |    0    |
|          |          add2_i_read_read_fu_168         |    0    |    0    |    0    |
|          |          add4_i_read_read_fu_174         |    0    |    0    |    0    |
|----------|------------------------------------------|---------|---------|---------|
|   trunc  |            trunc_ln135_fu_233            |    0    |    0    |    0    |
|----------|------------------------------------------|---------|---------|---------|
|   Total  |                                          |    14   |   1544  |   1169  |
|----------|------------------------------------------|---------|---------|---------|

Memories:
N/A

* Register list:
+-------------------+--------+
|                   |   FF   |
+-------------------+--------+
|  empty_25_reg_373 |   64   |
|  empty_26_reg_380 |   64   |
|  empty_27_reg_387 |   64   |
|   empty_reg_366   |   64   |
|     i_reg_359     |    3   |
| icmp_ln135_reg_404|    1   |
|    mul3_reg_428   |   64   |
|    mul4_reg_433   |   64   |
|      reg_188      |   64   |
|   tmp_23_reg_413  |   64   |
|   tmp_24_reg_418  |   64   |
|   tmp_s_reg_423   |   64   |
|trunc_ln135_reg_408|    2   |
|  y_1_read_reg_394 |   64   |
|   y_read_reg_399  |   64   |
+-------------------+--------+
|       Total       |   774  |
+-------------------+--------+

* Multiplexer (MUX) list: 
|------------|------|------|------|--------||---------||---------|
|    Comp    |  Pin | Size |  BW  | S x BW ||  Delay  ||   LUT   |
|------------|------|------|------|--------||---------||---------|
| grp_fu_180 |  p0  |   2  |  64  |   128  ||    9    |
| grp_fu_180 |  p1  |   2  |  64  |   128  ||    9    |
| grp_fu_184 |  p0  |   2  |  64  |   128  ||    9    |
| grp_fu_184 |  p1  |   2  |  64  |   128  ||    9    |
|------------|------|------|------|--------||---------||---------|
|    Total   |      |      |      |   512  ||  3.332  ||    36   |
|------------|------|------|------|--------||---------||---------|



* Summary:
+-----------+--------+--------+--------+--------+
|           |   DSP  |  Delay |   FF   |   LUT  |
+-----------+--------+--------+--------+--------+
|  Function |   14   |    -   |  1544  |  1169  |
|   Memory  |    -   |    -   |    -   |    -   |
|Multiplexer|    -   |    3   |    -   |   36   |
|  Register |    -   |    -   |   774  |    -   |
+-----------+--------+--------+--------+--------+
|   Total   |   14   |    3   |  2318  |  1205  |
+-----------+--------+--------+--------+--------+
