

================================================================
== Vitis HLS Report for 'extendedKalmanFilter'
================================================================
* Date:           Sun Mar 17 14:02:10 2024

* Version:        2023.2 (Build 4023990 on Oct 11 2023)
* Project:        ExtendedKalmanFilter
* Solution:       solution2 (Vivado IP Flow Target)
* Product family: kintex7
* Target device:  xc7k160t-fbg676-2


================================================================
== Performance Estimates
================================================================
+ Timing: 
    * Summary: 
    +--------+---------+----------+------------+
    |  Clock |  Target | Estimated| Uncertainty|
    +--------+---------+----------+------------+
    |ap_clk  |  4.00 ns|  3.483 ns|     1.08 ns|
    +--------+---------+----------+------------+

+ Latency: 
    * Summary: 
    +---------+---------+----------+----------+-----+-----+---------+
    |  Latency (cycles) |  Latency (absolute) |  Interval | Pipeline|
    |   min   |   max   |    min   |    max   | min | max |   Type  |
    +---------+---------+----------+----------+-----+-----+---------+
    |      733|      733|  2.932 us|  2.932 us|  734|  734|       no|
    +---------+---------+----------+----------+-----+-----+---------+

    + Detail: 
        * Instance: 
        N/A

        * Loop: 
        N/A

============================================================
+ Verbose Summary: Synthesis Manager
============================================================
InlineROM: 1
ExposeGlobal: 0
============================================================
+ Verbose Summary: CDFG Model
============================================================
IsTopModel: 1
ResetActiveHigh: 1
IsCombinational: 0
IsDatapathOnly: 0
HasWiredReturn: 1
HasMFsm: 0
HasVarLatency: 1
IsPipeline: 0
IsRtlPipelined: 0
IsInstanceOverlapped: 0
IsDontTouch: 0
HasImplIP: 0
IsGatedGlobalClock: 0


============================================================
+ Verbose Summary: Schedule
============================================================
* Number of FSM states : 30
* Pipeline : 0
* Dataflow Pipeline: 0

* FSM state transitions: 
1 --> 2 
2 --> 3 
3 --> 4 
4 --> 5 
5 --> 6 
6 --> 7 
7 --> 8 
8 --> 9 
9 --> 10 
10 --> 11 
11 --> 12 
12 --> 13 
13 --> 14 
14 --> 15 
15 --> 16 
16 --> 17 
17 --> 18 
18 --> 19 
19 --> 20 
20 --> 21 
21 --> 22 
22 --> 23 
23 --> 24 
24 --> 25 
25 --> 26 
26 --> 27 
27 --> 28 
28 --> 29 
29 --> 30 
30 --> 

* FSM state operations: 

State 1 <SV = 0> <Delay = 2.32>
ST_1 : Operation 31 [1/1] (0.00ns)   --->   "%mux_case_0243446_loc = alloca i64 1"   --->   Operation 31 'alloca' 'mux_case_0243446_loc' <Predicate = true> <Delay = 0.00>
ST_1 : Operation 32 [1/1] (0.00ns)   --->   "%mux_case_1245449_loc = alloca i64 1"   --->   Operation 32 'alloca' 'mux_case_1245449_loc' <Predicate = true> <Delay = 0.00>
ST_1 : Operation 33 [1/1] (0.00ns)   --->   "%mux_case_2247452_loc = alloca i64 1"   --->   Operation 33 'alloca' 'mux_case_2247452_loc' <Predicate = true> <Delay = 0.00>
ST_1 : Operation 34 [1/1] (0.00ns)   --->   "%mux_case_3249455_loc = alloca i64 1"   --->   Operation 34 'alloca' 'mux_case_3249455_loc' <Predicate = true> <Delay = 0.00>
ST_1 : Operation 35 [1/1] (0.00ns)   --->   "%mux_case_0251458_loc = alloca i64 1"   --->   Operation 35 'alloca' 'mux_case_0251458_loc' <Predicate = true> <Delay = 0.00>
ST_1 : Operation 36 [1/1] (0.00ns)   --->   "%mux_case_1253461_loc = alloca i64 1"   --->   Operation 36 'alloca' 'mux_case_1253461_loc' <Predicate = true> <Delay = 0.00>
ST_1 : Operation 37 [1/1] (0.00ns)   --->   "%mux_case_2255464_loc = alloca i64 1"   --->   Operation 37 'alloca' 'mux_case_2255464_loc' <Predicate = true> <Delay = 0.00>
ST_1 : Operation 38 [1/1] (0.00ns)   --->   "%mux_case_3257467_loc = alloca i64 1"   --->   Operation 38 'alloca' 'mux_case_3257467_loc' <Predicate = true> <Delay = 0.00>
ST_1 : Operation 39 [1/1] (0.00ns)   --->   "%temp1_3_0_0383_loc = alloca i64 1"   --->   Operation 39 'alloca' 'temp1_3_0_0383_loc' <Predicate = true> <Delay = 0.00>
ST_1 : Operation 40 [1/1] (0.00ns)   --->   "%temp1_3_1_0384_loc = alloca i64 1"   --->   Operation 40 'alloca' 'temp1_3_1_0384_loc' <Predicate = true> <Delay = 0.00>
ST_1 : Operation 41 [1/1] (0.00ns)   --->   "%temp1_2_0_0381_loc = alloca i64 1"   --->   Operation 41 'alloca' 'temp1_2_0_0381_loc' <Predicate = true> <Delay = 0.00>
ST_1 : Operation 42 [1/1] (0.00ns)   --->   "%temp1_2_1_0382_loc = alloca i64 1"   --->   Operation 42 'alloca' 'temp1_2_1_0382_loc' <Predicate = true> <Delay = 0.00>
ST_1 : Operation 43 [1/1] (0.00ns)   --->   "%temp1_1_0_0379_loc = alloca i64 1"   --->   Operation 43 'alloca' 'temp1_1_0_0379_loc' <Predicate = true> <Delay = 0.00>
ST_1 : Operation 44 [1/1] (0.00ns)   --->   "%temp1_1_1_0380_loc = alloca i64 1"   --->   Operation 44 'alloca' 'temp1_1_1_0380_loc' <Predicate = true> <Delay = 0.00>
ST_1 : Operation 45 [1/1] (0.00ns)   --->   "%temp1_0_0377_loc = alloca i64 1"   --->   Operation 45 'alloca' 'temp1_0_0377_loc' <Predicate = true> <Delay = 0.00>
ST_1 : Operation 46 [1/1] (0.00ns)   --->   "%temp1_1288_0378_loc = alloca i64 1"   --->   Operation 46 'alloca' 'temp1_1288_0378_loc' <Predicate = true> <Delay = 0.00>
ST_1 : Operation 47 [1/1] (0.00ns)   --->   "%S_1_1_0_loc = alloca i64 1"   --->   Operation 47 'alloca' 'S_1_1_0_loc' <Predicate = true> <Delay = 0.00>
ST_1 : Operation 48 [1/1] (0.00ns)   --->   "%S_0_0_2_loc = alloca i64 1"   --->   Operation 48 'alloca' 'S_0_0_2_loc' <Predicate = true> <Delay = 0.00>
ST_1 : Operation 49 [1/1] (0.00ns)   --->   "%p_loc89 = alloca i64 1"   --->   Operation 49 'alloca' 'p_loc89' <Predicate = true> <Delay = 0.00>
ST_1 : Operation 50 [1/1] (0.00ns)   --->   "%p_loc88 = alloca i64 1"   --->   Operation 50 'alloca' 'p_loc88' <Predicate = true> <Delay = 0.00>
ST_1 : Operation 51 [1/1] (0.00ns)   --->   "%p_loc87 = alloca i64 1"   --->   Operation 51 'alloca' 'p_loc87' <Predicate = true> <Delay = 0.00>
ST_1 : Operation 52 [1/1] (0.00ns)   --->   "%p_loc86 = alloca i64 1"   --->   Operation 52 'alloca' 'p_loc86' <Predicate = true> <Delay = 0.00>
ST_1 : Operation 53 [1/1] (0.00ns)   --->   "%p_loc80 = alloca i64 1"   --->   Operation 53 'alloca' 'p_loc80' <Predicate = true> <Delay = 0.00>
ST_1 : Operation 54 [1/1] (0.00ns)   --->   "%p_loc79 = alloca i64 1"   --->   Operation 54 'alloca' 'p_loc79' <Predicate = true> <Delay = 0.00>
ST_1 : Operation 55 [1/1] (0.00ns)   --->   "%p_loc78 = alloca i64 1"   --->   Operation 55 'alloca' 'p_loc78' <Predicate = true> <Delay = 0.00>
ST_1 : Operation 56 [1/1] (0.00ns)   --->   "%p_loc77 = alloca i64 1"   --->   Operation 56 'alloca' 'p_loc77' <Predicate = true> <Delay = 0.00>
ST_1 : Operation 57 [1/1] (0.00ns)   --->   "%S_1_1_2_loc = alloca i64 1"   --->   Operation 57 'alloca' 'S_1_1_2_loc' <Predicate = true> <Delay = 0.00>
ST_1 : Operation 58 [1/1] (0.00ns)   --->   "%S_0_0_0_loc = alloca i64 1"   --->   Operation 58 'alloca' 'S_0_0_0_loc' <Predicate = true> <Delay = 0.00>
ST_1 : Operation 59 [1/1] (0.00ns)   --->   "%mux_case_0166418_loc = alloca i64 1"   --->   Operation 59 'alloca' 'mux_case_0166418_loc' <Predicate = true> <Delay = 0.00>
ST_1 : Operation 60 [1/1] (0.00ns)   --->   "%mux_case_1167421_loc = alloca i64 1"   --->   Operation 60 'alloca' 'mux_case_1167421_loc' <Predicate = true> <Delay = 0.00>
ST_1 : Operation 61 [1/1] (0.00ns)   --->   "%mux_case_2168424_loc = alloca i64 1"   --->   Operation 61 'alloca' 'mux_case_2168424_loc' <Predicate = true> <Delay = 0.00>
ST_1 : Operation 62 [1/1] (0.00ns)   --->   "%mux_case_3169427_loc = alloca i64 1"   --->   Operation 62 'alloca' 'mux_case_3169427_loc' <Predicate = true> <Delay = 0.00>
ST_1 : Operation 63 [1/1] (0.00ns)   --->   "%mux_case_0162406_loc = alloca i64 1"   --->   Operation 63 'alloca' 'mux_case_0162406_loc' <Predicate = true> <Delay = 0.00>
ST_1 : Operation 64 [1/1] (0.00ns)   --->   "%mux_case_1163409_loc = alloca i64 1"   --->   Operation 64 'alloca' 'mux_case_1163409_loc' <Predicate = true> <Delay = 0.00>
ST_1 : Operation 65 [1/1] (0.00ns)   --->   "%mux_case_2164412_loc = alloca i64 1"   --->   Operation 65 'alloca' 'mux_case_2164412_loc' <Predicate = true> <Delay = 0.00>
ST_1 : Operation 66 [1/1] (0.00ns)   --->   "%mux_case_3165415_loc = alloca i64 1"   --->   Operation 66 'alloca' 'mux_case_3165415_loc' <Predicate = true> <Delay = 0.00>
ST_1 : Operation 67 [1/1] (0.00ns)   --->   "%mux_case_0158394_loc = alloca i64 1"   --->   Operation 67 'alloca' 'mux_case_0158394_loc' <Predicate = true> <Delay = 0.00>
ST_1 : Operation 68 [1/1] (0.00ns)   --->   "%mux_case_1159397_loc = alloca i64 1"   --->   Operation 68 'alloca' 'mux_case_1159397_loc' <Predicate = true> <Delay = 0.00>
ST_1 : Operation 69 [1/1] (0.00ns)   --->   "%mux_case_2160400_loc = alloca i64 1"   --->   Operation 69 'alloca' 'mux_case_2160400_loc' <Predicate = true> <Delay = 0.00>
ST_1 : Operation 70 [1/1] (0.00ns)   --->   "%mux_case_3161403_loc = alloca i64 1"   --->   Operation 70 'alloca' 'mux_case_3161403_loc' <Predicate = true> <Delay = 0.00>
ST_1 : Operation 71 [1/1] (0.00ns)   --->   "%mux_case_0154382_loc = alloca i64 1"   --->   Operation 71 'alloca' 'mux_case_0154382_loc' <Predicate = true> <Delay = 0.00>
ST_1 : Operation 72 [1/1] (0.00ns)   --->   "%mux_case_1155385_loc = alloca i64 1"   --->   Operation 72 'alloca' 'mux_case_1155385_loc' <Predicate = true> <Delay = 0.00>
ST_1 : Operation 73 [1/1] (0.00ns)   --->   "%mux_case_2156388_loc = alloca i64 1"   --->   Operation 73 'alloca' 'mux_case_2156388_loc' <Predicate = true> <Delay = 0.00>
ST_1 : Operation 74 [1/1] (0.00ns)   --->   "%mux_case_3157391_loc = alloca i64 1"   --->   Operation 74 'alloca' 'mux_case_3157391_loc' <Predicate = true> <Delay = 0.00>
ST_1 : Operation 75 [1/1] (0.00ns)   --->   "%p_loc65 = alloca i64 1"   --->   Operation 75 'alloca' 'p_loc65' <Predicate = true> <Delay = 0.00>
ST_1 : Operation 76 [1/1] (0.00ns)   --->   "%p_loc64 = alloca i64 1"   --->   Operation 76 'alloca' 'p_loc64' <Predicate = true> <Delay = 0.00>
ST_1 : Operation 77 [1/1] (0.00ns)   --->   "%p_loc63 = alloca i64 1"   --->   Operation 77 'alloca' 'p_loc63' <Predicate = true> <Delay = 0.00>
ST_1 : Operation 78 [1/1] (0.00ns)   --->   "%p_loc62 = alloca i64 1"   --->   Operation 78 'alloca' 'p_loc62' <Predicate = true> <Delay = 0.00>
ST_1 : Operation 79 [1/1] (0.00ns)   --->   "%p_loc56 = alloca i64 1"   --->   Operation 79 'alloca' 'p_loc56' <Predicate = true> <Delay = 0.00>
ST_1 : Operation 80 [1/1] (0.00ns)   --->   "%p_loc55 = alloca i64 1"   --->   Operation 80 'alloca' 'p_loc55' <Predicate = true> <Delay = 0.00>
ST_1 : Operation 81 [1/1] (0.00ns)   --->   "%p_loc54 = alloca i64 1"   --->   Operation 81 'alloca' 'p_loc54' <Predicate = true> <Delay = 0.00>
ST_1 : Operation 82 [1/1] (0.00ns)   --->   "%p_loc53 = alloca i64 1"   --->   Operation 82 'alloca' 'p_loc53' <Predicate = true> <Delay = 0.00>
ST_1 : Operation 83 [1/1] (0.00ns)   --->   "%p_loc47 = alloca i64 1"   --->   Operation 83 'alloca' 'p_loc47' <Predicate = true> <Delay = 0.00>
ST_1 : Operation 84 [1/1] (0.00ns)   --->   "%p_loc46 = alloca i64 1"   --->   Operation 84 'alloca' 'p_loc46' <Predicate = true> <Delay = 0.00>
ST_1 : Operation 85 [1/1] (0.00ns)   --->   "%p_loc45 = alloca i64 1"   --->   Operation 85 'alloca' 'p_loc45' <Predicate = true> <Delay = 0.00>
ST_1 : Operation 86 [1/1] (0.00ns)   --->   "%p_loc44 = alloca i64 1"   --->   Operation 86 'alloca' 'p_loc44' <Predicate = true> <Delay = 0.00>
ST_1 : Operation 87 [1/1] (0.00ns)   --->   "%p_loc39 = alloca i64 1"   --->   Operation 87 'alloca' 'p_loc39' <Predicate = true> <Delay = 0.00>
ST_1 : Operation 88 [1/1] (0.00ns)   --->   "%p_loc38 = alloca i64 1"   --->   Operation 88 'alloca' 'p_loc38' <Predicate = true> <Delay = 0.00>
ST_1 : Operation 89 [1/1] (0.00ns)   --->   "%p_loc37 = alloca i64 1"   --->   Operation 89 'alloca' 'p_loc37' <Predicate = true> <Delay = 0.00>
ST_1 : Operation 90 [1/1] (0.00ns)   --->   "%p_loc = alloca i64 1"   --->   Operation 90 'alloca' 'p_loc' <Predicate = true> <Delay = 0.00>
ST_1 : Operation 91 [1/1] (0.00ns)   --->   "%temp2 = alloca i64 1" [ExtendedKalmanFilter.cpp:139]   --->   Operation 91 'alloca' 'temp2' <Predicate = true> <Delay = 0.00>
ST_1 : Operation 92 [1/1] (0.00ns)   --->   "%x_0_load = load i64 %x_0" [ExtendedKalmanFilter.cpp:25->ExtendedKalmanFilter.cpp:44]   --->   Operation 92 'load' 'x_0_load' <Predicate = true> <Delay = 0.00>
ST_1 : Operation 93 [1/1] (0.00ns)   --->   "%x_2_load = load i64 %x_2" [ExtendedKalmanFilter.cpp:25->ExtendedKalmanFilter.cpp:44]   --->   Operation 93 'load' 'x_2_load' <Predicate = true> <Delay = 0.00>
ST_1 : Operation 94 [13/13] (2.32ns)   --->   "%z_pred = dadd i64 %x_0_load, i64 %x_2_load" [ExtendedKalmanFilter.cpp:25->ExtendedKalmanFilter.cpp:44]   --->   Operation 94 'dadd' 'z_pred' <Predicate = true> <Delay = 2.32> <CoreInst = "DAddSub_fulldsp">   --->   Core 37 'DAddSub_fulldsp' <Latency = 12> <II = 1> <Delay = 2.32> <FuncUnit> <Opcode : 'dadd' 'dsub'> <InPorts = 2> <OutPorts = 1>
ST_1 : Operation 95 [1/1] (0.00ns)   --->   "%x_1_load = load i64 %x_1" [ExtendedKalmanFilter.cpp:26->ExtendedKalmanFilter.cpp:44]   --->   Operation 95 'load' 'x_1_load' <Predicate = true> <Delay = 0.00>
ST_1 : Operation 96 [1/1] (0.00ns)   --->   "%x_3_load = load i64 %x_3" [ExtendedKalmanFilter.cpp:26->ExtendedKalmanFilter.cpp:44]   --->   Operation 96 'load' 'x_3_load' <Predicate = true> <Delay = 0.00>
ST_1 : Operation 97 [13/13] (2.32ns)   --->   "%z_pred_1 = dadd i64 %x_1_load, i64 %x_3_load" [ExtendedKalmanFilter.cpp:26->ExtendedKalmanFilter.cpp:44]   --->   Operation 97 'dadd' 'z_pred_1' <Predicate = true> <Delay = 2.32> <CoreInst = "DAddSub_fulldsp">   --->   Core 37 'DAddSub_fulldsp' <Latency = 12> <II = 1> <Delay = 2.32> <FuncUnit> <Opcode : 'dadd' 'dsub'> <InPorts = 2> <OutPorts = 1>
ST_1 : Operation 98 [1/1] (0.00ns)   --->   "%P_0_0_load = load i64 %P_0_0" [ExtendedKalmanFilter.cpp:61]   --->   Operation 98 'load' 'P_0_0_load' <Predicate = true> <Delay = 0.00>
ST_1 : Operation 99 [1/1] (0.00ns)   --->   "%P_0_1_load = load i64 %P_0_1" [ExtendedKalmanFilter.cpp:61]   --->   Operation 99 'load' 'P_0_1_load' <Predicate = true> <Delay = 0.00>
ST_1 : Operation 100 [1/1] (0.00ns)   --->   "%P_0_2_load = load i64 %P_0_2" [ExtendedKalmanFilter.cpp:61]   --->   Operation 100 'load' 'P_0_2_load' <Predicate = true> <Delay = 0.00>
ST_1 : Operation 101 [1/1] (0.00ns)   --->   "%P_0_3_load = load i64 %P_0_3" [ExtendedKalmanFilter.cpp:61]   --->   Operation 101 'load' 'P_0_3_load' <Predicate = true> <Delay = 0.00>
ST_1 : Operation 102 [1/1] (0.00ns)   --->   "%P_1_0_load = load i64 %P_1_0" [ExtendedKalmanFilter.cpp:61]   --->   Operation 102 'load' 'P_1_0_load' <Predicate = true> <Delay = 0.00>
ST_1 : Operation 103 [1/1] (0.00ns)   --->   "%P_1_1_load = load i64 %P_1_1" [ExtendedKalmanFilter.cpp:61]   --->   Operation 103 'load' 'P_1_1_load' <Predicate = true> <Delay = 0.00>
ST_1 : Operation 104 [1/1] (0.00ns)   --->   "%P_1_2_load = load i64 %P_1_2" [ExtendedKalmanFilter.cpp:61]   --->   Operation 104 'load' 'P_1_2_load' <Predicate = true> <Delay = 0.00>
ST_1 : Operation 105 [1/1] (0.00ns)   --->   "%P_1_3_load = load i64 %P_1_3" [ExtendedKalmanFilter.cpp:61]   --->   Operation 105 'load' 'P_1_3_load' <Predicate = true> <Delay = 0.00>
ST_1 : Operation 106 [1/1] (0.00ns)   --->   "%P_2_0_load = load i64 %P_2_0" [ExtendedKalmanFilter.cpp:61]   --->   Operation 106 'load' 'P_2_0_load' <Predicate = true> <Delay = 0.00>
ST_1 : Operation 107 [1/1] (0.00ns)   --->   "%P_2_1_load = load i64 %P_2_1" [ExtendedKalmanFilter.cpp:61]   --->   Operation 107 'load' 'P_2_1_load' <Predicate = true> <Delay = 0.00>
ST_1 : Operation 108 [1/1] (0.00ns)   --->   "%P_2_2_load = load i64 %P_2_2" [ExtendedKalmanFilter.cpp:61]   --->   Operation 108 'load' 'P_2_2_load' <Predicate = true> <Delay = 0.00>
ST_1 : Operation 109 [1/1] (0.00ns)   --->   "%P_2_3_load = load i64 %P_2_3" [ExtendedKalmanFilter.cpp:61]   --->   Operation 109 'load' 'P_2_3_load' <Predicate = true> <Delay = 0.00>
ST_1 : Operation 110 [1/1] (0.00ns)   --->   "%P_3_0_load = load i64 %P_3_0" [ExtendedKalmanFilter.cpp:61]   --->   Operation 110 'load' 'P_3_0_load' <Predicate = true> <Delay = 0.00>
ST_1 : Operation 111 [1/1] (0.00ns)   --->   "%P_3_1_load = load i64 %P_3_1" [ExtendedKalmanFilter.cpp:61]   --->   Operation 111 'load' 'P_3_1_load' <Predicate = true> <Delay = 0.00>
ST_1 : Operation 112 [1/1] (0.00ns)   --->   "%P_3_2_load = load i64 %P_3_2" [ExtendedKalmanFilter.cpp:61]   --->   Operation 112 'load' 'P_3_2_load' <Predicate = true> <Delay = 0.00>
ST_1 : Operation 113 [1/1] (0.00ns)   --->   "%P_3_3_load = load i64 %P_3_3" [ExtendedKalmanFilter.cpp:61]   --->   Operation 113 'load' 'P_3_3_load' <Predicate = true> <Delay = 0.00>
ST_1 : Operation 114 [2/2] (0.86ns)   --->   "%call_ln61 = call void @extendedKalmanFilter_Pipeline_VITIS_LOOP_58_4, i64 %P_0_0_load, i64 %P_0_1_load, i64 %P_0_2_load, i64 %P_0_3_load, i64 %P_1_0_load, i64 %P_1_1_load, i64 %P_1_2_load, i64 %P_1_3_load, i64 %P_2_0_load, i64 %P_2_1_load, i64 %P_2_2_load, i64 %P_2_3_load, i64 %P_3_0_load, i64 %P_3_1_load, i64 %P_3_2_load, i64 %P_3_3_load, i64 %p_loc, i64 %p_loc37, i64 %p_loc38, i64 %p_loc39" [ExtendedKalmanFilter.cpp:61]   --->   Operation 114 'call' 'call_ln61' <Predicate = true> <Delay = 0.86> <CoreType = "Generic">   --->   Core 0 '' <Latency = 0> <II = 1> <Delay = 1.00> <Generic> <Opcode : >
ST_1 : Operation 115 [2/2] (0.86ns)   --->   "%call_ln61 = call void @extendedKalmanFilter_Pipeline_VITIS_LOOP_58_41, i64 %P_0_0_load, i64 %P_0_1_load, i64 %P_0_2_load, i64 %P_0_3_load, i64 %P_1_0_load, i64 %P_1_1_load, i64 %P_1_2_load, i64 %P_1_3_load, i64 %P_2_0_load, i64 %P_2_1_load, i64 %P_2_2_load, i64 %P_2_3_load, i64 %P_3_0_load, i64 %P_3_1_load, i64 %P_3_2_load, i64 %P_3_3_load, i64 %p_loc44, i64 %p_loc45, i64 %p_loc46, i64 %p_loc47" [ExtendedKalmanFilter.cpp:61]   --->   Operation 115 'call' 'call_ln61' <Predicate = true> <Delay = 0.86> <CoreType = "Generic">   --->   Core 0 '' <Latency = 0> <II = 1> <Delay = 1.00> <Generic> <Opcode : >
ST_1 : Operation 116 [2/2] (0.86ns)   --->   "%call_ln61 = call void @extendedKalmanFilter_Pipeline_VITIS_LOOP_58_42, i64 %P_0_0_load, i64 %P_0_1_load, i64 %P_0_2_load, i64 %P_0_3_load, i64 %P_1_0_load, i64 %P_1_1_load, i64 %P_1_2_load, i64 %P_1_3_load, i64 %P_2_0_load, i64 %P_2_1_load, i64 %P_2_2_load, i64 %P_2_3_load, i64 %P_3_0_load, i64 %P_3_1_load, i64 %P_3_2_load, i64 %P_3_3_load, i64 %p_loc53, i64 %p_loc54, i64 %p_loc55, i64 %p_loc56" [ExtendedKalmanFilter.cpp:61]   --->   Operation 116 'call' 'call_ln61' <Predicate = true> <Delay = 0.86> <CoreType = "Generic">   --->   Core 0 '' <Latency = 0> <II = 1> <Delay = 1.00> <Generic> <Opcode : >
ST_1 : Operation 117 [2/2] (0.86ns)   --->   "%call_ln61 = call void @extendedKalmanFilter_Pipeline_VITIS_LOOP_58_43, i64 %P_0_0_load, i64 %P_0_1_load, i64 %P_0_2_load, i64 %P_0_3_load, i64 %P_1_0_load, i64 %P_1_1_load, i64 %P_1_2_load, i64 %P_1_3_load, i64 %P_2_0_load, i64 %P_2_1_load, i64 %P_2_2_load, i64 %P_2_3_load, i64 %P_3_0_load, i64 %P_3_1_load, i64 %P_3_2_load, i64 %P_3_3_load, i64 %p_loc62, i64 %p_loc63, i64 %p_loc64, i64 %p_loc65" [ExtendedKalmanFilter.cpp:61]   --->   Operation 117 'call' 'call_ln61' <Predicate = true> <Delay = 0.86> <CoreType = "Generic">   --->   Core 0 '' <Latency = 0> <II = 1> <Delay = 1.00> <Generic> <Opcode : >
ST_1 : Operation 118 [2/2] (0.00ns)   --->   "%call_ln0 = call void @extendedKalmanFilter_Pipeline_VITIS_LOOP_94_12, i64 %S_0_0_0_loc"   --->   Operation 118 'call' 'call_ln0' <Predicate = true> <Delay = 0.00> <CoreType = "Generic">   --->   Core 0 '' <Latency = 0> <II = 1> <Delay = 1.00> <Generic> <Opcode : >
ST_1 : Operation 119 [2/2] (0.00ns)   --->   "%call_ln0 = call void @extendedKalmanFilter_Pipeline_VITIS_LOOP_94_127, i64 %S_1_1_2_loc"   --->   Operation 119 'call' 'call_ln0' <Predicate = true> <Delay = 0.00> <CoreType = "Generic">   --->   Core 0 '' <Latency = 0> <II = 1> <Delay = 1.00> <Generic> <Opcode : >

State 2 <SV = 1> <Delay = 2.32>
ST_2 : Operation 120 [12/13] (2.32ns)   --->   "%z_pred = dadd i64 %x_0_load, i64 %x_2_load" [ExtendedKalmanFilter.cpp:25->ExtendedKalmanFilter.cpp:44]   --->   Operation 120 'dadd' 'z_pred' <Predicate = true> <Delay = 2.32> <CoreInst = "DAddSub_fulldsp">   --->   Core 37 'DAddSub_fulldsp' <Latency = 12> <II = 1> <Delay = 2.32> <FuncUnit> <Opcode : 'dadd' 'dsub'> <InPorts = 2> <OutPorts = 1>
ST_2 : Operation 121 [12/13] (2.32ns)   --->   "%z_pred_1 = dadd i64 %x_1_load, i64 %x_3_load" [ExtendedKalmanFilter.cpp:26->ExtendedKalmanFilter.cpp:44]   --->   Operation 121 'dadd' 'z_pred_1' <Predicate = true> <Delay = 2.32> <CoreInst = "DAddSub_fulldsp">   --->   Core 37 'DAddSub_fulldsp' <Latency = 12> <II = 1> <Delay = 2.32> <FuncUnit> <Opcode : 'dadd' 'dsub'> <InPorts = 2> <OutPorts = 1>
ST_2 : Operation 122 [1/2] (0.00ns)   --->   "%call_ln61 = call void @extendedKalmanFilter_Pipeline_VITIS_LOOP_58_4, i64 %P_0_0_load, i64 %P_0_1_load, i64 %P_0_2_load, i64 %P_0_3_load, i64 %P_1_0_load, i64 %P_1_1_load, i64 %P_1_2_load, i64 %P_1_3_load, i64 %P_2_0_load, i64 %P_2_1_load, i64 %P_2_2_load, i64 %P_2_3_load, i64 %P_3_0_load, i64 %P_3_1_load, i64 %P_3_2_load, i64 %P_3_3_load, i64 %p_loc, i64 %p_loc37, i64 %p_loc38, i64 %p_loc39" [ExtendedKalmanFilter.cpp:61]   --->   Operation 122 'call' 'call_ln61' <Predicate = true> <Delay = 0.00> <CoreType = "Generic">   --->   Core 0 '' <Latency = 0> <II = 1> <Delay = 1.00> <Generic> <Opcode : >
ST_2 : Operation 123 [1/2] (0.00ns)   --->   "%call_ln61 = call void @extendedKalmanFilter_Pipeline_VITIS_LOOP_58_41, i64 %P_0_0_load, i64 %P_0_1_load, i64 %P_0_2_load, i64 %P_0_3_load, i64 %P_1_0_load, i64 %P_1_1_load, i64 %P_1_2_load, i64 %P_1_3_load, i64 %P_2_0_load, i64 %P_2_1_load, i64 %P_2_2_load, i64 %P_2_3_load, i64 %P_3_0_load, i64 %P_3_1_load, i64 %P_3_2_load, i64 %P_3_3_load, i64 %p_loc44, i64 %p_loc45, i64 %p_loc46, i64 %p_loc47" [ExtendedKalmanFilter.cpp:61]   --->   Operation 123 'call' 'call_ln61' <Predicate = true> <Delay = 0.00> <CoreType = "Generic">   --->   Core 0 '' <Latency = 0> <II = 1> <Delay = 1.00> <Generic> <Opcode : >
ST_2 : Operation 124 [1/2] (0.00ns)   --->   "%call_ln61 = call void @extendedKalmanFilter_Pipeline_VITIS_LOOP_58_42, i64 %P_0_0_load, i64 %P_0_1_load, i64 %P_0_2_load, i64 %P_0_3_load, i64 %P_1_0_load, i64 %P_1_1_load, i64 %P_1_2_load, i64 %P_1_3_load, i64 %P_2_0_load, i64 %P_2_1_load, i64 %P_2_2_load, i64 %P_2_3_load, i64 %P_3_0_load, i64 %P_3_1_load, i64 %P_3_2_load, i64 %P_3_3_load, i64 %p_loc53, i64 %p_loc54, i64 %p_loc55, i64 %p_loc56" [ExtendedKalmanFilter.cpp:61]   --->   Operation 124 'call' 'call_ln61' <Predicate = true> <Delay = 0.00> <CoreType = "Generic">   --->   Core 0 '' <Latency = 0> <II = 1> <Delay = 1.00> <Generic> <Opcode : >
ST_2 : Operation 125 [1/2] (0.00ns)   --->   "%call_ln61 = call void @extendedKalmanFilter_Pipeline_VITIS_LOOP_58_43, i64 %P_0_0_load, i64 %P_0_1_load, i64 %P_0_2_load, i64 %P_0_3_load, i64 %P_1_0_load, i64 %P_1_1_load, i64 %P_1_2_load, i64 %P_1_3_load, i64 %P_2_0_load, i64 %P_2_1_load, i64 %P_2_2_load, i64 %P_2_3_load, i64 %P_3_0_load, i64 %P_3_1_load, i64 %P_3_2_load, i64 %P_3_3_load, i64 %p_loc62, i64 %p_loc63, i64 %p_loc64, i64 %p_loc65" [ExtendedKalmanFilter.cpp:61]   --->   Operation 125 'call' 'call_ln61' <Predicate = true> <Delay = 0.00> <CoreType = "Generic">   --->   Core 0 '' <Latency = 0> <II = 1> <Delay = 1.00> <Generic> <Opcode : >
ST_2 : Operation 126 [1/2] (1.68ns)   --->   "%call_ln0 = call void @extendedKalmanFilter_Pipeline_VITIS_LOOP_94_12, i64 %S_0_0_0_loc"   --->   Operation 126 'call' 'call_ln0' <Predicate = true> <Delay = 1.68> <CoreType = "Generic">   --->   Core 0 '' <Latency = 0> <II = 1> <Delay = 1.00> <Generic> <Opcode : >
ST_2 : Operation 127 [1/2] (1.68ns)   --->   "%call_ln0 = call void @extendedKalmanFilter_Pipeline_VITIS_LOOP_94_127, i64 %S_1_1_2_loc"   --->   Operation 127 'call' 'call_ln0' <Predicate = true> <Delay = 1.68> <CoreType = "Generic">   --->   Core 0 '' <Latency = 0> <II = 1> <Delay = 1.00> <Generic> <Opcode : >

State 3 <SV = 2> <Delay = 2.32>
ST_3 : Operation 128 [11/13] (2.32ns)   --->   "%z_pred = dadd i64 %x_0_load, i64 %x_2_load" [ExtendedKalmanFilter.cpp:25->ExtendedKalmanFilter.cpp:44]   --->   Operation 128 'dadd' 'z_pred' <Predicate = true> <Delay = 2.32> <CoreInst = "DAddSub_fulldsp">   --->   Core 37 'DAddSub_fulldsp' <Latency = 12> <II = 1> <Delay = 2.32> <FuncUnit> <Opcode : 'dadd' 'dsub'> <InPorts = 2> <OutPorts = 1>
ST_3 : Operation 129 [11/13] (2.32ns)   --->   "%z_pred_1 = dadd i64 %x_1_load, i64 %x_3_load" [ExtendedKalmanFilter.cpp:26->ExtendedKalmanFilter.cpp:44]   --->   Operation 129 'dadd' 'z_pred_1' <Predicate = true> <Delay = 2.32> <CoreInst = "DAddSub_fulldsp">   --->   Core 37 'DAddSub_fulldsp' <Latency = 12> <II = 1> <Delay = 2.32> <FuncUnit> <Opcode : 'dadd' 'dsub'> <InPorts = 2> <OutPorts = 1>
ST_3 : Operation 130 [1/1] (0.00ns)   --->   "%p_loc_load = load i64 %p_loc"   --->   Operation 130 'load' 'p_loc_load' <Predicate = true> <Delay = 0.00>
ST_3 : Operation 131 [1/1] (0.00ns)   --->   "%p_loc37_load = load i64 %p_loc37"   --->   Operation 131 'load' 'p_loc37_load' <Predicate = true> <Delay = 0.00>
ST_3 : Operation 132 [1/1] (0.00ns)   --->   "%p_loc38_load = load i64 %p_loc38"   --->   Operation 132 'load' 'p_loc38_load' <Predicate = true> <Delay = 0.00>
ST_3 : Operation 133 [1/1] (0.00ns)   --->   "%p_loc39_load = load i64 %p_loc39"   --->   Operation 133 'load' 'p_loc39_load' <Predicate = true> <Delay = 0.00>
ST_3 : Operation 134 [1/1] (0.00ns)   --->   "%p_loc44_load = load i64 %p_loc44"   --->   Operation 134 'load' 'p_loc44_load' <Predicate = true> <Delay = 0.00>
ST_3 : Operation 135 [1/1] (0.00ns)   --->   "%p_loc45_load = load i64 %p_loc45"   --->   Operation 135 'load' 'p_loc45_load' <Predicate = true> <Delay = 0.00>
ST_3 : Operation 136 [1/1] (0.00ns)   --->   "%p_loc46_load = load i64 %p_loc46"   --->   Operation 136 'load' 'p_loc46_load' <Predicate = true> <Delay = 0.00>
ST_3 : Operation 137 [1/1] (0.00ns)   --->   "%p_loc47_load = load i64 %p_loc47"   --->   Operation 137 'load' 'p_loc47_load' <Predicate = true> <Delay = 0.00>
ST_3 : Operation 138 [1/1] (0.00ns)   --->   "%p_loc53_load = load i64 %p_loc53"   --->   Operation 138 'load' 'p_loc53_load' <Predicate = true> <Delay = 0.00>
ST_3 : Operation 139 [1/1] (0.00ns)   --->   "%p_loc54_load = load i64 %p_loc54"   --->   Operation 139 'load' 'p_loc54_load' <Predicate = true> <Delay = 0.00>
ST_3 : Operation 140 [1/1] (0.00ns)   --->   "%p_loc55_load = load i64 %p_loc55"   --->   Operation 140 'load' 'p_loc55_load' <Predicate = true> <Delay = 0.00>
ST_3 : Operation 141 [1/1] (0.00ns)   --->   "%p_loc56_load = load i64 %p_loc56"   --->   Operation 141 'load' 'p_loc56_load' <Predicate = true> <Delay = 0.00>
ST_3 : Operation 142 [1/1] (0.00ns)   --->   "%p_loc62_load = load i64 %p_loc62"   --->   Operation 142 'load' 'p_loc62_load' <Predicate = true> <Delay = 0.00>
ST_3 : Operation 143 [1/1] (0.00ns)   --->   "%p_loc63_load = load i64 %p_loc63"   --->   Operation 143 'load' 'p_loc63_load' <Predicate = true> <Delay = 0.00>
ST_3 : Operation 144 [1/1] (0.00ns)   --->   "%p_loc64_load = load i64 %p_loc64"   --->   Operation 144 'load' 'p_loc64_load' <Predicate = true> <Delay = 0.00>
ST_3 : Operation 145 [1/1] (0.00ns)   --->   "%p_loc65_load = load i64 %p_loc65"   --->   Operation 145 'load' 'p_loc65_load' <Predicate = true> <Delay = 0.00>
ST_3 : Operation 146 [2/2] (0.83ns)   --->   "%call_ln61 = call void @extendedKalmanFilter_Pipeline_VITIS_LOOP_67_7, i64 %P_0_3_load, i64 %P_0_2_load, i64 %P_0_1_load, i64 %P_0_0_load, i64 %p_loc39_load, i64 %p_loc38_load, i64 %p_loc37_load, i64 %p_loc_load, i64 %mux_case_3157391_loc, i64 %mux_case_2156388_loc, i64 %mux_case_1155385_loc, i64 %mux_case_0154382_loc, i64 %P_0_0, i64 %P_0_1, i64 %P_0_2, i64 %P_0_3" [ExtendedKalmanFilter.cpp:61]   --->   Operation 146 'call' 'call_ln61' <Predicate = true> <Delay = 0.83> <CoreType = "Generic">   --->   Core 0 '' <Latency = 0> <II = 1> <Delay = 1.00> <Generic> <Opcode : >
ST_3 : Operation 147 [2/2] (0.83ns)   --->   "%call_ln61 = call void @extendedKalmanFilter_Pipeline_VITIS_LOOP_67_74, i64 %P_1_3_load, i64 %P_1_2_load, i64 %P_1_1_load, i64 %P_1_0_load, i64 %p_loc47_load, i64 %p_loc46_load, i64 %p_loc45_load, i64 %p_loc44_load, i64 %mux_case_3161403_loc, i64 %mux_case_2160400_loc, i64 %mux_case_1159397_loc, i64 %mux_case_0158394_loc, i64 %P_1_0, i64 %P_1_1, i64 %P_1_2, i64 %P_1_3" [ExtendedKalmanFilter.cpp:61]   --->   Operation 147 'call' 'call_ln61' <Predicate = true> <Delay = 0.83> <CoreType = "Generic">   --->   Core 0 '' <Latency = 0> <II = 1> <Delay = 1.00> <Generic> <Opcode : >
ST_3 : Operation 148 [2/2] (0.83ns)   --->   "%call_ln61 = call void @extendedKalmanFilter_Pipeline_VITIS_LOOP_67_75, i64 %P_2_3_load, i64 %P_2_2_load, i64 %P_2_1_load, i64 %P_2_0_load, i64 %p_loc56_load, i64 %p_loc55_load, i64 %p_loc54_load, i64 %p_loc53_load, i64 %mux_case_3165415_loc, i64 %mux_case_2164412_loc, i64 %mux_case_1163409_loc, i64 %mux_case_0162406_loc, i64 %P_2_0, i64 %P_2_1, i64 %P_2_2, i64 %P_2_3" [ExtendedKalmanFilter.cpp:61]   --->   Operation 148 'call' 'call_ln61' <Predicate = true> <Delay = 0.83> <CoreType = "Generic">   --->   Core 0 '' <Latency = 0> <II = 1> <Delay = 1.00> <Generic> <Opcode : >
ST_3 : Operation 149 [2/2] (0.83ns)   --->   "%call_ln61 = call void @extendedKalmanFilter_Pipeline_VITIS_LOOP_67_76, i64 %P_3_3_load, i64 %P_3_2_load, i64 %P_3_1_load, i64 %P_3_0_load, i64 %p_loc65_load, i64 %p_loc64_load, i64 %p_loc63_load, i64 %p_loc62_load, i64 %mux_case_3169427_loc, i64 %mux_case_2168424_loc, i64 %mux_case_1167421_loc, i64 %mux_case_0166418_loc, i64 %P_3_0, i64 %P_3_1, i64 %P_3_2, i64 %P_3_3" [ExtendedKalmanFilter.cpp:61]   --->   Operation 149 'call' 'call_ln61' <Predicate = true> <Delay = 0.83> <CoreType = "Generic">   --->   Core 0 '' <Latency = 0> <II = 1> <Delay = 1.00> <Generic> <Opcode : >

State 4 <SV = 3> <Delay = 2.32>
ST_4 : Operation 150 [10/13] (2.32ns)   --->   "%z_pred = dadd i64 %x_0_load, i64 %x_2_load" [ExtendedKalmanFilter.cpp:25->ExtendedKalmanFilter.cpp:44]   --->   Operation 150 'dadd' 'z_pred' <Predicate = true> <Delay = 2.32> <CoreInst = "DAddSub_fulldsp">   --->   Core 37 'DAddSub_fulldsp' <Latency = 12> <II = 1> <Delay = 2.32> <FuncUnit> <Opcode : 'dadd' 'dsub'> <InPorts = 2> <OutPorts = 1>
ST_4 : Operation 151 [10/13] (2.32ns)   --->   "%z_pred_1 = dadd i64 %x_1_load, i64 %x_3_load" [ExtendedKalmanFilter.cpp:26->ExtendedKalmanFilter.cpp:44]   --->   Operation 151 'dadd' 'z_pred_1' <Predicate = true> <Delay = 2.32> <CoreInst = "DAddSub_fulldsp">   --->   Core 37 'DAddSub_fulldsp' <Latency = 12> <II = 1> <Delay = 2.32> <FuncUnit> <Opcode : 'dadd' 'dsub'> <InPorts = 2> <OutPorts = 1>
ST_4 : Operation 152 [1/2] (0.00ns)   --->   "%call_ln61 = call void @extendedKalmanFilter_Pipeline_VITIS_LOOP_67_7, i64 %P_0_3_load, i64 %P_0_2_load, i64 %P_0_1_load, i64 %P_0_0_load, i64 %p_loc39_load, i64 %p_loc38_load, i64 %p_loc37_load, i64 %p_loc_load, i64 %mux_case_3157391_loc, i64 %mux_case_2156388_loc, i64 %mux_case_1155385_loc, i64 %mux_case_0154382_loc, i64 %P_0_0, i64 %P_0_1, i64 %P_0_2, i64 %P_0_3" [ExtendedKalmanFilter.cpp:61]   --->   Operation 152 'call' 'call_ln61' <Predicate = true> <Delay = 0.00> <CoreType = "Generic">   --->   Core 0 '' <Latency = 0> <II = 1> <Delay = 1.00> <Generic> <Opcode : >
ST_4 : Operation 153 [1/2] (0.00ns)   --->   "%call_ln61 = call void @extendedKalmanFilter_Pipeline_VITIS_LOOP_67_74, i64 %P_1_3_load, i64 %P_1_2_load, i64 %P_1_1_load, i64 %P_1_0_load, i64 %p_loc47_load, i64 %p_loc46_load, i64 %p_loc45_load, i64 %p_loc44_load, i64 %mux_case_3161403_loc, i64 %mux_case_2160400_loc, i64 %mux_case_1159397_loc, i64 %mux_case_0158394_loc, i64 %P_1_0, i64 %P_1_1, i64 %P_1_2, i64 %P_1_3" [ExtendedKalmanFilter.cpp:61]   --->   Operation 153 'call' 'call_ln61' <Predicate = true> <Delay = 0.00> <CoreType = "Generic">   --->   Core 0 '' <Latency = 0> <II = 1> <Delay = 1.00> <Generic> <Opcode : >
ST_4 : Operation 154 [1/2] (0.00ns)   --->   "%call_ln61 = call void @extendedKalmanFilter_Pipeline_VITIS_LOOP_67_75, i64 %P_2_3_load, i64 %P_2_2_load, i64 %P_2_1_load, i64 %P_2_0_load, i64 %p_loc56_load, i64 %p_loc55_load, i64 %p_loc54_load, i64 %p_loc53_load, i64 %mux_case_3165415_loc, i64 %mux_case_2164412_loc, i64 %mux_case_1163409_loc, i64 %mux_case_0162406_loc, i64 %P_2_0, i64 %P_2_1, i64 %P_2_2, i64 %P_2_3" [ExtendedKalmanFilter.cpp:61]   --->   Operation 154 'call' 'call_ln61' <Predicate = true> <Delay = 0.00> <CoreType = "Generic">   --->   Core 0 '' <Latency = 0> <II = 1> <Delay = 1.00> <Generic> <Opcode : >
ST_4 : Operation 155 [1/2] (0.00ns)   --->   "%call_ln61 = call void @extendedKalmanFilter_Pipeline_VITIS_LOOP_67_76, i64 %P_3_3_load, i64 %P_3_2_load, i64 %P_3_1_load, i64 %P_3_0_load, i64 %p_loc65_load, i64 %p_loc64_load, i64 %p_loc63_load, i64 %p_loc62_load, i64 %mux_case_3169427_loc, i64 %mux_case_2168424_loc, i64 %mux_case_1167421_loc, i64 %mux_case_0166418_loc, i64 %P_3_0, i64 %P_3_1, i64 %P_3_2, i64 %P_3_3" [ExtendedKalmanFilter.cpp:61]   --->   Operation 155 'call' 'call_ln61' <Predicate = true> <Delay = 0.00> <CoreType = "Generic">   --->   Core 0 '' <Latency = 0> <II = 1> <Delay = 1.00> <Generic> <Opcode : >

State 5 <SV = 4> <Delay = 2.32>
ST_5 : Operation 156 [9/13] (2.32ns)   --->   "%z_pred = dadd i64 %x_0_load, i64 %x_2_load" [ExtendedKalmanFilter.cpp:25->ExtendedKalmanFilter.cpp:44]   --->   Operation 156 'dadd' 'z_pred' <Predicate = true> <Delay = 2.32> <CoreInst = "DAddSub_fulldsp">   --->   Core 37 'DAddSub_fulldsp' <Latency = 12> <II = 1> <Delay = 2.32> <FuncUnit> <Opcode : 'dadd' 'dsub'> <InPorts = 2> <OutPorts = 1>
ST_5 : Operation 157 [9/13] (2.32ns)   --->   "%z_pred_1 = dadd i64 %x_1_load, i64 %x_3_load" [ExtendedKalmanFilter.cpp:26->ExtendedKalmanFilter.cpp:44]   --->   Operation 157 'dadd' 'z_pred_1' <Predicate = true> <Delay = 2.32> <CoreInst = "DAddSub_fulldsp">   --->   Core 37 'DAddSub_fulldsp' <Latency = 12> <II = 1> <Delay = 2.32> <FuncUnit> <Opcode : 'dadd' 'dsub'> <InPorts = 2> <OutPorts = 1>

State 6 <SV = 5> <Delay = 2.32>
ST_6 : Operation 158 [8/13] (2.32ns)   --->   "%z_pred = dadd i64 %x_0_load, i64 %x_2_load" [ExtendedKalmanFilter.cpp:25->ExtendedKalmanFilter.cpp:44]   --->   Operation 158 'dadd' 'z_pred' <Predicate = true> <Delay = 2.32> <CoreInst = "DAddSub_fulldsp">   --->   Core 37 'DAddSub_fulldsp' <Latency = 12> <II = 1> <Delay = 2.32> <FuncUnit> <Opcode : 'dadd' 'dsub'> <InPorts = 2> <OutPorts = 1>
ST_6 : Operation 159 [8/13] (2.32ns)   --->   "%z_pred_1 = dadd i64 %x_1_load, i64 %x_3_load" [ExtendedKalmanFilter.cpp:26->ExtendedKalmanFilter.cpp:44]   --->   Operation 159 'dadd' 'z_pred_1' <Predicate = true> <Delay = 2.32> <CoreInst = "DAddSub_fulldsp">   --->   Core 37 'DAddSub_fulldsp' <Latency = 12> <II = 1> <Delay = 2.32> <FuncUnit> <Opcode : 'dadd' 'dsub'> <InPorts = 2> <OutPorts = 1>

State 7 <SV = 6> <Delay = 2.32>
ST_7 : Operation 160 [7/13] (2.32ns)   --->   "%z_pred = dadd i64 %x_0_load, i64 %x_2_load" [ExtendedKalmanFilter.cpp:25->ExtendedKalmanFilter.cpp:44]   --->   Operation 160 'dadd' 'z_pred' <Predicate = true> <Delay = 2.32> <CoreInst = "DAddSub_fulldsp">   --->   Core 37 'DAddSub_fulldsp' <Latency = 12> <II = 1> <Delay = 2.32> <FuncUnit> <Opcode : 'dadd' 'dsub'> <InPorts = 2> <OutPorts = 1>
ST_7 : Operation 161 [7/13] (2.32ns)   --->   "%z_pred_1 = dadd i64 %x_1_load, i64 %x_3_load" [ExtendedKalmanFilter.cpp:26->ExtendedKalmanFilter.cpp:44]   --->   Operation 161 'dadd' 'z_pred_1' <Predicate = true> <Delay = 2.32> <CoreInst = "DAddSub_fulldsp">   --->   Core 37 'DAddSub_fulldsp' <Latency = 12> <II = 1> <Delay = 2.32> <FuncUnit> <Opcode : 'dadd' 'dsub'> <InPorts = 2> <OutPorts = 1>

State 8 <SV = 7> <Delay = 2.32>
ST_8 : Operation 162 [6/13] (2.32ns)   --->   "%z_pred = dadd i64 %x_0_load, i64 %x_2_load" [ExtendedKalmanFilter.cpp:25->ExtendedKalmanFilter.cpp:44]   --->   Operation 162 'dadd' 'z_pred' <Predicate = true> <Delay = 2.32> <CoreInst = "DAddSub_fulldsp">   --->   Core 37 'DAddSub_fulldsp' <Latency = 12> <II = 1> <Delay = 2.32> <FuncUnit> <Opcode : 'dadd' 'dsub'> <InPorts = 2> <OutPorts = 1>
ST_8 : Operation 163 [6/13] (2.32ns)   --->   "%z_pred_1 = dadd i64 %x_1_load, i64 %x_3_load" [ExtendedKalmanFilter.cpp:26->ExtendedKalmanFilter.cpp:44]   --->   Operation 163 'dadd' 'z_pred_1' <Predicate = true> <Delay = 2.32> <CoreInst = "DAddSub_fulldsp">   --->   Core 37 'DAddSub_fulldsp' <Latency = 12> <II = 1> <Delay = 2.32> <FuncUnit> <Opcode : 'dadd' 'dsub'> <InPorts = 2> <OutPorts = 1>

State 9 <SV = 8> <Delay = 2.32>
ST_9 : Operation 164 [5/13] (2.32ns)   --->   "%z_pred = dadd i64 %x_0_load, i64 %x_2_load" [ExtendedKalmanFilter.cpp:25->ExtendedKalmanFilter.cpp:44]   --->   Operation 164 'dadd' 'z_pred' <Predicate = true> <Delay = 2.32> <CoreInst = "DAddSub_fulldsp">   --->   Core 37 'DAddSub_fulldsp' <Latency = 12> <II = 1> <Delay = 2.32> <FuncUnit> <Opcode : 'dadd' 'dsub'> <InPorts = 2> <OutPorts = 1>
ST_9 : Operation 165 [5/13] (2.32ns)   --->   "%z_pred_1 = dadd i64 %x_1_load, i64 %x_3_load" [ExtendedKalmanFilter.cpp:26->ExtendedKalmanFilter.cpp:44]   --->   Operation 165 'dadd' 'z_pred_1' <Predicate = true> <Delay = 2.32> <CoreInst = "DAddSub_fulldsp">   --->   Core 37 'DAddSub_fulldsp' <Latency = 12> <II = 1> <Delay = 2.32> <FuncUnit> <Opcode : 'dadd' 'dsub'> <InPorts = 2> <OutPorts = 1>

State 10 <SV = 9> <Delay = 2.32>
ST_10 : Operation 166 [4/13] (2.32ns)   --->   "%z_pred = dadd i64 %x_0_load, i64 %x_2_load" [ExtendedKalmanFilter.cpp:25->ExtendedKalmanFilter.cpp:44]   --->   Operation 166 'dadd' 'z_pred' <Predicate = true> <Delay = 2.32> <CoreInst = "DAddSub_fulldsp">   --->   Core 37 'DAddSub_fulldsp' <Latency = 12> <II = 1> <Delay = 2.32> <FuncUnit> <Opcode : 'dadd' 'dsub'> <InPorts = 2> <OutPorts = 1>
ST_10 : Operation 167 [4/13] (2.32ns)   --->   "%z_pred_1 = dadd i64 %x_1_load, i64 %x_3_load" [ExtendedKalmanFilter.cpp:26->ExtendedKalmanFilter.cpp:44]   --->   Operation 167 'dadd' 'z_pred_1' <Predicate = true> <Delay = 2.32> <CoreInst = "DAddSub_fulldsp">   --->   Core 37 'DAddSub_fulldsp' <Latency = 12> <II = 1> <Delay = 2.32> <FuncUnit> <Opcode : 'dadd' 'dsub'> <InPorts = 2> <OutPorts = 1>

State 11 <SV = 10> <Delay = 2.32>
ST_11 : Operation 168 [3/13] (2.32ns)   --->   "%z_pred = dadd i64 %x_0_load, i64 %x_2_load" [ExtendedKalmanFilter.cpp:25->ExtendedKalmanFilter.cpp:44]   --->   Operation 168 'dadd' 'z_pred' <Predicate = true> <Delay = 2.32> <CoreInst = "DAddSub_fulldsp">   --->   Core 37 'DAddSub_fulldsp' <Latency = 12> <II = 1> <Delay = 2.32> <FuncUnit> <Opcode : 'dadd' 'dsub'> <InPorts = 2> <OutPorts = 1>
ST_11 : Operation 169 [3/13] (2.32ns)   --->   "%z_pred_1 = dadd i64 %x_1_load, i64 %x_3_load" [ExtendedKalmanFilter.cpp:26->ExtendedKalmanFilter.cpp:44]   --->   Operation 169 'dadd' 'z_pred_1' <Predicate = true> <Delay = 2.32> <CoreInst = "DAddSub_fulldsp">   --->   Core 37 'DAddSub_fulldsp' <Latency = 12> <II = 1> <Delay = 2.32> <FuncUnit> <Opcode : 'dadd' 'dsub'> <InPorts = 2> <OutPorts = 1>

State 12 <SV = 11> <Delay = 2.32>
ST_12 : Operation 170 [2/13] (2.32ns)   --->   "%z_pred = dadd i64 %x_0_load, i64 %x_2_load" [ExtendedKalmanFilter.cpp:25->ExtendedKalmanFilter.cpp:44]   --->   Operation 170 'dadd' 'z_pred' <Predicate = true> <Delay = 2.32> <CoreInst = "DAddSub_fulldsp">   --->   Core 37 'DAddSub_fulldsp' <Latency = 12> <II = 1> <Delay = 2.32> <FuncUnit> <Opcode : 'dadd' 'dsub'> <InPorts = 2> <OutPorts = 1>
ST_12 : Operation 171 [2/13] (2.32ns)   --->   "%z_pred_1 = dadd i64 %x_1_load, i64 %x_3_load" [ExtendedKalmanFilter.cpp:26->ExtendedKalmanFilter.cpp:44]   --->   Operation 171 'dadd' 'z_pred_1' <Predicate = true> <Delay = 2.32> <CoreInst = "DAddSub_fulldsp">   --->   Core 37 'DAddSub_fulldsp' <Latency = 12> <II = 1> <Delay = 2.32> <FuncUnit> <Opcode : 'dadd' 'dsub'> <InPorts = 2> <OutPorts = 1>

State 13 <SV = 12> <Delay = 2.32>
ST_13 : Operation 172 [1/13] (2.32ns)   --->   "%z_pred = dadd i64 %x_0_load, i64 %x_2_load" [ExtendedKalmanFilter.cpp:25->ExtendedKalmanFilter.cpp:44]   --->   Operation 172 'dadd' 'z_pred' <Predicate = true> <Delay = 2.32> <CoreInst = "DAddSub_fulldsp">   --->   Core 37 'DAddSub_fulldsp' <Latency = 12> <II = 1> <Delay = 2.32> <FuncUnit> <Opcode : 'dadd' 'dsub'> <InPorts = 2> <OutPorts = 1>
ST_13 : Operation 173 [1/1] (0.00ns)   --->   "%store_ln25 = store i64 %z_pred, i64 %x_0" [ExtendedKalmanFilter.cpp:25->ExtendedKalmanFilter.cpp:44]   --->   Operation 173 'store' 'store_ln25' <Predicate = true> <Delay = 0.00>
ST_13 : Operation 174 [1/13] (2.32ns)   --->   "%z_pred_1 = dadd i64 %x_1_load, i64 %x_3_load" [ExtendedKalmanFilter.cpp:26->ExtendedKalmanFilter.cpp:44]   --->   Operation 174 'dadd' 'z_pred_1' <Predicate = true> <Delay = 2.32> <CoreInst = "DAddSub_fulldsp">   --->   Core 37 'DAddSub_fulldsp' <Latency = 12> <II = 1> <Delay = 2.32> <FuncUnit> <Opcode : 'dadd' 'dsub'> <InPorts = 2> <OutPorts = 1>
ST_13 : Operation 175 [1/1] (0.00ns)   --->   "%store_ln26 = store i64 %z_pred_1, i64 %x_1" [ExtendedKalmanFilter.cpp:26->ExtendedKalmanFilter.cpp:44]   --->   Operation 175 'store' 'store_ln26' <Predicate = true> <Delay = 0.00>
ST_13 : Operation 176 [1/1] (0.00ns)   --->   "%bitcast_ln34 = bitcast i64 %z_pred" [ExtendedKalmanFilter.cpp:34->ExtendedKalmanFilter.cpp:75]   --->   Operation 176 'bitcast' 'bitcast_ln34' <Predicate = true> <Delay = 0.00>
ST_13 : Operation 177 [1/1] (0.00ns)   --->   "%write_ln34 = write void @_ssdm_op_Write.ap_auto.i64P0A, i64 %output_predict_data_0, i64 %bitcast_ln34" [ExtendedKalmanFilter.cpp:34->ExtendedKalmanFilter.cpp:75]   --->   Operation 177 'write' 'write_ln34' <Predicate = true> <Delay = 0.00>
ST_13 : Operation 178 [1/1] (0.00ns)   --->   "%bitcast_ln35 = bitcast i64 %z_pred_1" [ExtendedKalmanFilter.cpp:35->ExtendedKalmanFilter.cpp:75]   --->   Operation 178 'bitcast' 'bitcast_ln35' <Predicate = true> <Delay = 0.00>
ST_13 : Operation 179 [1/1] (0.00ns)   --->   "%write_ln35 = write void @_ssdm_op_Write.ap_auto.i64P0A, i64 %output_predict_data_1, i64 %bitcast_ln35" [ExtendedKalmanFilter.cpp:35->ExtendedKalmanFilter.cpp:75]   --->   Operation 179 'write' 'write_ln35' <Predicate = true> <Delay = 0.00>

State 14 <SV = 13> <Delay = 2.32>
ST_14 : Operation 180 [1/1] (0.00ns)   --->   "%gps_measurement_data_0_read = read i64 @_ssdm_op_Read.ap_auto.i64P0A, i64 %gps_measurement_data_0" [ExtendedKalmanFilter.cpp:27->ExtendedKalmanFilter.cpp:44]   --->   Operation 180 'read' 'gps_measurement_data_0_read' <Predicate = true> <Delay = 0.00>
ST_14 : Operation 181 [1/1] (0.00ns)   --->   "%bitcast_ln27 = bitcast i64 %gps_measurement_data_0_read" [ExtendedKalmanFilter.cpp:27->ExtendedKalmanFilter.cpp:44]   --->   Operation 181 'bitcast' 'bitcast_ln27' <Predicate = true> <Delay = 0.00>
ST_14 : Operation 182 [13/13] (2.32ns)   --->   "%add2_i = dadd i64 %x_2_load, i64 %bitcast_ln27" [ExtendedKalmanFilter.cpp:27->ExtendedKalmanFilter.cpp:44]   --->   Operation 182 'dadd' 'add2_i' <Predicate = true> <Delay = 2.32> <CoreInst = "DAddSub_fulldsp">   --->   Core 37 'DAddSub_fulldsp' <Latency = 12> <II = 1> <Delay = 2.32> <FuncUnit> <Opcode : 'dadd' 'dsub'> <InPorts = 2> <OutPorts = 1>
ST_14 : Operation 183 [1/1] (0.00ns)   --->   "%gps_measurement_data_1_read = read i64 @_ssdm_op_Read.ap_auto.i64P0A, i64 %gps_measurement_data_1" [ExtendedKalmanFilter.cpp:28->ExtendedKalmanFilter.cpp:44]   --->   Operation 183 'read' 'gps_measurement_data_1_read' <Predicate = true> <Delay = 0.00>
ST_14 : Operation 184 [1/1] (0.00ns)   --->   "%bitcast_ln28 = bitcast i64 %gps_measurement_data_1_read" [ExtendedKalmanFilter.cpp:28->ExtendedKalmanFilter.cpp:44]   --->   Operation 184 'bitcast' 'bitcast_ln28' <Predicate = true> <Delay = 0.00>
ST_14 : Operation 185 [13/13] (2.32ns)   --->   "%add4_i = dadd i64 %x_3_load, i64 %bitcast_ln28" [ExtendedKalmanFilter.cpp:28->ExtendedKalmanFilter.cpp:44]   --->   Operation 185 'dadd' 'add4_i' <Predicate = true> <Delay = 2.32> <CoreInst = "DAddSub_fulldsp">   --->   Core 37 'DAddSub_fulldsp' <Latency = 12> <II = 1> <Delay = 2.32> <FuncUnit> <Opcode : 'dadd' 'dsub'> <InPorts = 2> <OutPorts = 1>
ST_14 : Operation 186 [13/13] (2.32ns)   --->   "%y = dsub i64 %bitcast_ln27, i64 %z_pred" [ExtendedKalmanFilter.cpp:80]   --->   Operation 186 'dsub' 'y' <Predicate = true> <Delay = 2.32> <CoreInst = "DAddSub_fulldsp">   --->   Core 37 'DAddSub_fulldsp' <Latency = 12> <II = 1> <Delay = 2.32> <FuncUnit> <Opcode : 'dadd' 'dsub'> <InPorts = 2> <OutPorts = 1>
ST_14 : Operation 187 [13/13] (2.32ns)   --->   "%y_1 = dsub i64 %bitcast_ln28, i64 %z_pred_1" [ExtendedKalmanFilter.cpp:81]   --->   Operation 187 'dsub' 'y_1' <Predicate = true> <Delay = 2.32> <CoreInst = "DAddSub_fulldsp">   --->   Core 37 'DAddSub_fulldsp' <Latency = 12> <II = 1> <Delay = 2.32> <FuncUnit> <Opcode : 'dadd' 'dsub'> <InPorts = 2> <OutPorts = 1>

State 15 <SV = 14> <Delay = 2.32>
ST_15 : Operation 188 [12/13] (2.32ns)   --->   "%add2_i = dadd i64 %x_2_load, i64 %bitcast_ln27" [ExtendedKalmanFilter.cpp:27->ExtendedKalmanFilter.cpp:44]   --->   Operation 188 'dadd' 'add2_i' <Predicate = true> <Delay = 2.32> <CoreInst = "DAddSub_fulldsp">   --->   Core 37 'DAddSub_fulldsp' <Latency = 12> <II = 1> <Delay = 2.32> <FuncUnit> <Opcode : 'dadd' 'dsub'> <InPorts = 2> <OutPorts = 1>
ST_15 : Operation 189 [12/13] (2.32ns)   --->   "%add4_i = dadd i64 %x_3_load, i64 %bitcast_ln28" [ExtendedKalmanFilter.cpp:28->ExtendedKalmanFilter.cpp:44]   --->   Operation 189 'dadd' 'add4_i' <Predicate = true> <Delay = 2.32> <CoreInst = "DAddSub_fulldsp">   --->   Core 37 'DAddSub_fulldsp' <Latency = 12> <II = 1> <Delay = 2.32> <FuncUnit> <Opcode : 'dadd' 'dsub'> <InPorts = 2> <OutPorts = 1>
ST_15 : Operation 190 [12/13] (2.32ns)   --->   "%y = dsub i64 %bitcast_ln27, i64 %z_pred" [ExtendedKalmanFilter.cpp:80]   --->   Operation 190 'dsub' 'y' <Predicate = true> <Delay = 2.32> <CoreInst = "DAddSub_fulldsp">   --->   Core 37 'DAddSub_fulldsp' <Latency = 12> <II = 1> <Delay = 2.32> <FuncUnit> <Opcode : 'dadd' 'dsub'> <InPorts = 2> <OutPorts = 1>
ST_15 : Operation 191 [12/13] (2.32ns)   --->   "%y_1 = dsub i64 %bitcast_ln28, i64 %z_pred_1" [ExtendedKalmanFilter.cpp:81]   --->   Operation 191 'dsub' 'y_1' <Predicate = true> <Delay = 2.32> <CoreInst = "DAddSub_fulldsp">   --->   Core 37 'DAddSub_fulldsp' <Latency = 12> <II = 1> <Delay = 2.32> <FuncUnit> <Opcode : 'dadd' 'dsub'> <InPorts = 2> <OutPorts = 1>

State 16 <SV = 15> <Delay = 2.32>
ST_16 : Operation 192 [11/13] (2.32ns)   --->   "%add2_i = dadd i64 %x_2_load, i64 %bitcast_ln27" [ExtendedKalmanFilter.cpp:27->ExtendedKalmanFilter.cpp:44]   --->   Operation 192 'dadd' 'add2_i' <Predicate = true> <Delay = 2.32> <CoreInst = "DAddSub_fulldsp">   --->   Core 37 'DAddSub_fulldsp' <Latency = 12> <II = 1> <Delay = 2.32> <FuncUnit> <Opcode : 'dadd' 'dsub'> <InPorts = 2> <OutPorts = 1>
ST_16 : Operation 193 [11/13] (2.32ns)   --->   "%add4_i = dadd i64 %x_3_load, i64 %bitcast_ln28" [ExtendedKalmanFilter.cpp:28->ExtendedKalmanFilter.cpp:44]   --->   Operation 193 'dadd' 'add4_i' <Predicate = true> <Delay = 2.32> <CoreInst = "DAddSub_fulldsp">   --->   Core 37 'DAddSub_fulldsp' <Latency = 12> <II = 1> <Delay = 2.32> <FuncUnit> <Opcode : 'dadd' 'dsub'> <InPorts = 2> <OutPorts = 1>
ST_16 : Operation 194 [11/13] (2.32ns)   --->   "%y = dsub i64 %bitcast_ln27, i64 %z_pred" [ExtendedKalmanFilter.cpp:80]   --->   Operation 194 'dsub' 'y' <Predicate = true> <Delay = 2.32> <CoreInst = "DAddSub_fulldsp">   --->   Core 37 'DAddSub_fulldsp' <Latency = 12> <II = 1> <Delay = 2.32> <FuncUnit> <Opcode : 'dadd' 'dsub'> <InPorts = 2> <OutPorts = 1>
ST_16 : Operation 195 [11/13] (2.32ns)   --->   "%y_1 = dsub i64 %bitcast_ln28, i64 %z_pred_1" [ExtendedKalmanFilter.cpp:81]   --->   Operation 195 'dsub' 'y_1' <Predicate = true> <Delay = 2.32> <CoreInst = "DAddSub_fulldsp">   --->   Core 37 'DAddSub_fulldsp' <Latency = 12> <II = 1> <Delay = 2.32> <FuncUnit> <Opcode : 'dadd' 'dsub'> <InPorts = 2> <OutPorts = 1>

State 17 <SV = 16> <Delay = 2.32>
ST_17 : Operation 196 [10/13] (2.32ns)   --->   "%add2_i = dadd i64 %x_2_load, i64 %bitcast_ln27" [ExtendedKalmanFilter.cpp:27->ExtendedKalmanFilter.cpp:44]   --->   Operation 196 'dadd' 'add2_i' <Predicate = true> <Delay = 2.32> <CoreInst = "DAddSub_fulldsp">   --->   Core 37 'DAddSub_fulldsp' <Latency = 12> <II = 1> <Delay = 2.32> <FuncUnit> <Opcode : 'dadd' 'dsub'> <InPorts = 2> <OutPorts = 1>
ST_17 : Operation 197 [10/13] (2.32ns)   --->   "%add4_i = dadd i64 %x_3_load, i64 %bitcast_ln28" [ExtendedKalmanFilter.cpp:28->ExtendedKalmanFilter.cpp:44]   --->   Operation 197 'dadd' 'add4_i' <Predicate = true> <Delay = 2.32> <CoreInst = "DAddSub_fulldsp">   --->   Core 37 'DAddSub_fulldsp' <Latency = 12> <II = 1> <Delay = 2.32> <FuncUnit> <Opcode : 'dadd' 'dsub'> <InPorts = 2> <OutPorts = 1>
ST_17 : Operation 198 [10/13] (2.32ns)   --->   "%y = dsub i64 %bitcast_ln27, i64 %z_pred" [ExtendedKalmanFilter.cpp:80]   --->   Operation 198 'dsub' 'y' <Predicate = true> <Delay = 2.32> <CoreInst = "DAddSub_fulldsp">   --->   Core 37 'DAddSub_fulldsp' <Latency = 12> <II = 1> <Delay = 2.32> <FuncUnit> <Opcode : 'dadd' 'dsub'> <InPorts = 2> <OutPorts = 1>
ST_17 : Operation 199 [10/13] (2.32ns)   --->   "%y_1 = dsub i64 %bitcast_ln28, i64 %z_pred_1" [ExtendedKalmanFilter.cpp:81]   --->   Operation 199 'dsub' 'y_1' <Predicate = true> <Delay = 2.32> <CoreInst = "DAddSub_fulldsp">   --->   Core 37 'DAddSub_fulldsp' <Latency = 12> <II = 1> <Delay = 2.32> <FuncUnit> <Opcode : 'dadd' 'dsub'> <InPorts = 2> <OutPorts = 1>

State 18 <SV = 17> <Delay = 2.32>
ST_18 : Operation 200 [9/13] (2.32ns)   --->   "%add2_i = dadd i64 %x_2_load, i64 %bitcast_ln27" [ExtendedKalmanFilter.cpp:27->ExtendedKalmanFilter.cpp:44]   --->   Operation 200 'dadd' 'add2_i' <Predicate = true> <Delay = 2.32> <CoreInst = "DAddSub_fulldsp">   --->   Core 37 'DAddSub_fulldsp' <Latency = 12> <II = 1> <Delay = 2.32> <FuncUnit> <Opcode : 'dadd' 'dsub'> <InPorts = 2> <OutPorts = 1>
ST_18 : Operation 201 [9/13] (2.32ns)   --->   "%add4_i = dadd i64 %x_3_load, i64 %bitcast_ln28" [ExtendedKalmanFilter.cpp:28->ExtendedKalmanFilter.cpp:44]   --->   Operation 201 'dadd' 'add4_i' <Predicate = true> <Delay = 2.32> <CoreInst = "DAddSub_fulldsp">   --->   Core 37 'DAddSub_fulldsp' <Latency = 12> <II = 1> <Delay = 2.32> <FuncUnit> <Opcode : 'dadd' 'dsub'> <InPorts = 2> <OutPorts = 1>
ST_18 : Operation 202 [9/13] (2.32ns)   --->   "%y = dsub i64 %bitcast_ln27, i64 %z_pred" [ExtendedKalmanFilter.cpp:80]   --->   Operation 202 'dsub' 'y' <Predicate = true> <Delay = 2.32> <CoreInst = "DAddSub_fulldsp">   --->   Core 37 'DAddSub_fulldsp' <Latency = 12> <II = 1> <Delay = 2.32> <FuncUnit> <Opcode : 'dadd' 'dsub'> <InPorts = 2> <OutPorts = 1>
ST_18 : Operation 203 [9/13] (2.32ns)   --->   "%y_1 = dsub i64 %bitcast_ln28, i64 %z_pred_1" [ExtendedKalmanFilter.cpp:81]   --->   Operation 203 'dsub' 'y_1' <Predicate = true> <Delay = 2.32> <CoreInst = "DAddSub_fulldsp">   --->   Core 37 'DAddSub_fulldsp' <Latency = 12> <II = 1> <Delay = 2.32> <FuncUnit> <Opcode : 'dadd' 'dsub'> <InPorts = 2> <OutPorts = 1>

State 19 <SV = 18> <Delay = 2.32>
ST_19 : Operation 204 [8/13] (2.32ns)   --->   "%add2_i = dadd i64 %x_2_load, i64 %bitcast_ln27" [ExtendedKalmanFilter.cpp:27->ExtendedKalmanFilter.cpp:44]   --->   Operation 204 'dadd' 'add2_i' <Predicate = true> <Delay = 2.32> <CoreInst = "DAddSub_fulldsp">   --->   Core 37 'DAddSub_fulldsp' <Latency = 12> <II = 1> <Delay = 2.32> <FuncUnit> <Opcode : 'dadd' 'dsub'> <InPorts = 2> <OutPorts = 1>
ST_19 : Operation 205 [8/13] (2.32ns)   --->   "%add4_i = dadd i64 %x_3_load, i64 %bitcast_ln28" [ExtendedKalmanFilter.cpp:28->ExtendedKalmanFilter.cpp:44]   --->   Operation 205 'dadd' 'add4_i' <Predicate = true> <Delay = 2.32> <CoreInst = "DAddSub_fulldsp">   --->   Core 37 'DAddSub_fulldsp' <Latency = 12> <II = 1> <Delay = 2.32> <FuncUnit> <Opcode : 'dadd' 'dsub'> <InPorts = 2> <OutPorts = 1>
ST_19 : Operation 206 [8/13] (2.32ns)   --->   "%y = dsub i64 %bitcast_ln27, i64 %z_pred" [ExtendedKalmanFilter.cpp:80]   --->   Operation 206 'dsub' 'y' <Predicate = true> <Delay = 2.32> <CoreInst = "DAddSub_fulldsp">   --->   Core 37 'DAddSub_fulldsp' <Latency = 12> <II = 1> <Delay = 2.32> <FuncUnit> <Opcode : 'dadd' 'dsub'> <InPorts = 2> <OutPorts = 1>
ST_19 : Operation 207 [8/13] (2.32ns)   --->   "%y_1 = dsub i64 %bitcast_ln28, i64 %z_pred_1" [ExtendedKalmanFilter.cpp:81]   --->   Operation 207 'dsub' 'y_1' <Predicate = true> <Delay = 2.32> <CoreInst = "DAddSub_fulldsp">   --->   Core 37 'DAddSub_fulldsp' <Latency = 12> <II = 1> <Delay = 2.32> <FuncUnit> <Opcode : 'dadd' 'dsub'> <InPorts = 2> <OutPorts = 1>

State 20 <SV = 19> <Delay = 2.32>
ST_20 : Operation 208 [7/13] (2.32ns)   --->   "%add2_i = dadd i64 %x_2_load, i64 %bitcast_ln27" [ExtendedKalmanFilter.cpp:27->ExtendedKalmanFilter.cpp:44]   --->   Operation 208 'dadd' 'add2_i' <Predicate = true> <Delay = 2.32> <CoreInst = "DAddSub_fulldsp">   --->   Core 37 'DAddSub_fulldsp' <Latency = 12> <II = 1> <Delay = 2.32> <FuncUnit> <Opcode : 'dadd' 'dsub'> <InPorts = 2> <OutPorts = 1>
ST_20 : Operation 209 [7/13] (2.32ns)   --->   "%add4_i = dadd i64 %x_3_load, i64 %bitcast_ln28" [ExtendedKalmanFilter.cpp:28->ExtendedKalmanFilter.cpp:44]   --->   Operation 209 'dadd' 'add4_i' <Predicate = true> <Delay = 2.32> <CoreInst = "DAddSub_fulldsp">   --->   Core 37 'DAddSub_fulldsp' <Latency = 12> <II = 1> <Delay = 2.32> <FuncUnit> <Opcode : 'dadd' 'dsub'> <InPorts = 2> <OutPorts = 1>
ST_20 : Operation 210 [7/13] (2.32ns)   --->   "%y = dsub i64 %bitcast_ln27, i64 %z_pred" [ExtendedKalmanFilter.cpp:80]   --->   Operation 210 'dsub' 'y' <Predicate = true> <Delay = 2.32> <CoreInst = "DAddSub_fulldsp">   --->   Core 37 'DAddSub_fulldsp' <Latency = 12> <II = 1> <Delay = 2.32> <FuncUnit> <Opcode : 'dadd' 'dsub'> <InPorts = 2> <OutPorts = 1>
ST_20 : Operation 211 [7/13] (2.32ns)   --->   "%y_1 = dsub i64 %bitcast_ln28, i64 %z_pred_1" [ExtendedKalmanFilter.cpp:81]   --->   Operation 211 'dsub' 'y_1' <Predicate = true> <Delay = 2.32> <CoreInst = "DAddSub_fulldsp">   --->   Core 37 'DAddSub_fulldsp' <Latency = 12> <II = 1> <Delay = 2.32> <FuncUnit> <Opcode : 'dadd' 'dsub'> <InPorts = 2> <OutPorts = 1>

State 21 <SV = 20> <Delay = 2.32>
ST_21 : Operation 212 [6/13] (2.32ns)   --->   "%add2_i = dadd i64 %x_2_load, i64 %bitcast_ln27" [ExtendedKalmanFilter.cpp:27->ExtendedKalmanFilter.cpp:44]   --->   Operation 212 'dadd' 'add2_i' <Predicate = true> <Delay = 2.32> <CoreInst = "DAddSub_fulldsp">   --->   Core 37 'DAddSub_fulldsp' <Latency = 12> <II = 1> <Delay = 2.32> <FuncUnit> <Opcode : 'dadd' 'dsub'> <InPorts = 2> <OutPorts = 1>
ST_21 : Operation 213 [6/13] (2.32ns)   --->   "%add4_i = dadd i64 %x_3_load, i64 %bitcast_ln28" [ExtendedKalmanFilter.cpp:28->ExtendedKalmanFilter.cpp:44]   --->   Operation 213 'dadd' 'add4_i' <Predicate = true> <Delay = 2.32> <CoreInst = "DAddSub_fulldsp">   --->   Core 37 'DAddSub_fulldsp' <Latency = 12> <II = 1> <Delay = 2.32> <FuncUnit> <Opcode : 'dadd' 'dsub'> <InPorts = 2> <OutPorts = 1>
ST_21 : Operation 214 [1/1] (0.00ns)   --->   "%mux_case_3157391_loc_load = load i64 %mux_case_3157391_loc"   --->   Operation 214 'load' 'mux_case_3157391_loc_load' <Predicate = true> <Delay = 0.00>
ST_21 : Operation 215 [1/1] (0.00ns)   --->   "%mux_case_2156388_loc_load = load i64 %mux_case_2156388_loc"   --->   Operation 215 'load' 'mux_case_2156388_loc_load' <Predicate = true> <Delay = 0.00>
ST_21 : Operation 216 [1/1] (0.00ns)   --->   "%mux_case_1155385_loc_load = load i64 %mux_case_1155385_loc"   --->   Operation 216 'load' 'mux_case_1155385_loc_load' <Predicate = true> <Delay = 0.00>
ST_21 : Operation 217 [1/1] (0.00ns)   --->   "%mux_case_0154382_loc_load = load i64 %mux_case_0154382_loc"   --->   Operation 217 'load' 'mux_case_0154382_loc_load' <Predicate = true> <Delay = 0.00>
ST_21 : Operation 218 [1/1] (0.00ns)   --->   "%mux_case_3161403_loc_load = load i64 %mux_case_3161403_loc"   --->   Operation 218 'load' 'mux_case_3161403_loc_load' <Predicate = true> <Delay = 0.00>
ST_21 : Operation 219 [1/1] (0.00ns)   --->   "%mux_case_2160400_loc_load = load i64 %mux_case_2160400_loc"   --->   Operation 219 'load' 'mux_case_2160400_loc_load' <Predicate = true> <Delay = 0.00>
ST_21 : Operation 220 [1/1] (0.00ns)   --->   "%mux_case_1159397_loc_load = load i64 %mux_case_1159397_loc"   --->   Operation 220 'load' 'mux_case_1159397_loc_load' <Predicate = true> <Delay = 0.00>
ST_21 : Operation 221 [1/1] (0.00ns)   --->   "%mux_case_0158394_loc_load = load i64 %mux_case_0158394_loc"   --->   Operation 221 'load' 'mux_case_0158394_loc_load' <Predicate = true> <Delay = 0.00>
ST_21 : Operation 222 [1/1] (0.00ns)   --->   "%mux_case_3165415_loc_load = load i64 %mux_case_3165415_loc"   --->   Operation 222 'load' 'mux_case_3165415_loc_load' <Predicate = true> <Delay = 0.00>
ST_21 : Operation 223 [1/1] (0.00ns)   --->   "%mux_case_2164412_loc_load = load i64 %mux_case_2164412_loc"   --->   Operation 223 'load' 'mux_case_2164412_loc_load' <Predicate = true> <Delay = 0.00>
ST_21 : Operation 224 [1/1] (0.00ns)   --->   "%mux_case_1163409_loc_load = load i64 %mux_case_1163409_loc"   --->   Operation 224 'load' 'mux_case_1163409_loc_load' <Predicate = true> <Delay = 0.00>
ST_21 : Operation 225 [1/1] (0.00ns)   --->   "%mux_case_0162406_loc_load = load i64 %mux_case_0162406_loc"   --->   Operation 225 'load' 'mux_case_0162406_loc_load' <Predicate = true> <Delay = 0.00>
ST_21 : Operation 226 [1/1] (0.00ns)   --->   "%mux_case_3169427_loc_load = load i64 %mux_case_3169427_loc"   --->   Operation 226 'load' 'mux_case_3169427_loc_load' <Predicate = true> <Delay = 0.00>
ST_21 : Operation 227 [1/1] (0.00ns)   --->   "%mux_case_2168424_loc_load = load i64 %mux_case_2168424_loc"   --->   Operation 227 'load' 'mux_case_2168424_loc_load' <Predicate = true> <Delay = 0.00>
ST_21 : Operation 228 [1/1] (0.00ns)   --->   "%mux_case_1167421_loc_load = load i64 %mux_case_1167421_loc"   --->   Operation 228 'load' 'mux_case_1167421_loc_load' <Predicate = true> <Delay = 0.00>
ST_21 : Operation 229 [1/1] (0.00ns)   --->   "%mux_case_0166418_loc_load = load i64 %mux_case_0166418_loc"   --->   Operation 229 'load' 'mux_case_0166418_loc_load' <Predicate = true> <Delay = 0.00>
ST_21 : Operation 230 [2/2] (0.86ns)   --->   "%call_ln0 = call void @extendedKalmanFilter_Pipeline_VITIS_LOOP_101_14, i64 %mux_case_0154382_loc_load, i64 %mux_case_1155385_loc_load, i64 %mux_case_2156388_loc_load, i64 %mux_case_3157391_loc_load, i64 %mux_case_0158394_loc_load, i64 %mux_case_1159397_loc_load, i64 %mux_case_2160400_loc_load, i64 %mux_case_3161403_loc_load, i64 %mux_case_0162406_loc_load, i64 %mux_case_1163409_loc_load, i64 %mux_case_2164412_loc_load, i64 %mux_case_3165415_loc_load, i64 %mux_case_0166418_loc_load, i64 %mux_case_1167421_loc_load, i64 %mux_case_2168424_loc_load, i64 %mux_case_3169427_loc_load, i64 %p_loc77, i64 %p_loc78, i64 %p_loc79, i64 %p_loc80"   --->   Operation 230 'call' 'call_ln0' <Predicate = true> <Delay = 0.86> <CoreType = "Generic">   --->   Core 0 '' <Latency = 0> <II = 1> <Delay = 1.00> <Generic> <Opcode : >
ST_21 : Operation 231 [2/2] (0.86ns)   --->   "%call_ln0 = call void @extendedKalmanFilter_Pipeline_VITIS_LOOP_101_148, i64 %mux_case_0154382_loc_load, i64 %mux_case_1155385_loc_load, i64 %mux_case_2156388_loc_load, i64 %mux_case_3157391_loc_load, i64 %mux_case_0158394_loc_load, i64 %mux_case_1159397_loc_load, i64 %mux_case_2160400_loc_load, i64 %mux_case_3161403_loc_load, i64 %mux_case_0162406_loc_load, i64 %mux_case_1163409_loc_load, i64 %mux_case_2164412_loc_load, i64 %mux_case_3165415_loc_load, i64 %mux_case_0166418_loc_load, i64 %mux_case_1167421_loc_load, i64 %mux_case_2168424_loc_load, i64 %mux_case_3169427_loc_load, i64 %p_loc86, i64 %p_loc87, i64 %p_loc88, i64 %p_loc89"   --->   Operation 231 'call' 'call_ln0' <Predicate = true> <Delay = 0.86> <CoreType = "Generic">   --->   Core 0 '' <Latency = 0> <II = 1> <Delay = 1.00> <Generic> <Opcode : >
ST_21 : Operation 232 [2/2] (0.00ns)   --->   "%call_ln0 = call void @extendedKalmanFilter_Pipeline_VITIS_LOOP_121_20, i64 %mux_case_0154382_loc_load, i64 %mux_case_1155385_loc_load, i64 %mux_case_2156388_loc_load, i64 %mux_case_3157391_loc_load, i64 %temp1_1288_0378_loc, i64 %temp1_0_0377_loc"   --->   Operation 232 'call' 'call_ln0' <Predicate = true> <Delay = 0.00> <CoreType = "Generic">   --->   Core 0 '' <Latency = 0> <II = 1> <Delay = 1.00> <Generic> <Opcode : >
ST_21 : Operation 233 [6/13] (2.32ns)   --->   "%y = dsub i64 %bitcast_ln27, i64 %z_pred" [ExtendedKalmanFilter.cpp:80]   --->   Operation 233 'dsub' 'y' <Predicate = true> <Delay = 2.32> <CoreInst = "DAddSub_fulldsp">   --->   Core 37 'DAddSub_fulldsp' <Latency = 12> <II = 1> <Delay = 2.32> <FuncUnit> <Opcode : 'dadd' 'dsub'> <InPorts = 2> <OutPorts = 1>
ST_21 : Operation 234 [2/2] (0.00ns)   --->   "%call_ln0 = call void @extendedKalmanFilter_Pipeline_VITIS_LOOP_121_2010, i64 %mux_case_0158394_loc_load, i64 %mux_case_1159397_loc_load, i64 %mux_case_2160400_loc_load, i64 %mux_case_3161403_loc_load, i64 %temp1_1_1_0380_loc, i64 %temp1_1_0_0379_loc"   --->   Operation 234 'call' 'call_ln0' <Predicate = true> <Delay = 0.00> <CoreType = "Generic">   --->   Core 0 '' <Latency = 0> <II = 1> <Delay = 1.00> <Generic> <Opcode : >
ST_21 : Operation 235 [6/13] (2.32ns)   --->   "%y_1 = dsub i64 %bitcast_ln28, i64 %z_pred_1" [ExtendedKalmanFilter.cpp:81]   --->   Operation 235 'dsub' 'y_1' <Predicate = true> <Delay = 2.32> <CoreInst = "DAddSub_fulldsp">   --->   Core 37 'DAddSub_fulldsp' <Latency = 12> <II = 1> <Delay = 2.32> <FuncUnit> <Opcode : 'dadd' 'dsub'> <InPorts = 2> <OutPorts = 1>
ST_21 : Operation 236 [2/2] (0.00ns)   --->   "%call_ln0 = call void @extendedKalmanFilter_Pipeline_VITIS_LOOP_121_2011, i64 %mux_case_0162406_loc_load, i64 %mux_case_1163409_loc_load, i64 %mux_case_2164412_loc_load, i64 %mux_case_3165415_loc_load, i64 %temp1_2_1_0382_loc, i64 %temp1_2_0_0381_loc"   --->   Operation 236 'call' 'call_ln0' <Predicate = true> <Delay = 0.00> <CoreType = "Generic">   --->   Core 0 '' <Latency = 0> <II = 1> <Delay = 1.00> <Generic> <Opcode : >
ST_21 : Operation 237 [2/2] (0.00ns)   --->   "%call_ln0 = call void @extendedKalmanFilter_Pipeline_VITIS_LOOP_121_2012, i64 %mux_case_0166418_loc_load, i64 %mux_case_1167421_loc_load, i64 %mux_case_2168424_loc_load, i64 %mux_case_3169427_loc_load, i64 %temp1_3_1_0384_loc, i64 %temp1_3_0_0383_loc"   --->   Operation 237 'call' 'call_ln0' <Predicate = true> <Delay = 0.00> <CoreType = "Generic">   --->   Core 0 '' <Latency = 0> <II = 1> <Delay = 1.00> <Generic> <Opcode : >

State 22 <SV = 21> <Delay = 2.32>
ST_22 : Operation 238 [5/13] (2.32ns)   --->   "%add2_i = dadd i64 %x_2_load, i64 %bitcast_ln27" [ExtendedKalmanFilter.cpp:27->ExtendedKalmanFilter.cpp:44]   --->   Operation 238 'dadd' 'add2_i' <Predicate = true> <Delay = 2.32> <CoreInst = "DAddSub_fulldsp">   --->   Core 37 'DAddSub_fulldsp' <Latency = 12> <II = 1> <Delay = 2.32> <FuncUnit> <Opcode : 'dadd' 'dsub'> <InPorts = 2> <OutPorts = 1>
ST_22 : Operation 239 [5/13] (2.32ns)   --->   "%add4_i = dadd i64 %x_3_load, i64 %bitcast_ln28" [ExtendedKalmanFilter.cpp:28->ExtendedKalmanFilter.cpp:44]   --->   Operation 239 'dadd' 'add4_i' <Predicate = true> <Delay = 2.32> <CoreInst = "DAddSub_fulldsp">   --->   Core 37 'DAddSub_fulldsp' <Latency = 12> <II = 1> <Delay = 2.32> <FuncUnit> <Opcode : 'dadd' 'dsub'> <InPorts = 2> <OutPorts = 1>
ST_22 : Operation 240 [1/2] (0.00ns)   --->   "%call_ln0 = call void @extendedKalmanFilter_Pipeline_VITIS_LOOP_101_14, i64 %mux_case_0154382_loc_load, i64 %mux_case_1155385_loc_load, i64 %mux_case_2156388_loc_load, i64 %mux_case_3157391_loc_load, i64 %mux_case_0158394_loc_load, i64 %mux_case_1159397_loc_load, i64 %mux_case_2160400_loc_load, i64 %mux_case_3161403_loc_load, i64 %mux_case_0162406_loc_load, i64 %mux_case_1163409_loc_load, i64 %mux_case_2164412_loc_load, i64 %mux_case_3165415_loc_load, i64 %mux_case_0166418_loc_load, i64 %mux_case_1167421_loc_load, i64 %mux_case_2168424_loc_load, i64 %mux_case_3169427_loc_load, i64 %p_loc77, i64 %p_loc78, i64 %p_loc79, i64 %p_loc80"   --->   Operation 240 'call' 'call_ln0' <Predicate = true> <Delay = 0.00> <CoreType = "Generic">   --->   Core 0 '' <Latency = 0> <II = 1> <Delay = 1.00> <Generic> <Opcode : >
ST_22 : Operation 241 [1/2] (0.00ns)   --->   "%call_ln0 = call void @extendedKalmanFilter_Pipeline_VITIS_LOOP_101_148, i64 %mux_case_0154382_loc_load, i64 %mux_case_1155385_loc_load, i64 %mux_case_2156388_loc_load, i64 %mux_case_3157391_loc_load, i64 %mux_case_0158394_loc_load, i64 %mux_case_1159397_loc_load, i64 %mux_case_2160400_loc_load, i64 %mux_case_3161403_loc_load, i64 %mux_case_0162406_loc_load, i64 %mux_case_1163409_loc_load, i64 %mux_case_2164412_loc_load, i64 %mux_case_3165415_loc_load, i64 %mux_case_0166418_loc_load, i64 %mux_case_1167421_loc_load, i64 %mux_case_2168424_loc_load, i64 %mux_case_3169427_loc_load, i64 %p_loc86, i64 %p_loc87, i64 %p_loc88, i64 %p_loc89"   --->   Operation 241 'call' 'call_ln0' <Predicate = true> <Delay = 0.00> <CoreType = "Generic">   --->   Core 0 '' <Latency = 0> <II = 1> <Delay = 1.00> <Generic> <Opcode : >
ST_22 : Operation 242 [1/2] (0.00ns)   --->   "%call_ln0 = call void @extendedKalmanFilter_Pipeline_VITIS_LOOP_121_20, i64 %mux_case_0154382_loc_load, i64 %mux_case_1155385_loc_load, i64 %mux_case_2156388_loc_load, i64 %mux_case_3157391_loc_load, i64 %temp1_1288_0378_loc, i64 %temp1_0_0377_loc"   --->   Operation 242 'call' 'call_ln0' <Predicate = true> <Delay = 0.00> <CoreType = "Generic">   --->   Core 0 '' <Latency = 0> <II = 1> <Delay = 1.00> <Generic> <Opcode : >
ST_22 : Operation 243 [5/13] (2.32ns)   --->   "%y = dsub i64 %bitcast_ln27, i64 %z_pred" [ExtendedKalmanFilter.cpp:80]   --->   Operation 243 'dsub' 'y' <Predicate = true> <Delay = 2.32> <CoreInst = "DAddSub_fulldsp">   --->   Core 37 'DAddSub_fulldsp' <Latency = 12> <II = 1> <Delay = 2.32> <FuncUnit> <Opcode : 'dadd' 'dsub'> <InPorts = 2> <OutPorts = 1>
ST_22 : Operation 244 [1/2] (0.00ns)   --->   "%call_ln0 = call void @extendedKalmanFilter_Pipeline_VITIS_LOOP_121_2010, i64 %mux_case_0158394_loc_load, i64 %mux_case_1159397_loc_load, i64 %mux_case_2160400_loc_load, i64 %mux_case_3161403_loc_load, i64 %temp1_1_1_0380_loc, i64 %temp1_1_0_0379_loc"   --->   Operation 244 'call' 'call_ln0' <Predicate = true> <Delay = 0.00> <CoreType = "Generic">   --->   Core 0 '' <Latency = 0> <II = 1> <Delay = 1.00> <Generic> <Opcode : >
ST_22 : Operation 245 [5/13] (2.32ns)   --->   "%y_1 = dsub i64 %bitcast_ln28, i64 %z_pred_1" [ExtendedKalmanFilter.cpp:81]   --->   Operation 245 'dsub' 'y_1' <Predicate = true> <Delay = 2.32> <CoreInst = "DAddSub_fulldsp">   --->   Core 37 'DAddSub_fulldsp' <Latency = 12> <II = 1> <Delay = 2.32> <FuncUnit> <Opcode : 'dadd' 'dsub'> <InPorts = 2> <OutPorts = 1>
ST_22 : Operation 246 [1/2] (0.00ns)   --->   "%call_ln0 = call void @extendedKalmanFilter_Pipeline_VITIS_LOOP_121_2011, i64 %mux_case_0162406_loc_load, i64 %mux_case_1163409_loc_load, i64 %mux_case_2164412_loc_load, i64 %mux_case_3165415_loc_load, i64 %temp1_2_1_0382_loc, i64 %temp1_2_0_0381_loc"   --->   Operation 246 'call' 'call_ln0' <Predicate = true> <Delay = 0.00> <CoreType = "Generic">   --->   Core 0 '' <Latency = 0> <II = 1> <Delay = 1.00> <Generic> <Opcode : >
ST_22 : Operation 247 [1/2] (0.00ns)   --->   "%call_ln0 = call void @extendedKalmanFilter_Pipeline_VITIS_LOOP_121_2012, i64 %mux_case_0166418_loc_load, i64 %mux_case_1167421_loc_load, i64 %mux_case_2168424_loc_load, i64 %mux_case_3169427_loc_load, i64 %temp1_3_1_0384_loc, i64 %temp1_3_0_0383_loc"   --->   Operation 247 'call' 'call_ln0' <Predicate = true> <Delay = 0.00> <CoreType = "Generic">   --->   Core 0 '' <Latency = 0> <II = 1> <Delay = 1.00> <Generic> <Opcode : >

State 23 <SV = 22> <Delay = 2.32>
ST_23 : Operation 248 [4/13] (2.32ns)   --->   "%add2_i = dadd i64 %x_2_load, i64 %bitcast_ln27" [ExtendedKalmanFilter.cpp:27->ExtendedKalmanFilter.cpp:44]   --->   Operation 248 'dadd' 'add2_i' <Predicate = true> <Delay = 2.32> <CoreInst = "DAddSub_fulldsp">   --->   Core 37 'DAddSub_fulldsp' <Latency = 12> <II = 1> <Delay = 2.32> <FuncUnit> <Opcode : 'dadd' 'dsub'> <InPorts = 2> <OutPorts = 1>
ST_23 : Operation 249 [4/13] (2.32ns)   --->   "%add4_i = dadd i64 %x_3_load, i64 %bitcast_ln28" [ExtendedKalmanFilter.cpp:28->ExtendedKalmanFilter.cpp:44]   --->   Operation 249 'dadd' 'add4_i' <Predicate = true> <Delay = 2.32> <CoreInst = "DAddSub_fulldsp">   --->   Core 37 'DAddSub_fulldsp' <Latency = 12> <II = 1> <Delay = 2.32> <FuncUnit> <Opcode : 'dadd' 'dsub'> <InPorts = 2> <OutPorts = 1>
ST_23 : Operation 250 [1/1] (0.00ns)   --->   "%S_0_0_0_loc_load = load i64 %S_0_0_0_loc"   --->   Operation 250 'load' 'S_0_0_0_loc_load' <Predicate = true> <Delay = 0.00>
ST_23 : Operation 251 [1/1] (0.00ns)   --->   "%S_1_1_2_loc_load = load i64 %S_1_1_2_loc"   --->   Operation 251 'load' 'S_1_1_2_loc_load' <Predicate = true> <Delay = 0.00>
ST_23 : Operation 252 [1/1] (0.00ns)   --->   "%p_loc77_load = load i64 %p_loc77"   --->   Operation 252 'load' 'p_loc77_load' <Predicate = true> <Delay = 0.00>
ST_23 : Operation 253 [1/1] (0.00ns)   --->   "%p_loc78_load = load i64 %p_loc78"   --->   Operation 253 'load' 'p_loc78_load' <Predicate = true> <Delay = 0.00>
ST_23 : Operation 254 [1/1] (0.00ns)   --->   "%p_loc79_load = load i64 %p_loc79"   --->   Operation 254 'load' 'p_loc79_load' <Predicate = true> <Delay = 0.00>
ST_23 : Operation 255 [1/1] (0.00ns)   --->   "%p_loc80_load = load i64 %p_loc80"   --->   Operation 255 'load' 'p_loc80_load' <Predicate = true> <Delay = 0.00>
ST_23 : Operation 256 [1/1] (0.00ns)   --->   "%p_loc86_load = load i64 %p_loc86"   --->   Operation 256 'load' 'p_loc86_load' <Predicate = true> <Delay = 0.00>
ST_23 : Operation 257 [1/1] (0.00ns)   --->   "%p_loc87_load = load i64 %p_loc87"   --->   Operation 257 'load' 'p_loc87_load' <Predicate = true> <Delay = 0.00>
ST_23 : Operation 258 [1/1] (0.00ns)   --->   "%p_loc88_load = load i64 %p_loc88"   --->   Operation 258 'load' 'p_loc88_load' <Predicate = true> <Delay = 0.00>
ST_23 : Operation 259 [1/1] (0.00ns)   --->   "%p_loc89_load = load i64 %p_loc89"   --->   Operation 259 'load' 'p_loc89_load' <Predicate = true> <Delay = 0.00>
ST_23 : Operation 260 [2/2] (0.83ns)   --->   "%call_ln0 = call void @extendedKalmanFilter_Pipeline_VITIS_LOOP_110_17, i64 %S_0_0_0_loc_load, i64 %p_loc80_load, i64 %p_loc79_load, i64 %p_loc78_load, i64 %p_loc77_load, i64 %S_0_0_2_loc"   --->   Operation 260 'call' 'call_ln0' <Predicate = true> <Delay = 0.83> <CoreType = "Generic">   --->   Core 0 '' <Latency = 0> <II = 1> <Delay = 1.00> <Generic> <Opcode : >
ST_23 : Operation 261 [2/2] (0.83ns)   --->   "%call_ln0 = call void @extendedKalmanFilter_Pipeline_VITIS_LOOP_110_179, i64 %S_1_1_2_loc_load, i64 %p_loc89_load, i64 %p_loc88_load, i64 %p_loc87_load, i64 %p_loc86_load, i64 %S_1_1_0_loc"   --->   Operation 261 'call' 'call_ln0' <Predicate = true> <Delay = 0.83> <CoreType = "Generic">   --->   Core 0 '' <Latency = 0> <II = 1> <Delay = 1.00> <Generic> <Opcode : >
ST_23 : Operation 262 [4/13] (2.32ns)   --->   "%y = dsub i64 %bitcast_ln27, i64 %z_pred" [ExtendedKalmanFilter.cpp:80]   --->   Operation 262 'dsub' 'y' <Predicate = true> <Delay = 2.32> <CoreInst = "DAddSub_fulldsp">   --->   Core 37 'DAddSub_fulldsp' <Latency = 12> <II = 1> <Delay = 2.32> <FuncUnit> <Opcode : 'dadd' 'dsub'> <InPorts = 2> <OutPorts = 1>
ST_23 : Operation 263 [4/13] (2.32ns)   --->   "%y_1 = dsub i64 %bitcast_ln28, i64 %z_pred_1" [ExtendedKalmanFilter.cpp:81]   --->   Operation 263 'dsub' 'y_1' <Predicate = true> <Delay = 2.32> <CoreInst = "DAddSub_fulldsp">   --->   Core 37 'DAddSub_fulldsp' <Latency = 12> <II = 1> <Delay = 2.32> <FuncUnit> <Opcode : 'dadd' 'dsub'> <InPorts = 2> <OutPorts = 1>

State 24 <SV = 23> <Delay = 2.32>
ST_24 : Operation 264 [3/13] (2.32ns)   --->   "%add2_i = dadd i64 %x_2_load, i64 %bitcast_ln27" [ExtendedKalmanFilter.cpp:27->ExtendedKalmanFilter.cpp:44]   --->   Operation 264 'dadd' 'add2_i' <Predicate = true> <Delay = 2.32> <CoreInst = "DAddSub_fulldsp">   --->   Core 37 'DAddSub_fulldsp' <Latency = 12> <II = 1> <Delay = 2.32> <FuncUnit> <Opcode : 'dadd' 'dsub'> <InPorts = 2> <OutPorts = 1>
ST_24 : Operation 265 [3/13] (2.32ns)   --->   "%add4_i = dadd i64 %x_3_load, i64 %bitcast_ln28" [ExtendedKalmanFilter.cpp:28->ExtendedKalmanFilter.cpp:44]   --->   Operation 265 'dadd' 'add4_i' <Predicate = true> <Delay = 2.32> <CoreInst = "DAddSub_fulldsp">   --->   Core 37 'DAddSub_fulldsp' <Latency = 12> <II = 1> <Delay = 2.32> <FuncUnit> <Opcode : 'dadd' 'dsub'> <InPorts = 2> <OutPorts = 1>
ST_24 : Operation 266 [1/2] (0.00ns)   --->   "%call_ln0 = call void @extendedKalmanFilter_Pipeline_VITIS_LOOP_110_17, i64 %S_0_0_0_loc_load, i64 %p_loc80_load, i64 %p_loc79_load, i64 %p_loc78_load, i64 %p_loc77_load, i64 %S_0_0_2_loc"   --->   Operation 266 'call' 'call_ln0' <Predicate = true> <Delay = 0.00> <CoreType = "Generic">   --->   Core 0 '' <Latency = 0> <II = 1> <Delay = 1.00> <Generic> <Opcode : >
ST_24 : Operation 267 [1/2] (0.00ns)   --->   "%call_ln0 = call void @extendedKalmanFilter_Pipeline_VITIS_LOOP_110_179, i64 %S_1_1_2_loc_load, i64 %p_loc89_load, i64 %p_loc88_load, i64 %p_loc87_load, i64 %p_loc86_load, i64 %S_1_1_0_loc"   --->   Operation 267 'call' 'call_ln0' <Predicate = true> <Delay = 0.00> <CoreType = "Generic">   --->   Core 0 '' <Latency = 0> <II = 1> <Delay = 1.00> <Generic> <Opcode : >
ST_24 : Operation 268 [3/13] (2.32ns)   --->   "%y = dsub i64 %bitcast_ln27, i64 %z_pred" [ExtendedKalmanFilter.cpp:80]   --->   Operation 268 'dsub' 'y' <Predicate = true> <Delay = 2.32> <CoreInst = "DAddSub_fulldsp">   --->   Core 37 'DAddSub_fulldsp' <Latency = 12> <II = 1> <Delay = 2.32> <FuncUnit> <Opcode : 'dadd' 'dsub'> <InPorts = 2> <OutPorts = 1>
ST_24 : Operation 269 [3/13] (2.32ns)   --->   "%y_1 = dsub i64 %bitcast_ln28, i64 %z_pred_1" [ExtendedKalmanFilter.cpp:81]   --->   Operation 269 'dsub' 'y_1' <Predicate = true> <Delay = 2.32> <CoreInst = "DAddSub_fulldsp">   --->   Core 37 'DAddSub_fulldsp' <Latency = 12> <II = 1> <Delay = 2.32> <FuncUnit> <Opcode : 'dadd' 'dsub'> <InPorts = 2> <OutPorts = 1>

State 25 <SV = 24> <Delay = 2.32>
ST_25 : Operation 270 [2/13] (2.32ns)   --->   "%add2_i = dadd i64 %x_2_load, i64 %bitcast_ln27" [ExtendedKalmanFilter.cpp:27->ExtendedKalmanFilter.cpp:44]   --->   Operation 270 'dadd' 'add2_i' <Predicate = true> <Delay = 2.32> <CoreInst = "DAddSub_fulldsp">   --->   Core 37 'DAddSub_fulldsp' <Latency = 12> <II = 1> <Delay = 2.32> <FuncUnit> <Opcode : 'dadd' 'dsub'> <InPorts = 2> <OutPorts = 1>
ST_25 : Operation 271 [2/13] (2.32ns)   --->   "%add4_i = dadd i64 %x_3_load, i64 %bitcast_ln28" [ExtendedKalmanFilter.cpp:28->ExtendedKalmanFilter.cpp:44]   --->   Operation 271 'dadd' 'add4_i' <Predicate = true> <Delay = 2.32> <CoreInst = "DAddSub_fulldsp">   --->   Core 37 'DAddSub_fulldsp' <Latency = 12> <II = 1> <Delay = 2.32> <FuncUnit> <Opcode : 'dadd' 'dsub'> <InPorts = 2> <OutPorts = 1>
ST_25 : Operation 272 [1/1] (0.00ns)   --->   "%S_0_0_2_loc_load = load i64 %S_0_0_2_loc"   --->   Operation 272 'load' 'S_0_0_2_loc_load' <Predicate = true> <Delay = 0.00>
ST_25 : Operation 273 [1/1] (0.00ns)   --->   "%S_1_1_0_loc_load = load i64 %S_1_1_0_loc"   --->   Operation 273 'load' 'S_1_1_0_loc_load' <Predicate = true> <Delay = 0.00>
ST_25 : Operation 274 [1/1] (0.00ns)   --->   "%temp1_1288_0378_loc_load = load i64 %temp1_1288_0378_loc"   --->   Operation 274 'load' 'temp1_1288_0378_loc_load' <Predicate = true> <Delay = 0.00>
ST_25 : Operation 275 [1/1] (0.00ns)   --->   "%temp1_0_0377_loc_load = load i64 %temp1_0_0377_loc"   --->   Operation 275 'load' 'temp1_0_0377_loc_load' <Predicate = true> <Delay = 0.00>
ST_25 : Operation 276 [2/13] (2.32ns)   --->   "%y = dsub i64 %bitcast_ln27, i64 %z_pred" [ExtendedKalmanFilter.cpp:80]   --->   Operation 276 'dsub' 'y' <Predicate = true> <Delay = 2.32> <CoreInst = "DAddSub_fulldsp">   --->   Core 37 'DAddSub_fulldsp' <Latency = 12> <II = 1> <Delay = 2.32> <FuncUnit> <Opcode : 'dadd' 'dsub'> <InPorts = 2> <OutPorts = 1>
ST_25 : Operation 277 [1/1] (0.00ns)   --->   "%temp1_1_1_0380_loc_load = load i64 %temp1_1_1_0380_loc"   --->   Operation 277 'load' 'temp1_1_1_0380_loc_load' <Predicate = true> <Delay = 0.00>
ST_25 : Operation 278 [1/1] (0.00ns)   --->   "%temp1_1_0_0379_loc_load = load i64 %temp1_1_0_0379_loc"   --->   Operation 278 'load' 'temp1_1_0_0379_loc_load' <Predicate = true> <Delay = 0.00>
ST_25 : Operation 279 [2/13] (2.32ns)   --->   "%y_1 = dsub i64 %bitcast_ln28, i64 %z_pred_1" [ExtendedKalmanFilter.cpp:81]   --->   Operation 279 'dsub' 'y_1' <Predicate = true> <Delay = 2.32> <CoreInst = "DAddSub_fulldsp">   --->   Core 37 'DAddSub_fulldsp' <Latency = 12> <II = 1> <Delay = 2.32> <FuncUnit> <Opcode : 'dadd' 'dsub'> <InPorts = 2> <OutPorts = 1>
ST_25 : Operation 280 [1/1] (0.00ns)   --->   "%temp1_2_1_0382_loc_load = load i64 %temp1_2_1_0382_loc"   --->   Operation 280 'load' 'temp1_2_1_0382_loc_load' <Predicate = true> <Delay = 0.00>
ST_25 : Operation 281 [1/1] (0.00ns)   --->   "%temp1_2_0_0381_loc_load = load i64 %temp1_2_0_0381_loc"   --->   Operation 281 'load' 'temp1_2_0_0381_loc_load' <Predicate = true> <Delay = 0.00>
ST_25 : Operation 282 [1/1] (0.00ns)   --->   "%temp1_3_1_0384_loc_load = load i64 %temp1_3_1_0384_loc"   --->   Operation 282 'load' 'temp1_3_1_0384_loc_load' <Predicate = true> <Delay = 0.00>
ST_25 : Operation 283 [1/1] (0.00ns)   --->   "%temp1_3_0_0383_loc_load = load i64 %temp1_3_0_0383_loc"   --->   Operation 283 'load' 'temp1_3_0_0383_loc_load' <Predicate = true> <Delay = 0.00>
ST_25 : Operation 284 [2/2] (0.61ns)   --->   "%call_ln0 = call void @extendedKalmanFilter_Pipeline_VITIS_LOOP_128_22, i64 %temp1_2_0_0381_loc_load, i64 %temp1_0_0377_loc_load, i64 %S_0_0_2_loc_load, i64 %temp1_2_1_0382_loc_load, i64 %temp1_1288_0378_loc_load, i64 %S_1_1_0_loc_load, i64 %temp1_3_0_0383_loc_load, i64 %temp1_1_0_0379_loc_load, i64 %temp1_3_1_0384_loc_load, i64 %temp1_1_1_0380_loc_load, i64 %mux_case_3257467_loc, i64 %mux_case_2255464_loc, i64 %mux_case_1253461_loc, i64 %mux_case_0251458_loc, i64 %mux_case_3249455_loc, i64 %mux_case_2247452_loc, i64 %mux_case_1245449_loc, i64 %mux_case_0243446_loc"   --->   Operation 284 'call' 'call_ln0' <Predicate = true> <Delay = 0.61> <CoreType = "Generic">   --->   Core 0 '' <Latency = 0> <II = 1> <Delay = 1.00> <Generic> <Opcode : >

State 26 <SV = 25> <Delay = 2.32>
ST_26 : Operation 285 [1/13] (2.32ns)   --->   "%add2_i = dadd i64 %x_2_load, i64 %bitcast_ln27" [ExtendedKalmanFilter.cpp:27->ExtendedKalmanFilter.cpp:44]   --->   Operation 285 'dadd' 'add2_i' <Predicate = true> <Delay = 2.32> <CoreInst = "DAddSub_fulldsp">   --->   Core 37 'DAddSub_fulldsp' <Latency = 12> <II = 1> <Delay = 2.32> <FuncUnit> <Opcode : 'dadd' 'dsub'> <InPorts = 2> <OutPorts = 1>
ST_26 : Operation 286 [1/1] (0.00ns)   --->   "%store_ln27 = store i64 %add2_i, i64 %x_2" [ExtendedKalmanFilter.cpp:27->ExtendedKalmanFilter.cpp:44]   --->   Operation 286 'store' 'store_ln27' <Predicate = true> <Delay = 0.00>
ST_26 : Operation 287 [1/13] (2.32ns)   --->   "%add4_i = dadd i64 %x_3_load, i64 %bitcast_ln28" [ExtendedKalmanFilter.cpp:28->ExtendedKalmanFilter.cpp:44]   --->   Operation 287 'dadd' 'add4_i' <Predicate = true> <Delay = 2.32> <CoreInst = "DAddSub_fulldsp">   --->   Core 37 'DAddSub_fulldsp' <Latency = 12> <II = 1> <Delay = 2.32> <FuncUnit> <Opcode : 'dadd' 'dsub'> <InPorts = 2> <OutPorts = 1>
ST_26 : Operation 288 [1/1] (0.00ns)   --->   "%store_ln28 = store i64 %add4_i, i64 %x_3" [ExtendedKalmanFilter.cpp:28->ExtendedKalmanFilter.cpp:44]   --->   Operation 288 'store' 'store_ln28' <Predicate = true> <Delay = 0.00>
ST_26 : Operation 289 [1/13] (2.32ns)   --->   "%y = dsub i64 %bitcast_ln27, i64 %z_pred" [ExtendedKalmanFilter.cpp:80]   --->   Operation 289 'dsub' 'y' <Predicate = true> <Delay = 2.32> <CoreInst = "DAddSub_fulldsp">   --->   Core 37 'DAddSub_fulldsp' <Latency = 12> <II = 1> <Delay = 2.32> <FuncUnit> <Opcode : 'dadd' 'dsub'> <InPorts = 2> <OutPorts = 1>
ST_26 : Operation 290 [1/13] (2.32ns)   --->   "%y_1 = dsub i64 %bitcast_ln28, i64 %z_pred_1" [ExtendedKalmanFilter.cpp:81]   --->   Operation 290 'dsub' 'y_1' <Predicate = true> <Delay = 2.32> <CoreInst = "DAddSub_fulldsp">   --->   Core 37 'DAddSub_fulldsp' <Latency = 12> <II = 1> <Delay = 2.32> <FuncUnit> <Opcode : 'dadd' 'dsub'> <InPorts = 2> <OutPorts = 1>
ST_26 : Operation 291 [1/2] (0.00ns)   --->   "%call_ln0 = call void @extendedKalmanFilter_Pipeline_VITIS_LOOP_128_22, i64 %temp1_2_0_0381_loc_load, i64 %temp1_0_0377_loc_load, i64 %S_0_0_2_loc_load, i64 %temp1_2_1_0382_loc_load, i64 %temp1_1288_0378_loc_load, i64 %S_1_1_0_loc_load, i64 %temp1_3_0_0383_loc_load, i64 %temp1_1_0_0379_loc_load, i64 %temp1_3_1_0384_loc_load, i64 %temp1_1_1_0380_loc_load, i64 %mux_case_3257467_loc, i64 %mux_case_2255464_loc, i64 %mux_case_1253461_loc, i64 %mux_case_0251458_loc, i64 %mux_case_3249455_loc, i64 %mux_case_2247452_loc, i64 %mux_case_1245449_loc, i64 %mux_case_0243446_loc"   --->   Operation 291 'call' 'call_ln0' <Predicate = true> <Delay = 0.00> <CoreType = "Generic">   --->   Core 0 '' <Latency = 0> <II = 1> <Delay = 1.00> <Generic> <Opcode : >

State 27 <SV = 26> <Delay = 0.86>
ST_27 : Operation 292 [1/1] (0.00ns)   --->   "%mux_case_3257467_loc_load = load i64 %mux_case_3257467_loc"   --->   Operation 292 'load' 'mux_case_3257467_loc_load' <Predicate = true> <Delay = 0.00>
ST_27 : Operation 293 [1/1] (0.00ns)   --->   "%mux_case_2255464_loc_load = load i64 %mux_case_2255464_loc"   --->   Operation 293 'load' 'mux_case_2255464_loc_load' <Predicate = true> <Delay = 0.00>
ST_27 : Operation 294 [1/1] (0.00ns)   --->   "%mux_case_1253461_loc_load = load i64 %mux_case_1253461_loc"   --->   Operation 294 'load' 'mux_case_1253461_loc_load' <Predicate = true> <Delay = 0.00>
ST_27 : Operation 295 [1/1] (0.00ns)   --->   "%mux_case_0251458_loc_load = load i64 %mux_case_0251458_loc"   --->   Operation 295 'load' 'mux_case_0251458_loc_load' <Predicate = true> <Delay = 0.00>
ST_27 : Operation 296 [1/1] (0.00ns)   --->   "%mux_case_3249455_loc_load = load i64 %mux_case_3249455_loc"   --->   Operation 296 'load' 'mux_case_3249455_loc_load' <Predicate = true> <Delay = 0.00>
ST_27 : Operation 297 [1/1] (0.00ns)   --->   "%mux_case_2247452_loc_load = load i64 %mux_case_2247452_loc"   --->   Operation 297 'load' 'mux_case_2247452_loc_load' <Predicate = true> <Delay = 0.00>
ST_27 : Operation 298 [1/1] (0.00ns)   --->   "%mux_case_1245449_loc_load = load i64 %mux_case_1245449_loc"   --->   Operation 298 'load' 'mux_case_1245449_loc_load' <Predicate = true> <Delay = 0.00>
ST_27 : Operation 299 [1/1] (0.00ns)   --->   "%mux_case_0243446_loc_load = load i64 %mux_case_0243446_loc"   --->   Operation 299 'load' 'mux_case_0243446_loc_load' <Predicate = true> <Delay = 0.00>
ST_27 : Operation 300 [2/2] (0.86ns)   --->   "%call_ln28 = call void @extendedKalmanFilter_Pipeline_VITIS_LOOP_135_24, i64 %add4_i, i64 %add2_i, i64 %z_pred_1, i64 %z_pred, i64 %mux_case_0243446_loc_load, i64 %mux_case_1245449_loc_load, i64 %mux_case_2247452_loc_load, i64 %mux_case_3249455_loc_load, i64 %y, i64 %mux_case_0251458_loc_load, i64 %mux_case_1253461_loc_load, i64 %mux_case_2255464_loc_load, i64 %mux_case_3257467_loc_load, i64 %y_1, i64 %x_0, i64 %x_1, i64 %x_2, i64 %x_3" [ExtendedKalmanFilter.cpp:28->ExtendedKalmanFilter.cpp:44]   --->   Operation 300 'call' 'call_ln28' <Predicate = true> <Delay = 0.86> <CoreType = "Generic">   --->   Core 0 '' <Latency = 0> <II = 1> <Delay = 1.00> <Generic> <Opcode : >
ST_27 : Operation 301 [2/2] (0.86ns)   --->   "%call_ln0 = call void @extendedKalmanFilter_Pipeline_VITIS_LOOP_140_25_VITIS_LOOP_141_26, i64 %temp2, i64 %mux_case_0243446_loc_load, i64 %mux_case_1245449_loc_load, i64 %mux_case_2247452_loc_load, i64 %mux_case_3249455_loc_load, i64 %mux_case_0251458_loc_load, i64 %mux_case_1253461_loc_load, i64 %mux_case_2255464_loc_load, i64 %mux_case_3257467_loc_load"   --->   Operation 301 'call' 'call_ln0' <Predicate = true> <Delay = 0.86> <CoreType = "Generic">   --->   Core 0 '' <Latency = 0> <II = 1> <Delay = 1.00> <Generic> <Opcode : >

State 28 <SV = 27> <Delay = 0.00>
ST_28 : Operation 302 [1/2] (0.00ns)   --->   "%call_ln28 = call void @extendedKalmanFilter_Pipeline_VITIS_LOOP_135_24, i64 %add4_i, i64 %add2_i, i64 %z_pred_1, i64 %z_pred, i64 %mux_case_0243446_loc_load, i64 %mux_case_1245449_loc_load, i64 %mux_case_2247452_loc_load, i64 %mux_case_3249455_loc_load, i64 %y, i64 %mux_case_0251458_loc_load, i64 %mux_case_1253461_loc_load, i64 %mux_case_2255464_loc_load, i64 %mux_case_3257467_loc_load, i64 %y_1, i64 %x_0, i64 %x_1, i64 %x_2, i64 %x_3" [ExtendedKalmanFilter.cpp:28->ExtendedKalmanFilter.cpp:44]   --->   Operation 302 'call' 'call_ln28' <Predicate = true> <Delay = 0.00> <CoreType = "Generic">   --->   Core 0 '' <Latency = 0> <II = 1> <Delay = 1.00> <Generic> <Opcode : >
ST_28 : Operation 303 [1/2] (0.00ns)   --->   "%call_ln0 = call void @extendedKalmanFilter_Pipeline_VITIS_LOOP_140_25_VITIS_LOOP_141_26, i64 %temp2, i64 %mux_case_0243446_loc_load, i64 %mux_case_1245449_loc_load, i64 %mux_case_2247452_loc_load, i64 %mux_case_3249455_loc_load, i64 %mux_case_0251458_loc_load, i64 %mux_case_1253461_loc_load, i64 %mux_case_2255464_loc_load, i64 %mux_case_3257467_loc_load"   --->   Operation 303 'call' 'call_ln0' <Predicate = true> <Delay = 0.00> <CoreType = "Generic">   --->   Core 0 '' <Latency = 0> <II = 1> <Delay = 1.00> <Generic> <Opcode : >

State 29 <SV = 28> <Delay = 0.83>
ST_29 : Operation 304 [2/2] (0.83ns)   --->   "%call_ln0 = call void @extendedKalmanFilter_Pipeline_VITIS_LOOP_148_28_VITIS_LOOP_149_29, i64 %mux_case_3169427_loc_load, i64 %mux_case_2168424_loc_load, i64 %mux_case_1167421_loc_load, i64 %mux_case_0166418_loc_load, i64 %mux_case_3165415_loc_load, i64 %mux_case_2164412_loc_load, i64 %mux_case_1163409_loc_load, i64 %mux_case_0162406_loc_load, i64 %mux_case_3161403_loc_load, i64 %mux_case_2160400_loc_load, i64 %mux_case_1159397_loc_load, i64 %mux_case_0158394_loc_load, i64 %mux_case_3157391_loc_load, i64 %mux_case_2156388_loc_load, i64 %mux_case_1155385_loc_load, i64 %mux_case_0154382_loc_load, i64 %temp2, i64 %P_0_0, i64 %P_0_1, i64 %P_0_2, i64 %P_0_3, i64 %P_1_0, i64 %P_1_1, i64 %P_1_2, i64 %P_1_3, i64 %P_2_0, i64 %P_2_1, i64 %P_2_2, i64 %P_2_3, i64 %P_3_0, i64 %P_3_1, i64 %P_3_2, i64 %P_3_3"   --->   Operation 304 'call' 'call_ln0' <Predicate = true> <Delay = 0.83> <CoreType = "Generic">   --->   Core 0 '' <Latency = 0> <II = 1> <Delay = 1.00> <Generic> <Opcode : >

State 30 <SV = 29> <Delay = 0.00>
ST_30 : Operation 305 [1/1] (0.00ns)   --->   "%spectopmodule_ln39 = spectopmodule void @_ssdm_op_SpecTopModule, void @empty_9" [ExtendedKalmanFilter.cpp:39]   --->   Operation 305 'spectopmodule' 'spectopmodule_ln39' <Predicate = true> <Delay = 0.00>
ST_30 : Operation 306 [1/1] (0.00ns)   --->   "%specbitsmap_ln0 = specbitsmap void @_ssdm_op_SpecBitsMap, i64 %gps_measurement_data_0"   --->   Operation 306 'specbitsmap' 'specbitsmap_ln0' <Predicate = true> <Delay = 0.00>
ST_30 : Operation 307 [1/1] (0.00ns)   --->   "%specinterface_ln0 = specinterface void @_ssdm_op_SpecInterface, i64 %gps_measurement_data_0, void @empty_7, i32 0, i32 0, void @empty_8, i32 0, i32 0, void @empty_8, void @empty_8, void @empty_8, i32 0, i32 0, i32 0, i32 0, void @empty_8, void @empty_8, i32 4294967295, i32 0"   --->   Operation 307 'specinterface' 'specinterface_ln0' <Predicate = true> <Delay = 0.00>
ST_30 : Operation 308 [1/1] (0.00ns)   --->   "%specbitsmap_ln0 = specbitsmap void @_ssdm_op_SpecBitsMap, i64 %gps_measurement_data_1"   --->   Operation 308 'specbitsmap' 'specbitsmap_ln0' <Predicate = true> <Delay = 0.00>
ST_30 : Operation 309 [1/1] (0.00ns)   --->   "%specinterface_ln0 = specinterface void @_ssdm_op_SpecInterface, i64 %gps_measurement_data_1, void @empty_7, i32 0, i32 0, void @empty_8, i32 0, i32 0, void @empty_8, void @empty_8, void @empty_8, i32 0, i32 0, i32 0, i32 0, void @empty_8, void @empty_8, i32 4294967295, i32 0"   --->   Operation 309 'specinterface' 'specinterface_ln0' <Predicate = true> <Delay = 0.00>
ST_30 : Operation 310 [1/1] (0.00ns)   --->   "%specbitsmap_ln0 = specbitsmap void @_ssdm_op_SpecBitsMap, i64 %output_predict_data_0"   --->   Operation 310 'specbitsmap' 'specbitsmap_ln0' <Predicate = true> <Delay = 0.00>
ST_30 : Operation 311 [1/1] (0.00ns)   --->   "%specinterface_ln0 = specinterface void @_ssdm_op_SpecInterface, i64 %output_predict_data_0, void @empty_7, i32 0, i32 0, void @empty_8, i32 0, i32 0, void @empty_8, void @empty_8, void @empty_8, i32 0, i32 0, i32 0, i32 0, void @empty_8, void @empty_8, i32 4294967295, i32 0"   --->   Operation 311 'specinterface' 'specinterface_ln0' <Predicate = true> <Delay = 0.00>
ST_30 : Operation 312 [1/1] (0.00ns)   --->   "%specbitsmap_ln0 = specbitsmap void @_ssdm_op_SpecBitsMap, i64 %output_predict_data_1"   --->   Operation 312 'specbitsmap' 'specbitsmap_ln0' <Predicate = true> <Delay = 0.00>
ST_30 : Operation 313 [1/1] (0.00ns)   --->   "%specinterface_ln0 = specinterface void @_ssdm_op_SpecInterface, i64 %output_predict_data_1, void @empty_7, i32 0, i32 0, void @empty_8, i32 0, i32 0, void @empty_8, void @empty_8, void @empty_8, i32 0, i32 0, i32 0, i32 0, void @empty_8, void @empty_8, i32 4294967295, i32 0"   --->   Operation 313 'specinterface' 'specinterface_ln0' <Predicate = true> <Delay = 0.00>
ST_30 : Operation 314 [1/2] (0.00ns)   --->   "%call_ln0 = call void @extendedKalmanFilter_Pipeline_VITIS_LOOP_148_28_VITIS_LOOP_149_29, i64 %mux_case_3169427_loc_load, i64 %mux_case_2168424_loc_load, i64 %mux_case_1167421_loc_load, i64 %mux_case_0166418_loc_load, i64 %mux_case_3165415_loc_load, i64 %mux_case_2164412_loc_load, i64 %mux_case_1163409_loc_load, i64 %mux_case_0162406_loc_load, i64 %mux_case_3161403_loc_load, i64 %mux_case_2160400_loc_load, i64 %mux_case_1159397_loc_load, i64 %mux_case_0158394_loc_load, i64 %mux_case_3157391_loc_load, i64 %mux_case_2156388_loc_load, i64 %mux_case_1155385_loc_load, i64 %mux_case_0154382_loc_load, i64 %temp2, i64 %P_0_0, i64 %P_0_1, i64 %P_0_2, i64 %P_0_3, i64 %P_1_0, i64 %P_1_1, i64 %P_1_2, i64 %P_1_3, i64 %P_2_0, i64 %P_2_1, i64 %P_2_2, i64 %P_2_3, i64 %P_3_0, i64 %P_3_1, i64 %P_3_2, i64 %P_3_3"   --->   Operation 314 'call' 'call_ln0' <Predicate = true> <Delay = 0.00> <CoreType = "Generic">   --->   Core 0 '' <Latency = 0> <II = 1> <Delay = 1.00> <Generic> <Opcode : >
ST_30 : Operation 315 [1/1] (0.00ns)   --->   "%ret_ln153 = ret" [ExtendedKalmanFilter.cpp:153]   --->   Operation 315 'ret' 'ret_ln153' <Predicate = true> <Delay = 0.00>


============================================================
+ Verbose Summary: Timing violations
============================================================
Target clock period: 4.000ns, clock uncertainty: 1.080ns.

 <State 1>: 2.320ns
The critical path consists of the following:
	'load' operation 64 bit ('x_0_load', ExtendedKalmanFilter.cpp:25->ExtendedKalmanFilter.cpp:44) on static variable 'x_0' [95]  (0.000 ns)
	'dadd' operation 64 bit ('z_pred', ExtendedKalmanFilter.cpp:25->ExtendedKalmanFilter.cpp:44) [97]  (2.320 ns)

 <State 2>: 2.320ns
The critical path consists of the following:
	'dadd' operation 64 bit ('z_pred', ExtendedKalmanFilter.cpp:25->ExtendedKalmanFilter.cpp:44) [97]  (2.320 ns)

 <State 3>: 2.320ns
The critical path consists of the following:
	'dadd' operation 64 bit ('z_pred', ExtendedKalmanFilter.cpp:25->ExtendedKalmanFilter.cpp:44) [97]  (2.320 ns)

 <State 4>: 2.320ns
The critical path consists of the following:
	'dadd' operation 64 bit ('z_pred', ExtendedKalmanFilter.cpp:25->ExtendedKalmanFilter.cpp:44) [97]  (2.320 ns)

 <State 5>: 2.320ns
The critical path consists of the following:
	'dadd' operation 64 bit ('z_pred', ExtendedKalmanFilter.cpp:25->ExtendedKalmanFilter.cpp:44) [97]  (2.320 ns)

 <State 6>: 2.320ns
The critical path consists of the following:
	'dadd' operation 64 bit ('z_pred', ExtendedKalmanFilter.cpp:25->ExtendedKalmanFilter.cpp:44) [97]  (2.320 ns)

 <State 7>: 2.320ns
The critical path consists of the following:
	'dadd' operation 64 bit ('z_pred', ExtendedKalmanFilter.cpp:25->ExtendedKalmanFilter.cpp:44) [97]  (2.320 ns)

 <State 8>: 2.320ns
The critical path consists of the following:
	'dadd' operation 64 bit ('z_pred', ExtendedKalmanFilter.cpp:25->ExtendedKalmanFilter.cpp:44) [97]  (2.320 ns)

 <State 9>: 2.320ns
The critical path consists of the following:
	'dadd' operation 64 bit ('z_pred', ExtendedKalmanFilter.cpp:25->ExtendedKalmanFilter.cpp:44) [97]  (2.320 ns)

 <State 10>: 2.320ns
The critical path consists of the following:
	'dadd' operation 64 bit ('z_pred', ExtendedKalmanFilter.cpp:25->ExtendedKalmanFilter.cpp:44) [97]  (2.320 ns)

 <State 11>: 2.320ns
The critical path consists of the following:
	'dadd' operation 64 bit ('z_pred', ExtendedKalmanFilter.cpp:25->ExtendedKalmanFilter.cpp:44) [97]  (2.320 ns)

 <State 12>: 2.320ns
The critical path consists of the following:
	'dadd' operation 64 bit ('z_pred', ExtendedKalmanFilter.cpp:25->ExtendedKalmanFilter.cpp:44) [97]  (2.320 ns)

 <State 13>: 2.320ns
The critical path consists of the following:
	'dadd' operation 64 bit ('z_pred', ExtendedKalmanFilter.cpp:25->ExtendedKalmanFilter.cpp:44) [97]  (2.320 ns)

 <State 14>: 2.320ns
The critical path consists of the following:
	wire read operation ('gps_measurement_data_0_read', ExtendedKalmanFilter.cpp:27->ExtendedKalmanFilter.cpp:44) on port 'gps_measurement_data_0' (ExtendedKalmanFilter.cpp:27->ExtendedKalmanFilter.cpp:44) [103]  (0.000 ns)
	'dadd' operation 64 bit ('add2_i', ExtendedKalmanFilter.cpp:27->ExtendedKalmanFilter.cpp:44) [105]  (2.320 ns)

 <State 15>: 2.320ns
The critical path consists of the following:
	'dadd' operation 64 bit ('add2_i', ExtendedKalmanFilter.cpp:27->ExtendedKalmanFilter.cpp:44) [105]  (2.320 ns)

 <State 16>: 2.320ns
The critical path consists of the following:
	'dadd' operation 64 bit ('add2_i', ExtendedKalmanFilter.cpp:27->ExtendedKalmanFilter.cpp:44) [105]  (2.320 ns)

 <State 17>: 2.320ns
The critical path consists of the following:
	'dadd' operation 64 bit ('add2_i', ExtendedKalmanFilter.cpp:27->ExtendedKalmanFilter.cpp:44) [105]  (2.320 ns)

 <State 18>: 2.320ns
The critical path consists of the following:
	'dadd' operation 64 bit ('add2_i', ExtendedKalmanFilter.cpp:27->ExtendedKalmanFilter.cpp:44) [105]  (2.320 ns)

 <State 19>: 2.320ns
The critical path consists of the following:
	'dadd' operation 64 bit ('add2_i', ExtendedKalmanFilter.cpp:27->ExtendedKalmanFilter.cpp:44) [105]  (2.320 ns)

 <State 20>: 2.320ns
The critical path consists of the following:
	'dadd' operation 64 bit ('add2_i', ExtendedKalmanFilter.cpp:27->ExtendedKalmanFilter.cpp:44) [105]  (2.320 ns)

 <State 21>: 2.320ns
The critical path consists of the following:
	'dadd' operation 64 bit ('add2_i', ExtendedKalmanFilter.cpp:27->ExtendedKalmanFilter.cpp:44) [105]  (2.320 ns)

 <State 22>: 2.320ns
The critical path consists of the following:
	'dadd' operation 64 bit ('add2_i', ExtendedKalmanFilter.cpp:27->ExtendedKalmanFilter.cpp:44) [105]  (2.320 ns)

 <State 23>: 2.320ns
The critical path consists of the following:
	'dadd' operation 64 bit ('add2_i', ExtendedKalmanFilter.cpp:27->ExtendedKalmanFilter.cpp:44) [105]  (2.320 ns)

 <State 24>: 2.320ns
The critical path consists of the following:
	'dadd' operation 64 bit ('add2_i', ExtendedKalmanFilter.cpp:27->ExtendedKalmanFilter.cpp:44) [105]  (2.320 ns)

 <State 25>: 2.320ns
The critical path consists of the following:
	'dadd' operation 64 bit ('add2_i', ExtendedKalmanFilter.cpp:27->ExtendedKalmanFilter.cpp:44) [105]  (2.320 ns)

 <State 26>: 2.320ns
The critical path consists of the following:
	'dadd' operation 64 bit ('add2_i', ExtendedKalmanFilter.cpp:27->ExtendedKalmanFilter.cpp:44) [105]  (2.320 ns)

 <State 27>: 0.863ns
The critical path consists of the following:
	'load' operation 64 bit ('mux_case_3257467_loc_load') on local variable 'mux_case_3257467_loc' [204]  (0.000 ns)
	'call' operation 0 bit ('call_ln28', ExtendedKalmanFilter.cpp:28->ExtendedKalmanFilter.cpp:44) to 'extendedKalmanFilter_Pipeline_VITIS_LOOP_135_24' [212]  (0.863 ns)

 <State 28>: 0.000ns
The critical path consists of the following:

 <State 29>: 0.833ns
The critical path consists of the following:
	'call' operation 0 bit ('call_ln0') to 'extendedKalmanFilter_Pipeline_VITIS_LOOP_148_28_VITIS_LOOP_149_29' [214]  (0.833 ns)

 <State 30>: 0.000ns
The critical path consists of the following:


============================================================
+ Verbose Summary: Binding
============================================================
N/A
* FSMD analyzer results:
  - Output states:
 - Input state : 
  - Chain level:
	State 1
	State 2
	State 3
	State 4
	State 5
	State 6
	State 7
	State 8
	State 9
	State 10
	State 11
	State 12
	State 13
	State 14
	State 15
	State 16
	State 17
	State 18
	State 19
	State 20
	State 21
	State 22
	State 23
	State 24
	State 25
	State 26
	State 27
	State 28
	State 29
	State 30


============================================================
+ Verbose Summary: Datapath Resource usage 
============================================================
N/A
