

================================================================
== Vitis HLS Report for 'extendedKalmanFilter_Pipeline_VITIS_LOOP_94_12'
================================================================
* Date:           Sun Mar 17 14:02:15 2024

* Version:        2023.2 (Build 4023990 on Oct 11 2023)
* Project:        ExtendedKalmanFilter
* Solution:       solution2 (Vivado IP Flow Target)
* Product family: kintex7
* Target device:  xc7k160t-fbg676-2


================================================================
== Performance Estimates
================================================================
+ Timing: 
    * Summary: 
    +--------+---------+----------+------------+
    |  Clock |  Target | Estimated| Uncertainty|
    +--------+---------+----------+------------+
    |ap_clk  |  4.00 ns|  2.516 ns|     1.08 ns|
    +--------+---------+----------+------------+

+ Latency: 
    * Summary: 
    +---------+---------+-----------+-----------+-----+-----+---------+
    |  Latency (cycles) |   Latency (absolute)  |  Interval | Pipeline|
    |   min   |   max   |    min    |    max    | min | max |   Type  |
    +---------+---------+-----------+-----------+-----+-----+---------+
    |        4|        4|  16.000 ns|  16.000 ns|    4|    4|       no|
    +---------+---------+-----------+-----------+-----+-----+---------+

    + Detail: 
        * Instance: 
        N/A

        * Loop: 
        +--------------------+---------+---------+----------+-----------+-----------+------+----------+
        |                    |  Latency (cycles) | Iteration|  Initiation Interval  | Trip |          |
        |      Loop Name     |   min   |   max   |  Latency |  achieved |   target  | Count| Pipelined|
        +--------------------+---------+---------+----------+-----------+-----------+------+----------+
        |- VITIS_LOOP_94_12  |        2|        2|         1|          1|          1|     2|       yes|
        +--------------------+---------+---------+----------+-----------+-----------+------+----------+



================================================================
== Utilization Estimates
================================================================
* Summary: 
+-----------------+---------+-----+--------+--------+-----+
|       Name      | BRAM_18K| DSP |   FF   |   LUT  | URAM|
+-----------------+---------+-----+--------+--------+-----+
|DSP              |        -|    -|       -|       -|    -|
|Expression       |        -|    -|       0|     157|    -|
|FIFO             |        -|    -|       -|       -|    -|
|Instance         |        -|    -|       -|       -|    -|
|Memory           |        -|    -|       -|       -|    -|
|Multiplexer      |        -|    -|       -|      27|    -|
|Register         |        -|    -|      68|       -|    -|
+-----------------+---------+-----+--------+--------+-----+
|Total            |        0|    0|      68|     184|    0|
+-----------------+---------+-----+--------+--------+-----+
|Available        |      650|  600|  202800|  101400|    0|
+-----------------+---------+-----+--------+--------+-----+
|Utilization (%)  |        0|    0|      ~0|      ~0|    0|
+-----------------+---------+-----+--------+--------+-----+

+ Detail: 
    * Instance: 
    N/A

    * DSP: 
    N/A

    * Memory: 
    N/A

    * FIFO: 
    N/A

    * Expression: 
    +----------------------+----------+----+---+----+------------+------------+
    |     Variable Name    | Operation| DSP| FF| LUT| Bitwidth P0| Bitwidth P1|
    +----------------------+----------+----+---+----+------------+------------+
    |add_ln94_fu_61_p2     |         +|   0|  0|  10|           2|           1|
    |icmp_ln94_fu_55_p2    |      icmp|   0|  0|  11|           2|           3|
    |icmp_ln95_fu_70_p2    |      icmp|   0|  0|  10|           2|           1|
    |S_0_0_fu_76_p3        |    select|   0|  0|  62|           1|          62|
    |select_ln95_fu_88_p3  |    select|   0|  0|  64|           1|          64|
    +----------------------+----------+----+---+----+------------+------------+
    |Total                 |          |   0|  0| 157|           8|         131|
    +----------------------+----------+----+---+----+------------+------------+

    * Multiplexer: 
    +----------------------+----+-----------+-----+-----------+
    |         Name         | LUT| Input Size| Bits| Total Bits|
    +----------------------+----+-----------+-----+-----------+
    |ap_done_int           |   9|          2|    1|          2|
    |ap_sig_allocacmp_j_2  |   9|          2|    2|          4|
    |j_fu_32               |   9|          2|    2|          4|
    +----------------------+----+-----------+-----+-----------+
    |Total                 |  27|          6|    5|         10|
    +----------------------+----+-----------+-----+-----------+

    * Register: 
    +---------------+----+----+-----+-----------+
    |      Name     | FF | LUT| Bits| Const Bits|
    +---------------+----+----+-----+-----------+
    |S_0_0_0_fu_36  |  64|   0|   64|          0|
    |ap_CS_fsm      |   1|   0|    1|          0|
    |ap_done_reg    |   1|   0|    1|          0|
    |j_fu_32        |   2|   0|    2|          0|
    +---------------+----+----+-----+-----------+
    |Total          |  68|   0|   68|          0|
    +---------------+----+----+-----+-----------+



================================================================
== Interface
================================================================
* Summary: 
+--------------------+-----+-----+------------+------------------------------------------------+--------------+
|      RTL Ports     | Dir | Bits|  Protocol  |                  Source Object                 |    C Type    |
+--------------------+-----+-----+------------+------------------------------------------------+--------------+
|ap_clk              |   in|    1|  ap_ctrl_hs|  extendedKalmanFilter_Pipeline_VITIS_LOOP_94_12|  return value|
|ap_rst              |   in|    1|  ap_ctrl_hs|  extendedKalmanFilter_Pipeline_VITIS_LOOP_94_12|  return value|
|ap_start            |   in|    1|  ap_ctrl_hs|  extendedKalmanFilter_Pipeline_VITIS_LOOP_94_12|  return value|
|ap_done             |  out|    1|  ap_ctrl_hs|  extendedKalmanFilter_Pipeline_VITIS_LOOP_94_12|  return value|
|ap_idle             |  out|    1|  ap_ctrl_hs|  extendedKalmanFilter_Pipeline_VITIS_LOOP_94_12|  return value|
|ap_ready            |  out|    1|  ap_ctrl_hs|  extendedKalmanFilter_Pipeline_VITIS_LOOP_94_12|  return value|
|S_0_0_0_out         |  out|   64|      ap_vld|                                     S_0_0_0_out|       pointer|
|S_0_0_0_out_ap_vld  |  out|    1|      ap_vld|                                     S_0_0_0_out|       pointer|
+--------------------+-----+-----+------------+------------------------------------------------+--------------+

============================================================
+ Verbose Summary: Synthesis Manager
============================================================
InlineROM: 1
ExposeGlobal: 0
============================================================
+ Verbose Summary: CDFG Model
============================================================
IsTopModel: 0
ResetActiveHigh: 1
IsCombinational: 2
IsDatapathOnly: 2
HasWiredReturn: 1
HasMFsm: 2
HasVarLatency: 1
IsPipeline: 0
IsRtlPipelined: 0
IsInstanceOverlapped: 0
IsDontTouch: 0
HasImplIP: 0
IsGatedGlobalClock: 0

+ Individual pipeline summary: 
  * Pipeline-0: initiation interval (II) = 1, depth = 1


============================================================
+ Verbose Summary: Schedule
============================================================
* Number of FSM states : 1
* Pipeline : 1
  Pipeline-0 : II = 1, D = 1, States = { 1 }
* Dataflow Pipeline: 0

* FSM state transitions: 
1 --> 

* FSM state operations: 

State 1 <SV = 0> <Delay = 2.51>
ST_1 : Operation 4 [1/1] (0.00ns)   --->   "%j = alloca i32 1" [ExtendedKalmanFilter.cpp:94]   --->   Operation 4 'alloca' 'j' <Predicate = true> <Delay = 0.00>
ST_1 : Operation 5 [1/1] (0.00ns)   --->   "%S_0_0_0 = alloca i32 1"   --->   Operation 5 'alloca' 'S_0_0_0' <Predicate = true> <Delay = 0.00>
ST_1 : Operation 6 [1/1] (0.83ns)   --->   "%store_ln94 = store i2 0, i2 %j" [ExtendedKalmanFilter.cpp:94]   --->   Operation 6 'store' 'store_ln94' <Predicate = true> <Delay = 0.83>
ST_1 : Operation 7 [1/1] (0.00ns)   --->   "%br_ln0 = br void %for.inc141"   --->   Operation 7 'br' 'br_ln0' <Predicate = true> <Delay = 0.00>
ST_1 : Operation 8 [1/1] (0.00ns)   --->   "%j_2 = load i2 %j" [ExtendedKalmanFilter.cpp:95]   --->   Operation 8 'load' 'j_2' <Predicate = true> <Delay = 0.00>
ST_1 : Operation 9 [1/1] (0.85ns)   --->   "%icmp_ln94 = icmp_eq  i2 %j_2, i2 2" [ExtendedKalmanFilter.cpp:94]   --->   Operation 9 'icmp' 'icmp_ln94' <Predicate = true> <Delay = 0.85> <CoreInst = "Cmp">   --->   Core 9 'Cmp' <Latency = 0> <II = 1> <Delay = 0.93> <FuncUnit> <Opcode : 'icmp'> <InPorts = 2> <OutPorts = 1>
ST_1 : Operation 10 [1/1] (0.85ns)   --->   "%add_ln94 = add i2 %j_2, i2 1" [ExtendedKalmanFilter.cpp:94]   --->   Operation 10 'add' 'add_ln94' <Predicate = true> <Delay = 0.85> <CoreInst = "Adder">   --->   Core 1 'Adder' <Latency = 0> <II = 1> <Delay = 0.85> <FuncUnit> <Opcode : 'add' 'sub'> <InPorts = 2> <OutPorts = 1>
ST_1 : Operation 11 [1/1] (0.00ns)   --->   "%br_ln94 = br i1 %icmp_ln94, void %for.inc141.split, void %for.inc141.1.preheader.exitStub" [ExtendedKalmanFilter.cpp:94]   --->   Operation 11 'br' 'br_ln94' <Predicate = true> <Delay = 0.00>
ST_1 : Operation 12 [1/1] (0.00ns)   --->   "%S_0_0_0_load_1 = load i64 %S_0_0_0" [ExtendedKalmanFilter.cpp:95]   --->   Operation 12 'load' 'S_0_0_0_load_1' <Predicate = (!icmp_ln94)> <Delay = 0.00>
ST_1 : Operation 13 [1/1] (0.00ns)   --->   "%specpipeline_ln94 = specpipeline void @_ssdm_op_SpecPipeline, i32 4294967295, i32 0, i32 0, i32 0, void @empty_8" [ExtendedKalmanFilter.cpp:94]   --->   Operation 13 'specpipeline' 'specpipeline_ln94' <Predicate = (!icmp_ln94)> <Delay = 0.00>
ST_1 : Operation 14 [1/1] (0.00ns)   --->   "%speclooptripcount_ln94 = speclooptripcount void @_ssdm_op_SpecLoopTripCount, i64 2, i64 2, i64 2" [ExtendedKalmanFilter.cpp:94]   --->   Operation 14 'speclooptripcount' 'speclooptripcount_ln94' <Predicate = (!icmp_ln94)> <Delay = 0.00>
ST_1 : Operation 15 [1/1] (0.00ns)   --->   "%specloopname_ln94 = specloopname void @_ssdm_op_SpecLoopName, void @empty_4" [ExtendedKalmanFilter.cpp:94]   --->   Operation 15 'specloopname' 'specloopname_ln94' <Predicate = (!icmp_ln94)> <Delay = 0.00>
ST_1 : Operation 16 [1/1] (0.85ns)   --->   "%icmp_ln95 = icmp_eq  i2 %j_2, i2 0" [ExtendedKalmanFilter.cpp:95]   --->   Operation 16 'icmp' 'icmp_ln95' <Predicate = (!icmp_ln94)> <Delay = 0.85> <CoreInst = "Cmp">   --->   Core 9 'Cmp' <Latency = 0> <II = 1> <Delay = 0.85> <FuncUnit> <Opcode : 'icmp'> <InPorts = 2> <OutPorts = 1>
ST_1 : Operation 17 [1/1] (0.00ns) (grouped into LUT with out node select_ln95)   --->   "%S_0_0 = select i1 %icmp_ln95, i64 1, i64 0" [ExtendedKalmanFilter.cpp:95]   --->   Operation 17 'select' 'S_0_0' <Predicate = (!icmp_ln94)> <Delay = 0.00> <CoreInst = "Sel">   --->   Core 73 'Sel' <Latency = 0> <II = 1> <Delay = 0.59> <FuncUnit> <Opcode : 'select'> <InPorts = 3> <OutPorts = 1>
ST_1 : Operation 18 [1/1] (0.00ns) (grouped into LUT with out node select_ln95)   --->   "%trunc_ln95 = trunc i2 %j_2" [ExtendedKalmanFilter.cpp:95]   --->   Operation 18 'trunc' 'trunc_ln95' <Predicate = (!icmp_ln94)> <Delay = 0.00>
ST_1 : Operation 19 [1/1] (0.61ns) (out node of the LUT)   --->   "%select_ln95 = select i1 %trunc_ln95, i64 %S_0_0_0_load_1, i64 %S_0_0" [ExtendedKalmanFilter.cpp:95]   --->   Operation 19 'select' 'select_ln95' <Predicate = (!icmp_ln94)> <Delay = 0.61> <CoreInst = "Sel">   --->   Core 73 'Sel' <Latency = 0> <II = 1> <Delay = 0.61> <FuncUnit> <Opcode : 'select'> <InPorts = 3> <OutPorts = 1>
ST_1 : Operation 20 [1/1] (0.00ns)   --->   "%store_ln95 = store i64 %select_ln95, i64 %S_0_0_0" [ExtendedKalmanFilter.cpp:95]   --->   Operation 20 'store' 'store_ln95' <Predicate = (!icmp_ln94)> <Delay = 0.00>
ST_1 : Operation 21 [1/1] (0.83ns)   --->   "%store_ln94 = store i2 %add_ln94, i2 %j" [ExtendedKalmanFilter.cpp:94]   --->   Operation 21 'store' 'store_ln94' <Predicate = (!icmp_ln94)> <Delay = 0.83>
ST_1 : Operation 22 [1/1] (0.00ns)   --->   "%br_ln94 = br void %for.inc141" [ExtendedKalmanFilter.cpp:94]   --->   Operation 22 'br' 'br_ln94' <Predicate = (!icmp_ln94)> <Delay = 0.00>
ST_1 : Operation 23 [1/1] (0.00ns)   --->   "%S_0_0_0_load = load i64 %S_0_0_0"   --->   Operation 23 'load' 'S_0_0_0_load' <Predicate = (icmp_ln94)> <Delay = 0.00>
ST_1 : Operation 24 [1/1] (0.00ns)   --->   "%write_ln0 = write void @_ssdm_op_Write.ap_auto.doubleP0A, i64 %S_0_0_0_out, i64 %S_0_0_0_load"   --->   Operation 24 'write' 'write_ln0' <Predicate = (icmp_ln94)> <Delay = 0.00>
ST_1 : Operation 25 [1/1] (0.00ns)   --->   "%ret_ln0 = ret"   --->   Operation 25 'ret' 'ret_ln0' <Predicate = (icmp_ln94)> <Delay = 0.00>


============================================================
+ Verbose Summary: Binding
============================================================
STG Binding: 
---------------- STG Properties BEGIN ----------------
- Is combinational: 0
- Is one-state seq: 0
- Is datapath-only: 0
- Is pipelined: 0
- Is top level: 0
Port [ Return ] is wired: 1; IO mode=ap_ctrl_hs:ce=0
Port [ S_0_0_0_out]:  wired=1; compound=0; hidden=0; nouse=0; global=0; static=0; extern=0; dir=1; type=0; pingpong=0; private_global=0; IO mode=ap_vld:ce=0
---------------- STG Properties END ------------------

---------------- Datapath Model BEGIN ----------------

<LifeTime>
<method=bitvector/>
j                      (alloca           ) [ 01]
S_0_0_0                (alloca           ) [ 01]
store_ln94             (store            ) [ 00]
br_ln0                 (br               ) [ 00]
j_2                    (load             ) [ 00]
icmp_ln94              (icmp             ) [ 01]
add_ln94               (add              ) [ 00]
br_ln94                (br               ) [ 00]
S_0_0_0_load_1         (load             ) [ 00]
specpipeline_ln94      (specpipeline     ) [ 00]
speclooptripcount_ln94 (speclooptripcount) [ 00]
specloopname_ln94      (specloopname     ) [ 00]
icmp_ln95              (icmp             ) [ 00]
S_0_0                  (select           ) [ 00]
trunc_ln95             (trunc            ) [ 00]
select_ln95            (select           ) [ 00]
store_ln95             (store            ) [ 00]
store_ln94             (store            ) [ 00]
br_ln94                (br               ) [ 00]
S_0_0_0_load           (load             ) [ 00]
write_ln0              (write            ) [ 00]
ret_ln0                (ret              ) [ 00]
</LifeTime>

<model>

<comp_list>
<comp id="0" class="1000" name="S_0_0_0_out">
<pin_list>
<pin id="1" dir="1" index="0" bw="1" slack="0"/>
</pin_list>
<bind>
<StgValue><ssdm name="S_0_0_0_out"/></StgValue>
</bind>
</comp>

<comp id="2" class="1001" name="const_2">
<pin_list>
<pin id="3" dir="1" index="0" bw="1" slack="0"/>
</pin_list>
<bind>
<StgValue><ssdm name=""/></StgValue>
</bind>
</comp>

<comp id="4" class="1001" name="const_4">
<pin_list>
<pin id="5" dir="1" index="0" bw="1" slack="0"/>
</pin_list>
<bind>
<StgValue><ssdm name=""/></StgValue>
</bind>
</comp>

<comp id="6" class="1001" name="const_6">
<pin_list>
<pin id="7" dir="1" index="0" bw="1" slack="0"/>
</pin_list>
<bind>
<StgValue><ssdm name=""/></StgValue>
</bind>
</comp>

<comp id="8" class="1001" name="const_8">
<pin_list>
<pin id="9" dir="1" index="0" bw="1" slack="0"/>
</pin_list>
<bind>
<StgValue><ssdm name=""/></StgValue>
</bind>
</comp>

<comp id="10" class="1001" name="const_10">
<pin_list>
<pin id="11" dir="1" index="0" bw="1" slack="2147483647"/>
</pin_list>
<bind>
<StgValue><ssdm name="_ssdm_op_SpecPipeline"/></StgValue>
</bind>
</comp>

<comp id="12" class="1001" name="const_12">
<pin_list>
<pin id="13" dir="1" index="0" bw="1" slack="2147483647"/>
</pin_list>
<bind>
<StgValue><ssdm name=""/></StgValue>
</bind>
</comp>

<comp id="14" class="1001" name="const_14">
<pin_list>
<pin id="15" dir="1" index="0" bw="1" slack="2147483647"/>
</pin_list>
<bind>
<StgValue><ssdm name=""/></StgValue>
</bind>
</comp>

<comp id="16" class="1001" name="const_16">
<pin_list>
<pin id="17" dir="1" index="0" bw="1" slack="2147483647"/>
</pin_list>
<bind>
<StgValue><ssdm name="empty_8"/></StgValue>
</bind>
</comp>

<comp id="18" class="1001" name="const_18">
<pin_list>
<pin id="19" dir="1" index="0" bw="1" slack="2147483647"/>
</pin_list>
<bind>
<StgValue><ssdm name="_ssdm_op_SpecLoopTripCount"/></StgValue>
</bind>
</comp>

<comp id="20" class="1001" name="const_20">
<pin_list>
<pin id="21" dir="1" index="0" bw="1" slack="2147483647"/>
</pin_list>
<bind>
<StgValue><ssdm name=""/></StgValue>
</bind>
</comp>

<comp id="22" class="1001" name="const_22">
<pin_list>
<pin id="23" dir="1" index="0" bw="1" slack="2147483647"/>
</pin_list>
<bind>
<StgValue><ssdm name="_ssdm_op_SpecLoopName"/></StgValue>
</bind>
</comp>

<comp id="24" class="1001" name="const_24">
<pin_list>
<pin id="25" dir="1" index="0" bw="1" slack="2147483647"/>
</pin_list>
<bind>
<StgValue><ssdm name="empty_4"/></StgValue>
</bind>
</comp>

<comp id="26" class="1001" name="const_26">
<pin_list>
<pin id="27" dir="1" index="0" bw="1" slack="0"/>
</pin_list>
<bind>
<StgValue><ssdm name=""/></StgValue>
</bind>
</comp>

<comp id="28" class="1001" name="const_28">
<pin_list>
<pin id="29" dir="1" index="0" bw="1" slack="0"/>
</pin_list>
<bind>
<StgValue><ssdm name=""/></StgValue>
</bind>
</comp>

<comp id="30" class="1001" name="const_30">
<pin_list>
<pin id="31" dir="1" index="0" bw="1" slack="0"/>
</pin_list>
<bind>
<StgValue><ssdm name="_ssdm_op_Write.ap_auto.doubleP0A"/></StgValue>
</bind>
</comp>

<comp id="32" class="1004" name="j_fu_32">
<pin_list>
<pin id="33" dir="0" index="0" bw="1" slack="0"/>
<pin id="34" dir="1" index="1" bw="2" slack="0"/>
</pin_list>
<bind>
<opcode="alloca(26) " fcode="alloca"/>
<opset="j/1 "/>
</bind>
</comp>

<comp id="36" class="1004" name="S_0_0_0_fu_36">
<pin_list>
<pin id="37" dir="0" index="0" bw="1" slack="0"/>
<pin id="38" dir="1" index="1" bw="64" slack="0"/>
</pin_list>
<bind>
<opcode="alloca(26) " fcode="alloca"/>
<opset="S_0_0_0/1 "/>
</bind>
</comp>

<comp id="40" class="1004" name="write_ln0_write_fu_40">
<pin_list>
<pin id="41" dir="0" index="0" bw="0" slack="0"/>
<pin id="42" dir="0" index="1" bw="64" slack="0"/>
<pin id="43" dir="0" index="2" bw="64" slack="0"/>
<pin id="44" dir="1" index="3" bw="0" slack="2147483647"/>
</pin_list>
<bind>
<opcode="write(1151) " fcode="write"/>
<opset="write_ln0/1 "/>
</bind>
</comp>

<comp id="47" class="1004" name="store_ln94_store_fu_47">
<pin_list>
<pin id="48" dir="0" index="0" bw="1" slack="0"/>
<pin id="49" dir="0" index="1" bw="2" slack="0"/>
<pin id="50" dir="1" index="2" bw="0" slack="2147483647"/>
</pin_list>
<bind>
<opcode="store(28) " fcode="store"/>
<opset="store_ln94/1 "/>
</bind>
</comp>

<comp id="52" class="1004" name="j_2_load_fu_52">
<pin_list>
<pin id="53" dir="0" index="0" bw="2" slack="0"/>
<pin id="54" dir="1" index="1" bw="2" slack="0"/>
</pin_list>
<bind>
<opcode="load(27) " fcode="load"/>
<opset="j_2/1 "/>
</bind>
</comp>

<comp id="55" class="1004" name="icmp_ln94_fu_55">
<pin_list>
<pin id="56" dir="0" index="0" bw="2" slack="0"/>
<pin id="57" dir="0" index="1" bw="2" slack="0"/>
<pin id="58" dir="1" index="2" bw="1" slack="2147483647"/>
</pin_list>
<bind>
<opcode="icmp(45) " fcode="icmp"/>
<opset="icmp_ln94/1 "/>
</bind>
</comp>

<comp id="61" class="1004" name="add_ln94_fu_61">
<pin_list>
<pin id="62" dir="0" index="0" bw="2" slack="0"/>
<pin id="63" dir="0" index="1" bw="1" slack="0"/>
<pin id="64" dir="1" index="2" bw="2" slack="0"/>
</pin_list>
<bind>
<opcode="add(8) " fcode="add"/>
<opset="add_ln94/1 "/>
</bind>
</comp>

<comp id="67" class="1004" name="S_0_0_0_load_1_load_fu_67">
<pin_list>
<pin id="68" dir="0" index="0" bw="64" slack="0"/>
<pin id="69" dir="1" index="1" bw="64" slack="0"/>
</pin_list>
<bind>
<opcode="load(27) " fcode="load"/>
<opset="S_0_0_0_load_1/1 "/>
</bind>
</comp>

<comp id="70" class="1004" name="icmp_ln95_fu_70">
<pin_list>
<pin id="71" dir="0" index="0" bw="2" slack="0"/>
<pin id="72" dir="0" index="1" bw="2" slack="0"/>
<pin id="73" dir="1" index="2" bw="1" slack="0"/>
</pin_list>
<bind>
<opcode="icmp(45) " fcode="icmp"/>
<opset="icmp_ln95/1 "/>
</bind>
</comp>

<comp id="76" class="1004" name="S_0_0_fu_76">
<pin_list>
<pin id="77" dir="0" index="0" bw="1" slack="0"/>
<pin id="78" dir="0" index="1" bw="64" slack="0"/>
<pin id="79" dir="0" index="2" bw="64" slack="0"/>
<pin id="80" dir="1" index="3" bw="64" slack="0"/>
</pin_list>
<bind>
<opcode="select(49) " fcode="select"/>
<opset="S_0_0/1 "/>
</bind>
</comp>

<comp id="84" class="1004" name="trunc_ln95_fu_84">
<pin_list>
<pin id="85" dir="0" index="0" bw="2" slack="0"/>
<pin id="86" dir="1" index="1" bw="1" slack="0"/>
</pin_list>
<bind>
<opcode="trunc(33) " fcode="trunc"/>
<opset="trunc_ln95/1 "/>
</bind>
</comp>

<comp id="88" class="1004" name="select_ln95_fu_88">
<pin_list>
<pin id="89" dir="0" index="0" bw="1" slack="0"/>
<pin id="90" dir="0" index="1" bw="64" slack="0"/>
<pin id="91" dir="0" index="2" bw="64" slack="0"/>
<pin id="92" dir="1" index="3" bw="64" slack="0"/>
</pin_list>
<bind>
<opcode="select(49) " fcode="select"/>
<opset="select_ln95/1 "/>
</bind>
</comp>

<comp id="96" class="1004" name="store_ln95_store_fu_96">
<pin_list>
<pin id="97" dir="0" index="0" bw="64" slack="0"/>
<pin id="98" dir="0" index="1" bw="64" slack="0"/>
<pin id="99" dir="1" index="2" bw="0" slack="2147483647"/>
</pin_list>
<bind>
<opcode="store(28) " fcode="store"/>
<opset="store_ln95/1 "/>
</bind>
</comp>

<comp id="101" class="1004" name="store_ln94_store_fu_101">
<pin_list>
<pin id="102" dir="0" index="0" bw="2" slack="0"/>
<pin id="103" dir="0" index="1" bw="2" slack="0"/>
<pin id="104" dir="1" index="2" bw="0" slack="2147483647"/>
</pin_list>
<bind>
<opcode="store(28) " fcode="store"/>
<opset="store_ln94/1 "/>
</bind>
</comp>

<comp id="106" class="1004" name="S_0_0_0_load_load_fu_106">
<pin_list>
<pin id="107" dir="0" index="0" bw="64" slack="0"/>
<pin id="108" dir="1" index="1" bw="64" slack="0"/>
</pin_list>
<bind>
<opcode="load(27) " fcode="load"/>
<opset="S_0_0_0_load/1 "/>
</bind>
</comp>

<comp id="110" class="1005" name="j_reg_110">
<pin_list>
<pin id="111" dir="0" index="0" bw="2" slack="0"/>
<pin id="112" dir="1" index="1" bw="2" slack="0"/>
</pin_list>
<bind>
<opset="j "/>
</bind>
</comp>

<comp id="117" class="1005" name="S_0_0_0_reg_117">
<pin_list>
<pin id="118" dir="0" index="0" bw="64" slack="0"/>
<pin id="119" dir="1" index="1" bw="64" slack="0"/>
</pin_list>
<bind>
<opset="S_0_0_0 "/>
</bind>
</comp>

</comp_list>

<net_list>
<net id="35"><net_src comp="2" pin="0"/><net_sink comp="32" pin=0"/></net>

<net id="39"><net_src comp="2" pin="0"/><net_sink comp="36" pin=0"/></net>

<net id="45"><net_src comp="30" pin="0"/><net_sink comp="40" pin=0"/></net>

<net id="46"><net_src comp="0" pin="0"/><net_sink comp="40" pin=1"/></net>

<net id="51"><net_src comp="4" pin="0"/><net_sink comp="47" pin=0"/></net>

<net id="59"><net_src comp="52" pin="1"/><net_sink comp="55" pin=0"/></net>

<net id="60"><net_src comp="6" pin="0"/><net_sink comp="55" pin=1"/></net>

<net id="65"><net_src comp="52" pin="1"/><net_sink comp="61" pin=0"/></net>

<net id="66"><net_src comp="8" pin="0"/><net_sink comp="61" pin=1"/></net>

<net id="74"><net_src comp="52" pin="1"/><net_sink comp="70" pin=0"/></net>

<net id="75"><net_src comp="4" pin="0"/><net_sink comp="70" pin=1"/></net>

<net id="81"><net_src comp="70" pin="2"/><net_sink comp="76" pin=0"/></net>

<net id="82"><net_src comp="26" pin="0"/><net_sink comp="76" pin=1"/></net>

<net id="83"><net_src comp="28" pin="0"/><net_sink comp="76" pin=2"/></net>

<net id="87"><net_src comp="52" pin="1"/><net_sink comp="84" pin=0"/></net>

<net id="93"><net_src comp="84" pin="1"/><net_sink comp="88" pin=0"/></net>

<net id="94"><net_src comp="67" pin="1"/><net_sink comp="88" pin=1"/></net>

<net id="95"><net_src comp="76" pin="3"/><net_sink comp="88" pin=2"/></net>

<net id="100"><net_src comp="88" pin="3"/><net_sink comp="96" pin=0"/></net>

<net id="105"><net_src comp="61" pin="2"/><net_sink comp="101" pin=0"/></net>

<net id="109"><net_src comp="106" pin="1"/><net_sink comp="40" pin=2"/></net>

<net id="113"><net_src comp="32" pin="1"/><net_sink comp="110" pin=0"/></net>

<net id="114"><net_src comp="110" pin="1"/><net_sink comp="47" pin=1"/></net>

<net id="115"><net_src comp="110" pin="1"/><net_sink comp="52" pin=0"/></net>

<net id="116"><net_src comp="110" pin="1"/><net_sink comp="101" pin=1"/></net>

<net id="120"><net_src comp="36" pin="1"/><net_sink comp="117" pin=0"/></net>

<net id="121"><net_src comp="117" pin="1"/><net_sink comp="67" pin=0"/></net>

<net id="122"><net_src comp="117" pin="1"/><net_sink comp="96" pin=1"/></net>

<net id="123"><net_src comp="117" pin="1"/><net_sink comp="106" pin=0"/></net>

</net_list>

</model> 
---------------- Datapath Model END ------------------

* FSMD analyzer results:
  - Output states:
	Port: S_0_0_0_out | {1 }
 - Input state : 
  - Chain level:
	State 1
		store_ln94 : 1
		j_2 : 1
		icmp_ln94 : 2
		add_ln94 : 2
		br_ln94 : 3
		S_0_0_0_load_1 : 1
		icmp_ln95 : 2
		S_0_0 : 3
		trunc_ln95 : 2
		select_ln95 : 4
		store_ln95 : 5
		store_ln94 : 3
		S_0_0_0_load : 1
		write_ln0 : 2


============================================================
+ Verbose Summary: Datapath Resource usage 
============================================================

* Functional unit list:
|----------|-----------------------|---------|---------|
| Operation|    Functional Unit    |    FF   |   LUT   |
|----------|-----------------------|---------|---------|
|  select  |      S_0_0_fu_76      |    0    |    64   |
|          |   select_ln95_fu_88   |    0    |    64   |
|----------|-----------------------|---------|---------|
|   icmp   |    icmp_ln94_fu_55    |    0    |    10   |
|          |    icmp_ln95_fu_70    |    0    |    10   |
|----------|-----------------------|---------|---------|
|    add   |     add_ln94_fu_61    |    0    |    10   |
|----------|-----------------------|---------|---------|
|   write  | write_ln0_write_fu_40 |    0    |    0    |
|----------|-----------------------|---------|---------|
|   trunc  |    trunc_ln95_fu_84   |    0    |    0    |
|----------|-----------------------|---------|---------|
|   Total  |                       |    0    |   158   |
|----------|-----------------------|---------|---------|

Memories:
N/A

* Register list:
+---------------+--------+
|               |   FF   |
+---------------+--------+
|S_0_0_0_reg_117|   64   |
|   j_reg_110   |    2   |
+---------------+--------+
|     Total     |   66   |
+---------------+--------+

* Multiplexer (MUX) list: 
|--------|------|------|------|--------|
|  Comp  |  Pin | Size |  BW  | S x BW |
|--------|------|------|------|--------|
|  Total |      |      |      |    0   |
|--------|------|------|------|--------|



* Summary:
+-----------+--------+--------+
|           |   FF   |   LUT  |
+-----------+--------+--------+
|  Function |    0   |   158  |
|   Memory  |    -   |    -   |
|Multiplexer|    -   |    -   |
|  Register |   66   |    -   |
+-----------+--------+--------+
|   Total   |   66   |   158  |
+-----------+--------+--------+
