

================================================================
== Vitis HLS Report for 'extendedKalmanFilter_Pipeline_VITIS_LOOP_67_75'
================================================================
* Date:           Sun Mar 17 14:02:03 2024

* Version:        2023.2 (Build 4023990 on Oct 11 2023)
* Project:        ExtendedKalmanFilter
* Solution:       solution2 (Vivado IP Flow Target)
* Product family: kintex7
* Target device:  xc7k160t-fbg676-2


================================================================
== Performance Estimates
================================================================
+ Timing: 
    * Summary: 
    +--------+---------+----------+------------+
    |  Clock |  Target | Estimated| Uncertainty|
    +--------+---------+----------+------------+
    |ap_clk  |  4.00 ns|  2.796 ns|     1.08 ns|
    +--------+---------+----------+------------+

+ Latency: 
    * Summary: 
    +---------+---------+----------+----------+-----+-----+---------+
    |  Latency (cycles) |  Latency (absolute) |  Interval | Pipeline|
    |   min   |   max   |    min   |    max   | min | max |   Type  |
    +---------+---------+----------+----------+-----+-----+---------+
    |       73|       73|  0.292 us|  0.292 us|   73|   73|       no|
    +---------+---------+----------+----------+-----+-----+---------+

    + Detail: 
        * Instance: 
        N/A

        * Loop: 
        +-------------------+---------+---------+----------+-----------+-----------+------+----------+
        |                   |  Latency (cycles) | Iteration|  Initiation Interval  | Trip |          |
        |     Loop Name     |   min   |   max   |  Latency |  achieved |   target  | Count| Pipelined|
        +-------------------+---------+---------+----------+-----------+-----------+------+----------+
        |- VITIS_LOOP_67_7  |       71|       71|        69|          1|          1|     4|       yes|
        +-------------------+---------+---------+----------+-----------+-----------+------+----------+

============================================================
+ Verbose Summary: Synthesis Manager
============================================================
InlineROM: 1
ExposeGlobal: 0
============================================================
+ Verbose Summary: CDFG Model
============================================================
IsTopModel: 0
ResetActiveHigh: 1
IsCombinational: 0
IsDatapathOnly: 0
HasWiredReturn: 1
HasMFsm: 2
HasVarLatency: 1
IsPipeline: 0
IsRtlPipelined: 0
IsInstanceOverlapped: 0
IsDontTouch: 0
HasImplIP: 0
IsGatedGlobalClock: 0

+ Individual pipeline summary: 
  * Pipeline-0: initiation interval (II) = 1, depth = 69


============================================================
+ Verbose Summary: Schedule
============================================================
* Number of FSM states : 69
* Pipeline : 1
  Pipeline-0 : II = 1, D = 69, States = { 1 2 3 4 5 6 7 8 9 10 11 12 13 14 15 16 17 18 19 20 21 22 23 24 25 26 27 28 29 30 31 32 33 34 35 36 37 38 39 40 41 42 43 44 45 46 47 48 49 50 51 52 53 54 55 56 57 58 59 60 61 62 63 64 65 66 67 68 69 }
* Dataflow Pipeline: 0

* FSM state transitions: 
1 --> 2 
2 --> 3 
3 --> 4 
4 --> 5 
5 --> 6 
6 --> 7 
7 --> 8 
8 --> 9 
9 --> 10 
10 --> 11 
11 --> 12 
12 --> 13 
13 --> 14 
14 --> 15 
15 --> 16 
16 --> 17 
17 --> 18 
18 --> 19 
19 --> 20 
20 --> 21 
21 --> 22 
22 --> 23 
23 --> 24 
24 --> 25 
25 --> 26 
26 --> 27 
27 --> 28 
28 --> 29 
29 --> 30 
30 --> 31 
31 --> 32 
32 --> 33 
33 --> 34 
34 --> 35 
35 --> 36 
36 --> 37 
37 --> 38 
38 --> 39 
39 --> 40 
40 --> 41 
41 --> 42 
42 --> 43 
43 --> 44 
44 --> 45 
45 --> 46 
46 --> 47 
47 --> 48 
48 --> 49 
49 --> 50 
50 --> 51 
51 --> 52 
52 --> 53 
53 --> 54 
54 --> 55 
55 --> 56 
56 --> 57 
57 --> 58 
58 --> 59 
59 --> 60 
60 --> 61 
61 --> 62 
62 --> 63 
63 --> 64 
64 --> 65 
65 --> 66 
66 --> 67 
67 --> 68 
68 --> 69 
69 --> 

* FSM state operations: 

State 1 <SV = 0> <Delay = 2.60>
ST_1 : Operation 72 [1/1] (0.00ns)   --->   "%j = alloca i32 1" [ExtendedKalmanFilter.cpp:67]   --->   Operation 72 'alloca' 'j' <Predicate = true> <Delay = 0.00>
ST_1 : Operation 73 [1/1] (0.00ns)   --->   "%mux_case_0162406 = alloca i32 1"   --->   Operation 73 'alloca' 'mux_case_0162406' <Predicate = true> <Delay = 0.00>
ST_1 : Operation 74 [1/1] (0.00ns)   --->   "%mux_case_1163409 = alloca i32 1"   --->   Operation 74 'alloca' 'mux_case_1163409' <Predicate = true> <Delay = 0.00>
ST_1 : Operation 75 [1/1] (0.00ns)   --->   "%mux_case_2164412 = alloca i32 1"   --->   Operation 75 'alloca' 'mux_case_2164412' <Predicate = true> <Delay = 0.00>
ST_1 : Operation 76 [1/1] (0.00ns)   --->   "%mux_case_3165415 = alloca i32 1"   --->   Operation 76 'alloca' 'mux_case_3165415' <Predicate = true> <Delay = 0.00>
ST_1 : Operation 77 [1/1] (0.00ns)   --->   "%p_reload57_read = read i64 @_ssdm_op_Read.ap_auto.double, i64 %p_reload57"   --->   Operation 77 'read' 'p_reload57_read' <Predicate = true> <Delay = 0.00>
ST_1 : Operation 78 [1/1] (0.00ns)   --->   "%p_reload58_read = read i64 @_ssdm_op_Read.ap_auto.double, i64 %p_reload58"   --->   Operation 78 'read' 'p_reload58_read' <Predicate = true> <Delay = 0.00>
ST_1 : Operation 79 [1/1] (0.00ns)   --->   "%p_reload59_read = read i64 @_ssdm_op_Read.ap_auto.double, i64 %p_reload59"   --->   Operation 79 'read' 'p_reload59_read' <Predicate = true> <Delay = 0.00>
ST_1 : Operation 80 [1/1] (0.00ns)   --->   "%p_reload60_read = read i64 @_ssdm_op_Read.ap_auto.double, i64 %p_reload60"   --->   Operation 80 'read' 'p_reload60_read' <Predicate = true> <Delay = 0.00>
ST_1 : Operation 81 [1/1] (0.00ns)   --->   "%P_2_0_load_read = read i64 @_ssdm_op_Read.ap_auto.double, i64 %P_2_0_load"   --->   Operation 81 'read' 'P_2_0_load_read' <Predicate = true> <Delay = 0.00>
ST_1 : Operation 82 [1/1] (0.00ns)   --->   "%P_2_1_load_read = read i64 @_ssdm_op_Read.ap_auto.double, i64 %P_2_1_load"   --->   Operation 82 'read' 'P_2_1_load_read' <Predicate = true> <Delay = 0.00>
ST_1 : Operation 83 [1/1] (0.00ns)   --->   "%P_2_2_load_read = read i64 @_ssdm_op_Read.ap_auto.double, i64 %P_2_2_load"   --->   Operation 83 'read' 'P_2_2_load_read' <Predicate = true> <Delay = 0.00>
ST_1 : Operation 84 [1/1] (0.00ns)   --->   "%P_2_3_load_read = read i64 @_ssdm_op_Read.ap_auto.double, i64 %P_2_3_load"   --->   Operation 84 'read' 'P_2_3_load_read' <Predicate = true> <Delay = 0.00>
ST_1 : Operation 85 [1/1] (0.83ns)   --->   "%store_ln0 = store i64 %P_2_3_load_read, i64 %mux_case_3165415"   --->   Operation 85 'store' 'store_ln0' <Predicate = true> <Delay = 0.83>
ST_1 : Operation 86 [1/1] (0.83ns)   --->   "%store_ln0 = store i64 %P_2_2_load_read, i64 %mux_case_2164412"   --->   Operation 86 'store' 'store_ln0' <Predicate = true> <Delay = 0.83>
ST_1 : Operation 87 [1/1] (0.83ns)   --->   "%store_ln0 = store i64 %P_2_1_load_read, i64 %mux_case_1163409"   --->   Operation 87 'store' 'store_ln0' <Predicate = true> <Delay = 0.83>
ST_1 : Operation 88 [1/1] (0.83ns)   --->   "%store_ln0 = store i64 %P_2_0_load_read, i64 %mux_case_0162406"   --->   Operation 88 'store' 'store_ln0' <Predicate = true> <Delay = 0.83>
ST_1 : Operation 89 [1/1] (0.83ns)   --->   "%store_ln67 = store i3 0, i3 %j" [ExtendedKalmanFilter.cpp:67]   --->   Operation 89 'store' 'store_ln67' <Predicate = true> <Delay = 0.83>
ST_1 : Operation 90 [1/1] (0.00ns)   --->   "%br_ln0 = br void %VITIS_LOOP_69_8.2"   --->   Operation 90 'br' 'br_ln0' <Predicate = true> <Delay = 0.00>
ST_1 : Operation 91 [1/1] (0.00ns)   --->   "%j_4 = load i3 %j" [ExtendedKalmanFilter.cpp:67]   --->   Operation 91 'load' 'j_4' <Predicate = true> <Delay = 0.00>
ST_1 : Operation 92 [1/1] (0.93ns)   --->   "%icmp_ln67 = icmp_eq  i3 %j_4, i3 4" [ExtendedKalmanFilter.cpp:67]   --->   Operation 92 'icmp' 'icmp_ln67' <Predicate = true> <Delay = 0.93> <CoreInst = "Cmp">   --->   Core 9 'Cmp' <Latency = 0> <II = 1> <Delay = 0.93> <FuncUnit> <Opcode : 'icmp'> <InPorts = 2> <OutPorts = 1>
ST_1 : Operation 93 [1/1] (0.93ns)   --->   "%add_ln67 = add i3 %j_4, i3 1" [ExtendedKalmanFilter.cpp:67]   --->   Operation 93 'add' 'add_ln67' <Predicate = true> <Delay = 0.93> <CoreInst = "Adder">   --->   Core 1 'Adder' <Latency = 0> <II = 1> <Delay = 0.93> <FuncUnit> <Opcode : 'add' 'sub'> <InPorts = 2> <OutPorts = 1>
ST_1 : Operation 94 [1/1] (0.00ns)   --->   "%br_ln67 = br i1 %icmp_ln67, void %VITIS_LOOP_69_8.2.split, void %VITIS_LOOP_69_8.3.preheader.exitStub" [ExtendedKalmanFilter.cpp:67]   --->   Operation 94 'br' 'br_ln67' <Predicate = true> <Delay = 0.00>
ST_1 : Operation 95 [1/1] (0.00ns)   --->   "%trunc_ln67 = trunc i3 %j_4" [ExtendedKalmanFilter.cpp:67]   --->   Operation 95 'trunc' 'trunc_ln67' <Predicate = (!icmp_ln67)> <Delay = 0.00>
ST_1 : Operation 96 [1/1] (0.86ns)   --->   "%tmp_s = mux i64 @_ssdm_op_Mux.ap_auto.4double.i2, i64 1, i64 0, i64 0, i64 0, i2 %trunc_ln67" [ExtendedKalmanFilter.cpp:70]   --->   Operation 96 'mux' 'tmp_s' <Predicate = (!icmp_ln67)> <Delay = 0.86> <CoreInst = "Multiplexer">   --->   Core 76 'Multiplexer' <Latency = 0> <II = 1> <Delay = 0.86> <FuncUnit> <Opcode : 'mux'> <InPorts = 2> <OutPorts = 1>
ST_1 : Operation 97 [1/1] (1.20ns)   --->   "%switch_ln70 = switch i2 %trunc_ln67, void %arrayidx6327.2.case.3, i2 0, void %arrayidx6327.2.case.0, i2 1, void %arrayidx6327.2.case.1, i2 2, void %arrayidx6327.2.case.2" [ExtendedKalmanFilter.cpp:70]   --->   Operation 97 'switch' 'switch_ln70' <Predicate = (!icmp_ln67)> <Delay = 1.20>
ST_1 : Operation 98 [1/1] (0.83ns)   --->   "%store_ln67 = store i3 %add_ln67, i3 %j" [ExtendedKalmanFilter.cpp:67]   --->   Operation 98 'store' 'store_ln67' <Predicate = (!icmp_ln67)> <Delay = 0.83>
ST_1 : Operation 99 [1/1] (0.00ns)   --->   "%br_ln67 = br void %VITIS_LOOP_69_8.2" [ExtendedKalmanFilter.cpp:67]   --->   Operation 99 'br' 'br_ln67' <Predicate = (!icmp_ln67)> <Delay = 0.00>

State 2 <SV = 1> <Delay = 2.79>
ST_2 : Operation 100 [15/15] (2.79ns)   --->   "%mul77_2 = dmul i64 %p_reload60_read, i64 %tmp_s" [ExtendedKalmanFilter.cpp:70]   --->   Operation 100 'dmul' 'mul77_2' <Predicate = true> <Delay = 2.79> <CoreInst = "DMul_maxdsp">   --->   Core 49 'DMul_maxdsp' <Latency = 14> <II = 1> <Delay = 2.79> <FuncUnit> <Opcode : 'dmul'> <InPorts = 2> <OutPorts = 1>

State 3 <SV = 2> <Delay = 2.79>
ST_3 : Operation 101 [14/15] (2.79ns)   --->   "%mul77_2 = dmul i64 %p_reload60_read, i64 %tmp_s" [ExtendedKalmanFilter.cpp:70]   --->   Operation 101 'dmul' 'mul77_2' <Predicate = true> <Delay = 2.79> <CoreInst = "DMul_maxdsp">   --->   Core 49 'DMul_maxdsp' <Latency = 14> <II = 1> <Delay = 2.79> <FuncUnit> <Opcode : 'dmul'> <InPorts = 2> <OutPorts = 1>

State 4 <SV = 3> <Delay = 2.79>
ST_4 : Operation 102 [13/15] (2.79ns)   --->   "%mul77_2 = dmul i64 %p_reload60_read, i64 %tmp_s" [ExtendedKalmanFilter.cpp:70]   --->   Operation 102 'dmul' 'mul77_2' <Predicate = true> <Delay = 2.79> <CoreInst = "DMul_maxdsp">   --->   Core 49 'DMul_maxdsp' <Latency = 14> <II = 1> <Delay = 2.79> <FuncUnit> <Opcode : 'dmul'> <InPorts = 2> <OutPorts = 1>

State 5 <SV = 4> <Delay = 2.79>
ST_5 : Operation 103 [12/15] (2.79ns)   --->   "%mul77_2 = dmul i64 %p_reload60_read, i64 %tmp_s" [ExtendedKalmanFilter.cpp:70]   --->   Operation 103 'dmul' 'mul77_2' <Predicate = true> <Delay = 2.79> <CoreInst = "DMul_maxdsp">   --->   Core 49 'DMul_maxdsp' <Latency = 14> <II = 1> <Delay = 2.79> <FuncUnit> <Opcode : 'dmul'> <InPorts = 2> <OutPorts = 1>

State 6 <SV = 5> <Delay = 2.79>
ST_6 : Operation 104 [11/15] (2.79ns)   --->   "%mul77_2 = dmul i64 %p_reload60_read, i64 %tmp_s" [ExtendedKalmanFilter.cpp:70]   --->   Operation 104 'dmul' 'mul77_2' <Predicate = true> <Delay = 2.79> <CoreInst = "DMul_maxdsp">   --->   Core 49 'DMul_maxdsp' <Latency = 14> <II = 1> <Delay = 2.79> <FuncUnit> <Opcode : 'dmul'> <InPorts = 2> <OutPorts = 1>

State 7 <SV = 6> <Delay = 2.79>
ST_7 : Operation 105 [10/15] (2.79ns)   --->   "%mul77_2 = dmul i64 %p_reload60_read, i64 %tmp_s" [ExtendedKalmanFilter.cpp:70]   --->   Operation 105 'dmul' 'mul77_2' <Predicate = true> <Delay = 2.79> <CoreInst = "DMul_maxdsp">   --->   Core 49 'DMul_maxdsp' <Latency = 14> <II = 1> <Delay = 2.79> <FuncUnit> <Opcode : 'dmul'> <InPorts = 2> <OutPorts = 1>

State 8 <SV = 7> <Delay = 2.79>
ST_8 : Operation 106 [9/15] (2.79ns)   --->   "%mul77_2 = dmul i64 %p_reload60_read, i64 %tmp_s" [ExtendedKalmanFilter.cpp:70]   --->   Operation 106 'dmul' 'mul77_2' <Predicate = true> <Delay = 2.79> <CoreInst = "DMul_maxdsp">   --->   Core 49 'DMul_maxdsp' <Latency = 14> <II = 1> <Delay = 2.79> <FuncUnit> <Opcode : 'dmul'> <InPorts = 2> <OutPorts = 1>

State 9 <SV = 8> <Delay = 2.79>
ST_9 : Operation 107 [8/15] (2.79ns)   --->   "%mul77_2 = dmul i64 %p_reload60_read, i64 %tmp_s" [ExtendedKalmanFilter.cpp:70]   --->   Operation 107 'dmul' 'mul77_2' <Predicate = true> <Delay = 2.79> <CoreInst = "DMul_maxdsp">   --->   Core 49 'DMul_maxdsp' <Latency = 14> <II = 1> <Delay = 2.79> <FuncUnit> <Opcode : 'dmul'> <InPorts = 2> <OutPorts = 1>

State 10 <SV = 9> <Delay = 2.79>
ST_10 : Operation 108 [7/15] (2.79ns)   --->   "%mul77_2 = dmul i64 %p_reload60_read, i64 %tmp_s" [ExtendedKalmanFilter.cpp:70]   --->   Operation 108 'dmul' 'mul77_2' <Predicate = true> <Delay = 2.79> <CoreInst = "DMul_maxdsp">   --->   Core 49 'DMul_maxdsp' <Latency = 14> <II = 1> <Delay = 2.79> <FuncUnit> <Opcode : 'dmul'> <InPorts = 2> <OutPorts = 1>

State 11 <SV = 10> <Delay = 2.79>
ST_11 : Operation 109 [6/15] (2.79ns)   --->   "%mul77_2 = dmul i64 %p_reload60_read, i64 %tmp_s" [ExtendedKalmanFilter.cpp:70]   --->   Operation 109 'dmul' 'mul77_2' <Predicate = true> <Delay = 2.79> <CoreInst = "DMul_maxdsp">   --->   Core 49 'DMul_maxdsp' <Latency = 14> <II = 1> <Delay = 2.79> <FuncUnit> <Opcode : 'dmul'> <InPorts = 2> <OutPorts = 1>

State 12 <SV = 11> <Delay = 2.79>
ST_12 : Operation 110 [5/15] (2.79ns)   --->   "%mul77_2 = dmul i64 %p_reload60_read, i64 %tmp_s" [ExtendedKalmanFilter.cpp:70]   --->   Operation 110 'dmul' 'mul77_2' <Predicate = true> <Delay = 2.79> <CoreInst = "DMul_maxdsp">   --->   Core 49 'DMul_maxdsp' <Latency = 14> <II = 1> <Delay = 2.79> <FuncUnit> <Opcode : 'dmul'> <InPorts = 2> <OutPorts = 1>

State 13 <SV = 12> <Delay = 2.79>
ST_13 : Operation 111 [4/15] (2.79ns)   --->   "%mul77_2 = dmul i64 %p_reload60_read, i64 %tmp_s" [ExtendedKalmanFilter.cpp:70]   --->   Operation 111 'dmul' 'mul77_2' <Predicate = true> <Delay = 2.79> <CoreInst = "DMul_maxdsp">   --->   Core 49 'DMul_maxdsp' <Latency = 14> <II = 1> <Delay = 2.79> <FuncUnit> <Opcode : 'dmul'> <InPorts = 2> <OutPorts = 1>

State 14 <SV = 13> <Delay = 2.79>
ST_14 : Operation 112 [3/15] (2.79ns)   --->   "%mul77_2 = dmul i64 %p_reload60_read, i64 %tmp_s" [ExtendedKalmanFilter.cpp:70]   --->   Operation 112 'dmul' 'mul77_2' <Predicate = true> <Delay = 2.79> <CoreInst = "DMul_maxdsp">   --->   Core 49 'DMul_maxdsp' <Latency = 14> <II = 1> <Delay = 2.79> <FuncUnit> <Opcode : 'dmul'> <InPorts = 2> <OutPorts = 1>
ST_14 : Operation 113 [1/1] (0.86ns)   --->   "%tmp_4 = mux i64 @_ssdm_op_Mux.ap_auto.4double.i2, i64 0, i64 1, i64 0, i64 0, i2 %trunc_ln67" [ExtendedKalmanFilter.cpp:70]   --->   Operation 113 'mux' 'tmp_4' <Predicate = true> <Delay = 0.86> <CoreInst = "Multiplexer">   --->   Core 76 'Multiplexer' <Latency = 0> <II = 1> <Delay = 0.86> <FuncUnit> <Opcode : 'mux'> <InPorts = 2> <OutPorts = 1>

State 15 <SV = 14> <Delay = 2.79>
ST_15 : Operation 114 [2/15] (2.79ns)   --->   "%mul77_2 = dmul i64 %p_reload60_read, i64 %tmp_s" [ExtendedKalmanFilter.cpp:70]   --->   Operation 114 'dmul' 'mul77_2' <Predicate = true> <Delay = 2.79> <CoreInst = "DMul_maxdsp">   --->   Core 49 'DMul_maxdsp' <Latency = 14> <II = 1> <Delay = 2.79> <FuncUnit> <Opcode : 'dmul'> <InPorts = 2> <OutPorts = 1>
ST_15 : Operation 115 [15/15] (2.79ns)   --->   "%mul77_2_1 = dmul i64 %p_reload59_read, i64 %tmp_4" [ExtendedKalmanFilter.cpp:70]   --->   Operation 115 'dmul' 'mul77_2_1' <Predicate = true> <Delay = 2.79> <CoreInst = "DMul_maxdsp">   --->   Core 49 'DMul_maxdsp' <Latency = 14> <II = 1> <Delay = 2.79> <FuncUnit> <Opcode : 'dmul'> <InPorts = 2> <OutPorts = 1>

State 16 <SV = 15> <Delay = 2.79>
ST_16 : Operation 116 [1/15] (2.79ns)   --->   "%mul77_2 = dmul i64 %p_reload60_read, i64 %tmp_s" [ExtendedKalmanFilter.cpp:70]   --->   Operation 116 'dmul' 'mul77_2' <Predicate = true> <Delay = 2.79> <CoreInst = "DMul_maxdsp">   --->   Core 49 'DMul_maxdsp' <Latency = 14> <II = 1> <Delay = 2.79> <FuncUnit> <Opcode : 'dmul'> <InPorts = 2> <OutPorts = 1>
ST_16 : Operation 117 [14/15] (2.79ns)   --->   "%mul77_2_1 = dmul i64 %p_reload59_read, i64 %tmp_4" [ExtendedKalmanFilter.cpp:70]   --->   Operation 117 'dmul' 'mul77_2_1' <Predicate = true> <Delay = 2.79> <CoreInst = "DMul_maxdsp">   --->   Core 49 'DMul_maxdsp' <Latency = 14> <II = 1> <Delay = 2.79> <FuncUnit> <Opcode : 'dmul'> <InPorts = 2> <OutPorts = 1>

State 17 <SV = 16> <Delay = 2.79>
ST_17 : Operation 118 [13/13] (2.32ns)   --->   "%add82_2 = dadd i64 %mul77_2, i64 0" [ExtendedKalmanFilter.cpp:70]   --->   Operation 118 'dadd' 'add82_2' <Predicate = true> <Delay = 2.32> <CoreInst = "DAddSub_fulldsp">   --->   Core 37 'DAddSub_fulldsp' <Latency = 12> <II = 1> <Delay = 2.32> <FuncUnit> <Opcode : 'dadd' 'dsub'> <InPorts = 2> <OutPorts = 1>
ST_17 : Operation 119 [13/15] (2.79ns)   --->   "%mul77_2_1 = dmul i64 %p_reload59_read, i64 %tmp_4" [ExtendedKalmanFilter.cpp:70]   --->   Operation 119 'dmul' 'mul77_2_1' <Predicate = true> <Delay = 2.79> <CoreInst = "DMul_maxdsp">   --->   Core 49 'DMul_maxdsp' <Latency = 14> <II = 1> <Delay = 2.79> <FuncUnit> <Opcode : 'dmul'> <InPorts = 2> <OutPorts = 1>

State 18 <SV = 17> <Delay = 2.79>
ST_18 : Operation 120 [12/13] (2.32ns)   --->   "%add82_2 = dadd i64 %mul77_2, i64 0" [ExtendedKalmanFilter.cpp:70]   --->   Operation 120 'dadd' 'add82_2' <Predicate = true> <Delay = 2.32> <CoreInst = "DAddSub_fulldsp">   --->   Core 37 'DAddSub_fulldsp' <Latency = 12> <II = 1> <Delay = 2.32> <FuncUnit> <Opcode : 'dadd' 'dsub'> <InPorts = 2> <OutPorts = 1>
ST_18 : Operation 121 [12/15] (2.79ns)   --->   "%mul77_2_1 = dmul i64 %p_reload59_read, i64 %tmp_4" [ExtendedKalmanFilter.cpp:70]   --->   Operation 121 'dmul' 'mul77_2_1' <Predicate = true> <Delay = 2.79> <CoreInst = "DMul_maxdsp">   --->   Core 49 'DMul_maxdsp' <Latency = 14> <II = 1> <Delay = 2.79> <FuncUnit> <Opcode : 'dmul'> <InPorts = 2> <OutPorts = 1>

State 19 <SV = 18> <Delay = 2.79>
ST_19 : Operation 122 [11/13] (2.32ns)   --->   "%add82_2 = dadd i64 %mul77_2, i64 0" [ExtendedKalmanFilter.cpp:70]   --->   Operation 122 'dadd' 'add82_2' <Predicate = true> <Delay = 2.32> <CoreInst = "DAddSub_fulldsp">   --->   Core 37 'DAddSub_fulldsp' <Latency = 12> <II = 1> <Delay = 2.32> <FuncUnit> <Opcode : 'dadd' 'dsub'> <InPorts = 2> <OutPorts = 1>
ST_19 : Operation 123 [11/15] (2.79ns)   --->   "%mul77_2_1 = dmul i64 %p_reload59_read, i64 %tmp_4" [ExtendedKalmanFilter.cpp:70]   --->   Operation 123 'dmul' 'mul77_2_1' <Predicate = true> <Delay = 2.79> <CoreInst = "DMul_maxdsp">   --->   Core 49 'DMul_maxdsp' <Latency = 14> <II = 1> <Delay = 2.79> <FuncUnit> <Opcode : 'dmul'> <InPorts = 2> <OutPorts = 1>

State 20 <SV = 19> <Delay = 2.79>
ST_20 : Operation 124 [10/13] (2.32ns)   --->   "%add82_2 = dadd i64 %mul77_2, i64 0" [ExtendedKalmanFilter.cpp:70]   --->   Operation 124 'dadd' 'add82_2' <Predicate = true> <Delay = 2.32> <CoreInst = "DAddSub_fulldsp">   --->   Core 37 'DAddSub_fulldsp' <Latency = 12> <II = 1> <Delay = 2.32> <FuncUnit> <Opcode : 'dadd' 'dsub'> <InPorts = 2> <OutPorts = 1>
ST_20 : Operation 125 [10/15] (2.79ns)   --->   "%mul77_2_1 = dmul i64 %p_reload59_read, i64 %tmp_4" [ExtendedKalmanFilter.cpp:70]   --->   Operation 125 'dmul' 'mul77_2_1' <Predicate = true> <Delay = 2.79> <CoreInst = "DMul_maxdsp">   --->   Core 49 'DMul_maxdsp' <Latency = 14> <II = 1> <Delay = 2.79> <FuncUnit> <Opcode : 'dmul'> <InPorts = 2> <OutPorts = 1>

State 21 <SV = 20> <Delay = 2.79>
ST_21 : Operation 126 [9/13] (2.32ns)   --->   "%add82_2 = dadd i64 %mul77_2, i64 0" [ExtendedKalmanFilter.cpp:70]   --->   Operation 126 'dadd' 'add82_2' <Predicate = true> <Delay = 2.32> <CoreInst = "DAddSub_fulldsp">   --->   Core 37 'DAddSub_fulldsp' <Latency = 12> <II = 1> <Delay = 2.32> <FuncUnit> <Opcode : 'dadd' 'dsub'> <InPorts = 2> <OutPorts = 1>
ST_21 : Operation 127 [9/15] (2.79ns)   --->   "%mul77_2_1 = dmul i64 %p_reload59_read, i64 %tmp_4" [ExtendedKalmanFilter.cpp:70]   --->   Operation 127 'dmul' 'mul77_2_1' <Predicate = true> <Delay = 2.79> <CoreInst = "DMul_maxdsp">   --->   Core 49 'DMul_maxdsp' <Latency = 14> <II = 1> <Delay = 2.79> <FuncUnit> <Opcode : 'dmul'> <InPorts = 2> <OutPorts = 1>

State 22 <SV = 21> <Delay = 2.79>
ST_22 : Operation 128 [8/13] (2.32ns)   --->   "%add82_2 = dadd i64 %mul77_2, i64 0" [ExtendedKalmanFilter.cpp:70]   --->   Operation 128 'dadd' 'add82_2' <Predicate = true> <Delay = 2.32> <CoreInst = "DAddSub_fulldsp">   --->   Core 37 'DAddSub_fulldsp' <Latency = 12> <II = 1> <Delay = 2.32> <FuncUnit> <Opcode : 'dadd' 'dsub'> <InPorts = 2> <OutPorts = 1>
ST_22 : Operation 129 [8/15] (2.79ns)   --->   "%mul77_2_1 = dmul i64 %p_reload59_read, i64 %tmp_4" [ExtendedKalmanFilter.cpp:70]   --->   Operation 129 'dmul' 'mul77_2_1' <Predicate = true> <Delay = 2.79> <CoreInst = "DMul_maxdsp">   --->   Core 49 'DMul_maxdsp' <Latency = 14> <II = 1> <Delay = 2.79> <FuncUnit> <Opcode : 'dmul'> <InPorts = 2> <OutPorts = 1>

State 23 <SV = 22> <Delay = 2.79>
ST_23 : Operation 130 [7/13] (2.32ns)   --->   "%add82_2 = dadd i64 %mul77_2, i64 0" [ExtendedKalmanFilter.cpp:70]   --->   Operation 130 'dadd' 'add82_2' <Predicate = true> <Delay = 2.32> <CoreInst = "DAddSub_fulldsp">   --->   Core 37 'DAddSub_fulldsp' <Latency = 12> <II = 1> <Delay = 2.32> <FuncUnit> <Opcode : 'dadd' 'dsub'> <InPorts = 2> <OutPorts = 1>
ST_23 : Operation 131 [7/15] (2.79ns)   --->   "%mul77_2_1 = dmul i64 %p_reload59_read, i64 %tmp_4" [ExtendedKalmanFilter.cpp:70]   --->   Operation 131 'dmul' 'mul77_2_1' <Predicate = true> <Delay = 2.79> <CoreInst = "DMul_maxdsp">   --->   Core 49 'DMul_maxdsp' <Latency = 14> <II = 1> <Delay = 2.79> <FuncUnit> <Opcode : 'dmul'> <InPorts = 2> <OutPorts = 1>

State 24 <SV = 23> <Delay = 2.79>
ST_24 : Operation 132 [6/13] (2.32ns)   --->   "%add82_2 = dadd i64 %mul77_2, i64 0" [ExtendedKalmanFilter.cpp:70]   --->   Operation 132 'dadd' 'add82_2' <Predicate = true> <Delay = 2.32> <CoreInst = "DAddSub_fulldsp">   --->   Core 37 'DAddSub_fulldsp' <Latency = 12> <II = 1> <Delay = 2.32> <FuncUnit> <Opcode : 'dadd' 'dsub'> <InPorts = 2> <OutPorts = 1>
ST_24 : Operation 133 [6/15] (2.79ns)   --->   "%mul77_2_1 = dmul i64 %p_reload59_read, i64 %tmp_4" [ExtendedKalmanFilter.cpp:70]   --->   Operation 133 'dmul' 'mul77_2_1' <Predicate = true> <Delay = 2.79> <CoreInst = "DMul_maxdsp">   --->   Core 49 'DMul_maxdsp' <Latency = 14> <II = 1> <Delay = 2.79> <FuncUnit> <Opcode : 'dmul'> <InPorts = 2> <OutPorts = 1>

State 25 <SV = 24> <Delay = 2.79>
ST_25 : Operation 134 [5/13] (2.32ns)   --->   "%add82_2 = dadd i64 %mul77_2, i64 0" [ExtendedKalmanFilter.cpp:70]   --->   Operation 134 'dadd' 'add82_2' <Predicate = true> <Delay = 2.32> <CoreInst = "DAddSub_fulldsp">   --->   Core 37 'DAddSub_fulldsp' <Latency = 12> <II = 1> <Delay = 2.32> <FuncUnit> <Opcode : 'dadd' 'dsub'> <InPorts = 2> <OutPorts = 1>
ST_25 : Operation 135 [5/15] (2.79ns)   --->   "%mul77_2_1 = dmul i64 %p_reload59_read, i64 %tmp_4" [ExtendedKalmanFilter.cpp:70]   --->   Operation 135 'dmul' 'mul77_2_1' <Predicate = true> <Delay = 2.79> <CoreInst = "DMul_maxdsp">   --->   Core 49 'DMul_maxdsp' <Latency = 14> <II = 1> <Delay = 2.79> <FuncUnit> <Opcode : 'dmul'> <InPorts = 2> <OutPorts = 1>

State 26 <SV = 25> <Delay = 2.79>
ST_26 : Operation 136 [4/13] (2.32ns)   --->   "%add82_2 = dadd i64 %mul77_2, i64 0" [ExtendedKalmanFilter.cpp:70]   --->   Operation 136 'dadd' 'add82_2' <Predicate = true> <Delay = 2.32> <CoreInst = "DAddSub_fulldsp">   --->   Core 37 'DAddSub_fulldsp' <Latency = 12> <II = 1> <Delay = 2.32> <FuncUnit> <Opcode : 'dadd' 'dsub'> <InPorts = 2> <OutPorts = 1>
ST_26 : Operation 137 [4/15] (2.79ns)   --->   "%mul77_2_1 = dmul i64 %p_reload59_read, i64 %tmp_4" [ExtendedKalmanFilter.cpp:70]   --->   Operation 137 'dmul' 'mul77_2_1' <Predicate = true> <Delay = 2.79> <CoreInst = "DMul_maxdsp">   --->   Core 49 'DMul_maxdsp' <Latency = 14> <II = 1> <Delay = 2.79> <FuncUnit> <Opcode : 'dmul'> <InPorts = 2> <OutPorts = 1>

State 27 <SV = 26> <Delay = 2.79>
ST_27 : Operation 138 [3/13] (2.32ns)   --->   "%add82_2 = dadd i64 %mul77_2, i64 0" [ExtendedKalmanFilter.cpp:70]   --->   Operation 138 'dadd' 'add82_2' <Predicate = true> <Delay = 2.32> <CoreInst = "DAddSub_fulldsp">   --->   Core 37 'DAddSub_fulldsp' <Latency = 12> <II = 1> <Delay = 2.32> <FuncUnit> <Opcode : 'dadd' 'dsub'> <InPorts = 2> <OutPorts = 1>
ST_27 : Operation 139 [3/15] (2.79ns)   --->   "%mul77_2_1 = dmul i64 %p_reload59_read, i64 %tmp_4" [ExtendedKalmanFilter.cpp:70]   --->   Operation 139 'dmul' 'mul77_2_1' <Predicate = true> <Delay = 2.79> <CoreInst = "DMul_maxdsp">   --->   Core 49 'DMul_maxdsp' <Latency = 14> <II = 1> <Delay = 2.79> <FuncUnit> <Opcode : 'dmul'> <InPorts = 2> <OutPorts = 1>
ST_27 : Operation 140 [1/1] (0.86ns)   --->   "%tmp_5 = mux i64 @_ssdm_op_Mux.ap_auto.4double.i2, i64 0, i64 0, i64 1, i64 0, i2 %trunc_ln67" [ExtendedKalmanFilter.cpp:70]   --->   Operation 140 'mux' 'tmp_5' <Predicate = true> <Delay = 0.86> <CoreInst = "Multiplexer">   --->   Core 76 'Multiplexer' <Latency = 0> <II = 1> <Delay = 0.86> <FuncUnit> <Opcode : 'mux'> <InPorts = 2> <OutPorts = 1>

State 28 <SV = 27> <Delay = 2.79>
ST_28 : Operation 141 [2/13] (2.32ns)   --->   "%add82_2 = dadd i64 %mul77_2, i64 0" [ExtendedKalmanFilter.cpp:70]   --->   Operation 141 'dadd' 'add82_2' <Predicate = true> <Delay = 2.32> <CoreInst = "DAddSub_fulldsp">   --->   Core 37 'DAddSub_fulldsp' <Latency = 12> <II = 1> <Delay = 2.32> <FuncUnit> <Opcode : 'dadd' 'dsub'> <InPorts = 2> <OutPorts = 1>
ST_28 : Operation 142 [2/15] (2.79ns)   --->   "%mul77_2_1 = dmul i64 %p_reload59_read, i64 %tmp_4" [ExtendedKalmanFilter.cpp:70]   --->   Operation 142 'dmul' 'mul77_2_1' <Predicate = true> <Delay = 2.79> <CoreInst = "DMul_maxdsp">   --->   Core 49 'DMul_maxdsp' <Latency = 14> <II = 1> <Delay = 2.79> <FuncUnit> <Opcode : 'dmul'> <InPorts = 2> <OutPorts = 1>
ST_28 : Operation 143 [15/15] (2.79ns)   --->   "%mul77_2_2 = dmul i64 %p_reload58_read, i64 %tmp_5" [ExtendedKalmanFilter.cpp:70]   --->   Operation 143 'dmul' 'mul77_2_2' <Predicate = true> <Delay = 2.79> <CoreInst = "DMul_maxdsp">   --->   Core 49 'DMul_maxdsp' <Latency = 14> <II = 1> <Delay = 2.79> <FuncUnit> <Opcode : 'dmul'> <InPorts = 2> <OutPorts = 1>

State 29 <SV = 28> <Delay = 2.79>
ST_29 : Operation 144 [1/13] (2.32ns)   --->   "%add82_2 = dadd i64 %mul77_2, i64 0" [ExtendedKalmanFilter.cpp:70]   --->   Operation 144 'dadd' 'add82_2' <Predicate = true> <Delay = 2.32> <CoreInst = "DAddSub_fulldsp">   --->   Core 37 'DAddSub_fulldsp' <Latency = 12> <II = 1> <Delay = 2.32> <FuncUnit> <Opcode : 'dadd' 'dsub'> <InPorts = 2> <OutPorts = 1>
ST_29 : Operation 145 [1/15] (2.79ns)   --->   "%mul77_2_1 = dmul i64 %p_reload59_read, i64 %tmp_4" [ExtendedKalmanFilter.cpp:70]   --->   Operation 145 'dmul' 'mul77_2_1' <Predicate = true> <Delay = 2.79> <CoreInst = "DMul_maxdsp">   --->   Core 49 'DMul_maxdsp' <Latency = 14> <II = 1> <Delay = 2.79> <FuncUnit> <Opcode : 'dmul'> <InPorts = 2> <OutPorts = 1>
ST_29 : Operation 146 [14/15] (2.79ns)   --->   "%mul77_2_2 = dmul i64 %p_reload58_read, i64 %tmp_5" [ExtendedKalmanFilter.cpp:70]   --->   Operation 146 'dmul' 'mul77_2_2' <Predicate = true> <Delay = 2.79> <CoreInst = "DMul_maxdsp">   --->   Core 49 'DMul_maxdsp' <Latency = 14> <II = 1> <Delay = 2.79> <FuncUnit> <Opcode : 'dmul'> <InPorts = 2> <OutPorts = 1>

State 30 <SV = 29> <Delay = 2.79>
ST_30 : Operation 147 [13/13] (2.32ns)   --->   "%add82_2_1 = dadd i64 %add82_2, i64 %mul77_2_1" [ExtendedKalmanFilter.cpp:70]   --->   Operation 147 'dadd' 'add82_2_1' <Predicate = true> <Delay = 2.32> <CoreInst = "DAddSub_fulldsp">   --->   Core 37 'DAddSub_fulldsp' <Latency = 12> <II = 1> <Delay = 2.32> <FuncUnit> <Opcode : 'dadd' 'dsub'> <InPorts = 2> <OutPorts = 1>
ST_30 : Operation 148 [13/15] (2.79ns)   --->   "%mul77_2_2 = dmul i64 %p_reload58_read, i64 %tmp_5" [ExtendedKalmanFilter.cpp:70]   --->   Operation 148 'dmul' 'mul77_2_2' <Predicate = true> <Delay = 2.79> <CoreInst = "DMul_maxdsp">   --->   Core 49 'DMul_maxdsp' <Latency = 14> <II = 1> <Delay = 2.79> <FuncUnit> <Opcode : 'dmul'> <InPorts = 2> <OutPorts = 1>

State 31 <SV = 30> <Delay = 2.79>
ST_31 : Operation 149 [12/13] (2.32ns)   --->   "%add82_2_1 = dadd i64 %add82_2, i64 %mul77_2_1" [ExtendedKalmanFilter.cpp:70]   --->   Operation 149 'dadd' 'add82_2_1' <Predicate = true> <Delay = 2.32> <CoreInst = "DAddSub_fulldsp">   --->   Core 37 'DAddSub_fulldsp' <Latency = 12> <II = 1> <Delay = 2.32> <FuncUnit> <Opcode : 'dadd' 'dsub'> <InPorts = 2> <OutPorts = 1>
ST_31 : Operation 150 [12/15] (2.79ns)   --->   "%mul77_2_2 = dmul i64 %p_reload58_read, i64 %tmp_5" [ExtendedKalmanFilter.cpp:70]   --->   Operation 150 'dmul' 'mul77_2_2' <Predicate = true> <Delay = 2.79> <CoreInst = "DMul_maxdsp">   --->   Core 49 'DMul_maxdsp' <Latency = 14> <II = 1> <Delay = 2.79> <FuncUnit> <Opcode : 'dmul'> <InPorts = 2> <OutPorts = 1>

State 32 <SV = 31> <Delay = 2.79>
ST_32 : Operation 151 [11/13] (2.32ns)   --->   "%add82_2_1 = dadd i64 %add82_2, i64 %mul77_2_1" [ExtendedKalmanFilter.cpp:70]   --->   Operation 151 'dadd' 'add82_2_1' <Predicate = true> <Delay = 2.32> <CoreInst = "DAddSub_fulldsp">   --->   Core 37 'DAddSub_fulldsp' <Latency = 12> <II = 1> <Delay = 2.32> <FuncUnit> <Opcode : 'dadd' 'dsub'> <InPorts = 2> <OutPorts = 1>
ST_32 : Operation 152 [11/15] (2.79ns)   --->   "%mul77_2_2 = dmul i64 %p_reload58_read, i64 %tmp_5" [ExtendedKalmanFilter.cpp:70]   --->   Operation 152 'dmul' 'mul77_2_2' <Predicate = true> <Delay = 2.79> <CoreInst = "DMul_maxdsp">   --->   Core 49 'DMul_maxdsp' <Latency = 14> <II = 1> <Delay = 2.79> <FuncUnit> <Opcode : 'dmul'> <InPorts = 2> <OutPorts = 1>

State 33 <SV = 32> <Delay = 2.79>
ST_33 : Operation 153 [10/13] (2.32ns)   --->   "%add82_2_1 = dadd i64 %add82_2, i64 %mul77_2_1" [ExtendedKalmanFilter.cpp:70]   --->   Operation 153 'dadd' 'add82_2_1' <Predicate = true> <Delay = 2.32> <CoreInst = "DAddSub_fulldsp">   --->   Core 37 'DAddSub_fulldsp' <Latency = 12> <II = 1> <Delay = 2.32> <FuncUnit> <Opcode : 'dadd' 'dsub'> <InPorts = 2> <OutPorts = 1>
ST_33 : Operation 154 [10/15] (2.79ns)   --->   "%mul77_2_2 = dmul i64 %p_reload58_read, i64 %tmp_5" [ExtendedKalmanFilter.cpp:70]   --->   Operation 154 'dmul' 'mul77_2_2' <Predicate = true> <Delay = 2.79> <CoreInst = "DMul_maxdsp">   --->   Core 49 'DMul_maxdsp' <Latency = 14> <II = 1> <Delay = 2.79> <FuncUnit> <Opcode : 'dmul'> <InPorts = 2> <OutPorts = 1>

State 34 <SV = 33> <Delay = 2.79>
ST_34 : Operation 155 [9/13] (2.32ns)   --->   "%add82_2_1 = dadd i64 %add82_2, i64 %mul77_2_1" [ExtendedKalmanFilter.cpp:70]   --->   Operation 155 'dadd' 'add82_2_1' <Predicate = true> <Delay = 2.32> <CoreInst = "DAddSub_fulldsp">   --->   Core 37 'DAddSub_fulldsp' <Latency = 12> <II = 1> <Delay = 2.32> <FuncUnit> <Opcode : 'dadd' 'dsub'> <InPorts = 2> <OutPorts = 1>
ST_34 : Operation 156 [9/15] (2.79ns)   --->   "%mul77_2_2 = dmul i64 %p_reload58_read, i64 %tmp_5" [ExtendedKalmanFilter.cpp:70]   --->   Operation 156 'dmul' 'mul77_2_2' <Predicate = true> <Delay = 2.79> <CoreInst = "DMul_maxdsp">   --->   Core 49 'DMul_maxdsp' <Latency = 14> <II = 1> <Delay = 2.79> <FuncUnit> <Opcode : 'dmul'> <InPorts = 2> <OutPorts = 1>

State 35 <SV = 34> <Delay = 2.79>
ST_35 : Operation 157 [8/13] (2.32ns)   --->   "%add82_2_1 = dadd i64 %add82_2, i64 %mul77_2_1" [ExtendedKalmanFilter.cpp:70]   --->   Operation 157 'dadd' 'add82_2_1' <Predicate = true> <Delay = 2.32> <CoreInst = "DAddSub_fulldsp">   --->   Core 37 'DAddSub_fulldsp' <Latency = 12> <II = 1> <Delay = 2.32> <FuncUnit> <Opcode : 'dadd' 'dsub'> <InPorts = 2> <OutPorts = 1>
ST_35 : Operation 158 [8/15] (2.79ns)   --->   "%mul77_2_2 = dmul i64 %p_reload58_read, i64 %tmp_5" [ExtendedKalmanFilter.cpp:70]   --->   Operation 158 'dmul' 'mul77_2_2' <Predicate = true> <Delay = 2.79> <CoreInst = "DMul_maxdsp">   --->   Core 49 'DMul_maxdsp' <Latency = 14> <II = 1> <Delay = 2.79> <FuncUnit> <Opcode : 'dmul'> <InPorts = 2> <OutPorts = 1>

State 36 <SV = 35> <Delay = 2.79>
ST_36 : Operation 159 [7/13] (2.32ns)   --->   "%add82_2_1 = dadd i64 %add82_2, i64 %mul77_2_1" [ExtendedKalmanFilter.cpp:70]   --->   Operation 159 'dadd' 'add82_2_1' <Predicate = true> <Delay = 2.32> <CoreInst = "DAddSub_fulldsp">   --->   Core 37 'DAddSub_fulldsp' <Latency = 12> <II = 1> <Delay = 2.32> <FuncUnit> <Opcode : 'dadd' 'dsub'> <InPorts = 2> <OutPorts = 1>
ST_36 : Operation 160 [7/15] (2.79ns)   --->   "%mul77_2_2 = dmul i64 %p_reload58_read, i64 %tmp_5" [ExtendedKalmanFilter.cpp:70]   --->   Operation 160 'dmul' 'mul77_2_2' <Predicate = true> <Delay = 2.79> <CoreInst = "DMul_maxdsp">   --->   Core 49 'DMul_maxdsp' <Latency = 14> <II = 1> <Delay = 2.79> <FuncUnit> <Opcode : 'dmul'> <InPorts = 2> <OutPorts = 1>

State 37 <SV = 36> <Delay = 2.79>
ST_37 : Operation 161 [6/13] (2.32ns)   --->   "%add82_2_1 = dadd i64 %add82_2, i64 %mul77_2_1" [ExtendedKalmanFilter.cpp:70]   --->   Operation 161 'dadd' 'add82_2_1' <Predicate = true> <Delay = 2.32> <CoreInst = "DAddSub_fulldsp">   --->   Core 37 'DAddSub_fulldsp' <Latency = 12> <II = 1> <Delay = 2.32> <FuncUnit> <Opcode : 'dadd' 'dsub'> <InPorts = 2> <OutPorts = 1>
ST_37 : Operation 162 [6/15] (2.79ns)   --->   "%mul77_2_2 = dmul i64 %p_reload58_read, i64 %tmp_5" [ExtendedKalmanFilter.cpp:70]   --->   Operation 162 'dmul' 'mul77_2_2' <Predicate = true> <Delay = 2.79> <CoreInst = "DMul_maxdsp">   --->   Core 49 'DMul_maxdsp' <Latency = 14> <II = 1> <Delay = 2.79> <FuncUnit> <Opcode : 'dmul'> <InPorts = 2> <OutPorts = 1>

State 38 <SV = 37> <Delay = 2.79>
ST_38 : Operation 163 [5/13] (2.32ns)   --->   "%add82_2_1 = dadd i64 %add82_2, i64 %mul77_2_1" [ExtendedKalmanFilter.cpp:70]   --->   Operation 163 'dadd' 'add82_2_1' <Predicate = true> <Delay = 2.32> <CoreInst = "DAddSub_fulldsp">   --->   Core 37 'DAddSub_fulldsp' <Latency = 12> <II = 1> <Delay = 2.32> <FuncUnit> <Opcode : 'dadd' 'dsub'> <InPorts = 2> <OutPorts = 1>
ST_38 : Operation 164 [5/15] (2.79ns)   --->   "%mul77_2_2 = dmul i64 %p_reload58_read, i64 %tmp_5" [ExtendedKalmanFilter.cpp:70]   --->   Operation 164 'dmul' 'mul77_2_2' <Predicate = true> <Delay = 2.79> <CoreInst = "DMul_maxdsp">   --->   Core 49 'DMul_maxdsp' <Latency = 14> <II = 1> <Delay = 2.79> <FuncUnit> <Opcode : 'dmul'> <InPorts = 2> <OutPorts = 1>

State 39 <SV = 38> <Delay = 2.79>
ST_39 : Operation 165 [4/13] (2.32ns)   --->   "%add82_2_1 = dadd i64 %add82_2, i64 %mul77_2_1" [ExtendedKalmanFilter.cpp:70]   --->   Operation 165 'dadd' 'add82_2_1' <Predicate = true> <Delay = 2.32> <CoreInst = "DAddSub_fulldsp">   --->   Core 37 'DAddSub_fulldsp' <Latency = 12> <II = 1> <Delay = 2.32> <FuncUnit> <Opcode : 'dadd' 'dsub'> <InPorts = 2> <OutPorts = 1>
ST_39 : Operation 166 [4/15] (2.79ns)   --->   "%mul77_2_2 = dmul i64 %p_reload58_read, i64 %tmp_5" [ExtendedKalmanFilter.cpp:70]   --->   Operation 166 'dmul' 'mul77_2_2' <Predicate = true> <Delay = 2.79> <CoreInst = "DMul_maxdsp">   --->   Core 49 'DMul_maxdsp' <Latency = 14> <II = 1> <Delay = 2.79> <FuncUnit> <Opcode : 'dmul'> <InPorts = 2> <OutPorts = 1>

State 40 <SV = 39> <Delay = 2.79>
ST_40 : Operation 167 [3/13] (2.32ns)   --->   "%add82_2_1 = dadd i64 %add82_2, i64 %mul77_2_1" [ExtendedKalmanFilter.cpp:70]   --->   Operation 167 'dadd' 'add82_2_1' <Predicate = true> <Delay = 2.32> <CoreInst = "DAddSub_fulldsp">   --->   Core 37 'DAddSub_fulldsp' <Latency = 12> <II = 1> <Delay = 2.32> <FuncUnit> <Opcode : 'dadd' 'dsub'> <InPorts = 2> <OutPorts = 1>
ST_40 : Operation 168 [3/15] (2.79ns)   --->   "%mul77_2_2 = dmul i64 %p_reload58_read, i64 %tmp_5" [ExtendedKalmanFilter.cpp:70]   --->   Operation 168 'dmul' 'mul77_2_2' <Predicate = true> <Delay = 2.79> <CoreInst = "DMul_maxdsp">   --->   Core 49 'DMul_maxdsp' <Latency = 14> <II = 1> <Delay = 2.79> <FuncUnit> <Opcode : 'dmul'> <InPorts = 2> <OutPorts = 1>
ST_40 : Operation 169 [1/1] (0.86ns)   --->   "%tmp_6 = mux i64 @_ssdm_op_Mux.ap_auto.4double.i2, i64 0, i64 0, i64 0, i64 1, i2 %trunc_ln67" [ExtendedKalmanFilter.cpp:70]   --->   Operation 169 'mux' 'tmp_6' <Predicate = true> <Delay = 0.86> <CoreInst = "Multiplexer">   --->   Core 76 'Multiplexer' <Latency = 0> <II = 1> <Delay = 0.86> <FuncUnit> <Opcode : 'mux'> <InPorts = 2> <OutPorts = 1>

State 41 <SV = 40> <Delay = 2.79>
ST_41 : Operation 170 [2/13] (2.32ns)   --->   "%add82_2_1 = dadd i64 %add82_2, i64 %mul77_2_1" [ExtendedKalmanFilter.cpp:70]   --->   Operation 170 'dadd' 'add82_2_1' <Predicate = true> <Delay = 2.32> <CoreInst = "DAddSub_fulldsp">   --->   Core 37 'DAddSub_fulldsp' <Latency = 12> <II = 1> <Delay = 2.32> <FuncUnit> <Opcode : 'dadd' 'dsub'> <InPorts = 2> <OutPorts = 1>
ST_41 : Operation 171 [2/15] (2.79ns)   --->   "%mul77_2_2 = dmul i64 %p_reload58_read, i64 %tmp_5" [ExtendedKalmanFilter.cpp:70]   --->   Operation 171 'dmul' 'mul77_2_2' <Predicate = true> <Delay = 2.79> <CoreInst = "DMul_maxdsp">   --->   Core 49 'DMul_maxdsp' <Latency = 14> <II = 1> <Delay = 2.79> <FuncUnit> <Opcode : 'dmul'> <InPorts = 2> <OutPorts = 1>
ST_41 : Operation 172 [15/15] (2.79ns)   --->   "%mul77_2_3 = dmul i64 %p_reload57_read, i64 %tmp_6" [ExtendedKalmanFilter.cpp:70]   --->   Operation 172 'dmul' 'mul77_2_3' <Predicate = true> <Delay = 2.79> <CoreInst = "DMul_maxdsp">   --->   Core 49 'DMul_maxdsp' <Latency = 14> <II = 1> <Delay = 2.79> <FuncUnit> <Opcode : 'dmul'> <InPorts = 2> <OutPorts = 1>

State 42 <SV = 41> <Delay = 2.79>
ST_42 : Operation 173 [1/13] (2.32ns)   --->   "%add82_2_1 = dadd i64 %add82_2, i64 %mul77_2_1" [ExtendedKalmanFilter.cpp:70]   --->   Operation 173 'dadd' 'add82_2_1' <Predicate = true> <Delay = 2.32> <CoreInst = "DAddSub_fulldsp">   --->   Core 37 'DAddSub_fulldsp' <Latency = 12> <II = 1> <Delay = 2.32> <FuncUnit> <Opcode : 'dadd' 'dsub'> <InPorts = 2> <OutPorts = 1>
ST_42 : Operation 174 [1/15] (2.79ns)   --->   "%mul77_2_2 = dmul i64 %p_reload58_read, i64 %tmp_5" [ExtendedKalmanFilter.cpp:70]   --->   Operation 174 'dmul' 'mul77_2_2' <Predicate = true> <Delay = 2.79> <CoreInst = "DMul_maxdsp">   --->   Core 49 'DMul_maxdsp' <Latency = 14> <II = 1> <Delay = 2.79> <FuncUnit> <Opcode : 'dmul'> <InPorts = 2> <OutPorts = 1>
ST_42 : Operation 175 [14/15] (2.79ns)   --->   "%mul77_2_3 = dmul i64 %p_reload57_read, i64 %tmp_6" [ExtendedKalmanFilter.cpp:70]   --->   Operation 175 'dmul' 'mul77_2_3' <Predicate = true> <Delay = 2.79> <CoreInst = "DMul_maxdsp">   --->   Core 49 'DMul_maxdsp' <Latency = 14> <II = 1> <Delay = 2.79> <FuncUnit> <Opcode : 'dmul'> <InPorts = 2> <OutPorts = 1>

State 43 <SV = 42> <Delay = 2.79>
ST_43 : Operation 176 [13/13] (2.32ns)   --->   "%add82_2_2 = dadd i64 %add82_2_1, i64 %mul77_2_2" [ExtendedKalmanFilter.cpp:70]   --->   Operation 176 'dadd' 'add82_2_2' <Predicate = true> <Delay = 2.32> <CoreInst = "DAddSub_fulldsp">   --->   Core 37 'DAddSub_fulldsp' <Latency = 12> <II = 1> <Delay = 2.32> <FuncUnit> <Opcode : 'dadd' 'dsub'> <InPorts = 2> <OutPorts = 1>
ST_43 : Operation 177 [13/15] (2.79ns)   --->   "%mul77_2_3 = dmul i64 %p_reload57_read, i64 %tmp_6" [ExtendedKalmanFilter.cpp:70]   --->   Operation 177 'dmul' 'mul77_2_3' <Predicate = true> <Delay = 2.79> <CoreInst = "DMul_maxdsp">   --->   Core 49 'DMul_maxdsp' <Latency = 14> <II = 1> <Delay = 2.79> <FuncUnit> <Opcode : 'dmul'> <InPorts = 2> <OutPorts = 1>

State 44 <SV = 43> <Delay = 2.79>
ST_44 : Operation 178 [12/13] (2.32ns)   --->   "%add82_2_2 = dadd i64 %add82_2_1, i64 %mul77_2_2" [ExtendedKalmanFilter.cpp:70]   --->   Operation 178 'dadd' 'add82_2_2' <Predicate = true> <Delay = 2.32> <CoreInst = "DAddSub_fulldsp">   --->   Core 37 'DAddSub_fulldsp' <Latency = 12> <II = 1> <Delay = 2.32> <FuncUnit> <Opcode : 'dadd' 'dsub'> <InPorts = 2> <OutPorts = 1>
ST_44 : Operation 179 [12/15] (2.79ns)   --->   "%mul77_2_3 = dmul i64 %p_reload57_read, i64 %tmp_6" [ExtendedKalmanFilter.cpp:70]   --->   Operation 179 'dmul' 'mul77_2_3' <Predicate = true> <Delay = 2.79> <CoreInst = "DMul_maxdsp">   --->   Core 49 'DMul_maxdsp' <Latency = 14> <II = 1> <Delay = 2.79> <FuncUnit> <Opcode : 'dmul'> <InPorts = 2> <OutPorts = 1>

State 45 <SV = 44> <Delay = 2.79>
ST_45 : Operation 180 [11/13] (2.32ns)   --->   "%add82_2_2 = dadd i64 %add82_2_1, i64 %mul77_2_2" [ExtendedKalmanFilter.cpp:70]   --->   Operation 180 'dadd' 'add82_2_2' <Predicate = true> <Delay = 2.32> <CoreInst = "DAddSub_fulldsp">   --->   Core 37 'DAddSub_fulldsp' <Latency = 12> <II = 1> <Delay = 2.32> <FuncUnit> <Opcode : 'dadd' 'dsub'> <InPorts = 2> <OutPorts = 1>
ST_45 : Operation 181 [11/15] (2.79ns)   --->   "%mul77_2_3 = dmul i64 %p_reload57_read, i64 %tmp_6" [ExtendedKalmanFilter.cpp:70]   --->   Operation 181 'dmul' 'mul77_2_3' <Predicate = true> <Delay = 2.79> <CoreInst = "DMul_maxdsp">   --->   Core 49 'DMul_maxdsp' <Latency = 14> <II = 1> <Delay = 2.79> <FuncUnit> <Opcode : 'dmul'> <InPorts = 2> <OutPorts = 1>

State 46 <SV = 45> <Delay = 2.79>
ST_46 : Operation 182 [10/13] (2.32ns)   --->   "%add82_2_2 = dadd i64 %add82_2_1, i64 %mul77_2_2" [ExtendedKalmanFilter.cpp:70]   --->   Operation 182 'dadd' 'add82_2_2' <Predicate = true> <Delay = 2.32> <CoreInst = "DAddSub_fulldsp">   --->   Core 37 'DAddSub_fulldsp' <Latency = 12> <II = 1> <Delay = 2.32> <FuncUnit> <Opcode : 'dadd' 'dsub'> <InPorts = 2> <OutPorts = 1>
ST_46 : Operation 183 [10/15] (2.79ns)   --->   "%mul77_2_3 = dmul i64 %p_reload57_read, i64 %tmp_6" [ExtendedKalmanFilter.cpp:70]   --->   Operation 183 'dmul' 'mul77_2_3' <Predicate = true> <Delay = 2.79> <CoreInst = "DMul_maxdsp">   --->   Core 49 'DMul_maxdsp' <Latency = 14> <II = 1> <Delay = 2.79> <FuncUnit> <Opcode : 'dmul'> <InPorts = 2> <OutPorts = 1>

State 47 <SV = 46> <Delay = 2.79>
ST_47 : Operation 184 [9/13] (2.32ns)   --->   "%add82_2_2 = dadd i64 %add82_2_1, i64 %mul77_2_2" [ExtendedKalmanFilter.cpp:70]   --->   Operation 184 'dadd' 'add82_2_2' <Predicate = true> <Delay = 2.32> <CoreInst = "DAddSub_fulldsp">   --->   Core 37 'DAddSub_fulldsp' <Latency = 12> <II = 1> <Delay = 2.32> <FuncUnit> <Opcode : 'dadd' 'dsub'> <InPorts = 2> <OutPorts = 1>
ST_47 : Operation 185 [9/15] (2.79ns)   --->   "%mul77_2_3 = dmul i64 %p_reload57_read, i64 %tmp_6" [ExtendedKalmanFilter.cpp:70]   --->   Operation 185 'dmul' 'mul77_2_3' <Predicate = true> <Delay = 2.79> <CoreInst = "DMul_maxdsp">   --->   Core 49 'DMul_maxdsp' <Latency = 14> <II = 1> <Delay = 2.79> <FuncUnit> <Opcode : 'dmul'> <InPorts = 2> <OutPorts = 1>

State 48 <SV = 47> <Delay = 2.79>
ST_48 : Operation 186 [8/13] (2.32ns)   --->   "%add82_2_2 = dadd i64 %add82_2_1, i64 %mul77_2_2" [ExtendedKalmanFilter.cpp:70]   --->   Operation 186 'dadd' 'add82_2_2' <Predicate = true> <Delay = 2.32> <CoreInst = "DAddSub_fulldsp">   --->   Core 37 'DAddSub_fulldsp' <Latency = 12> <II = 1> <Delay = 2.32> <FuncUnit> <Opcode : 'dadd' 'dsub'> <InPorts = 2> <OutPorts = 1>
ST_48 : Operation 187 [8/15] (2.79ns)   --->   "%mul77_2_3 = dmul i64 %p_reload57_read, i64 %tmp_6" [ExtendedKalmanFilter.cpp:70]   --->   Operation 187 'dmul' 'mul77_2_3' <Predicate = true> <Delay = 2.79> <CoreInst = "DMul_maxdsp">   --->   Core 49 'DMul_maxdsp' <Latency = 14> <II = 1> <Delay = 2.79> <FuncUnit> <Opcode : 'dmul'> <InPorts = 2> <OutPorts = 1>

State 49 <SV = 48> <Delay = 2.79>
ST_49 : Operation 188 [7/13] (2.32ns)   --->   "%add82_2_2 = dadd i64 %add82_2_1, i64 %mul77_2_2" [ExtendedKalmanFilter.cpp:70]   --->   Operation 188 'dadd' 'add82_2_2' <Predicate = true> <Delay = 2.32> <CoreInst = "DAddSub_fulldsp">   --->   Core 37 'DAddSub_fulldsp' <Latency = 12> <II = 1> <Delay = 2.32> <FuncUnit> <Opcode : 'dadd' 'dsub'> <InPorts = 2> <OutPorts = 1>
ST_49 : Operation 189 [7/15] (2.79ns)   --->   "%mul77_2_3 = dmul i64 %p_reload57_read, i64 %tmp_6" [ExtendedKalmanFilter.cpp:70]   --->   Operation 189 'dmul' 'mul77_2_3' <Predicate = true> <Delay = 2.79> <CoreInst = "DMul_maxdsp">   --->   Core 49 'DMul_maxdsp' <Latency = 14> <II = 1> <Delay = 2.79> <FuncUnit> <Opcode : 'dmul'> <InPorts = 2> <OutPorts = 1>

State 50 <SV = 49> <Delay = 2.79>
ST_50 : Operation 190 [6/13] (2.32ns)   --->   "%add82_2_2 = dadd i64 %add82_2_1, i64 %mul77_2_2" [ExtendedKalmanFilter.cpp:70]   --->   Operation 190 'dadd' 'add82_2_2' <Predicate = true> <Delay = 2.32> <CoreInst = "DAddSub_fulldsp">   --->   Core 37 'DAddSub_fulldsp' <Latency = 12> <II = 1> <Delay = 2.32> <FuncUnit> <Opcode : 'dadd' 'dsub'> <InPorts = 2> <OutPorts = 1>
ST_50 : Operation 191 [6/15] (2.79ns)   --->   "%mul77_2_3 = dmul i64 %p_reload57_read, i64 %tmp_6" [ExtendedKalmanFilter.cpp:70]   --->   Operation 191 'dmul' 'mul77_2_3' <Predicate = true> <Delay = 2.79> <CoreInst = "DMul_maxdsp">   --->   Core 49 'DMul_maxdsp' <Latency = 14> <II = 1> <Delay = 2.79> <FuncUnit> <Opcode : 'dmul'> <InPorts = 2> <OutPorts = 1>

State 51 <SV = 50> <Delay = 2.79>
ST_51 : Operation 192 [5/13] (2.32ns)   --->   "%add82_2_2 = dadd i64 %add82_2_1, i64 %mul77_2_2" [ExtendedKalmanFilter.cpp:70]   --->   Operation 192 'dadd' 'add82_2_2' <Predicate = true> <Delay = 2.32> <CoreInst = "DAddSub_fulldsp">   --->   Core 37 'DAddSub_fulldsp' <Latency = 12> <II = 1> <Delay = 2.32> <FuncUnit> <Opcode : 'dadd' 'dsub'> <InPorts = 2> <OutPorts = 1>
ST_51 : Operation 193 [5/15] (2.79ns)   --->   "%mul77_2_3 = dmul i64 %p_reload57_read, i64 %tmp_6" [ExtendedKalmanFilter.cpp:70]   --->   Operation 193 'dmul' 'mul77_2_3' <Predicate = true> <Delay = 2.79> <CoreInst = "DMul_maxdsp">   --->   Core 49 'DMul_maxdsp' <Latency = 14> <II = 1> <Delay = 2.79> <FuncUnit> <Opcode : 'dmul'> <InPorts = 2> <OutPorts = 1>

State 52 <SV = 51> <Delay = 2.79>
ST_52 : Operation 194 [4/13] (2.32ns)   --->   "%add82_2_2 = dadd i64 %add82_2_1, i64 %mul77_2_2" [ExtendedKalmanFilter.cpp:70]   --->   Operation 194 'dadd' 'add82_2_2' <Predicate = true> <Delay = 2.32> <CoreInst = "DAddSub_fulldsp">   --->   Core 37 'DAddSub_fulldsp' <Latency = 12> <II = 1> <Delay = 2.32> <FuncUnit> <Opcode : 'dadd' 'dsub'> <InPorts = 2> <OutPorts = 1>
ST_52 : Operation 195 [4/15] (2.79ns)   --->   "%mul77_2_3 = dmul i64 %p_reload57_read, i64 %tmp_6" [ExtendedKalmanFilter.cpp:70]   --->   Operation 195 'dmul' 'mul77_2_3' <Predicate = true> <Delay = 2.79> <CoreInst = "DMul_maxdsp">   --->   Core 49 'DMul_maxdsp' <Latency = 14> <II = 1> <Delay = 2.79> <FuncUnit> <Opcode : 'dmul'> <InPorts = 2> <OutPorts = 1>

State 53 <SV = 52> <Delay = 2.79>
ST_53 : Operation 196 [3/13] (2.32ns)   --->   "%add82_2_2 = dadd i64 %add82_2_1, i64 %mul77_2_2" [ExtendedKalmanFilter.cpp:70]   --->   Operation 196 'dadd' 'add82_2_2' <Predicate = true> <Delay = 2.32> <CoreInst = "DAddSub_fulldsp">   --->   Core 37 'DAddSub_fulldsp' <Latency = 12> <II = 1> <Delay = 2.32> <FuncUnit> <Opcode : 'dadd' 'dsub'> <InPorts = 2> <OutPorts = 1>
ST_53 : Operation 197 [3/15] (2.79ns)   --->   "%mul77_2_3 = dmul i64 %p_reload57_read, i64 %tmp_6" [ExtendedKalmanFilter.cpp:70]   --->   Operation 197 'dmul' 'mul77_2_3' <Predicate = true> <Delay = 2.79> <CoreInst = "DMul_maxdsp">   --->   Core 49 'DMul_maxdsp' <Latency = 14> <II = 1> <Delay = 2.79> <FuncUnit> <Opcode : 'dmul'> <InPorts = 2> <OutPorts = 1>

State 54 <SV = 53> <Delay = 2.79>
ST_54 : Operation 198 [2/13] (2.32ns)   --->   "%add82_2_2 = dadd i64 %add82_2_1, i64 %mul77_2_2" [ExtendedKalmanFilter.cpp:70]   --->   Operation 198 'dadd' 'add82_2_2' <Predicate = true> <Delay = 2.32> <CoreInst = "DAddSub_fulldsp">   --->   Core 37 'DAddSub_fulldsp' <Latency = 12> <II = 1> <Delay = 2.32> <FuncUnit> <Opcode : 'dadd' 'dsub'> <InPorts = 2> <OutPorts = 1>
ST_54 : Operation 199 [2/15] (2.79ns)   --->   "%mul77_2_3 = dmul i64 %p_reload57_read, i64 %tmp_6" [ExtendedKalmanFilter.cpp:70]   --->   Operation 199 'dmul' 'mul77_2_3' <Predicate = true> <Delay = 2.79> <CoreInst = "DMul_maxdsp">   --->   Core 49 'DMul_maxdsp' <Latency = 14> <II = 1> <Delay = 2.79> <FuncUnit> <Opcode : 'dmul'> <InPorts = 2> <OutPorts = 1>

State 55 <SV = 54> <Delay = 2.79>
ST_55 : Operation 200 [1/13] (2.32ns)   --->   "%add82_2_2 = dadd i64 %add82_2_1, i64 %mul77_2_2" [ExtendedKalmanFilter.cpp:70]   --->   Operation 200 'dadd' 'add82_2_2' <Predicate = true> <Delay = 2.32> <CoreInst = "DAddSub_fulldsp">   --->   Core 37 'DAddSub_fulldsp' <Latency = 12> <II = 1> <Delay = 2.32> <FuncUnit> <Opcode : 'dadd' 'dsub'> <InPorts = 2> <OutPorts = 1>
ST_55 : Operation 201 [1/15] (2.79ns)   --->   "%mul77_2_3 = dmul i64 %p_reload57_read, i64 %tmp_6" [ExtendedKalmanFilter.cpp:70]   --->   Operation 201 'dmul' 'mul77_2_3' <Predicate = true> <Delay = 2.79> <CoreInst = "DMul_maxdsp">   --->   Core 49 'DMul_maxdsp' <Latency = 14> <II = 1> <Delay = 2.79> <FuncUnit> <Opcode : 'dmul'> <InPorts = 2> <OutPorts = 1>

State 56 <SV = 55> <Delay = 2.32>
ST_56 : Operation 202 [13/13] (2.32ns)   --->   "%add82_2_3 = dadd i64 %add82_2_2, i64 %mul77_2_3" [ExtendedKalmanFilter.cpp:70]   --->   Operation 202 'dadd' 'add82_2_3' <Predicate = true> <Delay = 2.32> <CoreInst = "DAddSub_fulldsp">   --->   Core 37 'DAddSub_fulldsp' <Latency = 12> <II = 1> <Delay = 2.32> <FuncUnit> <Opcode : 'dadd' 'dsub'> <InPorts = 2> <OutPorts = 1>

State 57 <SV = 56> <Delay = 2.32>
ST_57 : Operation 203 [12/13] (2.32ns)   --->   "%add82_2_3 = dadd i64 %add82_2_2, i64 %mul77_2_3" [ExtendedKalmanFilter.cpp:70]   --->   Operation 203 'dadd' 'add82_2_3' <Predicate = true> <Delay = 2.32> <CoreInst = "DAddSub_fulldsp">   --->   Core 37 'DAddSub_fulldsp' <Latency = 12> <II = 1> <Delay = 2.32> <FuncUnit> <Opcode : 'dadd' 'dsub'> <InPorts = 2> <OutPorts = 1>

State 58 <SV = 57> <Delay = 2.32>
ST_58 : Operation 204 [11/13] (2.32ns)   --->   "%add82_2_3 = dadd i64 %add82_2_2, i64 %mul77_2_3" [ExtendedKalmanFilter.cpp:70]   --->   Operation 204 'dadd' 'add82_2_3' <Predicate = true> <Delay = 2.32> <CoreInst = "DAddSub_fulldsp">   --->   Core 37 'DAddSub_fulldsp' <Latency = 12> <II = 1> <Delay = 2.32> <FuncUnit> <Opcode : 'dadd' 'dsub'> <InPorts = 2> <OutPorts = 1>

State 59 <SV = 58> <Delay = 2.32>
ST_59 : Operation 205 [10/13] (2.32ns)   --->   "%add82_2_3 = dadd i64 %add82_2_2, i64 %mul77_2_3" [ExtendedKalmanFilter.cpp:70]   --->   Operation 205 'dadd' 'add82_2_3' <Predicate = true> <Delay = 2.32> <CoreInst = "DAddSub_fulldsp">   --->   Core 37 'DAddSub_fulldsp' <Latency = 12> <II = 1> <Delay = 2.32> <FuncUnit> <Opcode : 'dadd' 'dsub'> <InPorts = 2> <OutPorts = 1>

State 60 <SV = 59> <Delay = 2.32>
ST_60 : Operation 206 [9/13] (2.32ns)   --->   "%add82_2_3 = dadd i64 %add82_2_2, i64 %mul77_2_3" [ExtendedKalmanFilter.cpp:70]   --->   Operation 206 'dadd' 'add82_2_3' <Predicate = true> <Delay = 2.32> <CoreInst = "DAddSub_fulldsp">   --->   Core 37 'DAddSub_fulldsp' <Latency = 12> <II = 1> <Delay = 2.32> <FuncUnit> <Opcode : 'dadd' 'dsub'> <InPorts = 2> <OutPorts = 1>

State 61 <SV = 60> <Delay = 2.32>
ST_61 : Operation 207 [8/13] (2.32ns)   --->   "%add82_2_3 = dadd i64 %add82_2_2, i64 %mul77_2_3" [ExtendedKalmanFilter.cpp:70]   --->   Operation 207 'dadd' 'add82_2_3' <Predicate = true> <Delay = 2.32> <CoreInst = "DAddSub_fulldsp">   --->   Core 37 'DAddSub_fulldsp' <Latency = 12> <II = 1> <Delay = 2.32> <FuncUnit> <Opcode : 'dadd' 'dsub'> <InPorts = 2> <OutPorts = 1>

State 62 <SV = 61> <Delay = 2.32>
ST_62 : Operation 208 [7/13] (2.32ns)   --->   "%add82_2_3 = dadd i64 %add82_2_2, i64 %mul77_2_3" [ExtendedKalmanFilter.cpp:70]   --->   Operation 208 'dadd' 'add82_2_3' <Predicate = true> <Delay = 2.32> <CoreInst = "DAddSub_fulldsp">   --->   Core 37 'DAddSub_fulldsp' <Latency = 12> <II = 1> <Delay = 2.32> <FuncUnit> <Opcode : 'dadd' 'dsub'> <InPorts = 2> <OutPorts = 1>

State 63 <SV = 62> <Delay = 2.32>
ST_63 : Operation 209 [6/13] (2.32ns)   --->   "%add82_2_3 = dadd i64 %add82_2_2, i64 %mul77_2_3" [ExtendedKalmanFilter.cpp:70]   --->   Operation 209 'dadd' 'add82_2_3' <Predicate = true> <Delay = 2.32> <CoreInst = "DAddSub_fulldsp">   --->   Core 37 'DAddSub_fulldsp' <Latency = 12> <II = 1> <Delay = 2.32> <FuncUnit> <Opcode : 'dadd' 'dsub'> <InPorts = 2> <OutPorts = 1>

State 64 <SV = 63> <Delay = 2.32>
ST_64 : Operation 210 [5/13] (2.32ns)   --->   "%add82_2_3 = dadd i64 %add82_2_2, i64 %mul77_2_3" [ExtendedKalmanFilter.cpp:70]   --->   Operation 210 'dadd' 'add82_2_3' <Predicate = true> <Delay = 2.32> <CoreInst = "DAddSub_fulldsp">   --->   Core 37 'DAddSub_fulldsp' <Latency = 12> <II = 1> <Delay = 2.32> <FuncUnit> <Opcode : 'dadd' 'dsub'> <InPorts = 2> <OutPorts = 1>

State 65 <SV = 64> <Delay = 2.32>
ST_65 : Operation 211 [4/13] (2.32ns)   --->   "%add82_2_3 = dadd i64 %add82_2_2, i64 %mul77_2_3" [ExtendedKalmanFilter.cpp:70]   --->   Operation 211 'dadd' 'add82_2_3' <Predicate = true> <Delay = 2.32> <CoreInst = "DAddSub_fulldsp">   --->   Core 37 'DAddSub_fulldsp' <Latency = 12> <II = 1> <Delay = 2.32> <FuncUnit> <Opcode : 'dadd' 'dsub'> <InPorts = 2> <OutPorts = 1>

State 66 <SV = 65> <Delay = 2.32>
ST_66 : Operation 212 [3/13] (2.32ns)   --->   "%add82_2_3 = dadd i64 %add82_2_2, i64 %mul77_2_3" [ExtendedKalmanFilter.cpp:70]   --->   Operation 212 'dadd' 'add82_2_3' <Predicate = true> <Delay = 2.32> <CoreInst = "DAddSub_fulldsp">   --->   Core 37 'DAddSub_fulldsp' <Latency = 12> <II = 1> <Delay = 2.32> <FuncUnit> <Opcode : 'dadd' 'dsub'> <InPorts = 2> <OutPorts = 1>

State 67 <SV = 66> <Delay = 2.32>
ST_67 : Operation 213 [2/13] (2.32ns)   --->   "%add82_2_3 = dadd i64 %add82_2_2, i64 %mul77_2_3" [ExtendedKalmanFilter.cpp:70]   --->   Operation 213 'dadd' 'add82_2_3' <Predicate = true> <Delay = 2.32> <CoreInst = "DAddSub_fulldsp">   --->   Core 37 'DAddSub_fulldsp' <Latency = 12> <II = 1> <Delay = 2.32> <FuncUnit> <Opcode : 'dadd' 'dsub'> <InPorts = 2> <OutPorts = 1>

State 68 <SV = 67> <Delay = 2.32>
ST_68 : Operation 214 [1/1] (0.00ns)   --->   "%specpipeline_ln67 = specpipeline void @_ssdm_op_SpecPipeline, i32 4294967295, i32 0, i32 0, i32 0, void @empty_8" [ExtendedKalmanFilter.cpp:67]   --->   Operation 214 'specpipeline' 'specpipeline_ln67' <Predicate = true> <Delay = 0.00>
ST_68 : Operation 215 [1/1] (0.00ns)   --->   "%speclooptripcount_ln67 = speclooptripcount void @_ssdm_op_SpecLoopTripCount, i64 4, i64 4, i64 4" [ExtendedKalmanFilter.cpp:67]   --->   Operation 215 'speclooptripcount' 'speclooptripcount_ln67' <Predicate = true> <Delay = 0.00>
ST_68 : Operation 216 [1/1] (0.00ns)   --->   "%specloopname_ln67 = specloopname void @_ssdm_op_SpecLoopName, void @empty_3" [ExtendedKalmanFilter.cpp:67]   --->   Operation 216 'specloopname' 'specloopname_ln67' <Predicate = true> <Delay = 0.00>
ST_68 : Operation 217 [1/13] (2.32ns)   --->   "%add82_2_3 = dadd i64 %add82_2_2, i64 %mul77_2_3" [ExtendedKalmanFilter.cpp:70]   --->   Operation 217 'dadd' 'add82_2_3' <Predicate = true> <Delay = 2.32> <CoreInst = "DAddSub_fulldsp">   --->   Core 37 'DAddSub_fulldsp' <Latency = 12> <II = 1> <Delay = 2.32> <FuncUnit> <Opcode : 'dadd' 'dsub'> <InPorts = 2> <OutPorts = 1>
ST_68 : Operation 230 [1/1] (0.00ns)   --->   "%mux_case_0162406_load = load i64 %mux_case_0162406"   --->   Operation 230 'load' 'mux_case_0162406_load' <Predicate = (icmp_ln67)> <Delay = 0.00>
ST_68 : Operation 231 [1/1] (0.00ns)   --->   "%mux_case_1163409_load = load i64 %mux_case_1163409"   --->   Operation 231 'load' 'mux_case_1163409_load' <Predicate = (icmp_ln67)> <Delay = 0.00>
ST_68 : Operation 232 [1/1] (0.00ns)   --->   "%mux_case_2164412_load = load i64 %mux_case_2164412"   --->   Operation 232 'load' 'mux_case_2164412_load' <Predicate = (icmp_ln67)> <Delay = 0.00>
ST_68 : Operation 233 [1/1] (0.00ns)   --->   "%mux_case_3165415_load = load i64 %mux_case_3165415"   --->   Operation 233 'load' 'mux_case_3165415_load' <Predicate = (icmp_ln67)> <Delay = 0.00>
ST_68 : Operation 234 [1/1] (0.00ns)   --->   "%write_ln0 = write void @_ssdm_op_Write.ap_auto.doubleP0A, i64 %mux_case_3165415_out, i64 %mux_case_3165415_load"   --->   Operation 234 'write' 'write_ln0' <Predicate = (icmp_ln67)> <Delay = 0.00>
ST_68 : Operation 235 [1/1] (0.00ns)   --->   "%write_ln0 = write void @_ssdm_op_Write.ap_auto.doubleP0A, i64 %mux_case_2164412_out, i64 %mux_case_2164412_load"   --->   Operation 235 'write' 'write_ln0' <Predicate = (icmp_ln67)> <Delay = 0.00>
ST_68 : Operation 236 [1/1] (0.00ns)   --->   "%write_ln0 = write void @_ssdm_op_Write.ap_auto.doubleP0A, i64 %mux_case_1163409_out, i64 %mux_case_1163409_load"   --->   Operation 236 'write' 'write_ln0' <Predicate = (icmp_ln67)> <Delay = 0.00>
ST_68 : Operation 237 [1/1] (0.00ns)   --->   "%write_ln0 = write void @_ssdm_op_Write.ap_auto.doubleP0A, i64 %mux_case_0162406_out, i64 %mux_case_0162406_load"   --->   Operation 237 'write' 'write_ln0' <Predicate = (icmp_ln67)> <Delay = 0.00>
ST_68 : Operation 238 [1/1] (0.00ns)   --->   "%ret_ln0 = ret"   --->   Operation 238 'ret' 'ret_ln0' <Predicate = (icmp_ln67)> <Delay = 0.00>

State 69 <SV = 68> <Delay = 0.83>
ST_69 : Operation 218 [1/1] (0.00ns)   --->   "%store_ln70 = store i64 %add82_2_3, i64 %P_2_2" [ExtendedKalmanFilter.cpp:70]   --->   Operation 218 'store' 'store_ln70' <Predicate = (trunc_ln67 == 2)> <Delay = 0.00>
ST_69 : Operation 219 [1/1] (0.83ns)   --->   "%store_ln70 = store i64 %add82_2_3, i64 %mux_case_2164412" [ExtendedKalmanFilter.cpp:70]   --->   Operation 219 'store' 'store_ln70' <Predicate = (trunc_ln67 == 2)> <Delay = 0.83>
ST_69 : Operation 220 [1/1] (0.00ns)   --->   "%br_ln70 = br void %arrayidx6327.2.exit" [ExtendedKalmanFilter.cpp:70]   --->   Operation 220 'br' 'br_ln70' <Predicate = (trunc_ln67 == 2)> <Delay = 0.00>
ST_69 : Operation 221 [1/1] (0.00ns)   --->   "%store_ln70 = store i64 %add82_2_3, i64 %P_2_1" [ExtendedKalmanFilter.cpp:70]   --->   Operation 221 'store' 'store_ln70' <Predicate = (trunc_ln67 == 1)> <Delay = 0.00>
ST_69 : Operation 222 [1/1] (0.83ns)   --->   "%store_ln70 = store i64 %add82_2_3, i64 %mux_case_1163409" [ExtendedKalmanFilter.cpp:70]   --->   Operation 222 'store' 'store_ln70' <Predicate = (trunc_ln67 == 1)> <Delay = 0.83>
ST_69 : Operation 223 [1/1] (0.00ns)   --->   "%br_ln70 = br void %arrayidx6327.2.exit" [ExtendedKalmanFilter.cpp:70]   --->   Operation 223 'br' 'br_ln70' <Predicate = (trunc_ln67 == 1)> <Delay = 0.00>
ST_69 : Operation 224 [1/1] (0.00ns)   --->   "%store_ln70 = store i64 %add82_2_3, i64 %P_2_0" [ExtendedKalmanFilter.cpp:70]   --->   Operation 224 'store' 'store_ln70' <Predicate = (trunc_ln67 == 0)> <Delay = 0.00>
ST_69 : Operation 225 [1/1] (0.83ns)   --->   "%store_ln70 = store i64 %add82_2_3, i64 %mux_case_0162406" [ExtendedKalmanFilter.cpp:70]   --->   Operation 225 'store' 'store_ln70' <Predicate = (trunc_ln67 == 0)> <Delay = 0.83>
ST_69 : Operation 226 [1/1] (0.00ns)   --->   "%br_ln70 = br void %arrayidx6327.2.exit" [ExtendedKalmanFilter.cpp:70]   --->   Operation 226 'br' 'br_ln70' <Predicate = (trunc_ln67 == 0)> <Delay = 0.00>
ST_69 : Operation 227 [1/1] (0.00ns)   --->   "%store_ln70 = store i64 %add82_2_3, i64 %P_2_3" [ExtendedKalmanFilter.cpp:70]   --->   Operation 227 'store' 'store_ln70' <Predicate = (trunc_ln67 == 3)> <Delay = 0.00>
ST_69 : Operation 228 [1/1] (0.83ns)   --->   "%store_ln70 = store i64 %add82_2_3, i64 %mux_case_3165415" [ExtendedKalmanFilter.cpp:70]   --->   Operation 228 'store' 'store_ln70' <Predicate = (trunc_ln67 == 3)> <Delay = 0.83>
ST_69 : Operation 229 [1/1] (0.00ns)   --->   "%br_ln70 = br void %arrayidx6327.2.exit" [ExtendedKalmanFilter.cpp:70]   --->   Operation 229 'br' 'br_ln70' <Predicate = (trunc_ln67 == 3)> <Delay = 0.00>


============================================================
+ Verbose Summary: Timing violations
============================================================
Target clock period: 4.000ns, clock uncertainty: 1.080ns.

 <State 1>: 2.600ns
The critical path consists of the following:
	'store' operation 0 bit ('store_ln67', ExtendedKalmanFilter.cpp:67) of constant 0 on local variable 'j', ExtendedKalmanFilter.cpp:67 [34]  (0.833 ns)
	'load' operation 3 bit ('j', ExtendedKalmanFilter.cpp:67) on local variable 'j', ExtendedKalmanFilter.cpp:67 [37]  (0.000 ns)
	'icmp' operation 1 bit ('icmp_ln67', ExtendedKalmanFilter.cpp:67) [38]  (0.934 ns)
	'store' operation 0 bit ('store_ln67', ExtendedKalmanFilter.cpp:67) of variable 'add_ln67', ExtendedKalmanFilter.cpp:67 on local variable 'j', ExtendedKalmanFilter.cpp:67 [76]  (0.833 ns)

 <State 2>: 2.796ns
The critical path consists of the following:
	'dmul' operation 64 bit ('mul77_2', ExtendedKalmanFilter.cpp:70) [47]  (2.796 ns)

 <State 3>: 2.796ns
The critical path consists of the following:
	'dmul' operation 64 bit ('mul77_2', ExtendedKalmanFilter.cpp:70) [47]  (2.796 ns)

 <State 4>: 2.796ns
The critical path consists of the following:
	'dmul' operation 64 bit ('mul77_2', ExtendedKalmanFilter.cpp:70) [47]  (2.796 ns)

 <State 5>: 2.796ns
The critical path consists of the following:
	'dmul' operation 64 bit ('mul77_2', ExtendedKalmanFilter.cpp:70) [47]  (2.796 ns)

 <State 6>: 2.796ns
The critical path consists of the following:
	'dmul' operation 64 bit ('mul77_2', ExtendedKalmanFilter.cpp:70) [47]  (2.796 ns)

 <State 7>: 2.796ns
The critical path consists of the following:
	'dmul' operation 64 bit ('mul77_2', ExtendedKalmanFilter.cpp:70) [47]  (2.796 ns)

 <State 8>: 2.796ns
The critical path consists of the following:
	'dmul' operation 64 bit ('mul77_2', ExtendedKalmanFilter.cpp:70) [47]  (2.796 ns)

 <State 9>: 2.796ns
The critical path consists of the following:
	'dmul' operation 64 bit ('mul77_2', ExtendedKalmanFilter.cpp:70) [47]  (2.796 ns)

 <State 10>: 2.796ns
The critical path consists of the following:
	'dmul' operation 64 bit ('mul77_2', ExtendedKalmanFilter.cpp:70) [47]  (2.796 ns)

 <State 11>: 2.796ns
The critical path consists of the following:
	'dmul' operation 64 bit ('mul77_2', ExtendedKalmanFilter.cpp:70) [47]  (2.796 ns)

 <State 12>: 2.796ns
The critical path consists of the following:
	'dmul' operation 64 bit ('mul77_2', ExtendedKalmanFilter.cpp:70) [47]  (2.796 ns)

 <State 13>: 2.796ns
The critical path consists of the following:
	'dmul' operation 64 bit ('mul77_2', ExtendedKalmanFilter.cpp:70) [47]  (2.796 ns)

 <State 14>: 2.796ns
The critical path consists of the following:
	'dmul' operation 64 bit ('mul77_2', ExtendedKalmanFilter.cpp:70) [47]  (2.796 ns)

 <State 15>: 2.796ns
The critical path consists of the following:
	'dmul' operation 64 bit ('mul77_2', ExtendedKalmanFilter.cpp:70) [47]  (2.796 ns)

 <State 16>: 2.796ns
The critical path consists of the following:
	'dmul' operation 64 bit ('mul77_2', ExtendedKalmanFilter.cpp:70) [47]  (2.796 ns)

 <State 17>: 2.796ns
The critical path consists of the following:
	'dmul' operation 64 bit ('mul77_2_1', ExtendedKalmanFilter.cpp:70) [50]  (2.796 ns)

 <State 18>: 2.796ns
The critical path consists of the following:
	'dmul' operation 64 bit ('mul77_2_1', ExtendedKalmanFilter.cpp:70) [50]  (2.796 ns)

 <State 19>: 2.796ns
The critical path consists of the following:
	'dmul' operation 64 bit ('mul77_2_1', ExtendedKalmanFilter.cpp:70) [50]  (2.796 ns)

 <State 20>: 2.796ns
The critical path consists of the following:
	'dmul' operation 64 bit ('mul77_2_1', ExtendedKalmanFilter.cpp:70) [50]  (2.796 ns)

 <State 21>: 2.796ns
The critical path consists of the following:
	'dmul' operation 64 bit ('mul77_2_1', ExtendedKalmanFilter.cpp:70) [50]  (2.796 ns)

 <State 22>: 2.796ns
The critical path consists of the following:
	'dmul' operation 64 bit ('mul77_2_1', ExtendedKalmanFilter.cpp:70) [50]  (2.796 ns)

 <State 23>: 2.796ns
The critical path consists of the following:
	'dmul' operation 64 bit ('mul77_2_1', ExtendedKalmanFilter.cpp:70) [50]  (2.796 ns)

 <State 24>: 2.796ns
The critical path consists of the following:
	'dmul' operation 64 bit ('mul77_2_1', ExtendedKalmanFilter.cpp:70) [50]  (2.796 ns)

 <State 25>: 2.796ns
The critical path consists of the following:
	'dmul' operation 64 bit ('mul77_2_1', ExtendedKalmanFilter.cpp:70) [50]  (2.796 ns)

 <State 26>: 2.796ns
The critical path consists of the following:
	'dmul' operation 64 bit ('mul77_2_1', ExtendedKalmanFilter.cpp:70) [50]  (2.796 ns)

 <State 27>: 2.796ns
The critical path consists of the following:
	'dmul' operation 64 bit ('mul77_2_1', ExtendedKalmanFilter.cpp:70) [50]  (2.796 ns)

 <State 28>: 2.796ns
The critical path consists of the following:
	'dmul' operation 64 bit ('mul77_2_1', ExtendedKalmanFilter.cpp:70) [50]  (2.796 ns)

 <State 29>: 2.796ns
The critical path consists of the following:
	'dmul' operation 64 bit ('mul77_2_1', ExtendedKalmanFilter.cpp:70) [50]  (2.796 ns)

 <State 30>: 2.796ns
The critical path consists of the following:
	'dmul' operation 64 bit ('mul77_2_2', ExtendedKalmanFilter.cpp:70) [53]  (2.796 ns)

 <State 31>: 2.796ns
The critical path consists of the following:
	'dmul' operation 64 bit ('mul77_2_2', ExtendedKalmanFilter.cpp:70) [53]  (2.796 ns)

 <State 32>: 2.796ns
The critical path consists of the following:
	'dmul' operation 64 bit ('mul77_2_2', ExtendedKalmanFilter.cpp:70) [53]  (2.796 ns)

 <State 33>: 2.796ns
The critical path consists of the following:
	'dmul' operation 64 bit ('mul77_2_2', ExtendedKalmanFilter.cpp:70) [53]  (2.796 ns)

 <State 34>: 2.796ns
The critical path consists of the following:
	'dmul' operation 64 bit ('mul77_2_2', ExtendedKalmanFilter.cpp:70) [53]  (2.796 ns)

 <State 35>: 2.796ns
The critical path consists of the following:
	'dmul' operation 64 bit ('mul77_2_2', ExtendedKalmanFilter.cpp:70) [53]  (2.796 ns)

 <State 36>: 2.796ns
The critical path consists of the following:
	'dmul' operation 64 bit ('mul77_2_2', ExtendedKalmanFilter.cpp:70) [53]  (2.796 ns)

 <State 37>: 2.796ns
The critical path consists of the following:
	'dmul' operation 64 bit ('mul77_2_2', ExtendedKalmanFilter.cpp:70) [53]  (2.796 ns)

 <State 38>: 2.796ns
The critical path consists of the following:
	'dmul' operation 64 bit ('mul77_2_2', ExtendedKalmanFilter.cpp:70) [53]  (2.796 ns)

 <State 39>: 2.796ns
The critical path consists of the following:
	'dmul' operation 64 bit ('mul77_2_2', ExtendedKalmanFilter.cpp:70) [53]  (2.796 ns)

 <State 40>: 2.796ns
The critical path consists of the following:
	'dmul' operation 64 bit ('mul77_2_2', ExtendedKalmanFilter.cpp:70) [53]  (2.796 ns)

 <State 41>: 2.796ns
The critical path consists of the following:
	'dmul' operation 64 bit ('mul77_2_2', ExtendedKalmanFilter.cpp:70) [53]  (2.796 ns)

 <State 42>: 2.796ns
The critical path consists of the following:
	'dmul' operation 64 bit ('mul77_2_2', ExtendedKalmanFilter.cpp:70) [53]  (2.796 ns)

 <State 43>: 2.796ns
The critical path consists of the following:
	'dmul' operation 64 bit ('mul77_2_3', ExtendedKalmanFilter.cpp:70) [56]  (2.796 ns)

 <State 44>: 2.796ns
The critical path consists of the following:
	'dmul' operation 64 bit ('mul77_2_3', ExtendedKalmanFilter.cpp:70) [56]  (2.796 ns)

 <State 45>: 2.796ns
The critical path consists of the following:
	'dmul' operation 64 bit ('mul77_2_3', ExtendedKalmanFilter.cpp:70) [56]  (2.796 ns)

 <State 46>: 2.796ns
The critical path consists of the following:
	'dmul' operation 64 bit ('mul77_2_3', ExtendedKalmanFilter.cpp:70) [56]  (2.796 ns)

 <State 47>: 2.796ns
The critical path consists of the following:
	'dmul' operation 64 bit ('mul77_2_3', ExtendedKalmanFilter.cpp:70) [56]  (2.796 ns)

 <State 48>: 2.796ns
The critical path consists of the following:
	'dmul' operation 64 bit ('mul77_2_3', ExtendedKalmanFilter.cpp:70) [56]  (2.796 ns)

 <State 49>: 2.796ns
The critical path consists of the following:
	'dmul' operation 64 bit ('mul77_2_3', ExtendedKalmanFilter.cpp:70) [56]  (2.796 ns)

 <State 50>: 2.796ns
The critical path consists of the following:
	'dmul' operation 64 bit ('mul77_2_3', ExtendedKalmanFilter.cpp:70) [56]  (2.796 ns)

 <State 51>: 2.796ns
The critical path consists of the following:
	'dmul' operation 64 bit ('mul77_2_3', ExtendedKalmanFilter.cpp:70) [56]  (2.796 ns)

 <State 52>: 2.796ns
The critical path consists of the following:
	'dmul' operation 64 bit ('mul77_2_3', ExtendedKalmanFilter.cpp:70) [56]  (2.796 ns)

 <State 53>: 2.796ns
The critical path consists of the following:
	'dmul' operation 64 bit ('mul77_2_3', ExtendedKalmanFilter.cpp:70) [56]  (2.796 ns)

 <State 54>: 2.796ns
The critical path consists of the following:
	'dmul' operation 64 bit ('mul77_2_3', ExtendedKalmanFilter.cpp:70) [56]  (2.796 ns)

 <State 55>: 2.796ns
The critical path consists of the following:
	'dmul' operation 64 bit ('mul77_2_3', ExtendedKalmanFilter.cpp:70) [56]  (2.796 ns)

 <State 56>: 2.320ns
The critical path consists of the following:
	'dadd' operation 64 bit ('add82_2_3', ExtendedKalmanFilter.cpp:70) [57]  (2.320 ns)

 <State 57>: 2.320ns
The critical path consists of the following:
	'dadd' operation 64 bit ('add82_2_3', ExtendedKalmanFilter.cpp:70) [57]  (2.320 ns)

 <State 58>: 2.320ns
The critical path consists of the following:
	'dadd' operation 64 bit ('add82_2_3', ExtendedKalmanFilter.cpp:70) [57]  (2.320 ns)

 <State 59>: 2.320ns
The critical path consists of the following:
	'dadd' operation 64 bit ('add82_2_3', ExtendedKalmanFilter.cpp:70) [57]  (2.320 ns)

 <State 60>: 2.320ns
The critical path consists of the following:
	'dadd' operation 64 bit ('add82_2_3', ExtendedKalmanFilter.cpp:70) [57]  (2.320 ns)

 <State 61>: 2.320ns
The critical path consists of the following:
	'dadd' operation 64 bit ('add82_2_3', ExtendedKalmanFilter.cpp:70) [57]  (2.320 ns)

 <State 62>: 2.320ns
The critical path consists of the following:
	'dadd' operation 64 bit ('add82_2_3', ExtendedKalmanFilter.cpp:70) [57]  (2.320 ns)

 <State 63>: 2.320ns
The critical path consists of the following:
	'dadd' operation 64 bit ('add82_2_3', ExtendedKalmanFilter.cpp:70) [57]  (2.320 ns)

 <State 64>: 2.320ns
The critical path consists of the following:
	'dadd' operation 64 bit ('add82_2_3', ExtendedKalmanFilter.cpp:70) [57]  (2.320 ns)

 <State 65>: 2.320ns
The critical path consists of the following:
	'dadd' operation 64 bit ('add82_2_3', ExtendedKalmanFilter.cpp:70) [57]  (2.320 ns)

 <State 66>: 2.320ns
The critical path consists of the following:
	'dadd' operation 64 bit ('add82_2_3', ExtendedKalmanFilter.cpp:70) [57]  (2.320 ns)

 <State 67>: 2.320ns
The critical path consists of the following:
	'dadd' operation 64 bit ('add82_2_3', ExtendedKalmanFilter.cpp:70) [57]  (2.320 ns)

 <State 68>: 2.320ns
The critical path consists of the following:
	'dadd' operation 64 bit ('add82_2_3', ExtendedKalmanFilter.cpp:70) [57]  (2.320 ns)

 <State 69>: 0.833ns
The critical path consists of the following:
	'store' operation 0 bit ('store_ln70', ExtendedKalmanFilter.cpp:70) of variable 'add82_2_3', ExtendedKalmanFilter.cpp:70 on local variable 'mux_case_1163409' [65]  (0.833 ns)


============================================================
+ Verbose Summary: Binding
============================================================
N/A
* FSMD analyzer results:
  - Output states:
 - Input state : 
  - Chain level:
	State 1
	State 2
	State 3
	State 4
	State 5
	State 6
	State 7
	State 8
	State 9
	State 10
	State 11
	State 12
	State 13
	State 14
	State 15
	State 16
	State 17
	State 18
	State 19
	State 20
	State 21
	State 22
	State 23
	State 24
	State 25
	State 26
	State 27
	State 28
	State 29
	State 30
	State 31
	State 32
	State 33
	State 34
	State 35
	State 36
	State 37
	State 38
	State 39
	State 40
	State 41
	State 42
	State 43
	State 44
	State 45
	State 46
	State 47
	State 48
	State 49
	State 50
	State 51
	State 52
	State 53
	State 54
	State 55
	State 56
	State 57
	State 58
	State 59
	State 60
	State 61
	State 62
	State 63
	State 64
	State 65
	State 66
	State 67
	State 68
	State 69


============================================================
+ Verbose Summary: Datapath Resource usage 
============================================================
N/A
