

================================================================
== Vitis HLS Report for 'extendedKalmanFilter_Pipeline_VITIS_LOOP_110_179'
================================================================
* Date:           Sun Mar 17 14:02:06 2024

* Version:        2023.2 (Build 4023990 on Oct 11 2023)
* Project:        ExtendedKalmanFilter
* Solution:       solution2 (Vivado IP Flow Target)
* Product family: kintex7
* Target device:  xc7k160t-fbg676-2


================================================================
== Performance Estimates
================================================================
+ Timing: 
    * Summary: 
    +--------+---------+----------+------------+
    |  Clock |  Target | Estimated| Uncertainty|
    +--------+---------+----------+------------+
    |ap_clk  |  4.00 ns|  2.796 ns|     1.08 ns|
    +--------+---------+----------+------------+

+ Latency: 
    * Summary: 
    +---------+---------+----------+----------+-----+-----+---------+
    |  Latency (cycles) |  Latency (absolute) |  Interval | Pipeline|
    |   min   |   max   |    min   |    max   | min | max |   Type  |
    +---------+---------+----------+----------+-----+-----+---------+
    |       71|       71|  0.284 us|  0.284 us|   71|   71|       no|
    +---------+---------+----------+----------+-----+-----+---------+

    + Detail: 
        * Instance: 
        N/A

        * Loop: 
        +---------------------+---------+---------+----------+-----------+-----------+------+----------+
        |                     |  Latency (cycles) | Iteration|  Initiation Interval  | Trip |          |
        |      Loop Name      |   min   |   max   |  Latency |  achieved |   target  | Count| Pipelined|
        +---------------------+---------+---------+----------+-----------+-----------+------+----------+
        |- VITIS_LOOP_110_17  |       69|       69|        69|          1|          1|     2|       yes|
        +---------------------+---------+---------+----------+-----------+-----------+------+----------+

============================================================
+ Verbose Summary: Synthesis Manager
============================================================
InlineROM: 1
ExposeGlobal: 0
============================================================
+ Verbose Summary: CDFG Model
============================================================
IsTopModel: 0
ResetActiveHigh: 1
IsCombinational: 0
IsDatapathOnly: 0
HasWiredReturn: 1
HasMFsm: 2
HasVarLatency: 1
IsPipeline: 0
IsRtlPipelined: 0
IsInstanceOverlapped: 0
IsDontTouch: 0
HasImplIP: 0
IsGatedGlobalClock: 0

+ Individual pipeline summary: 
  * Pipeline-0: initiation interval (II) = 1, depth = 69


============================================================
+ Verbose Summary: Schedule
============================================================
* Number of FSM states : 69
* Pipeline : 1
  Pipeline-0 : II = 1, D = 69, States = { 1 2 3 4 5 6 7 8 9 10 11 12 13 14 15 16 17 18 19 20 21 22 23 24 25 26 27 28 29 30 31 32 33 34 35 36 37 38 39 40 41 42 43 44 45 46 47 48 49 50 51 52 53 54 55 56 57 58 59 60 61 62 63 64 65 66 67 68 69 }
* Dataflow Pipeline: 0

* FSM state transitions: 
1 --> 2 
2 --> 3 
3 --> 4 
4 --> 5 
5 --> 6 
6 --> 7 
7 --> 8 
8 --> 9 
9 --> 10 
10 --> 11 
11 --> 12 
12 --> 13 
13 --> 14 
14 --> 15 
15 --> 16 
16 --> 17 
17 --> 18 
18 --> 19 
19 --> 20 
20 --> 21 
21 --> 22 
22 --> 23 
23 --> 24 
24 --> 25 
25 --> 26 
26 --> 27 
27 --> 28 
28 --> 29 
29 --> 30 
30 --> 31 
31 --> 32 
32 --> 33 
33 --> 34 
34 --> 35 
35 --> 36 
36 --> 37 
37 --> 38 
38 --> 39 
39 --> 40 
40 --> 41 
41 --> 42 
42 --> 43 
43 --> 44 
44 --> 45 
45 --> 46 
46 --> 47 
47 --> 48 
48 --> 49 
49 --> 50 
50 --> 51 
51 --> 52 
52 --> 53 
53 --> 54 
54 --> 55 
55 --> 56 
56 --> 57 
57 --> 58 
58 --> 59 
59 --> 60 
60 --> 61 
61 --> 62 
62 --> 63 
63 --> 64 
64 --> 65 
65 --> 66 
66 --> 67 
67 --> 68 
68 --> 69 
69 --> 

* FSM state operations: 

State 1 <SV = 0> <Delay = 2.51>
ST_1 : Operation 72 [1/1] (0.00ns)   --->   "%j = alloca i32 1" [ExtendedKalmanFilter.cpp:110]   --->   Operation 72 'alloca' 'j' <Predicate = true> <Delay = 0.00>
ST_1 : Operation 73 [1/1] (0.00ns)   --->   "%S_1_1_0 = alloca i32 1"   --->   Operation 73 'alloca' 'S_1_1_0' <Predicate = true> <Delay = 0.00>
ST_1 : Operation 74 [1/1] (0.00ns)   --->   "%p_reload90_read = read i64 @_ssdm_op_Read.ap_auto.double, i64 %p_reload90"   --->   Operation 74 'read' 'p_reload90_read' <Predicate = true> <Delay = 0.00>
ST_1 : Operation 75 [1/1] (0.00ns)   --->   "%p_reload91_read = read i64 @_ssdm_op_Read.ap_auto.double, i64 %p_reload91"   --->   Operation 75 'read' 'p_reload91_read' <Predicate = true> <Delay = 0.00>
ST_1 : Operation 76 [1/1] (0.00ns)   --->   "%p_reload92_read = read i64 @_ssdm_op_Read.ap_auto.double, i64 %p_reload92"   --->   Operation 76 'read' 'p_reload92_read' <Predicate = true> <Delay = 0.00>
ST_1 : Operation 77 [1/1] (0.00ns)   --->   "%p_reload93_read = read i64 @_ssdm_op_Read.ap_auto.double, i64 %p_reload93"   --->   Operation 77 'read' 'p_reload93_read' <Predicate = true> <Delay = 0.00>
ST_1 : Operation 78 [1/1] (0.00ns)   --->   "%S_1_1_2_reload_read = read i64 @_ssdm_op_Read.ap_auto.double, i64 %S_1_1_2_reload"   --->   Operation 78 'read' 'S_1_1_2_reload_read' <Predicate = true> <Delay = 0.00>
ST_1 : Operation 79 [1/1] (0.83ns)   --->   "%store_ln0 = store i64 %S_1_1_2_reload_read, i64 %S_1_1_0"   --->   Operation 79 'store' 'store_ln0' <Predicate = true> <Delay = 0.83>
ST_1 : Operation 80 [1/1] (0.83ns)   --->   "%store_ln110 = store i2 0, i2 %j" [ExtendedKalmanFilter.cpp:110]   --->   Operation 80 'store' 'store_ln110' <Predicate = true> <Delay = 0.83>
ST_1 : Operation 81 [1/1] (0.00ns)   --->   "%br_ln0 = br void %VITIS_LOOP_112_18.1"   --->   Operation 81 'br' 'br_ln0' <Predicate = true> <Delay = 0.00>
ST_1 : Operation 82 [1/1] (0.00ns)   --->   "%j_11 = load i2 %j" [ExtendedKalmanFilter.cpp:111]   --->   Operation 82 'load' 'j_11' <Predicate = true> <Delay = 0.00>
ST_1 : Operation 83 [1/1] (0.85ns)   --->   "%icmp_ln110 = icmp_eq  i2 %j_11, i2 2" [ExtendedKalmanFilter.cpp:110]   --->   Operation 83 'icmp' 'icmp_ln110' <Predicate = true> <Delay = 0.85> <CoreInst = "Cmp">   --->   Core 9 'Cmp' <Latency = 0> <II = 1> <Delay = 0.85> <FuncUnit> <Opcode : 'icmp'> <InPorts = 2> <OutPorts = 1>
ST_1 : Operation 84 [1/1] (0.85ns)   --->   "%add_ln110 = add i2 %j_11, i2 1" [ExtendedKalmanFilter.cpp:110]   --->   Operation 84 'add' 'add_ln110' <Predicate = true> <Delay = 0.85> <CoreInst = "Adder">   --->   Core 1 'Adder' <Latency = 0> <II = 1> <Delay = 0.85> <FuncUnit> <Opcode : 'add' 'sub'> <InPorts = 2> <OutPorts = 1>
ST_1 : Operation 85 [1/1] (0.00ns)   --->   "%br_ln110 = br i1 %icmp_ln110, void %VITIS_LOOP_112_18.1.split, void %VITIS_LOOP_123_21.preheader.exitStub" [ExtendedKalmanFilter.cpp:110]   --->   Operation 85 'br' 'br_ln110' <Predicate = true> <Delay = 0.00>
ST_1 : Operation 86 [1/1] (0.00ns)   --->   "%trunc_ln111 = trunc i2 %j_11" [ExtendedKalmanFilter.cpp:111]   --->   Operation 86 'trunc' 'trunc_ln111' <Predicate = (!icmp_ln110)> <Delay = 0.00>
ST_1 : Operation 87 [1/1] (0.61ns)   --->   "%select_ln113 = select i1 %trunc_ln111, i64 0, i64 1" [ExtendedKalmanFilter.cpp:113]   --->   Operation 87 'select' 'select_ln113' <Predicate = (!icmp_ln110)> <Delay = 0.61> <CoreInst = "Sel">   --->   Core 73 'Sel' <Latency = 0> <II = 1> <Delay = 0.61> <FuncUnit> <Opcode : 'select'> <InPorts = 3> <OutPorts = 1>
ST_1 : Operation 88 [1/1] (0.83ns)   --->   "%store_ln110 = store i2 %add_ln110, i2 %j" [ExtendedKalmanFilter.cpp:110]   --->   Operation 88 'store' 'store_ln110' <Predicate = (!icmp_ln110)> <Delay = 0.83>

State 2 <SV = 1> <Delay = 2.79>
ST_2 : Operation 89 [15/15] (2.79ns)   --->   "%mul216_1 = dmul i64 %p_reload93_read, i64 %select_ln113" [ExtendedKalmanFilter.cpp:113]   --->   Operation 89 'dmul' 'mul216_1' <Predicate = (trunc_ln111)> <Delay = 2.79> <CoreInst = "DMul_maxdsp">   --->   Core 49 'DMul_maxdsp' <Latency = 14> <II = 1> <Delay = 2.79> <FuncUnit> <Opcode : 'dmul'> <InPorts = 2> <OutPorts = 1>

State 3 <SV = 2> <Delay = 2.79>
ST_3 : Operation 90 [14/15] (2.79ns)   --->   "%mul216_1 = dmul i64 %p_reload93_read, i64 %select_ln113" [ExtendedKalmanFilter.cpp:113]   --->   Operation 90 'dmul' 'mul216_1' <Predicate = (trunc_ln111)> <Delay = 2.79> <CoreInst = "DMul_maxdsp">   --->   Core 49 'DMul_maxdsp' <Latency = 14> <II = 1> <Delay = 2.79> <FuncUnit> <Opcode : 'dmul'> <InPorts = 2> <OutPorts = 1>

State 4 <SV = 3> <Delay = 2.79>
ST_4 : Operation 91 [13/15] (2.79ns)   --->   "%mul216_1 = dmul i64 %p_reload93_read, i64 %select_ln113" [ExtendedKalmanFilter.cpp:113]   --->   Operation 91 'dmul' 'mul216_1' <Predicate = (trunc_ln111)> <Delay = 2.79> <CoreInst = "DMul_maxdsp">   --->   Core 49 'DMul_maxdsp' <Latency = 14> <II = 1> <Delay = 2.79> <FuncUnit> <Opcode : 'dmul'> <InPorts = 2> <OutPorts = 1>

State 5 <SV = 4> <Delay = 2.79>
ST_5 : Operation 92 [12/15] (2.79ns)   --->   "%mul216_1 = dmul i64 %p_reload93_read, i64 %select_ln113" [ExtendedKalmanFilter.cpp:113]   --->   Operation 92 'dmul' 'mul216_1' <Predicate = (trunc_ln111)> <Delay = 2.79> <CoreInst = "DMul_maxdsp">   --->   Core 49 'DMul_maxdsp' <Latency = 14> <II = 1> <Delay = 2.79> <FuncUnit> <Opcode : 'dmul'> <InPorts = 2> <OutPorts = 1>

State 6 <SV = 5> <Delay = 2.79>
ST_6 : Operation 93 [11/15] (2.79ns)   --->   "%mul216_1 = dmul i64 %p_reload93_read, i64 %select_ln113" [ExtendedKalmanFilter.cpp:113]   --->   Operation 93 'dmul' 'mul216_1' <Predicate = (trunc_ln111)> <Delay = 2.79> <CoreInst = "DMul_maxdsp">   --->   Core 49 'DMul_maxdsp' <Latency = 14> <II = 1> <Delay = 2.79> <FuncUnit> <Opcode : 'dmul'> <InPorts = 2> <OutPorts = 1>

State 7 <SV = 6> <Delay = 2.79>
ST_7 : Operation 94 [10/15] (2.79ns)   --->   "%mul216_1 = dmul i64 %p_reload93_read, i64 %select_ln113" [ExtendedKalmanFilter.cpp:113]   --->   Operation 94 'dmul' 'mul216_1' <Predicate = (trunc_ln111)> <Delay = 2.79> <CoreInst = "DMul_maxdsp">   --->   Core 49 'DMul_maxdsp' <Latency = 14> <II = 1> <Delay = 2.79> <FuncUnit> <Opcode : 'dmul'> <InPorts = 2> <OutPorts = 1>

State 8 <SV = 7> <Delay = 2.79>
ST_8 : Operation 95 [9/15] (2.79ns)   --->   "%mul216_1 = dmul i64 %p_reload93_read, i64 %select_ln113" [ExtendedKalmanFilter.cpp:113]   --->   Operation 95 'dmul' 'mul216_1' <Predicate = (trunc_ln111)> <Delay = 2.79> <CoreInst = "DMul_maxdsp">   --->   Core 49 'DMul_maxdsp' <Latency = 14> <II = 1> <Delay = 2.79> <FuncUnit> <Opcode : 'dmul'> <InPorts = 2> <OutPorts = 1>

State 9 <SV = 8> <Delay = 2.79>
ST_9 : Operation 96 [8/15] (2.79ns)   --->   "%mul216_1 = dmul i64 %p_reload93_read, i64 %select_ln113" [ExtendedKalmanFilter.cpp:113]   --->   Operation 96 'dmul' 'mul216_1' <Predicate = (trunc_ln111)> <Delay = 2.79> <CoreInst = "DMul_maxdsp">   --->   Core 49 'DMul_maxdsp' <Latency = 14> <II = 1> <Delay = 2.79> <FuncUnit> <Opcode : 'dmul'> <InPorts = 2> <OutPorts = 1>

State 10 <SV = 9> <Delay = 2.79>
ST_10 : Operation 97 [7/15] (2.79ns)   --->   "%mul216_1 = dmul i64 %p_reload93_read, i64 %select_ln113" [ExtendedKalmanFilter.cpp:113]   --->   Operation 97 'dmul' 'mul216_1' <Predicate = (trunc_ln111)> <Delay = 2.79> <CoreInst = "DMul_maxdsp">   --->   Core 49 'DMul_maxdsp' <Latency = 14> <II = 1> <Delay = 2.79> <FuncUnit> <Opcode : 'dmul'> <InPorts = 2> <OutPorts = 1>

State 11 <SV = 10> <Delay = 2.79>
ST_11 : Operation 98 [6/15] (2.79ns)   --->   "%mul216_1 = dmul i64 %p_reload93_read, i64 %select_ln113" [ExtendedKalmanFilter.cpp:113]   --->   Operation 98 'dmul' 'mul216_1' <Predicate = (trunc_ln111)> <Delay = 2.79> <CoreInst = "DMul_maxdsp">   --->   Core 49 'DMul_maxdsp' <Latency = 14> <II = 1> <Delay = 2.79> <FuncUnit> <Opcode : 'dmul'> <InPorts = 2> <OutPorts = 1>

State 12 <SV = 11> <Delay = 2.79>
ST_12 : Operation 99 [5/15] (2.79ns)   --->   "%mul216_1 = dmul i64 %p_reload93_read, i64 %select_ln113" [ExtendedKalmanFilter.cpp:113]   --->   Operation 99 'dmul' 'mul216_1' <Predicate = (trunc_ln111)> <Delay = 2.79> <CoreInst = "DMul_maxdsp">   --->   Core 49 'DMul_maxdsp' <Latency = 14> <II = 1> <Delay = 2.79> <FuncUnit> <Opcode : 'dmul'> <InPorts = 2> <OutPorts = 1>

State 13 <SV = 12> <Delay = 2.79>
ST_13 : Operation 100 [4/15] (2.79ns)   --->   "%mul216_1 = dmul i64 %p_reload93_read, i64 %select_ln113" [ExtendedKalmanFilter.cpp:113]   --->   Operation 100 'dmul' 'mul216_1' <Predicate = (trunc_ln111)> <Delay = 2.79> <CoreInst = "DMul_maxdsp">   --->   Core 49 'DMul_maxdsp' <Latency = 14> <II = 1> <Delay = 2.79> <FuncUnit> <Opcode : 'dmul'> <InPorts = 2> <OutPorts = 1>

State 14 <SV = 13> <Delay = 2.79>
ST_14 : Operation 101 [3/15] (2.79ns)   --->   "%mul216_1 = dmul i64 %p_reload93_read, i64 %select_ln113" [ExtendedKalmanFilter.cpp:113]   --->   Operation 101 'dmul' 'mul216_1' <Predicate = (trunc_ln111)> <Delay = 2.79> <CoreInst = "DMul_maxdsp">   --->   Core 49 'DMul_maxdsp' <Latency = 14> <II = 1> <Delay = 2.79> <FuncUnit> <Opcode : 'dmul'> <InPorts = 2> <OutPorts = 1>
ST_14 : Operation 102 [1/1] (0.61ns)   --->   "%select_ln113_1 = select i1 %trunc_ln111, i64 1, i64 0" [ExtendedKalmanFilter.cpp:113]   --->   Operation 102 'select' 'select_ln113_1' <Predicate = (trunc_ln111)> <Delay = 0.61> <CoreInst = "Sel">   --->   Core 73 'Sel' <Latency = 0> <II = 1> <Delay = 0.61> <FuncUnit> <Opcode : 'select'> <InPorts = 3> <OutPorts = 1>

State 15 <SV = 14> <Delay = 2.79>
ST_15 : Operation 103 [2/15] (2.79ns)   --->   "%mul216_1 = dmul i64 %p_reload93_read, i64 %select_ln113" [ExtendedKalmanFilter.cpp:113]   --->   Operation 103 'dmul' 'mul216_1' <Predicate = (trunc_ln111)> <Delay = 2.79> <CoreInst = "DMul_maxdsp">   --->   Core 49 'DMul_maxdsp' <Latency = 14> <II = 1> <Delay = 2.79> <FuncUnit> <Opcode : 'dmul'> <InPorts = 2> <OutPorts = 1>
ST_15 : Operation 104 [15/15] (2.79ns)   --->   "%mul216_1_1 = dmul i64 %p_reload92_read, i64 %select_ln113_1" [ExtendedKalmanFilter.cpp:113]   --->   Operation 104 'dmul' 'mul216_1_1' <Predicate = (trunc_ln111)> <Delay = 2.79> <CoreInst = "DMul_maxdsp">   --->   Core 49 'DMul_maxdsp' <Latency = 14> <II = 1> <Delay = 2.79> <FuncUnit> <Opcode : 'dmul'> <InPorts = 2> <OutPorts = 1>

State 16 <SV = 15> <Delay = 2.79>
ST_16 : Operation 105 [1/15] (2.79ns)   --->   "%mul216_1 = dmul i64 %p_reload93_read, i64 %select_ln113" [ExtendedKalmanFilter.cpp:113]   --->   Operation 105 'dmul' 'mul216_1' <Predicate = (trunc_ln111)> <Delay = 2.79> <CoreInst = "DMul_maxdsp">   --->   Core 49 'DMul_maxdsp' <Latency = 14> <II = 1> <Delay = 2.79> <FuncUnit> <Opcode : 'dmul'> <InPorts = 2> <OutPorts = 1>
ST_16 : Operation 106 [14/15] (2.79ns)   --->   "%mul216_1_1 = dmul i64 %p_reload92_read, i64 %select_ln113_1" [ExtendedKalmanFilter.cpp:113]   --->   Operation 106 'dmul' 'mul216_1_1' <Predicate = (trunc_ln111)> <Delay = 2.79> <CoreInst = "DMul_maxdsp">   --->   Core 49 'DMul_maxdsp' <Latency = 14> <II = 1> <Delay = 2.79> <FuncUnit> <Opcode : 'dmul'> <InPorts = 2> <OutPorts = 1>

State 17 <SV = 16> <Delay = 2.79>
ST_17 : Operation 107 [13/13] (2.32ns)   --->   "%add221_1 = dadd i64 %mul216_1, i64 0" [ExtendedKalmanFilter.cpp:113]   --->   Operation 107 'dadd' 'add221_1' <Predicate = (trunc_ln111)> <Delay = 2.32> <CoreInst = "DAddSub_fulldsp">   --->   Core 37 'DAddSub_fulldsp' <Latency = 12> <II = 1> <Delay = 2.32> <FuncUnit> <Opcode : 'dadd' 'dsub'> <InPorts = 2> <OutPorts = 1>
ST_17 : Operation 108 [13/15] (2.79ns)   --->   "%mul216_1_1 = dmul i64 %p_reload92_read, i64 %select_ln113_1" [ExtendedKalmanFilter.cpp:113]   --->   Operation 108 'dmul' 'mul216_1_1' <Predicate = (trunc_ln111)> <Delay = 2.79> <CoreInst = "DMul_maxdsp">   --->   Core 49 'DMul_maxdsp' <Latency = 14> <II = 1> <Delay = 2.79> <FuncUnit> <Opcode : 'dmul'> <InPorts = 2> <OutPorts = 1>

State 18 <SV = 17> <Delay = 2.79>
ST_18 : Operation 109 [12/13] (2.32ns)   --->   "%add221_1 = dadd i64 %mul216_1, i64 0" [ExtendedKalmanFilter.cpp:113]   --->   Operation 109 'dadd' 'add221_1' <Predicate = (trunc_ln111)> <Delay = 2.32> <CoreInst = "DAddSub_fulldsp">   --->   Core 37 'DAddSub_fulldsp' <Latency = 12> <II = 1> <Delay = 2.32> <FuncUnit> <Opcode : 'dadd' 'dsub'> <InPorts = 2> <OutPorts = 1>
ST_18 : Operation 110 [12/15] (2.79ns)   --->   "%mul216_1_1 = dmul i64 %p_reload92_read, i64 %select_ln113_1" [ExtendedKalmanFilter.cpp:113]   --->   Operation 110 'dmul' 'mul216_1_1' <Predicate = (trunc_ln111)> <Delay = 2.79> <CoreInst = "DMul_maxdsp">   --->   Core 49 'DMul_maxdsp' <Latency = 14> <II = 1> <Delay = 2.79> <FuncUnit> <Opcode : 'dmul'> <InPorts = 2> <OutPorts = 1>

State 19 <SV = 18> <Delay = 2.79>
ST_19 : Operation 111 [11/13] (2.32ns)   --->   "%add221_1 = dadd i64 %mul216_1, i64 0" [ExtendedKalmanFilter.cpp:113]   --->   Operation 111 'dadd' 'add221_1' <Predicate = (trunc_ln111)> <Delay = 2.32> <CoreInst = "DAddSub_fulldsp">   --->   Core 37 'DAddSub_fulldsp' <Latency = 12> <II = 1> <Delay = 2.32> <FuncUnit> <Opcode : 'dadd' 'dsub'> <InPorts = 2> <OutPorts = 1>
ST_19 : Operation 112 [11/15] (2.79ns)   --->   "%mul216_1_1 = dmul i64 %p_reload92_read, i64 %select_ln113_1" [ExtendedKalmanFilter.cpp:113]   --->   Operation 112 'dmul' 'mul216_1_1' <Predicate = (trunc_ln111)> <Delay = 2.79> <CoreInst = "DMul_maxdsp">   --->   Core 49 'DMul_maxdsp' <Latency = 14> <II = 1> <Delay = 2.79> <FuncUnit> <Opcode : 'dmul'> <InPorts = 2> <OutPorts = 1>

State 20 <SV = 19> <Delay = 2.79>
ST_20 : Operation 113 [10/13] (2.32ns)   --->   "%add221_1 = dadd i64 %mul216_1, i64 0" [ExtendedKalmanFilter.cpp:113]   --->   Operation 113 'dadd' 'add221_1' <Predicate = (trunc_ln111)> <Delay = 2.32> <CoreInst = "DAddSub_fulldsp">   --->   Core 37 'DAddSub_fulldsp' <Latency = 12> <II = 1> <Delay = 2.32> <FuncUnit> <Opcode : 'dadd' 'dsub'> <InPorts = 2> <OutPorts = 1>
ST_20 : Operation 114 [10/15] (2.79ns)   --->   "%mul216_1_1 = dmul i64 %p_reload92_read, i64 %select_ln113_1" [ExtendedKalmanFilter.cpp:113]   --->   Operation 114 'dmul' 'mul216_1_1' <Predicate = (trunc_ln111)> <Delay = 2.79> <CoreInst = "DMul_maxdsp">   --->   Core 49 'DMul_maxdsp' <Latency = 14> <II = 1> <Delay = 2.79> <FuncUnit> <Opcode : 'dmul'> <InPorts = 2> <OutPorts = 1>

State 21 <SV = 20> <Delay = 2.79>
ST_21 : Operation 115 [9/13] (2.32ns)   --->   "%add221_1 = dadd i64 %mul216_1, i64 0" [ExtendedKalmanFilter.cpp:113]   --->   Operation 115 'dadd' 'add221_1' <Predicate = (trunc_ln111)> <Delay = 2.32> <CoreInst = "DAddSub_fulldsp">   --->   Core 37 'DAddSub_fulldsp' <Latency = 12> <II = 1> <Delay = 2.32> <FuncUnit> <Opcode : 'dadd' 'dsub'> <InPorts = 2> <OutPorts = 1>
ST_21 : Operation 116 [9/15] (2.79ns)   --->   "%mul216_1_1 = dmul i64 %p_reload92_read, i64 %select_ln113_1" [ExtendedKalmanFilter.cpp:113]   --->   Operation 116 'dmul' 'mul216_1_1' <Predicate = (trunc_ln111)> <Delay = 2.79> <CoreInst = "DMul_maxdsp">   --->   Core 49 'DMul_maxdsp' <Latency = 14> <II = 1> <Delay = 2.79> <FuncUnit> <Opcode : 'dmul'> <InPorts = 2> <OutPorts = 1>

State 22 <SV = 21> <Delay = 2.79>
ST_22 : Operation 117 [8/13] (2.32ns)   --->   "%add221_1 = dadd i64 %mul216_1, i64 0" [ExtendedKalmanFilter.cpp:113]   --->   Operation 117 'dadd' 'add221_1' <Predicate = (trunc_ln111)> <Delay = 2.32> <CoreInst = "DAddSub_fulldsp">   --->   Core 37 'DAddSub_fulldsp' <Latency = 12> <II = 1> <Delay = 2.32> <FuncUnit> <Opcode : 'dadd' 'dsub'> <InPorts = 2> <OutPorts = 1>
ST_22 : Operation 118 [8/15] (2.79ns)   --->   "%mul216_1_1 = dmul i64 %p_reload92_read, i64 %select_ln113_1" [ExtendedKalmanFilter.cpp:113]   --->   Operation 118 'dmul' 'mul216_1_1' <Predicate = (trunc_ln111)> <Delay = 2.79> <CoreInst = "DMul_maxdsp">   --->   Core 49 'DMul_maxdsp' <Latency = 14> <II = 1> <Delay = 2.79> <FuncUnit> <Opcode : 'dmul'> <InPorts = 2> <OutPorts = 1>

State 23 <SV = 22> <Delay = 2.79>
ST_23 : Operation 119 [7/13] (2.32ns)   --->   "%add221_1 = dadd i64 %mul216_1, i64 0" [ExtendedKalmanFilter.cpp:113]   --->   Operation 119 'dadd' 'add221_1' <Predicate = (trunc_ln111)> <Delay = 2.32> <CoreInst = "DAddSub_fulldsp">   --->   Core 37 'DAddSub_fulldsp' <Latency = 12> <II = 1> <Delay = 2.32> <FuncUnit> <Opcode : 'dadd' 'dsub'> <InPorts = 2> <OutPorts = 1>
ST_23 : Operation 120 [7/15] (2.79ns)   --->   "%mul216_1_1 = dmul i64 %p_reload92_read, i64 %select_ln113_1" [ExtendedKalmanFilter.cpp:113]   --->   Operation 120 'dmul' 'mul216_1_1' <Predicate = (trunc_ln111)> <Delay = 2.79> <CoreInst = "DMul_maxdsp">   --->   Core 49 'DMul_maxdsp' <Latency = 14> <II = 1> <Delay = 2.79> <FuncUnit> <Opcode : 'dmul'> <InPorts = 2> <OutPorts = 1>

State 24 <SV = 23> <Delay = 2.79>
ST_24 : Operation 121 [6/13] (2.32ns)   --->   "%add221_1 = dadd i64 %mul216_1, i64 0" [ExtendedKalmanFilter.cpp:113]   --->   Operation 121 'dadd' 'add221_1' <Predicate = (trunc_ln111)> <Delay = 2.32> <CoreInst = "DAddSub_fulldsp">   --->   Core 37 'DAddSub_fulldsp' <Latency = 12> <II = 1> <Delay = 2.32> <FuncUnit> <Opcode : 'dadd' 'dsub'> <InPorts = 2> <OutPorts = 1>
ST_24 : Operation 122 [6/15] (2.79ns)   --->   "%mul216_1_1 = dmul i64 %p_reload92_read, i64 %select_ln113_1" [ExtendedKalmanFilter.cpp:113]   --->   Operation 122 'dmul' 'mul216_1_1' <Predicate = (trunc_ln111)> <Delay = 2.79> <CoreInst = "DMul_maxdsp">   --->   Core 49 'DMul_maxdsp' <Latency = 14> <II = 1> <Delay = 2.79> <FuncUnit> <Opcode : 'dmul'> <InPorts = 2> <OutPorts = 1>

State 25 <SV = 24> <Delay = 2.79>
ST_25 : Operation 123 [5/13] (2.32ns)   --->   "%add221_1 = dadd i64 %mul216_1, i64 0" [ExtendedKalmanFilter.cpp:113]   --->   Operation 123 'dadd' 'add221_1' <Predicate = (trunc_ln111)> <Delay = 2.32> <CoreInst = "DAddSub_fulldsp">   --->   Core 37 'DAddSub_fulldsp' <Latency = 12> <II = 1> <Delay = 2.32> <FuncUnit> <Opcode : 'dadd' 'dsub'> <InPorts = 2> <OutPorts = 1>
ST_25 : Operation 124 [5/15] (2.79ns)   --->   "%mul216_1_1 = dmul i64 %p_reload92_read, i64 %select_ln113_1" [ExtendedKalmanFilter.cpp:113]   --->   Operation 124 'dmul' 'mul216_1_1' <Predicate = (trunc_ln111)> <Delay = 2.79> <CoreInst = "DMul_maxdsp">   --->   Core 49 'DMul_maxdsp' <Latency = 14> <II = 1> <Delay = 2.79> <FuncUnit> <Opcode : 'dmul'> <InPorts = 2> <OutPorts = 1>

State 26 <SV = 25> <Delay = 2.79>
ST_26 : Operation 125 [4/13] (2.32ns)   --->   "%add221_1 = dadd i64 %mul216_1, i64 0" [ExtendedKalmanFilter.cpp:113]   --->   Operation 125 'dadd' 'add221_1' <Predicate = (trunc_ln111)> <Delay = 2.32> <CoreInst = "DAddSub_fulldsp">   --->   Core 37 'DAddSub_fulldsp' <Latency = 12> <II = 1> <Delay = 2.32> <FuncUnit> <Opcode : 'dadd' 'dsub'> <InPorts = 2> <OutPorts = 1>
ST_26 : Operation 126 [4/15] (2.79ns)   --->   "%mul216_1_1 = dmul i64 %p_reload92_read, i64 %select_ln113_1" [ExtendedKalmanFilter.cpp:113]   --->   Operation 126 'dmul' 'mul216_1_1' <Predicate = (trunc_ln111)> <Delay = 2.79> <CoreInst = "DMul_maxdsp">   --->   Core 49 'DMul_maxdsp' <Latency = 14> <II = 1> <Delay = 2.79> <FuncUnit> <Opcode : 'dmul'> <InPorts = 2> <OutPorts = 1>

State 27 <SV = 26> <Delay = 2.79>
ST_27 : Operation 127 [3/13] (2.32ns)   --->   "%add221_1 = dadd i64 %mul216_1, i64 0" [ExtendedKalmanFilter.cpp:113]   --->   Operation 127 'dadd' 'add221_1' <Predicate = (trunc_ln111)> <Delay = 2.32> <CoreInst = "DAddSub_fulldsp">   --->   Core 37 'DAddSub_fulldsp' <Latency = 12> <II = 1> <Delay = 2.32> <FuncUnit> <Opcode : 'dadd' 'dsub'> <InPorts = 2> <OutPorts = 1>
ST_27 : Operation 128 [3/15] (2.79ns)   --->   "%mul216_1_1 = dmul i64 %p_reload92_read, i64 %select_ln113_1" [ExtendedKalmanFilter.cpp:113]   --->   Operation 128 'dmul' 'mul216_1_1' <Predicate = (trunc_ln111)> <Delay = 2.79> <CoreInst = "DMul_maxdsp">   --->   Core 49 'DMul_maxdsp' <Latency = 14> <II = 1> <Delay = 2.79> <FuncUnit> <Opcode : 'dmul'> <InPorts = 2> <OutPorts = 1>

State 28 <SV = 27> <Delay = 2.79>
ST_28 : Operation 129 [2/13] (2.32ns)   --->   "%add221_1 = dadd i64 %mul216_1, i64 0" [ExtendedKalmanFilter.cpp:113]   --->   Operation 129 'dadd' 'add221_1' <Predicate = (trunc_ln111)> <Delay = 2.32> <CoreInst = "DAddSub_fulldsp">   --->   Core 37 'DAddSub_fulldsp' <Latency = 12> <II = 1> <Delay = 2.32> <FuncUnit> <Opcode : 'dadd' 'dsub'> <InPorts = 2> <OutPorts = 1>
ST_28 : Operation 130 [2/15] (2.79ns)   --->   "%mul216_1_1 = dmul i64 %p_reload92_read, i64 %select_ln113_1" [ExtendedKalmanFilter.cpp:113]   --->   Operation 130 'dmul' 'mul216_1_1' <Predicate = (trunc_ln111)> <Delay = 2.79> <CoreInst = "DMul_maxdsp">   --->   Core 49 'DMul_maxdsp' <Latency = 14> <II = 1> <Delay = 2.79> <FuncUnit> <Opcode : 'dmul'> <InPorts = 2> <OutPorts = 1>
ST_28 : Operation 131 [15/15] (2.79ns)   --->   "%mul216_1_2 = dmul i64 %p_reload91_read, i64 0" [ExtendedKalmanFilter.cpp:113]   --->   Operation 131 'dmul' 'mul216_1_2' <Predicate = (trunc_ln111)> <Delay = 2.79> <CoreInst = "DMul_maxdsp">   --->   Core 49 'DMul_maxdsp' <Latency = 14> <II = 1> <Delay = 2.79> <FuncUnit> <Opcode : 'dmul'> <InPorts = 2> <OutPorts = 1>

State 29 <SV = 28> <Delay = 2.79>
ST_29 : Operation 132 [1/13] (2.32ns)   --->   "%add221_1 = dadd i64 %mul216_1, i64 0" [ExtendedKalmanFilter.cpp:113]   --->   Operation 132 'dadd' 'add221_1' <Predicate = (trunc_ln111)> <Delay = 2.32> <CoreInst = "DAddSub_fulldsp">   --->   Core 37 'DAddSub_fulldsp' <Latency = 12> <II = 1> <Delay = 2.32> <FuncUnit> <Opcode : 'dadd' 'dsub'> <InPorts = 2> <OutPorts = 1>
ST_29 : Operation 133 [1/15] (2.79ns)   --->   "%mul216_1_1 = dmul i64 %p_reload92_read, i64 %select_ln113_1" [ExtendedKalmanFilter.cpp:113]   --->   Operation 133 'dmul' 'mul216_1_1' <Predicate = (trunc_ln111)> <Delay = 2.79> <CoreInst = "DMul_maxdsp">   --->   Core 49 'DMul_maxdsp' <Latency = 14> <II = 1> <Delay = 2.79> <FuncUnit> <Opcode : 'dmul'> <InPorts = 2> <OutPorts = 1>
ST_29 : Operation 134 [14/15] (2.79ns)   --->   "%mul216_1_2 = dmul i64 %p_reload91_read, i64 0" [ExtendedKalmanFilter.cpp:113]   --->   Operation 134 'dmul' 'mul216_1_2' <Predicate = (trunc_ln111)> <Delay = 2.79> <CoreInst = "DMul_maxdsp">   --->   Core 49 'DMul_maxdsp' <Latency = 14> <II = 1> <Delay = 2.79> <FuncUnit> <Opcode : 'dmul'> <InPorts = 2> <OutPorts = 1>

State 30 <SV = 29> <Delay = 2.79>
ST_30 : Operation 135 [13/13] (2.32ns)   --->   "%add221_1_1 = dadd i64 %add221_1, i64 %mul216_1_1" [ExtendedKalmanFilter.cpp:113]   --->   Operation 135 'dadd' 'add221_1_1' <Predicate = (trunc_ln111)> <Delay = 2.32> <CoreInst = "DAddSub_fulldsp">   --->   Core 37 'DAddSub_fulldsp' <Latency = 12> <II = 1> <Delay = 2.32> <FuncUnit> <Opcode : 'dadd' 'dsub'> <InPorts = 2> <OutPorts = 1>
ST_30 : Operation 136 [13/15] (2.79ns)   --->   "%mul216_1_2 = dmul i64 %p_reload91_read, i64 0" [ExtendedKalmanFilter.cpp:113]   --->   Operation 136 'dmul' 'mul216_1_2' <Predicate = (trunc_ln111)> <Delay = 2.79> <CoreInst = "DMul_maxdsp">   --->   Core 49 'DMul_maxdsp' <Latency = 14> <II = 1> <Delay = 2.79> <FuncUnit> <Opcode : 'dmul'> <InPorts = 2> <OutPorts = 1>

State 31 <SV = 30> <Delay = 2.79>
ST_31 : Operation 137 [12/13] (2.32ns)   --->   "%add221_1_1 = dadd i64 %add221_1, i64 %mul216_1_1" [ExtendedKalmanFilter.cpp:113]   --->   Operation 137 'dadd' 'add221_1_1' <Predicate = (trunc_ln111)> <Delay = 2.32> <CoreInst = "DAddSub_fulldsp">   --->   Core 37 'DAddSub_fulldsp' <Latency = 12> <II = 1> <Delay = 2.32> <FuncUnit> <Opcode : 'dadd' 'dsub'> <InPorts = 2> <OutPorts = 1>
ST_31 : Operation 138 [12/15] (2.79ns)   --->   "%mul216_1_2 = dmul i64 %p_reload91_read, i64 0" [ExtendedKalmanFilter.cpp:113]   --->   Operation 138 'dmul' 'mul216_1_2' <Predicate = (trunc_ln111)> <Delay = 2.79> <CoreInst = "DMul_maxdsp">   --->   Core 49 'DMul_maxdsp' <Latency = 14> <II = 1> <Delay = 2.79> <FuncUnit> <Opcode : 'dmul'> <InPorts = 2> <OutPorts = 1>

State 32 <SV = 31> <Delay = 2.79>
ST_32 : Operation 139 [11/13] (2.32ns)   --->   "%add221_1_1 = dadd i64 %add221_1, i64 %mul216_1_1" [ExtendedKalmanFilter.cpp:113]   --->   Operation 139 'dadd' 'add221_1_1' <Predicate = (trunc_ln111)> <Delay = 2.32> <CoreInst = "DAddSub_fulldsp">   --->   Core 37 'DAddSub_fulldsp' <Latency = 12> <II = 1> <Delay = 2.32> <FuncUnit> <Opcode : 'dadd' 'dsub'> <InPorts = 2> <OutPorts = 1>
ST_32 : Operation 140 [11/15] (2.79ns)   --->   "%mul216_1_2 = dmul i64 %p_reload91_read, i64 0" [ExtendedKalmanFilter.cpp:113]   --->   Operation 140 'dmul' 'mul216_1_2' <Predicate = (trunc_ln111)> <Delay = 2.79> <CoreInst = "DMul_maxdsp">   --->   Core 49 'DMul_maxdsp' <Latency = 14> <II = 1> <Delay = 2.79> <FuncUnit> <Opcode : 'dmul'> <InPorts = 2> <OutPorts = 1>

State 33 <SV = 32> <Delay = 2.79>
ST_33 : Operation 141 [10/13] (2.32ns)   --->   "%add221_1_1 = dadd i64 %add221_1, i64 %mul216_1_1" [ExtendedKalmanFilter.cpp:113]   --->   Operation 141 'dadd' 'add221_1_1' <Predicate = (trunc_ln111)> <Delay = 2.32> <CoreInst = "DAddSub_fulldsp">   --->   Core 37 'DAddSub_fulldsp' <Latency = 12> <II = 1> <Delay = 2.32> <FuncUnit> <Opcode : 'dadd' 'dsub'> <InPorts = 2> <OutPorts = 1>
ST_33 : Operation 142 [10/15] (2.79ns)   --->   "%mul216_1_2 = dmul i64 %p_reload91_read, i64 0" [ExtendedKalmanFilter.cpp:113]   --->   Operation 142 'dmul' 'mul216_1_2' <Predicate = (trunc_ln111)> <Delay = 2.79> <CoreInst = "DMul_maxdsp">   --->   Core 49 'DMul_maxdsp' <Latency = 14> <II = 1> <Delay = 2.79> <FuncUnit> <Opcode : 'dmul'> <InPorts = 2> <OutPorts = 1>

State 34 <SV = 33> <Delay = 2.79>
ST_34 : Operation 143 [9/13] (2.32ns)   --->   "%add221_1_1 = dadd i64 %add221_1, i64 %mul216_1_1" [ExtendedKalmanFilter.cpp:113]   --->   Operation 143 'dadd' 'add221_1_1' <Predicate = (trunc_ln111)> <Delay = 2.32> <CoreInst = "DAddSub_fulldsp">   --->   Core 37 'DAddSub_fulldsp' <Latency = 12> <II = 1> <Delay = 2.32> <FuncUnit> <Opcode : 'dadd' 'dsub'> <InPorts = 2> <OutPorts = 1>
ST_34 : Operation 144 [9/15] (2.79ns)   --->   "%mul216_1_2 = dmul i64 %p_reload91_read, i64 0" [ExtendedKalmanFilter.cpp:113]   --->   Operation 144 'dmul' 'mul216_1_2' <Predicate = (trunc_ln111)> <Delay = 2.79> <CoreInst = "DMul_maxdsp">   --->   Core 49 'DMul_maxdsp' <Latency = 14> <II = 1> <Delay = 2.79> <FuncUnit> <Opcode : 'dmul'> <InPorts = 2> <OutPorts = 1>

State 35 <SV = 34> <Delay = 2.79>
ST_35 : Operation 145 [8/13] (2.32ns)   --->   "%add221_1_1 = dadd i64 %add221_1, i64 %mul216_1_1" [ExtendedKalmanFilter.cpp:113]   --->   Operation 145 'dadd' 'add221_1_1' <Predicate = (trunc_ln111)> <Delay = 2.32> <CoreInst = "DAddSub_fulldsp">   --->   Core 37 'DAddSub_fulldsp' <Latency = 12> <II = 1> <Delay = 2.32> <FuncUnit> <Opcode : 'dadd' 'dsub'> <InPorts = 2> <OutPorts = 1>
ST_35 : Operation 146 [8/15] (2.79ns)   --->   "%mul216_1_2 = dmul i64 %p_reload91_read, i64 0" [ExtendedKalmanFilter.cpp:113]   --->   Operation 146 'dmul' 'mul216_1_2' <Predicate = (trunc_ln111)> <Delay = 2.79> <CoreInst = "DMul_maxdsp">   --->   Core 49 'DMul_maxdsp' <Latency = 14> <II = 1> <Delay = 2.79> <FuncUnit> <Opcode : 'dmul'> <InPorts = 2> <OutPorts = 1>

State 36 <SV = 35> <Delay = 2.79>
ST_36 : Operation 147 [7/13] (2.32ns)   --->   "%add221_1_1 = dadd i64 %add221_1, i64 %mul216_1_1" [ExtendedKalmanFilter.cpp:113]   --->   Operation 147 'dadd' 'add221_1_1' <Predicate = (trunc_ln111)> <Delay = 2.32> <CoreInst = "DAddSub_fulldsp">   --->   Core 37 'DAddSub_fulldsp' <Latency = 12> <II = 1> <Delay = 2.32> <FuncUnit> <Opcode : 'dadd' 'dsub'> <InPorts = 2> <OutPorts = 1>
ST_36 : Operation 148 [7/15] (2.79ns)   --->   "%mul216_1_2 = dmul i64 %p_reload91_read, i64 0" [ExtendedKalmanFilter.cpp:113]   --->   Operation 148 'dmul' 'mul216_1_2' <Predicate = (trunc_ln111)> <Delay = 2.79> <CoreInst = "DMul_maxdsp">   --->   Core 49 'DMul_maxdsp' <Latency = 14> <II = 1> <Delay = 2.79> <FuncUnit> <Opcode : 'dmul'> <InPorts = 2> <OutPorts = 1>

State 37 <SV = 36> <Delay = 2.79>
ST_37 : Operation 149 [6/13] (2.32ns)   --->   "%add221_1_1 = dadd i64 %add221_1, i64 %mul216_1_1" [ExtendedKalmanFilter.cpp:113]   --->   Operation 149 'dadd' 'add221_1_1' <Predicate = (trunc_ln111)> <Delay = 2.32> <CoreInst = "DAddSub_fulldsp">   --->   Core 37 'DAddSub_fulldsp' <Latency = 12> <II = 1> <Delay = 2.32> <FuncUnit> <Opcode : 'dadd' 'dsub'> <InPorts = 2> <OutPorts = 1>
ST_37 : Operation 150 [6/15] (2.79ns)   --->   "%mul216_1_2 = dmul i64 %p_reload91_read, i64 0" [ExtendedKalmanFilter.cpp:113]   --->   Operation 150 'dmul' 'mul216_1_2' <Predicate = (trunc_ln111)> <Delay = 2.79> <CoreInst = "DMul_maxdsp">   --->   Core 49 'DMul_maxdsp' <Latency = 14> <II = 1> <Delay = 2.79> <FuncUnit> <Opcode : 'dmul'> <InPorts = 2> <OutPorts = 1>

State 38 <SV = 37> <Delay = 2.79>
ST_38 : Operation 151 [5/13] (2.32ns)   --->   "%add221_1_1 = dadd i64 %add221_1, i64 %mul216_1_1" [ExtendedKalmanFilter.cpp:113]   --->   Operation 151 'dadd' 'add221_1_1' <Predicate = (trunc_ln111)> <Delay = 2.32> <CoreInst = "DAddSub_fulldsp">   --->   Core 37 'DAddSub_fulldsp' <Latency = 12> <II = 1> <Delay = 2.32> <FuncUnit> <Opcode : 'dadd' 'dsub'> <InPorts = 2> <OutPorts = 1>
ST_38 : Operation 152 [5/15] (2.79ns)   --->   "%mul216_1_2 = dmul i64 %p_reload91_read, i64 0" [ExtendedKalmanFilter.cpp:113]   --->   Operation 152 'dmul' 'mul216_1_2' <Predicate = (trunc_ln111)> <Delay = 2.79> <CoreInst = "DMul_maxdsp">   --->   Core 49 'DMul_maxdsp' <Latency = 14> <II = 1> <Delay = 2.79> <FuncUnit> <Opcode : 'dmul'> <InPorts = 2> <OutPorts = 1>

State 39 <SV = 38> <Delay = 2.79>
ST_39 : Operation 153 [4/13] (2.32ns)   --->   "%add221_1_1 = dadd i64 %add221_1, i64 %mul216_1_1" [ExtendedKalmanFilter.cpp:113]   --->   Operation 153 'dadd' 'add221_1_1' <Predicate = (trunc_ln111)> <Delay = 2.32> <CoreInst = "DAddSub_fulldsp">   --->   Core 37 'DAddSub_fulldsp' <Latency = 12> <II = 1> <Delay = 2.32> <FuncUnit> <Opcode : 'dadd' 'dsub'> <InPorts = 2> <OutPorts = 1>
ST_39 : Operation 154 [4/15] (2.79ns)   --->   "%mul216_1_2 = dmul i64 %p_reload91_read, i64 0" [ExtendedKalmanFilter.cpp:113]   --->   Operation 154 'dmul' 'mul216_1_2' <Predicate = (trunc_ln111)> <Delay = 2.79> <CoreInst = "DMul_maxdsp">   --->   Core 49 'DMul_maxdsp' <Latency = 14> <II = 1> <Delay = 2.79> <FuncUnit> <Opcode : 'dmul'> <InPorts = 2> <OutPorts = 1>

State 40 <SV = 39> <Delay = 2.79>
ST_40 : Operation 155 [3/13] (2.32ns)   --->   "%add221_1_1 = dadd i64 %add221_1, i64 %mul216_1_1" [ExtendedKalmanFilter.cpp:113]   --->   Operation 155 'dadd' 'add221_1_1' <Predicate = (trunc_ln111)> <Delay = 2.32> <CoreInst = "DAddSub_fulldsp">   --->   Core 37 'DAddSub_fulldsp' <Latency = 12> <II = 1> <Delay = 2.32> <FuncUnit> <Opcode : 'dadd' 'dsub'> <InPorts = 2> <OutPorts = 1>
ST_40 : Operation 156 [3/15] (2.79ns)   --->   "%mul216_1_2 = dmul i64 %p_reload91_read, i64 0" [ExtendedKalmanFilter.cpp:113]   --->   Operation 156 'dmul' 'mul216_1_2' <Predicate = (trunc_ln111)> <Delay = 2.79> <CoreInst = "DMul_maxdsp">   --->   Core 49 'DMul_maxdsp' <Latency = 14> <II = 1> <Delay = 2.79> <FuncUnit> <Opcode : 'dmul'> <InPorts = 2> <OutPorts = 1>

State 41 <SV = 40> <Delay = 2.79>
ST_41 : Operation 157 [2/13] (2.32ns)   --->   "%add221_1_1 = dadd i64 %add221_1, i64 %mul216_1_1" [ExtendedKalmanFilter.cpp:113]   --->   Operation 157 'dadd' 'add221_1_1' <Predicate = (trunc_ln111)> <Delay = 2.32> <CoreInst = "DAddSub_fulldsp">   --->   Core 37 'DAddSub_fulldsp' <Latency = 12> <II = 1> <Delay = 2.32> <FuncUnit> <Opcode : 'dadd' 'dsub'> <InPorts = 2> <OutPorts = 1>
ST_41 : Operation 158 [2/15] (2.79ns)   --->   "%mul216_1_2 = dmul i64 %p_reload91_read, i64 0" [ExtendedKalmanFilter.cpp:113]   --->   Operation 158 'dmul' 'mul216_1_2' <Predicate = (trunc_ln111)> <Delay = 2.79> <CoreInst = "DMul_maxdsp">   --->   Core 49 'DMul_maxdsp' <Latency = 14> <II = 1> <Delay = 2.79> <FuncUnit> <Opcode : 'dmul'> <InPorts = 2> <OutPorts = 1>
ST_41 : Operation 159 [15/15] (2.79ns)   --->   "%mul216_1_3 = dmul i64 %p_reload90_read, i64 0" [ExtendedKalmanFilter.cpp:113]   --->   Operation 159 'dmul' 'mul216_1_3' <Predicate = (trunc_ln111)> <Delay = 2.79> <CoreInst = "DMul_maxdsp">   --->   Core 49 'DMul_maxdsp' <Latency = 14> <II = 1> <Delay = 2.79> <FuncUnit> <Opcode : 'dmul'> <InPorts = 2> <OutPorts = 1>

State 42 <SV = 41> <Delay = 2.79>
ST_42 : Operation 160 [1/13] (2.32ns)   --->   "%add221_1_1 = dadd i64 %add221_1, i64 %mul216_1_1" [ExtendedKalmanFilter.cpp:113]   --->   Operation 160 'dadd' 'add221_1_1' <Predicate = (trunc_ln111)> <Delay = 2.32> <CoreInst = "DAddSub_fulldsp">   --->   Core 37 'DAddSub_fulldsp' <Latency = 12> <II = 1> <Delay = 2.32> <FuncUnit> <Opcode : 'dadd' 'dsub'> <InPorts = 2> <OutPorts = 1>
ST_42 : Operation 161 [1/15] (2.79ns)   --->   "%mul216_1_2 = dmul i64 %p_reload91_read, i64 0" [ExtendedKalmanFilter.cpp:113]   --->   Operation 161 'dmul' 'mul216_1_2' <Predicate = (trunc_ln111)> <Delay = 2.79> <CoreInst = "DMul_maxdsp">   --->   Core 49 'DMul_maxdsp' <Latency = 14> <II = 1> <Delay = 2.79> <FuncUnit> <Opcode : 'dmul'> <InPorts = 2> <OutPorts = 1>
ST_42 : Operation 162 [14/15] (2.79ns)   --->   "%mul216_1_3 = dmul i64 %p_reload90_read, i64 0" [ExtendedKalmanFilter.cpp:113]   --->   Operation 162 'dmul' 'mul216_1_3' <Predicate = (trunc_ln111)> <Delay = 2.79> <CoreInst = "DMul_maxdsp">   --->   Core 49 'DMul_maxdsp' <Latency = 14> <II = 1> <Delay = 2.79> <FuncUnit> <Opcode : 'dmul'> <InPorts = 2> <OutPorts = 1>

State 43 <SV = 42> <Delay = 2.79>
ST_43 : Operation 163 [13/13] (2.32ns)   --->   "%add221_1_2 = dadd i64 %add221_1_1, i64 %mul216_1_2" [ExtendedKalmanFilter.cpp:113]   --->   Operation 163 'dadd' 'add221_1_2' <Predicate = (trunc_ln111)> <Delay = 2.32> <CoreInst = "DAddSub_fulldsp">   --->   Core 37 'DAddSub_fulldsp' <Latency = 12> <II = 1> <Delay = 2.32> <FuncUnit> <Opcode : 'dadd' 'dsub'> <InPorts = 2> <OutPorts = 1>
ST_43 : Operation 164 [13/15] (2.79ns)   --->   "%mul216_1_3 = dmul i64 %p_reload90_read, i64 0" [ExtendedKalmanFilter.cpp:113]   --->   Operation 164 'dmul' 'mul216_1_3' <Predicate = (trunc_ln111)> <Delay = 2.79> <CoreInst = "DMul_maxdsp">   --->   Core 49 'DMul_maxdsp' <Latency = 14> <II = 1> <Delay = 2.79> <FuncUnit> <Opcode : 'dmul'> <InPorts = 2> <OutPorts = 1>

State 44 <SV = 43> <Delay = 2.79>
ST_44 : Operation 165 [12/13] (2.32ns)   --->   "%add221_1_2 = dadd i64 %add221_1_1, i64 %mul216_1_2" [ExtendedKalmanFilter.cpp:113]   --->   Operation 165 'dadd' 'add221_1_2' <Predicate = (trunc_ln111)> <Delay = 2.32> <CoreInst = "DAddSub_fulldsp">   --->   Core 37 'DAddSub_fulldsp' <Latency = 12> <II = 1> <Delay = 2.32> <FuncUnit> <Opcode : 'dadd' 'dsub'> <InPorts = 2> <OutPorts = 1>
ST_44 : Operation 166 [12/15] (2.79ns)   --->   "%mul216_1_3 = dmul i64 %p_reload90_read, i64 0" [ExtendedKalmanFilter.cpp:113]   --->   Operation 166 'dmul' 'mul216_1_3' <Predicate = (trunc_ln111)> <Delay = 2.79> <CoreInst = "DMul_maxdsp">   --->   Core 49 'DMul_maxdsp' <Latency = 14> <II = 1> <Delay = 2.79> <FuncUnit> <Opcode : 'dmul'> <InPorts = 2> <OutPorts = 1>

State 45 <SV = 44> <Delay = 2.79>
ST_45 : Operation 167 [11/13] (2.32ns)   --->   "%add221_1_2 = dadd i64 %add221_1_1, i64 %mul216_1_2" [ExtendedKalmanFilter.cpp:113]   --->   Operation 167 'dadd' 'add221_1_2' <Predicate = (trunc_ln111)> <Delay = 2.32> <CoreInst = "DAddSub_fulldsp">   --->   Core 37 'DAddSub_fulldsp' <Latency = 12> <II = 1> <Delay = 2.32> <FuncUnit> <Opcode : 'dadd' 'dsub'> <InPorts = 2> <OutPorts = 1>
ST_45 : Operation 168 [11/15] (2.79ns)   --->   "%mul216_1_3 = dmul i64 %p_reload90_read, i64 0" [ExtendedKalmanFilter.cpp:113]   --->   Operation 168 'dmul' 'mul216_1_3' <Predicate = (trunc_ln111)> <Delay = 2.79> <CoreInst = "DMul_maxdsp">   --->   Core 49 'DMul_maxdsp' <Latency = 14> <II = 1> <Delay = 2.79> <FuncUnit> <Opcode : 'dmul'> <InPorts = 2> <OutPorts = 1>

State 46 <SV = 45> <Delay = 2.79>
ST_46 : Operation 169 [10/13] (2.32ns)   --->   "%add221_1_2 = dadd i64 %add221_1_1, i64 %mul216_1_2" [ExtendedKalmanFilter.cpp:113]   --->   Operation 169 'dadd' 'add221_1_2' <Predicate = (trunc_ln111)> <Delay = 2.32> <CoreInst = "DAddSub_fulldsp">   --->   Core 37 'DAddSub_fulldsp' <Latency = 12> <II = 1> <Delay = 2.32> <FuncUnit> <Opcode : 'dadd' 'dsub'> <InPorts = 2> <OutPorts = 1>
ST_46 : Operation 170 [10/15] (2.79ns)   --->   "%mul216_1_3 = dmul i64 %p_reload90_read, i64 0" [ExtendedKalmanFilter.cpp:113]   --->   Operation 170 'dmul' 'mul216_1_3' <Predicate = (trunc_ln111)> <Delay = 2.79> <CoreInst = "DMul_maxdsp">   --->   Core 49 'DMul_maxdsp' <Latency = 14> <II = 1> <Delay = 2.79> <FuncUnit> <Opcode : 'dmul'> <InPorts = 2> <OutPorts = 1>

State 47 <SV = 46> <Delay = 2.79>
ST_47 : Operation 171 [9/13] (2.32ns)   --->   "%add221_1_2 = dadd i64 %add221_1_1, i64 %mul216_1_2" [ExtendedKalmanFilter.cpp:113]   --->   Operation 171 'dadd' 'add221_1_2' <Predicate = (trunc_ln111)> <Delay = 2.32> <CoreInst = "DAddSub_fulldsp">   --->   Core 37 'DAddSub_fulldsp' <Latency = 12> <II = 1> <Delay = 2.32> <FuncUnit> <Opcode : 'dadd' 'dsub'> <InPorts = 2> <OutPorts = 1>
ST_47 : Operation 172 [9/15] (2.79ns)   --->   "%mul216_1_3 = dmul i64 %p_reload90_read, i64 0" [ExtendedKalmanFilter.cpp:113]   --->   Operation 172 'dmul' 'mul216_1_3' <Predicate = (trunc_ln111)> <Delay = 2.79> <CoreInst = "DMul_maxdsp">   --->   Core 49 'DMul_maxdsp' <Latency = 14> <II = 1> <Delay = 2.79> <FuncUnit> <Opcode : 'dmul'> <InPorts = 2> <OutPorts = 1>

State 48 <SV = 47> <Delay = 2.79>
ST_48 : Operation 173 [8/13] (2.32ns)   --->   "%add221_1_2 = dadd i64 %add221_1_1, i64 %mul216_1_2" [ExtendedKalmanFilter.cpp:113]   --->   Operation 173 'dadd' 'add221_1_2' <Predicate = (trunc_ln111)> <Delay = 2.32> <CoreInst = "DAddSub_fulldsp">   --->   Core 37 'DAddSub_fulldsp' <Latency = 12> <II = 1> <Delay = 2.32> <FuncUnit> <Opcode : 'dadd' 'dsub'> <InPorts = 2> <OutPorts = 1>
ST_48 : Operation 174 [8/15] (2.79ns)   --->   "%mul216_1_3 = dmul i64 %p_reload90_read, i64 0" [ExtendedKalmanFilter.cpp:113]   --->   Operation 174 'dmul' 'mul216_1_3' <Predicate = (trunc_ln111)> <Delay = 2.79> <CoreInst = "DMul_maxdsp">   --->   Core 49 'DMul_maxdsp' <Latency = 14> <II = 1> <Delay = 2.79> <FuncUnit> <Opcode : 'dmul'> <InPorts = 2> <OutPorts = 1>

State 49 <SV = 48> <Delay = 2.79>
ST_49 : Operation 175 [7/13] (2.32ns)   --->   "%add221_1_2 = dadd i64 %add221_1_1, i64 %mul216_1_2" [ExtendedKalmanFilter.cpp:113]   --->   Operation 175 'dadd' 'add221_1_2' <Predicate = (trunc_ln111)> <Delay = 2.32> <CoreInst = "DAddSub_fulldsp">   --->   Core 37 'DAddSub_fulldsp' <Latency = 12> <II = 1> <Delay = 2.32> <FuncUnit> <Opcode : 'dadd' 'dsub'> <InPorts = 2> <OutPorts = 1>
ST_49 : Operation 176 [7/15] (2.79ns)   --->   "%mul216_1_3 = dmul i64 %p_reload90_read, i64 0" [ExtendedKalmanFilter.cpp:113]   --->   Operation 176 'dmul' 'mul216_1_3' <Predicate = (trunc_ln111)> <Delay = 2.79> <CoreInst = "DMul_maxdsp">   --->   Core 49 'DMul_maxdsp' <Latency = 14> <II = 1> <Delay = 2.79> <FuncUnit> <Opcode : 'dmul'> <InPorts = 2> <OutPorts = 1>

State 50 <SV = 49> <Delay = 2.79>
ST_50 : Operation 177 [6/13] (2.32ns)   --->   "%add221_1_2 = dadd i64 %add221_1_1, i64 %mul216_1_2" [ExtendedKalmanFilter.cpp:113]   --->   Operation 177 'dadd' 'add221_1_2' <Predicate = (trunc_ln111)> <Delay = 2.32> <CoreInst = "DAddSub_fulldsp">   --->   Core 37 'DAddSub_fulldsp' <Latency = 12> <II = 1> <Delay = 2.32> <FuncUnit> <Opcode : 'dadd' 'dsub'> <InPorts = 2> <OutPorts = 1>
ST_50 : Operation 178 [6/15] (2.79ns)   --->   "%mul216_1_3 = dmul i64 %p_reload90_read, i64 0" [ExtendedKalmanFilter.cpp:113]   --->   Operation 178 'dmul' 'mul216_1_3' <Predicate = (trunc_ln111)> <Delay = 2.79> <CoreInst = "DMul_maxdsp">   --->   Core 49 'DMul_maxdsp' <Latency = 14> <II = 1> <Delay = 2.79> <FuncUnit> <Opcode : 'dmul'> <InPorts = 2> <OutPorts = 1>

State 51 <SV = 50> <Delay = 2.79>
ST_51 : Operation 179 [5/13] (2.32ns)   --->   "%add221_1_2 = dadd i64 %add221_1_1, i64 %mul216_1_2" [ExtendedKalmanFilter.cpp:113]   --->   Operation 179 'dadd' 'add221_1_2' <Predicate = (trunc_ln111)> <Delay = 2.32> <CoreInst = "DAddSub_fulldsp">   --->   Core 37 'DAddSub_fulldsp' <Latency = 12> <II = 1> <Delay = 2.32> <FuncUnit> <Opcode : 'dadd' 'dsub'> <InPorts = 2> <OutPorts = 1>
ST_51 : Operation 180 [5/15] (2.79ns)   --->   "%mul216_1_3 = dmul i64 %p_reload90_read, i64 0" [ExtendedKalmanFilter.cpp:113]   --->   Operation 180 'dmul' 'mul216_1_3' <Predicate = (trunc_ln111)> <Delay = 2.79> <CoreInst = "DMul_maxdsp">   --->   Core 49 'DMul_maxdsp' <Latency = 14> <II = 1> <Delay = 2.79> <FuncUnit> <Opcode : 'dmul'> <InPorts = 2> <OutPorts = 1>

State 52 <SV = 51> <Delay = 2.79>
ST_52 : Operation 181 [4/13] (2.32ns)   --->   "%add221_1_2 = dadd i64 %add221_1_1, i64 %mul216_1_2" [ExtendedKalmanFilter.cpp:113]   --->   Operation 181 'dadd' 'add221_1_2' <Predicate = (trunc_ln111)> <Delay = 2.32> <CoreInst = "DAddSub_fulldsp">   --->   Core 37 'DAddSub_fulldsp' <Latency = 12> <II = 1> <Delay = 2.32> <FuncUnit> <Opcode : 'dadd' 'dsub'> <InPorts = 2> <OutPorts = 1>
ST_52 : Operation 182 [4/15] (2.79ns)   --->   "%mul216_1_3 = dmul i64 %p_reload90_read, i64 0" [ExtendedKalmanFilter.cpp:113]   --->   Operation 182 'dmul' 'mul216_1_3' <Predicate = (trunc_ln111)> <Delay = 2.79> <CoreInst = "DMul_maxdsp">   --->   Core 49 'DMul_maxdsp' <Latency = 14> <II = 1> <Delay = 2.79> <FuncUnit> <Opcode : 'dmul'> <InPorts = 2> <OutPorts = 1>

State 53 <SV = 52> <Delay = 2.79>
ST_53 : Operation 183 [3/13] (2.32ns)   --->   "%add221_1_2 = dadd i64 %add221_1_1, i64 %mul216_1_2" [ExtendedKalmanFilter.cpp:113]   --->   Operation 183 'dadd' 'add221_1_2' <Predicate = (trunc_ln111)> <Delay = 2.32> <CoreInst = "DAddSub_fulldsp">   --->   Core 37 'DAddSub_fulldsp' <Latency = 12> <II = 1> <Delay = 2.32> <FuncUnit> <Opcode : 'dadd' 'dsub'> <InPorts = 2> <OutPorts = 1>
ST_53 : Operation 184 [3/15] (2.79ns)   --->   "%mul216_1_3 = dmul i64 %p_reload90_read, i64 0" [ExtendedKalmanFilter.cpp:113]   --->   Operation 184 'dmul' 'mul216_1_3' <Predicate = (trunc_ln111)> <Delay = 2.79> <CoreInst = "DMul_maxdsp">   --->   Core 49 'DMul_maxdsp' <Latency = 14> <II = 1> <Delay = 2.79> <FuncUnit> <Opcode : 'dmul'> <InPorts = 2> <OutPorts = 1>

State 54 <SV = 53> <Delay = 2.79>
ST_54 : Operation 185 [2/13] (2.32ns)   --->   "%add221_1_2 = dadd i64 %add221_1_1, i64 %mul216_1_2" [ExtendedKalmanFilter.cpp:113]   --->   Operation 185 'dadd' 'add221_1_2' <Predicate = (trunc_ln111)> <Delay = 2.32> <CoreInst = "DAddSub_fulldsp">   --->   Core 37 'DAddSub_fulldsp' <Latency = 12> <II = 1> <Delay = 2.32> <FuncUnit> <Opcode : 'dadd' 'dsub'> <InPorts = 2> <OutPorts = 1>
ST_54 : Operation 186 [2/15] (2.79ns)   --->   "%mul216_1_3 = dmul i64 %p_reload90_read, i64 0" [ExtendedKalmanFilter.cpp:113]   --->   Operation 186 'dmul' 'mul216_1_3' <Predicate = (trunc_ln111)> <Delay = 2.79> <CoreInst = "DMul_maxdsp">   --->   Core 49 'DMul_maxdsp' <Latency = 14> <II = 1> <Delay = 2.79> <FuncUnit> <Opcode : 'dmul'> <InPorts = 2> <OutPorts = 1>

State 55 <SV = 54> <Delay = 2.79>
ST_55 : Operation 187 [1/13] (2.32ns)   --->   "%add221_1_2 = dadd i64 %add221_1_1, i64 %mul216_1_2" [ExtendedKalmanFilter.cpp:113]   --->   Operation 187 'dadd' 'add221_1_2' <Predicate = (trunc_ln111)> <Delay = 2.32> <CoreInst = "DAddSub_fulldsp">   --->   Core 37 'DAddSub_fulldsp' <Latency = 12> <II = 1> <Delay = 2.32> <FuncUnit> <Opcode : 'dadd' 'dsub'> <InPorts = 2> <OutPorts = 1>
ST_55 : Operation 188 [1/15] (2.79ns)   --->   "%mul216_1_3 = dmul i64 %p_reload90_read, i64 0" [ExtendedKalmanFilter.cpp:113]   --->   Operation 188 'dmul' 'mul216_1_3' <Predicate = (trunc_ln111)> <Delay = 2.79> <CoreInst = "DMul_maxdsp">   --->   Core 49 'DMul_maxdsp' <Latency = 14> <II = 1> <Delay = 2.79> <FuncUnit> <Opcode : 'dmul'> <InPorts = 2> <OutPorts = 1>

State 56 <SV = 55> <Delay = 2.32>
ST_56 : Operation 189 [13/13] (2.32ns)   --->   "%S_1_1 = dadd i64 %add221_1_2, i64 %mul216_1_3" [ExtendedKalmanFilter.cpp:113]   --->   Operation 189 'dadd' 'S_1_1' <Predicate = (trunc_ln111)> <Delay = 2.32> <CoreInst = "DAddSub_fulldsp">   --->   Core 37 'DAddSub_fulldsp' <Latency = 12> <II = 1> <Delay = 2.32> <FuncUnit> <Opcode : 'dadd' 'dsub'> <InPorts = 2> <OutPorts = 1>

State 57 <SV = 56> <Delay = 2.32>
ST_57 : Operation 190 [12/13] (2.32ns)   --->   "%S_1_1 = dadd i64 %add221_1_2, i64 %mul216_1_3" [ExtendedKalmanFilter.cpp:113]   --->   Operation 190 'dadd' 'S_1_1' <Predicate = (trunc_ln111)> <Delay = 2.32> <CoreInst = "DAddSub_fulldsp">   --->   Core 37 'DAddSub_fulldsp' <Latency = 12> <II = 1> <Delay = 2.32> <FuncUnit> <Opcode : 'dadd' 'dsub'> <InPorts = 2> <OutPorts = 1>

State 58 <SV = 57> <Delay = 2.32>
ST_58 : Operation 191 [11/13] (2.32ns)   --->   "%S_1_1 = dadd i64 %add221_1_2, i64 %mul216_1_3" [ExtendedKalmanFilter.cpp:113]   --->   Operation 191 'dadd' 'S_1_1' <Predicate = (trunc_ln111)> <Delay = 2.32> <CoreInst = "DAddSub_fulldsp">   --->   Core 37 'DAddSub_fulldsp' <Latency = 12> <II = 1> <Delay = 2.32> <FuncUnit> <Opcode : 'dadd' 'dsub'> <InPorts = 2> <OutPorts = 1>

State 59 <SV = 58> <Delay = 2.32>
ST_59 : Operation 192 [10/13] (2.32ns)   --->   "%S_1_1 = dadd i64 %add221_1_2, i64 %mul216_1_3" [ExtendedKalmanFilter.cpp:113]   --->   Operation 192 'dadd' 'S_1_1' <Predicate = (trunc_ln111)> <Delay = 2.32> <CoreInst = "DAddSub_fulldsp">   --->   Core 37 'DAddSub_fulldsp' <Latency = 12> <II = 1> <Delay = 2.32> <FuncUnit> <Opcode : 'dadd' 'dsub'> <InPorts = 2> <OutPorts = 1>

State 60 <SV = 59> <Delay = 2.32>
ST_60 : Operation 193 [9/13] (2.32ns)   --->   "%S_1_1 = dadd i64 %add221_1_2, i64 %mul216_1_3" [ExtendedKalmanFilter.cpp:113]   --->   Operation 193 'dadd' 'S_1_1' <Predicate = (trunc_ln111)> <Delay = 2.32> <CoreInst = "DAddSub_fulldsp">   --->   Core 37 'DAddSub_fulldsp' <Latency = 12> <II = 1> <Delay = 2.32> <FuncUnit> <Opcode : 'dadd' 'dsub'> <InPorts = 2> <OutPorts = 1>

State 61 <SV = 60> <Delay = 2.32>
ST_61 : Operation 194 [8/13] (2.32ns)   --->   "%S_1_1 = dadd i64 %add221_1_2, i64 %mul216_1_3" [ExtendedKalmanFilter.cpp:113]   --->   Operation 194 'dadd' 'S_1_1' <Predicate = (trunc_ln111)> <Delay = 2.32> <CoreInst = "DAddSub_fulldsp">   --->   Core 37 'DAddSub_fulldsp' <Latency = 12> <II = 1> <Delay = 2.32> <FuncUnit> <Opcode : 'dadd' 'dsub'> <InPorts = 2> <OutPorts = 1>

State 62 <SV = 61> <Delay = 2.32>
ST_62 : Operation 195 [7/13] (2.32ns)   --->   "%S_1_1 = dadd i64 %add221_1_2, i64 %mul216_1_3" [ExtendedKalmanFilter.cpp:113]   --->   Operation 195 'dadd' 'S_1_1' <Predicate = (trunc_ln111)> <Delay = 2.32> <CoreInst = "DAddSub_fulldsp">   --->   Core 37 'DAddSub_fulldsp' <Latency = 12> <II = 1> <Delay = 2.32> <FuncUnit> <Opcode : 'dadd' 'dsub'> <InPorts = 2> <OutPorts = 1>

State 63 <SV = 62> <Delay = 2.32>
ST_63 : Operation 196 [6/13] (2.32ns)   --->   "%S_1_1 = dadd i64 %add221_1_2, i64 %mul216_1_3" [ExtendedKalmanFilter.cpp:113]   --->   Operation 196 'dadd' 'S_1_1' <Predicate = (trunc_ln111)> <Delay = 2.32> <CoreInst = "DAddSub_fulldsp">   --->   Core 37 'DAddSub_fulldsp' <Latency = 12> <II = 1> <Delay = 2.32> <FuncUnit> <Opcode : 'dadd' 'dsub'> <InPorts = 2> <OutPorts = 1>

State 64 <SV = 63> <Delay = 2.32>
ST_64 : Operation 197 [5/13] (2.32ns)   --->   "%S_1_1 = dadd i64 %add221_1_2, i64 %mul216_1_3" [ExtendedKalmanFilter.cpp:113]   --->   Operation 197 'dadd' 'S_1_1' <Predicate = (trunc_ln111)> <Delay = 2.32> <CoreInst = "DAddSub_fulldsp">   --->   Core 37 'DAddSub_fulldsp' <Latency = 12> <II = 1> <Delay = 2.32> <FuncUnit> <Opcode : 'dadd' 'dsub'> <InPorts = 2> <OutPorts = 1>

State 65 <SV = 64> <Delay = 2.32>
ST_65 : Operation 198 [4/13] (2.32ns)   --->   "%S_1_1 = dadd i64 %add221_1_2, i64 %mul216_1_3" [ExtendedKalmanFilter.cpp:113]   --->   Operation 198 'dadd' 'S_1_1' <Predicate = (trunc_ln111)> <Delay = 2.32> <CoreInst = "DAddSub_fulldsp">   --->   Core 37 'DAddSub_fulldsp' <Latency = 12> <II = 1> <Delay = 2.32> <FuncUnit> <Opcode : 'dadd' 'dsub'> <InPorts = 2> <OutPorts = 1>

State 66 <SV = 65> <Delay = 2.32>
ST_66 : Operation 199 [3/13] (2.32ns)   --->   "%S_1_1 = dadd i64 %add221_1_2, i64 %mul216_1_3" [ExtendedKalmanFilter.cpp:113]   --->   Operation 199 'dadd' 'S_1_1' <Predicate = (trunc_ln111)> <Delay = 2.32> <CoreInst = "DAddSub_fulldsp">   --->   Core 37 'DAddSub_fulldsp' <Latency = 12> <II = 1> <Delay = 2.32> <FuncUnit> <Opcode : 'dadd' 'dsub'> <InPorts = 2> <OutPorts = 1>

State 67 <SV = 66> <Delay = 2.32>
ST_67 : Operation 200 [2/13] (2.32ns)   --->   "%S_1_1 = dadd i64 %add221_1_2, i64 %mul216_1_3" [ExtendedKalmanFilter.cpp:113]   --->   Operation 200 'dadd' 'S_1_1' <Predicate = (trunc_ln111)> <Delay = 2.32> <CoreInst = "DAddSub_fulldsp">   --->   Core 37 'DAddSub_fulldsp' <Latency = 12> <II = 1> <Delay = 2.32> <FuncUnit> <Opcode : 'dadd' 'dsub'> <InPorts = 2> <OutPorts = 1>

State 68 <SV = 67> <Delay = 2.32>
ST_68 : Operation 201 [1/13] (2.32ns)   --->   "%S_1_1 = dadd i64 %add221_1_2, i64 %mul216_1_3" [ExtendedKalmanFilter.cpp:113]   --->   Operation 201 'dadd' 'S_1_1' <Predicate = (trunc_ln111)> <Delay = 2.32> <CoreInst = "DAddSub_fulldsp">   --->   Core 37 'DAddSub_fulldsp' <Latency = 12> <II = 1> <Delay = 2.32> <FuncUnit> <Opcode : 'dadd' 'dsub'> <InPorts = 2> <OutPorts = 1>
ST_68 : Operation 209 [1/1] (0.00ns)   --->   "%S_1_1_0_load = load i64 %S_1_1_0"   --->   Operation 209 'load' 'S_1_1_0_load' <Predicate = (icmp_ln110)> <Delay = 0.00>
ST_68 : Operation 210 [1/1] (0.00ns)   --->   "%write_ln0 = write void @_ssdm_op_Write.ap_auto.doubleP0A, i64 %S_1_1_0_out, i64 %S_1_1_0_load"   --->   Operation 210 'write' 'write_ln0' <Predicate = (icmp_ln110)> <Delay = 0.00>
ST_68 : Operation 211 [1/1] (0.00ns)   --->   "%ret_ln0 = ret"   --->   Operation 211 'ret' 'ret_ln0' <Predicate = (icmp_ln110)> <Delay = 0.00>

State 69 <SV = 68> <Delay = 1.44>
ST_69 : Operation 202 [1/1] (0.00ns)   --->   "%S_1_1_0_load_1 = load i64 %S_1_1_0" [ExtendedKalmanFilter.cpp:113]   --->   Operation 202 'load' 'S_1_1_0_load_1' <Predicate = (!trunc_ln111)> <Delay = 0.00>
ST_69 : Operation 203 [1/1] (0.00ns)   --->   "%specpipeline_ln110 = specpipeline void @_ssdm_op_SpecPipeline, i32 4294967295, i32 0, i32 0, i32 0, void @empty_8" [ExtendedKalmanFilter.cpp:110]   --->   Operation 203 'specpipeline' 'specpipeline_ln110' <Predicate = true> <Delay = 0.00>
ST_69 : Operation 204 [1/1] (0.00ns)   --->   "%speclooptripcount_ln110 = speclooptripcount void @_ssdm_op_SpecLoopTripCount, i64 2, i64 2, i64 2" [ExtendedKalmanFilter.cpp:110]   --->   Operation 204 'speclooptripcount' 'speclooptripcount_ln110' <Predicate = true> <Delay = 0.00>
ST_69 : Operation 205 [1/1] (0.00ns)   --->   "%specloopname_ln110 = specloopname void @_ssdm_op_SpecLoopName, void @empty_6" [ExtendedKalmanFilter.cpp:110]   --->   Operation 205 'specloopname' 'specloopname_ln110' <Predicate = true> <Delay = 0.00>
ST_69 : Operation 206 [1/1] (0.61ns)   --->   "%select_ln113_2 = select i1 %trunc_ln111, i64 %S_1_1, i64 %S_1_1_0_load_1" [ExtendedKalmanFilter.cpp:113]   --->   Operation 206 'select' 'select_ln113_2' <Predicate = true> <Delay = 0.61> <CoreInst = "Sel">   --->   Core 73 'Sel' <Latency = 0> <II = 1> <Delay = 0.61> <FuncUnit> <Opcode : 'select'> <InPorts = 3> <OutPorts = 1>
ST_69 : Operation 207 [1/1] (0.83ns)   --->   "%store_ln113 = store i64 %select_ln113_2, i64 %S_1_1_0" [ExtendedKalmanFilter.cpp:113]   --->   Operation 207 'store' 'store_ln113' <Predicate = true> <Delay = 0.83>
ST_69 : Operation 208 [1/1] (0.00ns)   --->   "%br_ln110 = br void %VITIS_LOOP_112_18.1" [ExtendedKalmanFilter.cpp:110]   --->   Operation 208 'br' 'br_ln110' <Predicate = true> <Delay = 0.00>


============================================================
+ Verbose Summary: Timing violations
============================================================
Target clock period: 4.000ns, clock uncertainty: 1.080ns.

 <State 1>: 2.516ns
The critical path consists of the following:
	'store' operation 0 bit ('store_ln110', ExtendedKalmanFilter.cpp:110) of constant 0 on local variable 'j', ExtendedKalmanFilter.cpp:110 [15]  (0.833 ns)
	'load' operation 2 bit ('j', ExtendedKalmanFilter.cpp:111) on local variable 'j', ExtendedKalmanFilter.cpp:110 [18]  (0.000 ns)
	'icmp' operation 1 bit ('icmp_ln110', ExtendedKalmanFilter.cpp:110) [19]  (0.850 ns)
	'store' operation 0 bit ('store_ln110', ExtendedKalmanFilter.cpp:110) of variable 'add_ln110', ExtendedKalmanFilter.cpp:110 on local variable 'j', ExtendedKalmanFilter.cpp:110 [40]  (0.833 ns)

 <State 2>: 2.796ns
The critical path consists of the following:
	'dmul' operation 64 bit ('mul216_1', ExtendedKalmanFilter.cpp:113) [29]  (2.796 ns)

 <State 3>: 2.796ns
The critical path consists of the following:
	'dmul' operation 64 bit ('mul216_1', ExtendedKalmanFilter.cpp:113) [29]  (2.796 ns)

 <State 4>: 2.796ns
The critical path consists of the following:
	'dmul' operation 64 bit ('mul216_1', ExtendedKalmanFilter.cpp:113) [29]  (2.796 ns)

 <State 5>: 2.796ns
The critical path consists of the following:
	'dmul' operation 64 bit ('mul216_1', ExtendedKalmanFilter.cpp:113) [29]  (2.796 ns)

 <State 6>: 2.796ns
The critical path consists of the following:
	'dmul' operation 64 bit ('mul216_1', ExtendedKalmanFilter.cpp:113) [29]  (2.796 ns)

 <State 7>: 2.796ns
The critical path consists of the following:
	'dmul' operation 64 bit ('mul216_1', ExtendedKalmanFilter.cpp:113) [29]  (2.796 ns)

 <State 8>: 2.796ns
The critical path consists of the following:
	'dmul' operation 64 bit ('mul216_1', ExtendedKalmanFilter.cpp:113) [29]  (2.796 ns)

 <State 9>: 2.796ns
The critical path consists of the following:
	'dmul' operation 64 bit ('mul216_1', ExtendedKalmanFilter.cpp:113) [29]  (2.796 ns)

 <State 10>: 2.796ns
The critical path consists of the following:
	'dmul' operation 64 bit ('mul216_1', ExtendedKalmanFilter.cpp:113) [29]  (2.796 ns)

 <State 11>: 2.796ns
The critical path consists of the following:
	'dmul' operation 64 bit ('mul216_1', ExtendedKalmanFilter.cpp:113) [29]  (2.796 ns)

 <State 12>: 2.796ns
The critical path consists of the following:
	'dmul' operation 64 bit ('mul216_1', ExtendedKalmanFilter.cpp:113) [29]  (2.796 ns)

 <State 13>: 2.796ns
The critical path consists of the following:
	'dmul' operation 64 bit ('mul216_1', ExtendedKalmanFilter.cpp:113) [29]  (2.796 ns)

 <State 14>: 2.796ns
The critical path consists of the following:
	'dmul' operation 64 bit ('mul216_1', ExtendedKalmanFilter.cpp:113) [29]  (2.796 ns)

 <State 15>: 2.796ns
The critical path consists of the following:
	'dmul' operation 64 bit ('mul216_1', ExtendedKalmanFilter.cpp:113) [29]  (2.796 ns)

 <State 16>: 2.796ns
The critical path consists of the following:
	'dmul' operation 64 bit ('mul216_1', ExtendedKalmanFilter.cpp:113) [29]  (2.796 ns)

 <State 17>: 2.796ns
The critical path consists of the following:
	'dmul' operation 64 bit ('mul216_1_1', ExtendedKalmanFilter.cpp:113) [32]  (2.796 ns)

 <State 18>: 2.796ns
The critical path consists of the following:
	'dmul' operation 64 bit ('mul216_1_1', ExtendedKalmanFilter.cpp:113) [32]  (2.796 ns)

 <State 19>: 2.796ns
The critical path consists of the following:
	'dmul' operation 64 bit ('mul216_1_1', ExtendedKalmanFilter.cpp:113) [32]  (2.796 ns)

 <State 20>: 2.796ns
The critical path consists of the following:
	'dmul' operation 64 bit ('mul216_1_1', ExtendedKalmanFilter.cpp:113) [32]  (2.796 ns)

 <State 21>: 2.796ns
The critical path consists of the following:
	'dmul' operation 64 bit ('mul216_1_1', ExtendedKalmanFilter.cpp:113) [32]  (2.796 ns)

 <State 22>: 2.796ns
The critical path consists of the following:
	'dmul' operation 64 bit ('mul216_1_1', ExtendedKalmanFilter.cpp:113) [32]  (2.796 ns)

 <State 23>: 2.796ns
The critical path consists of the following:
	'dmul' operation 64 bit ('mul216_1_1', ExtendedKalmanFilter.cpp:113) [32]  (2.796 ns)

 <State 24>: 2.796ns
The critical path consists of the following:
	'dmul' operation 64 bit ('mul216_1_1', ExtendedKalmanFilter.cpp:113) [32]  (2.796 ns)

 <State 25>: 2.796ns
The critical path consists of the following:
	'dmul' operation 64 bit ('mul216_1_1', ExtendedKalmanFilter.cpp:113) [32]  (2.796 ns)

 <State 26>: 2.796ns
The critical path consists of the following:
	'dmul' operation 64 bit ('mul216_1_1', ExtendedKalmanFilter.cpp:113) [32]  (2.796 ns)

 <State 27>: 2.796ns
The critical path consists of the following:
	'dmul' operation 64 bit ('mul216_1_1', ExtendedKalmanFilter.cpp:113) [32]  (2.796 ns)

 <State 28>: 2.796ns
The critical path consists of the following:
	'dmul' operation 64 bit ('mul216_1_1', ExtendedKalmanFilter.cpp:113) [32]  (2.796 ns)

 <State 29>: 2.796ns
The critical path consists of the following:
	'dmul' operation 64 bit ('mul216_1_1', ExtendedKalmanFilter.cpp:113) [32]  (2.796 ns)

 <State 30>: 2.796ns
The critical path consists of the following:
	'dmul' operation 64 bit ('mul216_1_2', ExtendedKalmanFilter.cpp:113) [34]  (2.796 ns)

 <State 31>: 2.796ns
The critical path consists of the following:
	'dmul' operation 64 bit ('mul216_1_2', ExtendedKalmanFilter.cpp:113) [34]  (2.796 ns)

 <State 32>: 2.796ns
The critical path consists of the following:
	'dmul' operation 64 bit ('mul216_1_2', ExtendedKalmanFilter.cpp:113) [34]  (2.796 ns)

 <State 33>: 2.796ns
The critical path consists of the following:
	'dmul' operation 64 bit ('mul216_1_2', ExtendedKalmanFilter.cpp:113) [34]  (2.796 ns)

 <State 34>: 2.796ns
The critical path consists of the following:
	'dmul' operation 64 bit ('mul216_1_2', ExtendedKalmanFilter.cpp:113) [34]  (2.796 ns)

 <State 35>: 2.796ns
The critical path consists of the following:
	'dmul' operation 64 bit ('mul216_1_2', ExtendedKalmanFilter.cpp:113) [34]  (2.796 ns)

 <State 36>: 2.796ns
The critical path consists of the following:
	'dmul' operation 64 bit ('mul216_1_2', ExtendedKalmanFilter.cpp:113) [34]  (2.796 ns)

 <State 37>: 2.796ns
The critical path consists of the following:
	'dmul' operation 64 bit ('mul216_1_2', ExtendedKalmanFilter.cpp:113) [34]  (2.796 ns)

 <State 38>: 2.796ns
The critical path consists of the following:
	'dmul' operation 64 bit ('mul216_1_2', ExtendedKalmanFilter.cpp:113) [34]  (2.796 ns)

 <State 39>: 2.796ns
The critical path consists of the following:
	'dmul' operation 64 bit ('mul216_1_2', ExtendedKalmanFilter.cpp:113) [34]  (2.796 ns)

 <State 40>: 2.796ns
The critical path consists of the following:
	'dmul' operation 64 bit ('mul216_1_2', ExtendedKalmanFilter.cpp:113) [34]  (2.796 ns)

 <State 41>: 2.796ns
The critical path consists of the following:
	'dmul' operation 64 bit ('mul216_1_2', ExtendedKalmanFilter.cpp:113) [34]  (2.796 ns)

 <State 42>: 2.796ns
The critical path consists of the following:
	'dmul' operation 64 bit ('mul216_1_2', ExtendedKalmanFilter.cpp:113) [34]  (2.796 ns)

 <State 43>: 2.796ns
The critical path consists of the following:
	'dmul' operation 64 bit ('mul216_1_3', ExtendedKalmanFilter.cpp:113) [36]  (2.796 ns)

 <State 44>: 2.796ns
The critical path consists of the following:
	'dmul' operation 64 bit ('mul216_1_3', ExtendedKalmanFilter.cpp:113) [36]  (2.796 ns)

 <State 45>: 2.796ns
The critical path consists of the following:
	'dmul' operation 64 bit ('mul216_1_3', ExtendedKalmanFilter.cpp:113) [36]  (2.796 ns)

 <State 46>: 2.796ns
The critical path consists of the following:
	'dmul' operation 64 bit ('mul216_1_3', ExtendedKalmanFilter.cpp:113) [36]  (2.796 ns)

 <State 47>: 2.796ns
The critical path consists of the following:
	'dmul' operation 64 bit ('mul216_1_3', ExtendedKalmanFilter.cpp:113) [36]  (2.796 ns)

 <State 48>: 2.796ns
The critical path consists of the following:
	'dmul' operation 64 bit ('mul216_1_3', ExtendedKalmanFilter.cpp:113) [36]  (2.796 ns)

 <State 49>: 2.796ns
The critical path consists of the following:
	'dmul' operation 64 bit ('mul216_1_3', ExtendedKalmanFilter.cpp:113) [36]  (2.796 ns)

 <State 50>: 2.796ns
The critical path consists of the following:
	'dmul' operation 64 bit ('mul216_1_3', ExtendedKalmanFilter.cpp:113) [36]  (2.796 ns)

 <State 51>: 2.796ns
The critical path consists of the following:
	'dmul' operation 64 bit ('mul216_1_3', ExtendedKalmanFilter.cpp:113) [36]  (2.796 ns)

 <State 52>: 2.796ns
The critical path consists of the following:
	'dmul' operation 64 bit ('mul216_1_3', ExtendedKalmanFilter.cpp:113) [36]  (2.796 ns)

 <State 53>: 2.796ns
The critical path consists of the following:
	'dmul' operation 64 bit ('mul216_1_3', ExtendedKalmanFilter.cpp:113) [36]  (2.796 ns)

 <State 54>: 2.796ns
The critical path consists of the following:
	'dmul' operation 64 bit ('mul216_1_3', ExtendedKalmanFilter.cpp:113) [36]  (2.796 ns)

 <State 55>: 2.796ns
The critical path consists of the following:
	'dmul' operation 64 bit ('mul216_1_3', ExtendedKalmanFilter.cpp:113) [36]  (2.796 ns)

 <State 56>: 2.320ns
The critical path consists of the following:
	'dadd' operation 64 bit ('S[1][1]', ExtendedKalmanFilter.cpp:113) [37]  (2.320 ns)

 <State 57>: 2.320ns
The critical path consists of the following:
	'dadd' operation 64 bit ('S[1][1]', ExtendedKalmanFilter.cpp:113) [37]  (2.320 ns)

 <State 58>: 2.320ns
The critical path consists of the following:
	'dadd' operation 64 bit ('S[1][1]', ExtendedKalmanFilter.cpp:113) [37]  (2.320 ns)

 <State 59>: 2.320ns
The critical path consists of the following:
	'dadd' operation 64 bit ('S[1][1]', ExtendedKalmanFilter.cpp:113) [37]  (2.320 ns)

 <State 60>: 2.320ns
The critical path consists of the following:
	'dadd' operation 64 bit ('S[1][1]', ExtendedKalmanFilter.cpp:113) [37]  (2.320 ns)

 <State 61>: 2.320ns
The critical path consists of the following:
	'dadd' operation 64 bit ('S[1][1]', ExtendedKalmanFilter.cpp:113) [37]  (2.320 ns)

 <State 62>: 2.320ns
The critical path consists of the following:
	'dadd' operation 64 bit ('S[1][1]', ExtendedKalmanFilter.cpp:113) [37]  (2.320 ns)

 <State 63>: 2.320ns
The critical path consists of the following:
	'dadd' operation 64 bit ('S[1][1]', ExtendedKalmanFilter.cpp:113) [37]  (2.320 ns)

 <State 64>: 2.320ns
The critical path consists of the following:
	'dadd' operation 64 bit ('S[1][1]', ExtendedKalmanFilter.cpp:113) [37]  (2.320 ns)

 <State 65>: 2.320ns
The critical path consists of the following:
	'dadd' operation 64 bit ('S[1][1]', ExtendedKalmanFilter.cpp:113) [37]  (2.320 ns)

 <State 66>: 2.320ns
The critical path consists of the following:
	'dadd' operation 64 bit ('S[1][1]', ExtendedKalmanFilter.cpp:113) [37]  (2.320 ns)

 <State 67>: 2.320ns
The critical path consists of the following:
	'dadd' operation 64 bit ('S[1][1]', ExtendedKalmanFilter.cpp:113) [37]  (2.320 ns)

 <State 68>: 2.320ns
The critical path consists of the following:
	'dadd' operation 64 bit ('S[1][1]', ExtendedKalmanFilter.cpp:113) [37]  (2.320 ns)

 <State 69>: 1.445ns
The critical path consists of the following:
	'load' operation 64 bit ('S_1_1_0_load_1', ExtendedKalmanFilter.cpp:113) on local variable 'S_1_1_0' [23]  (0.000 ns)
	'select' operation 64 bit ('select_ln113_2', ExtendedKalmanFilter.cpp:113) [38]  (0.612 ns)
	'store' operation 0 bit ('store_ln113', ExtendedKalmanFilter.cpp:113) of variable 'select_ln113_2', ExtendedKalmanFilter.cpp:113 on local variable 'S_1_1_0' [39]  (0.833 ns)


============================================================
+ Verbose Summary: Binding
============================================================
N/A
* FSMD analyzer results:
  - Output states:
 - Input state : 
  - Chain level:
	State 1
	State 2
	State 3
	State 4
	State 5
	State 6
	State 7
	State 8
	State 9
	State 10
	State 11
	State 12
	State 13
	State 14
	State 15
	State 16
	State 17
	State 18
	State 19
	State 20
	State 21
	State 22
	State 23
	State 24
	State 25
	State 26
	State 27
	State 28
	State 29
	State 30
	State 31
	State 32
	State 33
	State 34
	State 35
	State 36
	State 37
	State 38
	State 39
	State 40
	State 41
	State 42
	State 43
	State 44
	State 45
	State 46
	State 47
	State 48
	State 49
	State 50
	State 51
	State 52
	State 53
	State 54
	State 55
	State 56
	State 57
	State 58
	State 59
	State 60
	State 61
	State 62
	State 63
	State 64
	State 65
	State 66
	State 67
	State 68
	State 69


============================================================
+ Verbose Summary: Datapath Resource usage 
============================================================
N/A
