

================================================================
== Vitis HLS Report for 'extendedKalmanFilter_Pipeline_VITIS_LOOP_148_28_VITIS_LOOP_149_29'
================================================================
* Date:           Sun Mar 17 14:02:10 2024

* Version:        2023.2 (Build 4023990 on Oct 11 2023)
* Project:        ExtendedKalmanFilter
* Solution:       solution2 (Vivado IP Flow Target)
* Product family: kintex7
* Target device:  xc7k160t-fbg676-2


================================================================
== Performance Estimates
================================================================
+ Timing: 
    * Summary: 
    +--------+---------+----------+------------+
    |  Clock |  Target | Estimated| Uncertainty|
    +--------+---------+----------+------------+
    |ap_clk  |  4.00 ns|  3.483 ns|     1.08 ns|
    +--------+---------+----------+------------+

+ Latency: 
    * Summary: 
    +---------+---------+----------+----------+-----+-----+---------+
    |  Latency (cycles) |  Latency (absolute) |  Interval | Pipeline|
    |   min   |   max   |    min   |    max   | min | max |   Type  |
    +---------+---------+----------+----------+-----+-----+---------+
    |      228|      228|  0.912 us|  0.912 us|  228|  228|       no|
    +---------+---------+----------+----------+-----+-----+---------+

    + Detail: 
        * Instance: 
        N/A

        * Loop: 
        +---------------------------------------+---------+---------+----------+-----------+-----------+------+----------+
        |                                       |  Latency (cycles) | Iteration|  Initiation Interval  | Trip |          |
        |               Loop Name               |   min   |   max   |  Latency |  achieved |   target  | Count| Pipelined|
        +---------------------------------------+---------+---------+----------+-----------+-----------+------+----------+
        |- VITIS_LOOP_148_28_VITIS_LOOP_149_29  |      226|      226|        17|         14|          1|    16|       yes|
        +---------------------------------------+---------+---------+----------+-----------+-----------+------+----------+

============================================================
+ Verbose Summary: Synthesis Manager
============================================================
InlineROM: 1
ExposeGlobal: 0
============================================================
+ Verbose Summary: CDFG Model
============================================================
IsTopModel: 0
ResetActiveHigh: 1
IsCombinational: 0
IsDatapathOnly: 0
HasWiredReturn: 1
HasMFsm: 2
HasVarLatency: 1
IsPipeline: 0
IsRtlPipelined: 0
IsInstanceOverlapped: 0
IsDontTouch: 0
HasImplIP: 0
IsGatedGlobalClock: 0

+ Individual pipeline summary: 
  * Pipeline-0: initiation interval (II) = 14, depth = 17


============================================================
+ Verbose Summary: Schedule
============================================================
* Number of FSM states : 17
* Pipeline : 1
  Pipeline-0 : II = 14, D = 17, States = { 1 2 3 4 5 6 7 8 9 10 11 12 13 14 15 16 17 }
* Dataflow Pipeline: 0

* FSM state transitions: 
1 --> 2 
2 --> 3 
3 --> 4 
4 --> 5 
5 --> 6 
6 --> 7 
7 --> 8 
8 --> 9 
9 --> 10 
10 --> 11 
11 --> 12 
12 --> 13 
13 --> 14 
14 --> 15 
15 --> 16 
16 --> 17 
17 --> 

* FSM state operations: 

State 1 <SV = 0> <Delay = 3.48>
ST_1 : Operation 20 [1/1] (0.00ns)   --->   "%j = alloca i32 1" [ExtendedKalmanFilter.cpp:149]   --->   Operation 20 'alloca' 'j' <Predicate = true> <Delay = 0.00>
ST_1 : Operation 21 [1/1] (0.00ns)   --->   "%i = alloca i32 1" [ExtendedKalmanFilter.cpp:148]   --->   Operation 21 'alloca' 'i' <Predicate = true> <Delay = 0.00>
ST_1 : Operation 22 [1/1] (0.00ns)   --->   "%indvar_flatten6 = alloca i32 1"   --->   Operation 22 'alloca' 'indvar_flatten6' <Predicate = true> <Delay = 0.00>
ST_1 : Operation 23 [1/1] (0.00ns)   --->   "%mux_case_0290 = alloca i32 1"   --->   Operation 23 'alloca' 'mux_case_0290' <Predicate = true> <Delay = 0.00>
ST_1 : Operation 24 [1/1] (0.00ns)   --->   "%mux_case_1291 = alloca i32 1"   --->   Operation 24 'alloca' 'mux_case_1291' <Predicate = true> <Delay = 0.00>
ST_1 : Operation 25 [1/1] (0.00ns)   --->   "%mux_case_2292 = alloca i32 1"   --->   Operation 25 'alloca' 'mux_case_2292' <Predicate = true> <Delay = 0.00>
ST_1 : Operation 26 [1/1] (0.00ns)   --->   "%mux_case_3293 = alloca i32 1"   --->   Operation 26 'alloca' 'mux_case_3293' <Predicate = true> <Delay = 0.00>
ST_1 : Operation 27 [1/1] (0.00ns)   --->   "%mux_case_0295 = alloca i32 1"   --->   Operation 27 'alloca' 'mux_case_0295' <Predicate = true> <Delay = 0.00>
ST_1 : Operation 28 [1/1] (0.00ns)   --->   "%mux_case_1296 = alloca i32 1"   --->   Operation 28 'alloca' 'mux_case_1296' <Predicate = true> <Delay = 0.00>
ST_1 : Operation 29 [1/1] (0.00ns)   --->   "%mux_case_2297 = alloca i32 1"   --->   Operation 29 'alloca' 'mux_case_2297' <Predicate = true> <Delay = 0.00>
ST_1 : Operation 30 [1/1] (0.00ns)   --->   "%mux_case_3298 = alloca i32 1"   --->   Operation 30 'alloca' 'mux_case_3298' <Predicate = true> <Delay = 0.00>
ST_1 : Operation 31 [1/1] (0.00ns)   --->   "%mux_case_0300 = alloca i32 1"   --->   Operation 31 'alloca' 'mux_case_0300' <Predicate = true> <Delay = 0.00>
ST_1 : Operation 32 [1/1] (0.00ns)   --->   "%mux_case_1301 = alloca i32 1"   --->   Operation 32 'alloca' 'mux_case_1301' <Predicate = true> <Delay = 0.00>
ST_1 : Operation 33 [1/1] (0.00ns)   --->   "%mux_case_2302 = alloca i32 1"   --->   Operation 33 'alloca' 'mux_case_2302' <Predicate = true> <Delay = 0.00>
ST_1 : Operation 34 [1/1] (0.00ns)   --->   "%mux_case_3303 = alloca i32 1"   --->   Operation 34 'alloca' 'mux_case_3303' <Predicate = true> <Delay = 0.00>
ST_1 : Operation 35 [1/1] (0.00ns)   --->   "%mux_case_0305 = alloca i32 1"   --->   Operation 35 'alloca' 'mux_case_0305' <Predicate = true> <Delay = 0.00>
ST_1 : Operation 36 [1/1] (0.00ns)   --->   "%mux_case_1306 = alloca i32 1"   --->   Operation 36 'alloca' 'mux_case_1306' <Predicate = true> <Delay = 0.00>
ST_1 : Operation 37 [1/1] (0.00ns)   --->   "%mux_case_2307 = alloca i32 1"   --->   Operation 37 'alloca' 'mux_case_2307' <Predicate = true> <Delay = 0.00>
ST_1 : Operation 38 [1/1] (0.00ns)   --->   "%mux_case_3308 = alloca i32 1"   --->   Operation 38 'alloca' 'mux_case_3308' <Predicate = true> <Delay = 0.00>
ST_1 : Operation 39 [1/1] (0.00ns)   --->   "%mux_case_0154382_reload_read = read i64 @_ssdm_op_Read.ap_auto.double, i64 %mux_case_0154382_reload"   --->   Operation 39 'read' 'mux_case_0154382_reload_read' <Predicate = true> <Delay = 0.00>
ST_1 : Operation 40 [1/1] (0.00ns)   --->   "%mux_case_1155385_reload_read = read i64 @_ssdm_op_Read.ap_auto.double, i64 %mux_case_1155385_reload"   --->   Operation 40 'read' 'mux_case_1155385_reload_read' <Predicate = true> <Delay = 0.00>
ST_1 : Operation 41 [1/1] (0.00ns)   --->   "%mux_case_2156388_reload_read = read i64 @_ssdm_op_Read.ap_auto.double, i64 %mux_case_2156388_reload"   --->   Operation 41 'read' 'mux_case_2156388_reload_read' <Predicate = true> <Delay = 0.00>
ST_1 : Operation 42 [1/1] (0.00ns)   --->   "%mux_case_3157391_reload_read = read i64 @_ssdm_op_Read.ap_auto.double, i64 %mux_case_3157391_reload"   --->   Operation 42 'read' 'mux_case_3157391_reload_read' <Predicate = true> <Delay = 0.00>
ST_1 : Operation 43 [1/1] (0.00ns)   --->   "%mux_case_0158394_reload_read = read i64 @_ssdm_op_Read.ap_auto.double, i64 %mux_case_0158394_reload"   --->   Operation 43 'read' 'mux_case_0158394_reload_read' <Predicate = true> <Delay = 0.00>
ST_1 : Operation 44 [1/1] (0.00ns)   --->   "%mux_case_1159397_reload_read = read i64 @_ssdm_op_Read.ap_auto.double, i64 %mux_case_1159397_reload"   --->   Operation 44 'read' 'mux_case_1159397_reload_read' <Predicate = true> <Delay = 0.00>
ST_1 : Operation 45 [1/1] (0.00ns)   --->   "%mux_case_2160400_reload_read = read i64 @_ssdm_op_Read.ap_auto.double, i64 %mux_case_2160400_reload"   --->   Operation 45 'read' 'mux_case_2160400_reload_read' <Predicate = true> <Delay = 0.00>
ST_1 : Operation 46 [1/1] (0.00ns)   --->   "%mux_case_3161403_reload_read = read i64 @_ssdm_op_Read.ap_auto.double, i64 %mux_case_3161403_reload"   --->   Operation 46 'read' 'mux_case_3161403_reload_read' <Predicate = true> <Delay = 0.00>
ST_1 : Operation 47 [1/1] (0.00ns)   --->   "%mux_case_0162406_reload_read = read i64 @_ssdm_op_Read.ap_auto.double, i64 %mux_case_0162406_reload"   --->   Operation 47 'read' 'mux_case_0162406_reload_read' <Predicate = true> <Delay = 0.00>
ST_1 : Operation 48 [1/1] (0.00ns)   --->   "%mux_case_1163409_reload_read = read i64 @_ssdm_op_Read.ap_auto.double, i64 %mux_case_1163409_reload"   --->   Operation 48 'read' 'mux_case_1163409_reload_read' <Predicate = true> <Delay = 0.00>
ST_1 : Operation 49 [1/1] (0.00ns)   --->   "%mux_case_2164412_reload_read = read i64 @_ssdm_op_Read.ap_auto.double, i64 %mux_case_2164412_reload"   --->   Operation 49 'read' 'mux_case_2164412_reload_read' <Predicate = true> <Delay = 0.00>
ST_1 : Operation 50 [1/1] (0.00ns)   --->   "%mux_case_3165415_reload_read = read i64 @_ssdm_op_Read.ap_auto.double, i64 %mux_case_3165415_reload"   --->   Operation 50 'read' 'mux_case_3165415_reload_read' <Predicate = true> <Delay = 0.00>
ST_1 : Operation 51 [1/1] (0.00ns)   --->   "%mux_case_0166418_reload_read = read i64 @_ssdm_op_Read.ap_auto.double, i64 %mux_case_0166418_reload"   --->   Operation 51 'read' 'mux_case_0166418_reload_read' <Predicate = true> <Delay = 0.00>
ST_1 : Operation 52 [1/1] (0.00ns)   --->   "%mux_case_1167421_reload_read = read i64 @_ssdm_op_Read.ap_auto.double, i64 %mux_case_1167421_reload"   --->   Operation 52 'read' 'mux_case_1167421_reload_read' <Predicate = true> <Delay = 0.00>
ST_1 : Operation 53 [1/1] (0.00ns)   --->   "%mux_case_2168424_reload_read = read i64 @_ssdm_op_Read.ap_auto.double, i64 %mux_case_2168424_reload"   --->   Operation 53 'read' 'mux_case_2168424_reload_read' <Predicate = true> <Delay = 0.00>
ST_1 : Operation 54 [1/1] (0.00ns)   --->   "%mux_case_3169427_reload_read = read i64 @_ssdm_op_Read.ap_auto.double, i64 %mux_case_3169427_reload"   --->   Operation 54 'read' 'mux_case_3169427_reload_read' <Predicate = true> <Delay = 0.00>
ST_1 : Operation 55 [1/1] (0.83ns)   --->   "%store_ln0 = store i64 %mux_case_3169427_reload_read, i64 %mux_case_3308"   --->   Operation 55 'store' 'store_ln0' <Predicate = true> <Delay = 0.83>
ST_1 : Operation 56 [1/1] (0.83ns)   --->   "%store_ln0 = store i64 %mux_case_2168424_reload_read, i64 %mux_case_2307"   --->   Operation 56 'store' 'store_ln0' <Predicate = true> <Delay = 0.83>
ST_1 : Operation 57 [1/1] (0.83ns)   --->   "%store_ln0 = store i64 %mux_case_1167421_reload_read, i64 %mux_case_1306"   --->   Operation 57 'store' 'store_ln0' <Predicate = true> <Delay = 0.83>
ST_1 : Operation 58 [1/1] (0.83ns)   --->   "%store_ln0 = store i64 %mux_case_0166418_reload_read, i64 %mux_case_0305"   --->   Operation 58 'store' 'store_ln0' <Predicate = true> <Delay = 0.83>
ST_1 : Operation 59 [1/1] (0.83ns)   --->   "%store_ln0 = store i64 %mux_case_3165415_reload_read, i64 %mux_case_3303"   --->   Operation 59 'store' 'store_ln0' <Predicate = true> <Delay = 0.83>
ST_1 : Operation 60 [1/1] (0.83ns)   --->   "%store_ln0 = store i64 %mux_case_2164412_reload_read, i64 %mux_case_2302"   --->   Operation 60 'store' 'store_ln0' <Predicate = true> <Delay = 0.83>
ST_1 : Operation 61 [1/1] (0.83ns)   --->   "%store_ln0 = store i64 %mux_case_1163409_reload_read, i64 %mux_case_1301"   --->   Operation 61 'store' 'store_ln0' <Predicate = true> <Delay = 0.83>
ST_1 : Operation 62 [1/1] (0.83ns)   --->   "%store_ln0 = store i64 %mux_case_0162406_reload_read, i64 %mux_case_0300"   --->   Operation 62 'store' 'store_ln0' <Predicate = true> <Delay = 0.83>
ST_1 : Operation 63 [1/1] (0.83ns)   --->   "%store_ln0 = store i64 %mux_case_3161403_reload_read, i64 %mux_case_3298"   --->   Operation 63 'store' 'store_ln0' <Predicate = true> <Delay = 0.83>
ST_1 : Operation 64 [1/1] (0.83ns)   --->   "%store_ln0 = store i64 %mux_case_2160400_reload_read, i64 %mux_case_2297"   --->   Operation 64 'store' 'store_ln0' <Predicate = true> <Delay = 0.83>
ST_1 : Operation 65 [1/1] (0.83ns)   --->   "%store_ln0 = store i64 %mux_case_1159397_reload_read, i64 %mux_case_1296"   --->   Operation 65 'store' 'store_ln0' <Predicate = true> <Delay = 0.83>
ST_1 : Operation 66 [1/1] (0.83ns)   --->   "%store_ln0 = store i64 %mux_case_0158394_reload_read, i64 %mux_case_0295"   --->   Operation 66 'store' 'store_ln0' <Predicate = true> <Delay = 0.83>
ST_1 : Operation 67 [1/1] (0.83ns)   --->   "%store_ln0 = store i64 %mux_case_3157391_reload_read, i64 %mux_case_3293"   --->   Operation 67 'store' 'store_ln0' <Predicate = true> <Delay = 0.83>
ST_1 : Operation 68 [1/1] (0.83ns)   --->   "%store_ln0 = store i64 %mux_case_2156388_reload_read, i64 %mux_case_2292"   --->   Operation 68 'store' 'store_ln0' <Predicate = true> <Delay = 0.83>
ST_1 : Operation 69 [1/1] (0.83ns)   --->   "%store_ln0 = store i64 %mux_case_1155385_reload_read, i64 %mux_case_1291"   --->   Operation 69 'store' 'store_ln0' <Predicate = true> <Delay = 0.83>
ST_1 : Operation 70 [1/1] (0.83ns)   --->   "%store_ln0 = store i64 %mux_case_0154382_reload_read, i64 %mux_case_0290"   --->   Operation 70 'store' 'store_ln0' <Predicate = true> <Delay = 0.83>
ST_1 : Operation 71 [1/1] (0.83ns)   --->   "%store_ln0 = store i5 0, i5 %indvar_flatten6"   --->   Operation 71 'store' 'store_ln0' <Predicate = true> <Delay = 0.83>
ST_1 : Operation 72 [1/1] (0.83ns)   --->   "%store_ln148 = store i3 0, i3 %i" [ExtendedKalmanFilter.cpp:148]   --->   Operation 72 'store' 'store_ln148' <Predicate = true> <Delay = 0.83>
ST_1 : Operation 73 [1/1] (0.83ns)   --->   "%store_ln149 = store i3 0, i3 %j" [ExtendedKalmanFilter.cpp:149]   --->   Operation 73 'store' 'store_ln149' <Predicate = true> <Delay = 0.83>
ST_1 : Operation 74 [1/1] (0.00ns)   --->   "%br_ln0 = br void %for.inc390"   --->   Operation 74 'br' 'br_ln0' <Predicate = true> <Delay = 0.00>
ST_1 : Operation 75 [1/1] (0.00ns)   --->   "%indvar_flatten6_load = load i5 %indvar_flatten6" [ExtendedKalmanFilter.cpp:148]   --->   Operation 75 'load' 'indvar_flatten6_load' <Predicate = true> <Delay = 0.00>
ST_1 : Operation 76 [1/1] (1.10ns)   --->   "%icmp_ln148 = icmp_eq  i5 %indvar_flatten6_load, i5 16" [ExtendedKalmanFilter.cpp:148]   --->   Operation 76 'icmp' 'icmp_ln148' <Predicate = true> <Delay = 1.10> <CoreInst = "Cmp">   --->   Core 9 'Cmp' <Latency = 0> <II = 1> <Delay = 1.10> <FuncUnit> <Opcode : 'icmp'> <InPorts = 2> <OutPorts = 1>
ST_1 : Operation 77 [1/1] (1.10ns)   --->   "%add_ln148_1 = add i5 %indvar_flatten6_load, i5 1" [ExtendedKalmanFilter.cpp:148]   --->   Operation 77 'add' 'add_ln148_1' <Predicate = true> <Delay = 1.10> <CoreInst = "Adder">   --->   Core 1 'Adder' <Latency = 0> <II = 1> <Delay = 1.10> <FuncUnit> <Opcode : 'add' 'sub'> <InPorts = 2> <OutPorts = 1>
ST_1 : Operation 78 [1/1] (0.00ns)   --->   "%br_ln148 = br i1 %icmp_ln148, void %for.inc393, void %for.end395.exitStub" [ExtendedKalmanFilter.cpp:148]   --->   Operation 78 'br' 'br_ln148' <Predicate = true> <Delay = 0.00>
ST_1 : Operation 79 [1/1] (0.00ns)   --->   "%j_load = load i3 %j" [ExtendedKalmanFilter.cpp:149]   --->   Operation 79 'load' 'j_load' <Predicate = (!icmp_ln148)> <Delay = 0.00>
ST_1 : Operation 80 [1/1] (0.00ns)   --->   "%i_load = load i3 %i" [ExtendedKalmanFilter.cpp:148]   --->   Operation 80 'load' 'i_load' <Predicate = (!icmp_ln148)> <Delay = 0.00>
ST_1 : Operation 81 [1/1] (0.93ns)   --->   "%add_ln148 = add i3 %i_load, i3 1" [ExtendedKalmanFilter.cpp:148]   --->   Operation 81 'add' 'add_ln148' <Predicate = (!icmp_ln148)> <Delay = 0.93> <CoreInst = "Adder">   --->   Core 1 'Adder' <Latency = 0> <II = 1> <Delay = 0.93> <FuncUnit> <Opcode : 'add' 'sub'> <InPorts = 2> <OutPorts = 1>
ST_1 : Operation 82 [1/1] (0.93ns)   --->   "%icmp_ln149 = icmp_eq  i3 %j_load, i3 4" [ExtendedKalmanFilter.cpp:149]   --->   Operation 82 'icmp' 'icmp_ln149' <Predicate = (!icmp_ln148)> <Delay = 0.93> <CoreInst = "Cmp">   --->   Core 9 'Cmp' <Latency = 0> <II = 1> <Delay = 0.93> <FuncUnit> <Opcode : 'icmp'> <InPorts = 2> <OutPorts = 1>
ST_1 : Operation 83 [1/1] (0.51ns)   --->   "%select_ln148 = select i1 %icmp_ln149, i3 0, i3 %j_load" [ExtendedKalmanFilter.cpp:148]   --->   Operation 83 'select' 'select_ln148' <Predicate = (!icmp_ln148)> <Delay = 0.51> <CoreInst = "Sel">   --->   Core 73 'Sel' <Latency = 0> <II = 1> <Delay = 0.51> <FuncUnit> <Opcode : 'select'> <InPorts = 3> <OutPorts = 1>
ST_1 : Operation 84 [1/1] (0.51ns)   --->   "%select_ln148_1 = select i1 %icmp_ln149, i3 %add_ln148, i3 %i_load" [ExtendedKalmanFilter.cpp:148]   --->   Operation 84 'select' 'select_ln148_1' <Predicate = (!icmp_ln148)> <Delay = 0.51> <CoreInst = "Sel">   --->   Core 73 'Sel' <Latency = 0> <II = 1> <Delay = 0.51> <FuncUnit> <Opcode : 'select'> <InPorts = 3> <OutPorts = 1>
ST_1 : Operation 85 [1/1] (0.00ns)   --->   "%trunc_ln150 = trunc i3 %select_ln148_1" [ExtendedKalmanFilter.cpp:150]   --->   Operation 85 'trunc' 'trunc_ln150' <Predicate = (!icmp_ln148)> <Delay = 0.00>
ST_1 : Operation 86 [1/1] (0.00ns)   --->   "%tmp_s = bitconcatenate i4 @_ssdm_op_BitConcatenate.i4.i2.i2, i2 %trunc_ln150, i2 0" [ExtendedKalmanFilter.cpp:150]   --->   Operation 86 'bitconcatenate' 'tmp_s' <Predicate = (!icmp_ln148)> <Delay = 0.00>
ST_1 : Operation 87 [1/1] (0.00ns)   --->   "%zext_ln150 = zext i3 %select_ln148" [ExtendedKalmanFilter.cpp:150]   --->   Operation 87 'zext' 'zext_ln150' <Predicate = (!icmp_ln148)> <Delay = 0.00>
ST_1 : Operation 88 [1/1] (1.01ns)   --->   "%add_ln150 = add i4 %tmp_s, i4 %zext_ln150" [ExtendedKalmanFilter.cpp:150]   --->   Operation 88 'add' 'add_ln150' <Predicate = (!icmp_ln148)> <Delay = 1.01> <CoreInst = "Adder">   --->   Core 1 'Adder' <Latency = 0> <II = 1> <Delay = 1.01> <FuncUnit> <Opcode : 'add' 'sub'> <InPorts = 2> <OutPorts = 1>
ST_1 : Operation 89 [1/1] (0.00ns)   --->   "%trunc_ln149 = trunc i3 %select_ln148" [ExtendedKalmanFilter.cpp:149]   --->   Operation 89 'trunc' 'trunc_ln149' <Predicate = (!icmp_ln148)> <Delay = 0.00>
ST_1 : Operation 90 [1/1] (1.20ns)   --->   "%switch_ln150 = switch i2 %trunc_ln150, void %arrayidx3801.case.3, i2 0, void %arrayidx3801.case.0, i2 1, void %arrayidx3801.case.1, i2 2, void %arrayidx3801.case.2" [ExtendedKalmanFilter.cpp:150]   --->   Operation 90 'switch' 'switch_ln150' <Predicate = (!icmp_ln148)> <Delay = 1.20>
ST_1 : Operation 91 [1/1] (1.20ns)   --->   "%switch_ln150 = switch i2 %trunc_ln149, void %arrayidx3801.case.3327, i2 0, void %arrayidx3801.case.0324, i2 1, void %arrayidx3801.case.1325, i2 2, void %arrayidx3801.case.2326" [ExtendedKalmanFilter.cpp:150]   --->   Operation 91 'switch' 'switch_ln150' <Predicate = (!icmp_ln148 & trunc_ln150 == 2)> <Delay = 1.20>
ST_1 : Operation 92 [1/1] (0.00ns)   --->   "%br_ln150 = br void %arrayidx3801.exit" [ExtendedKalmanFilter.cpp:150]   --->   Operation 92 'br' 'br_ln150' <Predicate = (!icmp_ln148 & trunc_ln150 == 2 & trunc_ln149 == 2)> <Delay = 0.00>
ST_1 : Operation 93 [1/1] (0.00ns)   --->   "%br_ln150 = br void %arrayidx3801.exit" [ExtendedKalmanFilter.cpp:150]   --->   Operation 93 'br' 'br_ln150' <Predicate = (!icmp_ln148 & trunc_ln150 == 2 & trunc_ln149 == 1)> <Delay = 0.00>
ST_1 : Operation 94 [1/1] (0.00ns)   --->   "%br_ln150 = br void %arrayidx3801.exit" [ExtendedKalmanFilter.cpp:150]   --->   Operation 94 'br' 'br_ln150' <Predicate = (!icmp_ln148 & trunc_ln150 == 2 & trunc_ln149 == 0)> <Delay = 0.00>
ST_1 : Operation 95 [1/1] (0.00ns)   --->   "%br_ln150 = br void %arrayidx3801.exit" [ExtendedKalmanFilter.cpp:150]   --->   Operation 95 'br' 'br_ln150' <Predicate = (!icmp_ln148 & trunc_ln150 == 2 & trunc_ln149 == 3)> <Delay = 0.00>
ST_1 : Operation 96 [1/1] (1.20ns)   --->   "%switch_ln150 = switch i2 %trunc_ln149, void %arrayidx3801.case.3321, i2 0, void %arrayidx3801.case.0318, i2 1, void %arrayidx3801.case.1319, i2 2, void %arrayidx3801.case.2320" [ExtendedKalmanFilter.cpp:150]   --->   Operation 96 'switch' 'switch_ln150' <Predicate = (!icmp_ln148 & trunc_ln150 == 1)> <Delay = 1.20>
ST_1 : Operation 97 [1/1] (0.00ns)   --->   "%br_ln150 = br void %arrayidx3801.exit" [ExtendedKalmanFilter.cpp:150]   --->   Operation 97 'br' 'br_ln150' <Predicate = (!icmp_ln148 & trunc_ln150 == 1 & trunc_ln149 == 2)> <Delay = 0.00>
ST_1 : Operation 98 [1/1] (0.00ns)   --->   "%br_ln150 = br void %arrayidx3801.exit" [ExtendedKalmanFilter.cpp:150]   --->   Operation 98 'br' 'br_ln150' <Predicate = (!icmp_ln148 & trunc_ln150 == 1 & trunc_ln149 == 1)> <Delay = 0.00>
ST_1 : Operation 99 [1/1] (0.00ns)   --->   "%br_ln150 = br void %arrayidx3801.exit" [ExtendedKalmanFilter.cpp:150]   --->   Operation 99 'br' 'br_ln150' <Predicate = (!icmp_ln148 & trunc_ln150 == 1 & trunc_ln149 == 0)> <Delay = 0.00>
ST_1 : Operation 100 [1/1] (0.00ns)   --->   "%br_ln150 = br void %arrayidx3801.exit" [ExtendedKalmanFilter.cpp:150]   --->   Operation 100 'br' 'br_ln150' <Predicate = (!icmp_ln148 & trunc_ln150 == 1 & trunc_ln149 == 3)> <Delay = 0.00>
ST_1 : Operation 101 [1/1] (1.20ns)   --->   "%switch_ln150 = switch i2 %trunc_ln149, void %arrayidx3801.case.3315, i2 0, void %arrayidx3801.case.0312, i2 1, void %arrayidx3801.case.1313, i2 2, void %arrayidx3801.case.2314" [ExtendedKalmanFilter.cpp:150]   --->   Operation 101 'switch' 'switch_ln150' <Predicate = (!icmp_ln148 & trunc_ln150 == 0)> <Delay = 1.20>
ST_1 : Operation 102 [1/1] (0.00ns)   --->   "%br_ln150 = br void %arrayidx3801.exit" [ExtendedKalmanFilter.cpp:150]   --->   Operation 102 'br' 'br_ln150' <Predicate = (!icmp_ln148 & trunc_ln150 == 0 & trunc_ln149 == 2)> <Delay = 0.00>
ST_1 : Operation 103 [1/1] (0.00ns)   --->   "%br_ln150 = br void %arrayidx3801.exit" [ExtendedKalmanFilter.cpp:150]   --->   Operation 103 'br' 'br_ln150' <Predicate = (!icmp_ln148 & trunc_ln150 == 0 & trunc_ln149 == 1)> <Delay = 0.00>
ST_1 : Operation 104 [1/1] (0.00ns)   --->   "%br_ln150 = br void %arrayidx3801.exit" [ExtendedKalmanFilter.cpp:150]   --->   Operation 104 'br' 'br_ln150' <Predicate = (!icmp_ln148 & trunc_ln150 == 0 & trunc_ln149 == 0)> <Delay = 0.00>
ST_1 : Operation 105 [1/1] (0.00ns)   --->   "%br_ln150 = br void %arrayidx3801.exit" [ExtendedKalmanFilter.cpp:150]   --->   Operation 105 'br' 'br_ln150' <Predicate = (!icmp_ln148 & trunc_ln150 == 0 & trunc_ln149 == 3)> <Delay = 0.00>
ST_1 : Operation 106 [1/1] (1.20ns)   --->   "%switch_ln150 = switch i2 %trunc_ln149, void %arrayidx3801.case.3333, i2 0, void %arrayidx3801.case.0330, i2 1, void %arrayidx3801.case.1331, i2 2, void %arrayidx3801.case.2332" [ExtendedKalmanFilter.cpp:150]   --->   Operation 106 'switch' 'switch_ln150' <Predicate = (!icmp_ln148 & trunc_ln150 == 3)> <Delay = 1.20>
ST_1 : Operation 107 [1/1] (0.00ns)   --->   "%br_ln150 = br void %arrayidx3801.exit" [ExtendedKalmanFilter.cpp:150]   --->   Operation 107 'br' 'br_ln150' <Predicate = (!icmp_ln148 & trunc_ln150 == 3 & trunc_ln149 == 2)> <Delay = 0.00>
ST_1 : Operation 108 [1/1] (0.00ns)   --->   "%br_ln150 = br void %arrayidx3801.exit" [ExtendedKalmanFilter.cpp:150]   --->   Operation 108 'br' 'br_ln150' <Predicate = (!icmp_ln148 & trunc_ln150 == 3 & trunc_ln149 == 1)> <Delay = 0.00>
ST_1 : Operation 109 [1/1] (0.00ns)   --->   "%br_ln150 = br void %arrayidx3801.exit" [ExtendedKalmanFilter.cpp:150]   --->   Operation 109 'br' 'br_ln150' <Predicate = (!icmp_ln148 & trunc_ln150 == 3 & trunc_ln149 == 0)> <Delay = 0.00>
ST_1 : Operation 110 [1/1] (0.00ns)   --->   "%br_ln150 = br void %arrayidx3801.exit" [ExtendedKalmanFilter.cpp:150]   --->   Operation 110 'br' 'br_ln150' <Predicate = (!icmp_ln148 & trunc_ln150 == 3 & trunc_ln149 == 3)> <Delay = 0.00>

State 2 <SV = 1> <Delay = 2.26>
ST_2 : Operation 111 [1/1] (0.00ns)   --->   "%zext_ln150_1 = zext i4 %add_ln150" [ExtendedKalmanFilter.cpp:150]   --->   Operation 111 'zext' 'zext_ln150_1' <Predicate = (!icmp_ln148)> <Delay = 0.00>
ST_2 : Operation 112 [1/1] (0.00ns)   --->   "%temp2_addr = getelementptr i64 %temp2, i64 0, i64 %zext_ln150_1" [ExtendedKalmanFilter.cpp:150]   --->   Operation 112 'getelementptr' 'temp2_addr' <Predicate = (!icmp_ln148)> <Delay = 0.00>
ST_2 : Operation 113 [2/2] (2.26ns)   --->   "%temp2_load = load i4 %temp2_addr" [ExtendedKalmanFilter.cpp:150]   --->   Operation 113 'load' 'temp2_load' <Predicate = (!icmp_ln148)> <Delay = 2.26> <CoreInst = "RAM">   --->   Core 82 'RAM' <Latency = 1> <II = 1> <Delay = 2.26> <Storage> <Opcode : 'load' 'store'> <Ports = 2> <Width = 64> <Depth = 16> <RAM>
ST_2 : Operation 114 [1/1] (0.83ns)   --->   "%store_ln148 = store i5 %add_ln148_1, i5 %indvar_flatten6" [ExtendedKalmanFilter.cpp:148]   --->   Operation 114 'store' 'store_ln148' <Predicate = (!icmp_ln148)> <Delay = 0.83>
ST_2 : Operation 115 [1/1] (0.83ns)   --->   "%store_ln148 = store i3 %select_ln148_1, i3 %i" [ExtendedKalmanFilter.cpp:148]   --->   Operation 115 'store' 'store_ln148' <Predicate = (!icmp_ln148)> <Delay = 0.83>

State 3 <SV = 2> <Delay = 2.26>
ST_3 : Operation 116 [1/1] (0.00ns)   --->   "%mux_case_0290_load = load i64 %mux_case_0290" [ExtendedKalmanFilter.cpp:150]   --->   Operation 116 'load' 'mux_case_0290_load' <Predicate = (!icmp_ln148 & trunc_ln150 == 0 & trunc_ln149 == 0)> <Delay = 0.00>
ST_3 : Operation 117 [1/1] (0.00ns)   --->   "%mux_case_1291_load = load i64 %mux_case_1291" [ExtendedKalmanFilter.cpp:150]   --->   Operation 117 'load' 'mux_case_1291_load' <Predicate = (!icmp_ln148 & trunc_ln150 == 0 & trunc_ln149 == 1)> <Delay = 0.00>
ST_3 : Operation 118 [1/1] (0.00ns)   --->   "%mux_case_2292_load = load i64 %mux_case_2292" [ExtendedKalmanFilter.cpp:150]   --->   Operation 118 'load' 'mux_case_2292_load' <Predicate = (!icmp_ln148 & trunc_ln150 == 0 & trunc_ln149 == 2)> <Delay = 0.00>
ST_3 : Operation 119 [1/1] (0.00ns)   --->   "%mux_case_3293_load = load i64 %mux_case_3293" [ExtendedKalmanFilter.cpp:150]   --->   Operation 119 'load' 'mux_case_3293_load' <Predicate = (!icmp_ln148 & trunc_ln150 == 0 & trunc_ln149 == 3)> <Delay = 0.00>
ST_3 : Operation 120 [1/1] (0.00ns)   --->   "%mux_case_0295_load = load i64 %mux_case_0295" [ExtendedKalmanFilter.cpp:150]   --->   Operation 120 'load' 'mux_case_0295_load' <Predicate = (!icmp_ln148 & trunc_ln150 == 1 & trunc_ln149 == 0)> <Delay = 0.00>
ST_3 : Operation 121 [1/1] (0.00ns)   --->   "%mux_case_1296_load = load i64 %mux_case_1296" [ExtendedKalmanFilter.cpp:150]   --->   Operation 121 'load' 'mux_case_1296_load' <Predicate = (!icmp_ln148 & trunc_ln150 == 1 & trunc_ln149 == 1)> <Delay = 0.00>
ST_3 : Operation 122 [1/1] (0.00ns)   --->   "%mux_case_2297_load = load i64 %mux_case_2297" [ExtendedKalmanFilter.cpp:150]   --->   Operation 122 'load' 'mux_case_2297_load' <Predicate = (!icmp_ln148 & trunc_ln150 == 1 & trunc_ln149 == 2)> <Delay = 0.00>
ST_3 : Operation 123 [1/1] (0.00ns)   --->   "%mux_case_3298_load = load i64 %mux_case_3298" [ExtendedKalmanFilter.cpp:150]   --->   Operation 123 'load' 'mux_case_3298_load' <Predicate = (!icmp_ln148 & trunc_ln150 == 1 & trunc_ln149 == 3)> <Delay = 0.00>
ST_3 : Operation 124 [1/1] (0.00ns)   --->   "%mux_case_0300_load = load i64 %mux_case_0300" [ExtendedKalmanFilter.cpp:150]   --->   Operation 124 'load' 'mux_case_0300_load' <Predicate = (!icmp_ln148 & trunc_ln150 == 2 & trunc_ln149 == 0)> <Delay = 0.00>
ST_3 : Operation 125 [1/1] (0.00ns)   --->   "%mux_case_1301_load = load i64 %mux_case_1301" [ExtendedKalmanFilter.cpp:150]   --->   Operation 125 'load' 'mux_case_1301_load' <Predicate = (!icmp_ln148 & trunc_ln150 == 2 & trunc_ln149 == 1)> <Delay = 0.00>
ST_3 : Operation 126 [1/1] (0.00ns)   --->   "%mux_case_2302_load = load i64 %mux_case_2302" [ExtendedKalmanFilter.cpp:150]   --->   Operation 126 'load' 'mux_case_2302_load' <Predicate = (!icmp_ln148 & trunc_ln150 == 2 & trunc_ln149 == 2)> <Delay = 0.00>
ST_3 : Operation 127 [1/1] (0.00ns)   --->   "%mux_case_3303_load = load i64 %mux_case_3303" [ExtendedKalmanFilter.cpp:150]   --->   Operation 127 'load' 'mux_case_3303_load' <Predicate = (!icmp_ln148 & trunc_ln150 == 2 & trunc_ln149 == 3)> <Delay = 0.00>
ST_3 : Operation 128 [1/1] (0.00ns)   --->   "%mux_case_0305_load = load i64 %mux_case_0305" [ExtendedKalmanFilter.cpp:150]   --->   Operation 128 'load' 'mux_case_0305_load' <Predicate = (!icmp_ln148 & trunc_ln150 == 3 & trunc_ln149 == 0)> <Delay = 0.00>
ST_3 : Operation 129 [1/1] (0.00ns)   --->   "%mux_case_1306_load = load i64 %mux_case_1306" [ExtendedKalmanFilter.cpp:150]   --->   Operation 129 'load' 'mux_case_1306_load' <Predicate = (!icmp_ln148 & trunc_ln150 == 3 & trunc_ln149 == 1)> <Delay = 0.00>
ST_3 : Operation 130 [1/1] (0.00ns)   --->   "%mux_case_2307_load = load i64 %mux_case_2307" [ExtendedKalmanFilter.cpp:150]   --->   Operation 130 'load' 'mux_case_2307_load' <Predicate = (!icmp_ln148 & trunc_ln150 == 3 & trunc_ln149 == 2)> <Delay = 0.00>
ST_3 : Operation 131 [1/1] (0.00ns)   --->   "%mux_case_3308_load = load i64 %mux_case_3308" [ExtendedKalmanFilter.cpp:150]   --->   Operation 131 'load' 'mux_case_3308_load' <Predicate = (!icmp_ln148 & trunc_ln150 == 3 & trunc_ln149 == 3)> <Delay = 0.00>
ST_3 : Operation 132 [1/1] (0.86ns)   --->   "%tmp_14 = sparsemux i64 @_ssdm_op_SparseMux.ap_auto.4f64.f64.i2, i2 0, i64 %mux_case_0290_load, i2 1, i64 %mux_case_1291_load, i2 2, i64 %mux_case_2292_load, i2 3, i64 %mux_case_3293_load, i64 <undef>, i2 %trunc_ln149" [ExtendedKalmanFilter.cpp:150]   --->   Operation 132 'sparsemux' 'tmp_14' <Predicate = (!icmp_ln148 & trunc_ln150 == 0)> <Delay = 0.86> <CoreInst = "SparseMux">   --->   Core 135 'SparseMux' <Latency = 0> <II = 1> <Delay = 0.86> <FuncUnit> <Opcode : 'sparsemux'> <InPorts = 2> <OutPorts = 1>
ST_3 : Operation 133 [1/1] (0.86ns)   --->   "%tmp_15 = sparsemux i64 @_ssdm_op_SparseMux.ap_auto.4f64.f64.i2, i2 0, i64 %mux_case_0295_load, i2 1, i64 %mux_case_1296_load, i2 2, i64 %mux_case_2297_load, i2 3, i64 %mux_case_3298_load, i64 <undef>, i2 %trunc_ln149" [ExtendedKalmanFilter.cpp:150]   --->   Operation 133 'sparsemux' 'tmp_15' <Predicate = (!icmp_ln148 & trunc_ln150 == 1)> <Delay = 0.86> <CoreInst = "SparseMux">   --->   Core 135 'SparseMux' <Latency = 0> <II = 1> <Delay = 0.86> <FuncUnit> <Opcode : 'sparsemux'> <InPorts = 2> <OutPorts = 1>
ST_3 : Operation 134 [1/1] (0.86ns)   --->   "%tmp_16 = sparsemux i64 @_ssdm_op_SparseMux.ap_auto.4f64.f64.i2, i2 0, i64 %mux_case_0300_load, i2 1, i64 %mux_case_1301_load, i2 2, i64 %mux_case_2302_load, i2 3, i64 %mux_case_3303_load, i64 <undef>, i2 %trunc_ln149" [ExtendedKalmanFilter.cpp:150]   --->   Operation 134 'sparsemux' 'tmp_16' <Predicate = (!icmp_ln148 & trunc_ln150 == 2)> <Delay = 0.86> <CoreInst = "SparseMux">   --->   Core 135 'SparseMux' <Latency = 0> <II = 1> <Delay = 0.86> <FuncUnit> <Opcode : 'sparsemux'> <InPorts = 2> <OutPorts = 1>
ST_3 : Operation 135 [1/1] (0.86ns)   --->   "%tmp_17 = sparsemux i64 @_ssdm_op_SparseMux.ap_auto.4f64.f64.i2, i2 0, i64 %mux_case_0305_load, i2 1, i64 %mux_case_1306_load, i2 2, i64 %mux_case_2307_load, i2 3, i64 %mux_case_3308_load, i64 <undef>, i2 %trunc_ln149" [ExtendedKalmanFilter.cpp:150]   --->   Operation 135 'sparsemux' 'tmp_17' <Predicate = (!icmp_ln148 & trunc_ln150 == 3)> <Delay = 0.86> <CoreInst = "SparseMux">   --->   Core 135 'SparseMux' <Latency = 0> <II = 1> <Delay = 0.86> <FuncUnit> <Opcode : 'sparsemux'> <InPorts = 2> <OutPorts = 1>
ST_3 : Operation 136 [1/1] (0.86ns)   --->   "%tmp_18 = sparsemux i64 @_ssdm_op_SparseMux.ap_auto.4f64.f64.i2, i2 0, i64 %tmp_14, i2 1, i64 %tmp_15, i2 2, i64 %tmp_16, i2 3, i64 %tmp_17, i64 <undef>, i2 %trunc_ln150" [ExtendedKalmanFilter.cpp:150]   --->   Operation 136 'sparsemux' 'tmp_18' <Predicate = (!icmp_ln148)> <Delay = 0.86> <CoreInst = "SparseMux">   --->   Core 135 'SparseMux' <Latency = 0> <II = 1> <Delay = 0.86> <FuncUnit> <Opcode : 'sparsemux'> <InPorts = 2> <OutPorts = 1>
ST_3 : Operation 137 [1/2] (2.26ns)   --->   "%temp2_load = load i4 %temp2_addr" [ExtendedKalmanFilter.cpp:150]   --->   Operation 137 'load' 'temp2_load' <Predicate = (!icmp_ln148)> <Delay = 2.26> <CoreInst = "RAM">   --->   Core 82 'RAM' <Latency = 1> <II = 1> <Delay = 2.26> <Storage> <Opcode : 'load' 'store'> <Ports = 2> <Width = 64> <Depth = 16> <RAM>
ST_3 : Operation 189 [1/1] (0.00ns)   --->   "%ret_ln0 = ret"   --->   Operation 189 'ret' 'ret_ln0' <Predicate = (icmp_ln148)> <Delay = 0.00>

State 4 <SV = 3> <Delay = 2.32>
ST_4 : Operation 138 [13/13] (2.32ns)   --->   "%sub = dsub i64 %tmp_18, i64 %temp2_load" [ExtendedKalmanFilter.cpp:150]   --->   Operation 138 'dsub' 'sub' <Predicate = (!icmp_ln148)> <Delay = 2.32> <CoreInst = "DAddSub_fulldsp">   --->   Core 37 'DAddSub_fulldsp' <Latency = 12> <II = 1> <Delay = 2.32> <FuncUnit> <Opcode : 'dadd' 'dsub'> <InPorts = 2> <OutPorts = 1>
ST_4 : Operation 139 [1/1] (0.93ns)   --->   "%add_ln149 = add i3 %select_ln148, i3 1" [ExtendedKalmanFilter.cpp:149]   --->   Operation 139 'add' 'add_ln149' <Predicate = (!icmp_ln148)> <Delay = 0.93> <CoreInst = "Adder">   --->   Core 1 'Adder' <Latency = 0> <II = 1> <Delay = 0.93> <FuncUnit> <Opcode : 'add' 'sub'> <InPorts = 2> <OutPorts = 1>
ST_4 : Operation 140 [1/1] (0.83ns)   --->   "%store_ln149 = store i3 %add_ln149, i3 %j" [ExtendedKalmanFilter.cpp:149]   --->   Operation 140 'store' 'store_ln149' <Predicate = (!icmp_ln148)> <Delay = 0.83>
ST_4 : Operation 141 [1/1] (0.00ns)   --->   "%br_ln149 = br void %for.inc390" [ExtendedKalmanFilter.cpp:149]   --->   Operation 141 'br' 'br_ln149' <Predicate = (!icmp_ln148)> <Delay = 0.00>

State 5 <SV = 4> <Delay = 2.32>
ST_5 : Operation 142 [12/13] (2.32ns)   --->   "%sub = dsub i64 %tmp_18, i64 %temp2_load" [ExtendedKalmanFilter.cpp:150]   --->   Operation 142 'dsub' 'sub' <Predicate = (!icmp_ln148)> <Delay = 2.32> <CoreInst = "DAddSub_fulldsp">   --->   Core 37 'DAddSub_fulldsp' <Latency = 12> <II = 1> <Delay = 2.32> <FuncUnit> <Opcode : 'dadd' 'dsub'> <InPorts = 2> <OutPorts = 1>

State 6 <SV = 5> <Delay = 2.32>
ST_6 : Operation 143 [11/13] (2.32ns)   --->   "%sub = dsub i64 %tmp_18, i64 %temp2_load" [ExtendedKalmanFilter.cpp:150]   --->   Operation 143 'dsub' 'sub' <Predicate = (!icmp_ln148)> <Delay = 2.32> <CoreInst = "DAddSub_fulldsp">   --->   Core 37 'DAddSub_fulldsp' <Latency = 12> <II = 1> <Delay = 2.32> <FuncUnit> <Opcode : 'dadd' 'dsub'> <InPorts = 2> <OutPorts = 1>

State 7 <SV = 6> <Delay = 2.32>
ST_7 : Operation 144 [10/13] (2.32ns)   --->   "%sub = dsub i64 %tmp_18, i64 %temp2_load" [ExtendedKalmanFilter.cpp:150]   --->   Operation 144 'dsub' 'sub' <Predicate = (!icmp_ln148)> <Delay = 2.32> <CoreInst = "DAddSub_fulldsp">   --->   Core 37 'DAddSub_fulldsp' <Latency = 12> <II = 1> <Delay = 2.32> <FuncUnit> <Opcode : 'dadd' 'dsub'> <InPorts = 2> <OutPorts = 1>

State 8 <SV = 7> <Delay = 2.32>
ST_8 : Operation 145 [9/13] (2.32ns)   --->   "%sub = dsub i64 %tmp_18, i64 %temp2_load" [ExtendedKalmanFilter.cpp:150]   --->   Operation 145 'dsub' 'sub' <Predicate = (!icmp_ln148)> <Delay = 2.32> <CoreInst = "DAddSub_fulldsp">   --->   Core 37 'DAddSub_fulldsp' <Latency = 12> <II = 1> <Delay = 2.32> <FuncUnit> <Opcode : 'dadd' 'dsub'> <InPorts = 2> <OutPorts = 1>

State 9 <SV = 8> <Delay = 2.32>
ST_9 : Operation 146 [8/13] (2.32ns)   --->   "%sub = dsub i64 %tmp_18, i64 %temp2_load" [ExtendedKalmanFilter.cpp:150]   --->   Operation 146 'dsub' 'sub' <Predicate = (!icmp_ln148)> <Delay = 2.32> <CoreInst = "DAddSub_fulldsp">   --->   Core 37 'DAddSub_fulldsp' <Latency = 12> <II = 1> <Delay = 2.32> <FuncUnit> <Opcode : 'dadd' 'dsub'> <InPorts = 2> <OutPorts = 1>

State 10 <SV = 9> <Delay = 2.32>
ST_10 : Operation 147 [7/13] (2.32ns)   --->   "%sub = dsub i64 %tmp_18, i64 %temp2_load" [ExtendedKalmanFilter.cpp:150]   --->   Operation 147 'dsub' 'sub' <Predicate = (!icmp_ln148)> <Delay = 2.32> <CoreInst = "DAddSub_fulldsp">   --->   Core 37 'DAddSub_fulldsp' <Latency = 12> <II = 1> <Delay = 2.32> <FuncUnit> <Opcode : 'dadd' 'dsub'> <InPorts = 2> <OutPorts = 1>

State 11 <SV = 10> <Delay = 2.32>
ST_11 : Operation 148 [6/13] (2.32ns)   --->   "%sub = dsub i64 %tmp_18, i64 %temp2_load" [ExtendedKalmanFilter.cpp:150]   --->   Operation 148 'dsub' 'sub' <Predicate = (!icmp_ln148)> <Delay = 2.32> <CoreInst = "DAddSub_fulldsp">   --->   Core 37 'DAddSub_fulldsp' <Latency = 12> <II = 1> <Delay = 2.32> <FuncUnit> <Opcode : 'dadd' 'dsub'> <InPorts = 2> <OutPorts = 1>

State 12 <SV = 11> <Delay = 2.32>
ST_12 : Operation 149 [5/13] (2.32ns)   --->   "%sub = dsub i64 %tmp_18, i64 %temp2_load" [ExtendedKalmanFilter.cpp:150]   --->   Operation 149 'dsub' 'sub' <Predicate = (!icmp_ln148)> <Delay = 2.32> <CoreInst = "DAddSub_fulldsp">   --->   Core 37 'DAddSub_fulldsp' <Latency = 12> <II = 1> <Delay = 2.32> <FuncUnit> <Opcode : 'dadd' 'dsub'> <InPorts = 2> <OutPorts = 1>

State 13 <SV = 12> <Delay = 2.32>
ST_13 : Operation 150 [4/13] (2.32ns)   --->   "%sub = dsub i64 %tmp_18, i64 %temp2_load" [ExtendedKalmanFilter.cpp:150]   --->   Operation 150 'dsub' 'sub' <Predicate = (!icmp_ln148)> <Delay = 2.32> <CoreInst = "DAddSub_fulldsp">   --->   Core 37 'DAddSub_fulldsp' <Latency = 12> <II = 1> <Delay = 2.32> <FuncUnit> <Opcode : 'dadd' 'dsub'> <InPorts = 2> <OutPorts = 1>

State 14 <SV = 13> <Delay = 2.32>
ST_14 : Operation 151 [3/13] (2.32ns)   --->   "%sub = dsub i64 %tmp_18, i64 %temp2_load" [ExtendedKalmanFilter.cpp:150]   --->   Operation 151 'dsub' 'sub' <Predicate = (!icmp_ln148)> <Delay = 2.32> <CoreInst = "DAddSub_fulldsp">   --->   Core 37 'DAddSub_fulldsp' <Latency = 12> <II = 1> <Delay = 2.32> <FuncUnit> <Opcode : 'dadd' 'dsub'> <InPorts = 2> <OutPorts = 1>

State 15 <SV = 14> <Delay = 2.32>
ST_15 : Operation 152 [2/13] (2.32ns)   --->   "%sub = dsub i64 %tmp_18, i64 %temp2_load" [ExtendedKalmanFilter.cpp:150]   --->   Operation 152 'dsub' 'sub' <Predicate = true> <Delay = 2.32> <CoreInst = "DAddSub_fulldsp">   --->   Core 37 'DAddSub_fulldsp' <Latency = 12> <II = 1> <Delay = 2.32> <FuncUnit> <Opcode : 'dadd' 'dsub'> <InPorts = 2> <OutPorts = 1>

State 16 <SV = 15> <Delay = 2.32>
ST_16 : Operation 153 [1/1] (0.00ns)   --->   "%specloopname_ln0 = specloopname void @_ssdm_op_SpecLoopName, void @VITIS_LOOP_148_28_VITIS_LOOP_149_29_str"   --->   Operation 153 'specloopname' 'specloopname_ln0' <Predicate = true> <Delay = 0.00>
ST_16 : Operation 154 [1/1] (0.00ns)   --->   "%speclooptripcount_ln0 = speclooptripcount void @_ssdm_op_SpecLoopTripCount, i64 16, i64 16, i64 16"   --->   Operation 154 'speclooptripcount' 'speclooptripcount_ln0' <Predicate = true> <Delay = 0.00>
ST_16 : Operation 155 [1/1] (0.00ns)   --->   "%specpipeline_ln149 = specpipeline void @_ssdm_op_SpecPipeline, i32 4294967295, i32 0, i32 0, i32 0, void @empty_8" [ExtendedKalmanFilter.cpp:149]   --->   Operation 155 'specpipeline' 'specpipeline_ln149' <Predicate = true> <Delay = 0.00>
ST_16 : Operation 156 [1/13] (2.32ns)   --->   "%sub = dsub i64 %tmp_18, i64 %temp2_load" [ExtendedKalmanFilter.cpp:150]   --->   Operation 156 'dsub' 'sub' <Predicate = true> <Delay = 2.32> <CoreInst = "DAddSub_fulldsp">   --->   Core 37 'DAddSub_fulldsp' <Latency = 12> <II = 1> <Delay = 2.32> <FuncUnit> <Opcode : 'dadd' 'dsub'> <InPorts = 2> <OutPorts = 1>
ST_16 : Operation 157 [1/1] (0.00ns)   --->   "%store_ln150 = store i64 %sub, i64 %P_2_2" [ExtendedKalmanFilter.cpp:150]   --->   Operation 157 'store' 'store_ln150' <Predicate = (trunc_ln150 == 2 & trunc_ln149 == 2)> <Delay = 0.00>
ST_16 : Operation 158 [1/1] (0.00ns)   --->   "%store_ln150 = store i64 %sub, i64 %P_2_1" [ExtendedKalmanFilter.cpp:150]   --->   Operation 158 'store' 'store_ln150' <Predicate = (trunc_ln150 == 2 & trunc_ln149 == 1)> <Delay = 0.00>
ST_16 : Operation 159 [1/1] (0.00ns)   --->   "%store_ln150 = store i64 %sub, i64 %P_2_0" [ExtendedKalmanFilter.cpp:150]   --->   Operation 159 'store' 'store_ln150' <Predicate = (trunc_ln150 == 2 & trunc_ln149 == 0)> <Delay = 0.00>
ST_16 : Operation 160 [1/1] (0.00ns)   --->   "%store_ln150 = store i64 %sub, i64 %P_2_3" [ExtendedKalmanFilter.cpp:150]   --->   Operation 160 'store' 'store_ln150' <Predicate = (trunc_ln150 == 2 & trunc_ln149 == 3)> <Delay = 0.00>
ST_16 : Operation 161 [1/1] (0.00ns)   --->   "%store_ln150 = store i64 %sub, i64 %P_1_2" [ExtendedKalmanFilter.cpp:150]   --->   Operation 161 'store' 'store_ln150' <Predicate = (trunc_ln150 == 1 & trunc_ln149 == 2)> <Delay = 0.00>
ST_16 : Operation 162 [1/1] (0.00ns)   --->   "%store_ln150 = store i64 %sub, i64 %P_1_1" [ExtendedKalmanFilter.cpp:150]   --->   Operation 162 'store' 'store_ln150' <Predicate = (trunc_ln150 == 1 & trunc_ln149 == 1)> <Delay = 0.00>
ST_16 : Operation 163 [1/1] (0.00ns)   --->   "%store_ln150 = store i64 %sub, i64 %P_1_0" [ExtendedKalmanFilter.cpp:150]   --->   Operation 163 'store' 'store_ln150' <Predicate = (trunc_ln150 == 1 & trunc_ln149 == 0)> <Delay = 0.00>
ST_16 : Operation 164 [1/1] (0.00ns)   --->   "%store_ln150 = store i64 %sub, i64 %P_1_3" [ExtendedKalmanFilter.cpp:150]   --->   Operation 164 'store' 'store_ln150' <Predicate = (trunc_ln150 == 1 & trunc_ln149 == 3)> <Delay = 0.00>
ST_16 : Operation 165 [1/1] (0.00ns)   --->   "%store_ln150 = store i64 %sub, i64 %P_0_2" [ExtendedKalmanFilter.cpp:150]   --->   Operation 165 'store' 'store_ln150' <Predicate = (trunc_ln150 == 0 & trunc_ln149 == 2)> <Delay = 0.00>
ST_16 : Operation 166 [1/1] (0.00ns)   --->   "%store_ln150 = store i64 %sub, i64 %P_0_1" [ExtendedKalmanFilter.cpp:150]   --->   Operation 166 'store' 'store_ln150' <Predicate = (trunc_ln150 == 0 & trunc_ln149 == 1)> <Delay = 0.00>
ST_16 : Operation 167 [1/1] (0.00ns)   --->   "%store_ln150 = store i64 %sub, i64 %P_0_0" [ExtendedKalmanFilter.cpp:150]   --->   Operation 167 'store' 'store_ln150' <Predicate = (trunc_ln150 == 0 & trunc_ln149 == 0)> <Delay = 0.00>
ST_16 : Operation 168 [1/1] (0.00ns)   --->   "%store_ln150 = store i64 %sub, i64 %P_0_3" [ExtendedKalmanFilter.cpp:150]   --->   Operation 168 'store' 'store_ln150' <Predicate = (trunc_ln150 == 0 & trunc_ln149 == 3)> <Delay = 0.00>
ST_16 : Operation 169 [1/1] (0.00ns)   --->   "%store_ln150 = store i64 %sub, i64 %P_3_2" [ExtendedKalmanFilter.cpp:150]   --->   Operation 169 'store' 'store_ln150' <Predicate = (trunc_ln150 == 3 & trunc_ln149 == 2)> <Delay = 0.00>
ST_16 : Operation 170 [1/1] (0.00ns)   --->   "%store_ln150 = store i64 %sub, i64 %P_3_1" [ExtendedKalmanFilter.cpp:150]   --->   Operation 170 'store' 'store_ln150' <Predicate = (trunc_ln150 == 3 & trunc_ln149 == 1)> <Delay = 0.00>
ST_16 : Operation 171 [1/1] (0.00ns)   --->   "%store_ln150 = store i64 %sub, i64 %P_3_0" [ExtendedKalmanFilter.cpp:150]   --->   Operation 171 'store' 'store_ln150' <Predicate = (trunc_ln150 == 3 & trunc_ln149 == 0)> <Delay = 0.00>
ST_16 : Operation 172 [1/1] (0.00ns)   --->   "%store_ln150 = store i64 %sub, i64 %P_3_3" [ExtendedKalmanFilter.cpp:150]   --->   Operation 172 'store' 'store_ln150' <Predicate = (trunc_ln150 == 3 & trunc_ln149 == 3)> <Delay = 0.00>

State 17 <SV = 16> <Delay = 0.83>
ST_17 : Operation 173 [1/1] (0.83ns)   --->   "%store_ln150 = store i64 %sub, i64 %mux_case_2302" [ExtendedKalmanFilter.cpp:150]   --->   Operation 173 'store' 'store_ln150' <Predicate = (trunc_ln150 == 2 & trunc_ln149 == 2)> <Delay = 0.83>
ST_17 : Operation 174 [1/1] (0.83ns)   --->   "%store_ln150 = store i64 %sub, i64 %mux_case_1301" [ExtendedKalmanFilter.cpp:150]   --->   Operation 174 'store' 'store_ln150' <Predicate = (trunc_ln150 == 2 & trunc_ln149 == 1)> <Delay = 0.83>
ST_17 : Operation 175 [1/1] (0.83ns)   --->   "%store_ln150 = store i64 %sub, i64 %mux_case_0300" [ExtendedKalmanFilter.cpp:150]   --->   Operation 175 'store' 'store_ln150' <Predicate = (trunc_ln150 == 2 & trunc_ln149 == 0)> <Delay = 0.83>
ST_17 : Operation 176 [1/1] (0.83ns)   --->   "%store_ln150 = store i64 %sub, i64 %mux_case_3303" [ExtendedKalmanFilter.cpp:150]   --->   Operation 176 'store' 'store_ln150' <Predicate = (trunc_ln150 == 2 & trunc_ln149 == 3)> <Delay = 0.83>
ST_17 : Operation 177 [1/1] (0.83ns)   --->   "%store_ln150 = store i64 %sub, i64 %mux_case_2297" [ExtendedKalmanFilter.cpp:150]   --->   Operation 177 'store' 'store_ln150' <Predicate = (trunc_ln150 == 1 & trunc_ln149 == 2)> <Delay = 0.83>
ST_17 : Operation 178 [1/1] (0.83ns)   --->   "%store_ln150 = store i64 %sub, i64 %mux_case_1296" [ExtendedKalmanFilter.cpp:150]   --->   Operation 178 'store' 'store_ln150' <Predicate = (trunc_ln150 == 1 & trunc_ln149 == 1)> <Delay = 0.83>
ST_17 : Operation 179 [1/1] (0.83ns)   --->   "%store_ln150 = store i64 %sub, i64 %mux_case_0295" [ExtendedKalmanFilter.cpp:150]   --->   Operation 179 'store' 'store_ln150' <Predicate = (trunc_ln150 == 1 & trunc_ln149 == 0)> <Delay = 0.83>
ST_17 : Operation 180 [1/1] (0.83ns)   --->   "%store_ln150 = store i64 %sub, i64 %mux_case_3298" [ExtendedKalmanFilter.cpp:150]   --->   Operation 180 'store' 'store_ln150' <Predicate = (trunc_ln150 == 1 & trunc_ln149 == 3)> <Delay = 0.83>
ST_17 : Operation 181 [1/1] (0.83ns)   --->   "%store_ln150 = store i64 %sub, i64 %mux_case_2292" [ExtendedKalmanFilter.cpp:150]   --->   Operation 181 'store' 'store_ln150' <Predicate = (trunc_ln150 == 0 & trunc_ln149 == 2)> <Delay = 0.83>
ST_17 : Operation 182 [1/1] (0.83ns)   --->   "%store_ln150 = store i64 %sub, i64 %mux_case_1291" [ExtendedKalmanFilter.cpp:150]   --->   Operation 182 'store' 'store_ln150' <Predicate = (trunc_ln150 == 0 & trunc_ln149 == 1)> <Delay = 0.83>
ST_17 : Operation 183 [1/1] (0.83ns)   --->   "%store_ln150 = store i64 %sub, i64 %mux_case_0290" [ExtendedKalmanFilter.cpp:150]   --->   Operation 183 'store' 'store_ln150' <Predicate = (trunc_ln150 == 0 & trunc_ln149 == 0)> <Delay = 0.83>
ST_17 : Operation 184 [1/1] (0.83ns)   --->   "%store_ln150 = store i64 %sub, i64 %mux_case_3293" [ExtendedKalmanFilter.cpp:150]   --->   Operation 184 'store' 'store_ln150' <Predicate = (trunc_ln150 == 0 & trunc_ln149 == 3)> <Delay = 0.83>
ST_17 : Operation 185 [1/1] (0.83ns)   --->   "%store_ln150 = store i64 %sub, i64 %mux_case_2307" [ExtendedKalmanFilter.cpp:150]   --->   Operation 185 'store' 'store_ln150' <Predicate = (trunc_ln150 == 3 & trunc_ln149 == 2)> <Delay = 0.83>
ST_17 : Operation 186 [1/1] (0.83ns)   --->   "%store_ln150 = store i64 %sub, i64 %mux_case_1306" [ExtendedKalmanFilter.cpp:150]   --->   Operation 186 'store' 'store_ln150' <Predicate = (trunc_ln150 == 3 & trunc_ln149 == 1)> <Delay = 0.83>
ST_17 : Operation 187 [1/1] (0.83ns)   --->   "%store_ln150 = store i64 %sub, i64 %mux_case_0305" [ExtendedKalmanFilter.cpp:150]   --->   Operation 187 'store' 'store_ln150' <Predicate = (trunc_ln150 == 3 & trunc_ln149 == 0)> <Delay = 0.83>
ST_17 : Operation 188 [1/1] (0.83ns)   --->   "%store_ln150 = store i64 %sub, i64 %mux_case_3308" [ExtendedKalmanFilter.cpp:150]   --->   Operation 188 'store' 'store_ln150' <Predicate = (trunc_ln150 == 3 & trunc_ln149 == 3)> <Delay = 0.83>


============================================================
+ Verbose Summary: Timing violations
============================================================
Target clock period: 4.000ns, clock uncertainty: 1.080ns.

 <State 1>: 3.483ns
The critical path consists of the following:
	'store' operation 0 bit ('store_ln149', ExtendedKalmanFilter.cpp:149) of constant 0 on local variable 'j', ExtendedKalmanFilter.cpp:149 [87]  (0.833 ns)
	'load' operation 3 bit ('j_load', ExtendedKalmanFilter.cpp:149) on local variable 'j', ExtendedKalmanFilter.cpp:149 [95]  (0.000 ns)
	'icmp' operation 1 bit ('icmp_ln149', ExtendedKalmanFilter.cpp:149) [116]  (0.934 ns)
	'select' operation 3 bit ('select_ln148', ExtendedKalmanFilter.cpp:148) [117]  (0.510 ns)
	blocking operation 1.20528 ns on control path)

 <State 2>: 2.266ns
The critical path consists of the following:
	'getelementptr' operation 4 bit ('temp2_addr', ExtendedKalmanFilter.cpp:150) [124]  (0.000 ns)
	'load' operation 64 bit ('temp2_load', ExtendedKalmanFilter.cpp:150) on array 'temp2' [132]  (2.266 ns)

 <State 3>: 2.266ns
The critical path consists of the following:
	'load' operation 64 bit ('temp2_load', ExtendedKalmanFilter.cpp:150) on array 'temp2' [132]  (2.266 ns)

 <State 4>: 2.320ns
The critical path consists of the following:
	'dsub' operation 64 bit ('sub', ExtendedKalmanFilter.cpp:150) [133]  (2.320 ns)

 <State 5>: 2.320ns
The critical path consists of the following:
	'dsub' operation 64 bit ('sub', ExtendedKalmanFilter.cpp:150) [133]  (2.320 ns)

 <State 6>: 2.320ns
The critical path consists of the following:
	'dsub' operation 64 bit ('sub', ExtendedKalmanFilter.cpp:150) [133]  (2.320 ns)

 <State 7>: 2.320ns
The critical path consists of the following:
	'dsub' operation 64 bit ('sub', ExtendedKalmanFilter.cpp:150) [133]  (2.320 ns)

 <State 8>: 2.320ns
The critical path consists of the following:
	'dsub' operation 64 bit ('sub', ExtendedKalmanFilter.cpp:150) [133]  (2.320 ns)

 <State 9>: 2.320ns
The critical path consists of the following:
	'dsub' operation 64 bit ('sub', ExtendedKalmanFilter.cpp:150) [133]  (2.320 ns)

 <State 10>: 2.320ns
The critical path consists of the following:
	'dsub' operation 64 bit ('sub', ExtendedKalmanFilter.cpp:150) [133]  (2.320 ns)

 <State 11>: 2.320ns
The critical path consists of the following:
	'dsub' operation 64 bit ('sub', ExtendedKalmanFilter.cpp:150) [133]  (2.320 ns)

 <State 12>: 2.320ns
The critical path consists of the following:
	'dsub' operation 64 bit ('sub', ExtendedKalmanFilter.cpp:150) [133]  (2.320 ns)

 <State 13>: 2.320ns
The critical path consists of the following:
	'dsub' operation 64 bit ('sub', ExtendedKalmanFilter.cpp:150) [133]  (2.320 ns)

 <State 14>: 2.320ns
The critical path consists of the following:
	'dsub' operation 64 bit ('sub', ExtendedKalmanFilter.cpp:150) [133]  (2.320 ns)

 <State 15>: 2.320ns
The critical path consists of the following:
	'dsub' operation 64 bit ('sub', ExtendedKalmanFilter.cpp:150) [133]  (2.320 ns)

 <State 16>: 2.320ns
The critical path consists of the following:
	'dsub' operation 64 bit ('sub', ExtendedKalmanFilter.cpp:150) [133]  (2.320 ns)
	'store' operation 0 bit ('store_ln150', ExtendedKalmanFilter.cpp:150) of variable 'sub', ExtendedKalmanFilter.cpp:150 on static variable 'P_3_1' [196]  (0.000 ns)

 <State 17>: 0.833ns
The critical path consists of the following:
	'store' operation 0 bit ('store_ln150', ExtendedKalmanFilter.cpp:150) of variable 'sub', ExtendedKalmanFilter.cpp:150 on local variable 'mux_case_3293' [187]  (0.833 ns)


============================================================
+ Verbose Summary: Binding
============================================================
N/A
* FSMD analyzer results:
  - Output states:
 - Input state : 
  - Chain level:
	State 1
	State 2
	State 3
	State 4
	State 5
	State 6
	State 7
	State 8
	State 9
	State 10
	State 11
	State 12
	State 13
	State 14
	State 15
	State 16
	State 17


============================================================
+ Verbose Summary: Datapath Resource usage 
============================================================
N/A
