

================================================================
== Vitis HLS Report for 'extendedKalmanFilter_Pipeline_VITIS_LOOP_58_4'
================================================================
* Date:           Sun Mar 17 14:02:00 2024

* Version:        2023.2 (Build 4023990 on Oct 11 2023)
* Project:        ExtendedKalmanFilter
* Solution:       solution2 (Vivado IP Flow Target)
* Product family: kintex7
* Target device:  xc7k160t-fbg676-2


================================================================
== Performance Estimates
================================================================
+ Timing: 
    * Summary: 
    +--------+---------+----------+------------+
    |  Clock |  Target | Estimated| Uncertainty|
    +--------+---------+----------+------------+
    |ap_clk  |  4.00 ns|  2.796 ns|     1.08 ns|
    +--------+---------+----------+------------+

+ Latency: 
    * Summary: 
    +---------+---------+----------+----------+-----+-----+---------+
    |  Latency (cycles) |  Latency (absolute) |  Interval | Pipeline|
    |   min   |   max   |    min   |    max   | min | max |   Type  |
    +---------+---------+----------+----------+-----+-----+---------+
    |       59|       59|  0.236 us|  0.236 us|   59|   59|       no|
    +---------+---------+----------+----------+-----+-----+---------+

    + Detail: 
        * Instance: 
        N/A

        * Loop: 
        +-------------------+---------+---------+----------+-----------+-----------+------+----------+
        |                   |  Latency (cycles) | Iteration|  Initiation Interval  | Trip |          |
        |     Loop Name     |   min   |   max   |  Latency |  achieved |   target  | Count| Pipelined|
        +-------------------+---------+---------+----------+-----------+-----------+------+----------+
        |- VITIS_LOOP_58_4  |       57|       57|        55|          1|          1|     4|       yes|
        +-------------------+---------+---------+----------+-----------+-----------+------+----------+

============================================================
+ Verbose Summary: Synthesis Manager
============================================================
InlineROM: 1
ExposeGlobal: 0
============================================================
+ Verbose Summary: CDFG Model
============================================================
IsTopModel: 0
ResetActiveHigh: 1
IsCombinational: 0
IsDatapathOnly: 0
HasWiredReturn: 1
HasMFsm: 2
HasVarLatency: 1
IsPipeline: 0
IsRtlPipelined: 0
IsInstanceOverlapped: 0
IsDontTouch: 0
HasImplIP: 0
IsGatedGlobalClock: 0

+ Individual pipeline summary: 
  * Pipeline-0: initiation interval (II) = 1, depth = 55


============================================================
+ Verbose Summary: Schedule
============================================================
* Number of FSM states : 55
* Pipeline : 1
  Pipeline-0 : II = 1, D = 55, States = { 1 2 3 4 5 6 7 8 9 10 11 12 13 14 15 16 17 18 19 20 21 22 23 24 25 26 27 28 29 30 31 32 33 34 35 36 37 38 39 40 41 42 43 44 45 46 47 48 49 50 51 52 53 54 55 }
* Dataflow Pipeline: 0

* FSM state transitions: 
1 --> 2 
2 --> 3 
3 --> 4 
4 --> 5 
5 --> 6 
6 --> 7 
7 --> 8 
8 --> 9 
9 --> 10 
10 --> 11 
11 --> 12 
12 --> 13 
13 --> 14 
14 --> 15 
15 --> 16 
16 --> 17 
17 --> 18 
18 --> 19 
19 --> 20 
20 --> 21 
21 --> 22 
22 --> 23 
23 --> 24 
24 --> 25 
25 --> 26 
26 --> 27 
27 --> 28 
28 --> 29 
29 --> 30 
30 --> 31 
31 --> 32 
32 --> 33 
33 --> 34 
34 --> 35 
35 --> 36 
36 --> 37 
37 --> 38 
38 --> 39 
39 --> 40 
40 --> 41 
41 --> 42 
42 --> 43 
43 --> 44 
44 --> 45 
45 --> 46 
46 --> 47 
47 --> 48 
48 --> 49 
49 --> 50 
50 --> 51 
51 --> 52 
52 --> 53 
53 --> 54 
54 --> 55 
55 --> 

* FSM state operations: 

State 1 <SV = 0> <Delay = 2.60>
ST_1 : Operation 58 [1/1] (0.00ns)   --->   "%j = alloca i32 1" [ExtendedKalmanFilter.cpp:58]   --->   Operation 58 'alloca' 'j' <Predicate = true> <Delay = 0.00>
ST_1 : Operation 59 [1/1] (0.00ns)   --->   "%empty = alloca i32 1"   --->   Operation 59 'alloca' 'empty' <Predicate = true> <Delay = 0.00>
ST_1 : Operation 60 [1/1] (0.00ns)   --->   "%empty_22 = alloca i32 1"   --->   Operation 60 'alloca' 'empty_22' <Predicate = true> <Delay = 0.00>
ST_1 : Operation 61 [1/1] (0.00ns)   --->   "%empty_23 = alloca i32 1"   --->   Operation 61 'alloca' 'empty_23' <Predicate = true> <Delay = 0.00>
ST_1 : Operation 62 [1/1] (0.00ns)   --->   "%empty_24 = alloca i32 1"   --->   Operation 62 'alloca' 'empty_24' <Predicate = true> <Delay = 0.00>
ST_1 : Operation 63 [1/1] (0.00ns)   --->   "%P_3_3_load_read = read i64 @_ssdm_op_Read.ap_auto.double, i64 %P_3_3_load"   --->   Operation 63 'read' 'P_3_3_load_read' <Predicate = true> <Delay = 0.00>
ST_1 : Operation 64 [1/1] (0.00ns)   --->   "%P_3_2_load_read = read i64 @_ssdm_op_Read.ap_auto.double, i64 %P_3_2_load"   --->   Operation 64 'read' 'P_3_2_load_read' <Predicate = true> <Delay = 0.00>
ST_1 : Operation 65 [1/1] (0.00ns)   --->   "%P_3_1_load_read = read i64 @_ssdm_op_Read.ap_auto.double, i64 %P_3_1_load"   --->   Operation 65 'read' 'P_3_1_load_read' <Predicate = true> <Delay = 0.00>
ST_1 : Operation 66 [1/1] (0.00ns)   --->   "%P_3_0_load_read = read i64 @_ssdm_op_Read.ap_auto.double, i64 %P_3_0_load"   --->   Operation 66 'read' 'P_3_0_load_read' <Predicate = true> <Delay = 0.00>
ST_1 : Operation 67 [1/1] (0.00ns)   --->   "%P_2_3_load_read = read i64 @_ssdm_op_Read.ap_auto.double, i64 %P_2_3_load"   --->   Operation 67 'read' 'P_2_3_load_read' <Predicate = true> <Delay = 0.00>
ST_1 : Operation 68 [1/1] (0.00ns)   --->   "%P_2_2_load_read = read i64 @_ssdm_op_Read.ap_auto.double, i64 %P_2_2_load"   --->   Operation 68 'read' 'P_2_2_load_read' <Predicate = true> <Delay = 0.00>
ST_1 : Operation 69 [1/1] (0.00ns)   --->   "%P_2_1_load_read = read i64 @_ssdm_op_Read.ap_auto.double, i64 %P_2_1_load"   --->   Operation 69 'read' 'P_2_1_load_read' <Predicate = true> <Delay = 0.00>
ST_1 : Operation 70 [1/1] (0.00ns)   --->   "%P_2_0_load_read = read i64 @_ssdm_op_Read.ap_auto.double, i64 %P_2_0_load"   --->   Operation 70 'read' 'P_2_0_load_read' <Predicate = true> <Delay = 0.00>
ST_1 : Operation 71 [1/1] (0.00ns)   --->   "%P_1_3_load_read = read i64 @_ssdm_op_Read.ap_auto.double, i64 %P_1_3_load"   --->   Operation 71 'read' 'P_1_3_load_read' <Predicate = true> <Delay = 0.00>
ST_1 : Operation 72 [1/1] (0.00ns)   --->   "%P_1_2_load_read = read i64 @_ssdm_op_Read.ap_auto.double, i64 %P_1_2_load"   --->   Operation 72 'read' 'P_1_2_load_read' <Predicate = true> <Delay = 0.00>
ST_1 : Operation 73 [1/1] (0.00ns)   --->   "%P_1_1_load_read = read i64 @_ssdm_op_Read.ap_auto.double, i64 %P_1_1_load"   --->   Operation 73 'read' 'P_1_1_load_read' <Predicate = true> <Delay = 0.00>
ST_1 : Operation 74 [1/1] (0.00ns)   --->   "%P_1_0_load_read = read i64 @_ssdm_op_Read.ap_auto.double, i64 %P_1_0_load"   --->   Operation 74 'read' 'P_1_0_load_read' <Predicate = true> <Delay = 0.00>
ST_1 : Operation 75 [1/1] (0.00ns)   --->   "%P_0_3_load_read = read i64 @_ssdm_op_Read.ap_auto.double, i64 %P_0_3_load"   --->   Operation 75 'read' 'P_0_3_load_read' <Predicate = true> <Delay = 0.00>
ST_1 : Operation 76 [1/1] (0.00ns)   --->   "%P_0_2_load_read = read i64 @_ssdm_op_Read.ap_auto.double, i64 %P_0_2_load"   --->   Operation 76 'read' 'P_0_2_load_read' <Predicate = true> <Delay = 0.00>
ST_1 : Operation 77 [1/1] (0.00ns)   --->   "%P_0_1_load_read = read i64 @_ssdm_op_Read.ap_auto.double, i64 %P_0_1_load"   --->   Operation 77 'read' 'P_0_1_load_read' <Predicate = true> <Delay = 0.00>
ST_1 : Operation 78 [1/1] (0.00ns)   --->   "%P_0_0_load_read = read i64 @_ssdm_op_Read.ap_auto.double, i64 %P_0_0_load"   --->   Operation 78 'read' 'P_0_0_load_read' <Predicate = true> <Delay = 0.00>
ST_1 : Operation 79 [1/1] (0.83ns)   --->   "%store_ln58 = store i3 0, i3 %j" [ExtendedKalmanFilter.cpp:58]   --->   Operation 79 'store' 'store_ln58' <Predicate = true> <Delay = 0.83>
ST_1 : Operation 80 [1/1] (0.00ns)   --->   "%br_ln0 = br void %VITIS_LOOP_60_5"   --->   Operation 80 'br' 'br_ln0' <Predicate = true> <Delay = 0.00>
ST_1 : Operation 81 [1/1] (0.00ns)   --->   "%j_6 = load i3 %j" [ExtendedKalmanFilter.cpp:58]   --->   Operation 81 'load' 'j_6' <Predicate = true> <Delay = 0.00>
ST_1 : Operation 82 [1/1] (0.93ns)   --->   "%icmp_ln58 = icmp_eq  i3 %j_6, i3 4" [ExtendedKalmanFilter.cpp:58]   --->   Operation 82 'icmp' 'icmp_ln58' <Predicate = true> <Delay = 0.93> <CoreInst = "Cmp">   --->   Core 9 'Cmp' <Latency = 0> <II = 1> <Delay = 0.93> <FuncUnit> <Opcode : 'icmp'> <InPorts = 2> <OutPorts = 1>
ST_1 : Operation 83 [1/1] (0.93ns)   --->   "%add_ln58 = add i3 %j_6, i3 1" [ExtendedKalmanFilter.cpp:58]   --->   Operation 83 'add' 'add_ln58' <Predicate = true> <Delay = 0.93> <CoreInst = "Adder">   --->   Core 1 'Adder' <Latency = 0> <II = 1> <Delay = 0.93> <FuncUnit> <Opcode : 'add' 'sub'> <InPorts = 2> <OutPorts = 1>
ST_1 : Operation 84 [1/1] (0.00ns)   --->   "%br_ln58 = br i1 %icmp_ln58, void %VITIS_LOOP_60_5.split, void %VITIS_LOOP_60_5.1.preheader.exitStub" [ExtendedKalmanFilter.cpp:58]   --->   Operation 84 'br' 'br_ln58' <Predicate = true> <Delay = 0.00>
ST_1 : Operation 85 [1/1] (0.00ns)   --->   "%trunc_ln58 = trunc i3 %j_6" [ExtendedKalmanFilter.cpp:58]   --->   Operation 85 'trunc' 'trunc_ln58' <Predicate = (!icmp_ln58)> <Delay = 0.00>
ST_1 : Operation 86 [1/1] (0.86ns)   --->   "%tmp_1 = sparsemux i64 @_ssdm_op_SparseMux.ap_auto.4f64.f64.i2, i2 0, i64 %P_1_0_load_read, i2 1, i64 %P_1_1_load_read, i2 2, i64 %P_1_2_load_read, i2 3, i64 %P_1_3_load_read, i64 <undef>, i2 %trunc_ln58" [ExtendedKalmanFilter.cpp:61]   --->   Operation 86 'sparsemux' 'tmp_1' <Predicate = (!icmp_ln58)> <Delay = 0.86> <CoreInst = "SparseMux">   --->   Core 135 'SparseMux' <Latency = 0> <II = 1> <Delay = 0.86> <FuncUnit> <Opcode : 'sparsemux'> <InPorts = 2> <OutPorts = 1>
ST_1 : Operation 87 [1/1] (1.20ns)   --->   "%switch_ln61 = switch i2 %trunc_ln58, void %arrayidx2431.case.3, i2 0, void %VITIS_LOOP_60_5.split.arrayidx2431.exit_crit_edge23, i2 1, void %arrayidx2431.case.1, i2 2, void %VITIS_LOOP_60_5.split.arrayidx2431.exit_crit_edge" [ExtendedKalmanFilter.cpp:61]   --->   Operation 87 'switch' 'switch_ln61' <Predicate = (!icmp_ln58)> <Delay = 1.20>
ST_1 : Operation 88 [1/1] (0.83ns)   --->   "%store_ln58 = store i3 %add_ln58, i3 %j" [ExtendedKalmanFilter.cpp:58]   --->   Operation 88 'store' 'store_ln58' <Predicate = (!icmp_ln58)> <Delay = 0.83>
ST_1 : Operation 89 [1/1] (0.00ns)   --->   "%br_ln58 = br void %VITIS_LOOP_60_5" [ExtendedKalmanFilter.cpp:58]   --->   Operation 89 'br' 'br_ln58' <Predicate = (!icmp_ln58)> <Delay = 0.00>

State 2 <SV = 1> <Delay = 2.79>
ST_2 : Operation 90 [15/15] (2.79ns)   --->   "%mul_s = dmul i64 %tmp_1, i64 0" [ExtendedKalmanFilter.cpp:61]   --->   Operation 90 'dmul' 'mul_s' <Predicate = true> <Delay = 2.79> <CoreInst = "DMul_maxdsp">   --->   Core 49 'DMul_maxdsp' <Latency = 14> <II = 1> <Delay = 2.79> <FuncUnit> <Opcode : 'dmul'> <InPorts = 2> <OutPorts = 1>

State 3 <SV = 2> <Delay = 2.79>
ST_3 : Operation 91 [1/1] (0.86ns)   --->   "%tmp = sparsemux i64 @_ssdm_op_SparseMux.ap_auto.4f64.f64.i2, i2 0, i64 %P_0_0_load_read, i2 1, i64 %P_0_1_load_read, i2 2, i64 %P_0_2_load_read, i2 3, i64 %P_0_3_load_read, i64 <undef>, i2 %trunc_ln58" [ExtendedKalmanFilter.cpp:61]   --->   Operation 91 'sparsemux' 'tmp' <Predicate = true> <Delay = 0.86> <CoreInst = "SparseMux">   --->   Core 135 'SparseMux' <Latency = 0> <II = 1> <Delay = 0.86> <FuncUnit> <Opcode : 'sparsemux'> <InPorts = 2> <OutPorts = 1>
ST_3 : Operation 92 [14/15] (2.79ns)   --->   "%mul_s = dmul i64 %tmp_1, i64 0" [ExtendedKalmanFilter.cpp:61]   --->   Operation 92 'dmul' 'mul_s' <Predicate = true> <Delay = 2.79> <CoreInst = "DMul_maxdsp">   --->   Core 49 'DMul_maxdsp' <Latency = 14> <II = 1> <Delay = 2.79> <FuncUnit> <Opcode : 'dmul'> <InPorts = 2> <OutPorts = 1>

State 4 <SV = 3> <Delay = 2.79>
ST_4 : Operation 93 [13/13] (2.32ns)   --->   "%add = dadd i64 %tmp, i64 0" [ExtendedKalmanFilter.cpp:61]   --->   Operation 93 'dadd' 'add' <Predicate = true> <Delay = 2.32> <CoreInst = "DAddSub_fulldsp">   --->   Core 37 'DAddSub_fulldsp' <Latency = 12> <II = 1> <Delay = 2.32> <FuncUnit> <Opcode : 'dadd' 'dsub'> <InPorts = 2> <OutPorts = 1>
ST_4 : Operation 94 [13/15] (2.79ns)   --->   "%mul_s = dmul i64 %tmp_1, i64 0" [ExtendedKalmanFilter.cpp:61]   --->   Operation 94 'dmul' 'mul_s' <Predicate = true> <Delay = 2.79> <CoreInst = "DMul_maxdsp">   --->   Core 49 'DMul_maxdsp' <Latency = 14> <II = 1> <Delay = 2.79> <FuncUnit> <Opcode : 'dmul'> <InPorts = 2> <OutPorts = 1>

State 5 <SV = 4> <Delay = 2.79>
ST_5 : Operation 95 [12/13] (2.32ns)   --->   "%add = dadd i64 %tmp, i64 0" [ExtendedKalmanFilter.cpp:61]   --->   Operation 95 'dadd' 'add' <Predicate = true> <Delay = 2.32> <CoreInst = "DAddSub_fulldsp">   --->   Core 37 'DAddSub_fulldsp' <Latency = 12> <II = 1> <Delay = 2.32> <FuncUnit> <Opcode : 'dadd' 'dsub'> <InPorts = 2> <OutPorts = 1>
ST_5 : Operation 96 [12/15] (2.79ns)   --->   "%mul_s = dmul i64 %tmp_1, i64 0" [ExtendedKalmanFilter.cpp:61]   --->   Operation 96 'dmul' 'mul_s' <Predicate = true> <Delay = 2.79> <CoreInst = "DMul_maxdsp">   --->   Core 49 'DMul_maxdsp' <Latency = 14> <II = 1> <Delay = 2.79> <FuncUnit> <Opcode : 'dmul'> <InPorts = 2> <OutPorts = 1>

State 6 <SV = 5> <Delay = 2.79>
ST_6 : Operation 97 [11/13] (2.32ns)   --->   "%add = dadd i64 %tmp, i64 0" [ExtendedKalmanFilter.cpp:61]   --->   Operation 97 'dadd' 'add' <Predicate = true> <Delay = 2.32> <CoreInst = "DAddSub_fulldsp">   --->   Core 37 'DAddSub_fulldsp' <Latency = 12> <II = 1> <Delay = 2.32> <FuncUnit> <Opcode : 'dadd' 'dsub'> <InPorts = 2> <OutPorts = 1>
ST_6 : Operation 98 [11/15] (2.79ns)   --->   "%mul_s = dmul i64 %tmp_1, i64 0" [ExtendedKalmanFilter.cpp:61]   --->   Operation 98 'dmul' 'mul_s' <Predicate = true> <Delay = 2.79> <CoreInst = "DMul_maxdsp">   --->   Core 49 'DMul_maxdsp' <Latency = 14> <II = 1> <Delay = 2.79> <FuncUnit> <Opcode : 'dmul'> <InPorts = 2> <OutPorts = 1>

State 7 <SV = 6> <Delay = 2.79>
ST_7 : Operation 99 [10/13] (2.32ns)   --->   "%add = dadd i64 %tmp, i64 0" [ExtendedKalmanFilter.cpp:61]   --->   Operation 99 'dadd' 'add' <Predicate = true> <Delay = 2.32> <CoreInst = "DAddSub_fulldsp">   --->   Core 37 'DAddSub_fulldsp' <Latency = 12> <II = 1> <Delay = 2.32> <FuncUnit> <Opcode : 'dadd' 'dsub'> <InPorts = 2> <OutPorts = 1>
ST_7 : Operation 100 [10/15] (2.79ns)   --->   "%mul_s = dmul i64 %tmp_1, i64 0" [ExtendedKalmanFilter.cpp:61]   --->   Operation 100 'dmul' 'mul_s' <Predicate = true> <Delay = 2.79> <CoreInst = "DMul_maxdsp">   --->   Core 49 'DMul_maxdsp' <Latency = 14> <II = 1> <Delay = 2.79> <FuncUnit> <Opcode : 'dmul'> <InPorts = 2> <OutPorts = 1>

State 8 <SV = 7> <Delay = 2.79>
ST_8 : Operation 101 [9/13] (2.32ns)   --->   "%add = dadd i64 %tmp, i64 0" [ExtendedKalmanFilter.cpp:61]   --->   Operation 101 'dadd' 'add' <Predicate = true> <Delay = 2.32> <CoreInst = "DAddSub_fulldsp">   --->   Core 37 'DAddSub_fulldsp' <Latency = 12> <II = 1> <Delay = 2.32> <FuncUnit> <Opcode : 'dadd' 'dsub'> <InPorts = 2> <OutPorts = 1>
ST_8 : Operation 102 [9/15] (2.79ns)   --->   "%mul_s = dmul i64 %tmp_1, i64 0" [ExtendedKalmanFilter.cpp:61]   --->   Operation 102 'dmul' 'mul_s' <Predicate = true> <Delay = 2.79> <CoreInst = "DMul_maxdsp">   --->   Core 49 'DMul_maxdsp' <Latency = 14> <II = 1> <Delay = 2.79> <FuncUnit> <Opcode : 'dmul'> <InPorts = 2> <OutPorts = 1>

State 9 <SV = 8> <Delay = 2.79>
ST_9 : Operation 103 [8/13] (2.32ns)   --->   "%add = dadd i64 %tmp, i64 0" [ExtendedKalmanFilter.cpp:61]   --->   Operation 103 'dadd' 'add' <Predicate = true> <Delay = 2.32> <CoreInst = "DAddSub_fulldsp">   --->   Core 37 'DAddSub_fulldsp' <Latency = 12> <II = 1> <Delay = 2.32> <FuncUnit> <Opcode : 'dadd' 'dsub'> <InPorts = 2> <OutPorts = 1>
ST_9 : Operation 104 [8/15] (2.79ns)   --->   "%mul_s = dmul i64 %tmp_1, i64 0" [ExtendedKalmanFilter.cpp:61]   --->   Operation 104 'dmul' 'mul_s' <Predicate = true> <Delay = 2.79> <CoreInst = "DMul_maxdsp">   --->   Core 49 'DMul_maxdsp' <Latency = 14> <II = 1> <Delay = 2.79> <FuncUnit> <Opcode : 'dmul'> <InPorts = 2> <OutPorts = 1>

State 10 <SV = 9> <Delay = 2.79>
ST_10 : Operation 105 [7/13] (2.32ns)   --->   "%add = dadd i64 %tmp, i64 0" [ExtendedKalmanFilter.cpp:61]   --->   Operation 105 'dadd' 'add' <Predicate = true> <Delay = 2.32> <CoreInst = "DAddSub_fulldsp">   --->   Core 37 'DAddSub_fulldsp' <Latency = 12> <II = 1> <Delay = 2.32> <FuncUnit> <Opcode : 'dadd' 'dsub'> <InPorts = 2> <OutPorts = 1>
ST_10 : Operation 106 [7/15] (2.79ns)   --->   "%mul_s = dmul i64 %tmp_1, i64 0" [ExtendedKalmanFilter.cpp:61]   --->   Operation 106 'dmul' 'mul_s' <Predicate = true> <Delay = 2.79> <CoreInst = "DMul_maxdsp">   --->   Core 49 'DMul_maxdsp' <Latency = 14> <II = 1> <Delay = 2.79> <FuncUnit> <Opcode : 'dmul'> <InPorts = 2> <OutPorts = 1>

State 11 <SV = 10> <Delay = 2.79>
ST_11 : Operation 107 [6/13] (2.32ns)   --->   "%add = dadd i64 %tmp, i64 0" [ExtendedKalmanFilter.cpp:61]   --->   Operation 107 'dadd' 'add' <Predicate = true> <Delay = 2.32> <CoreInst = "DAddSub_fulldsp">   --->   Core 37 'DAddSub_fulldsp' <Latency = 12> <II = 1> <Delay = 2.32> <FuncUnit> <Opcode : 'dadd' 'dsub'> <InPorts = 2> <OutPorts = 1>
ST_11 : Operation 108 [6/15] (2.79ns)   --->   "%mul_s = dmul i64 %tmp_1, i64 0" [ExtendedKalmanFilter.cpp:61]   --->   Operation 108 'dmul' 'mul_s' <Predicate = true> <Delay = 2.79> <CoreInst = "DMul_maxdsp">   --->   Core 49 'DMul_maxdsp' <Latency = 14> <II = 1> <Delay = 2.79> <FuncUnit> <Opcode : 'dmul'> <InPorts = 2> <OutPorts = 1>

State 12 <SV = 11> <Delay = 2.79>
ST_12 : Operation 109 [5/13] (2.32ns)   --->   "%add = dadd i64 %tmp, i64 0" [ExtendedKalmanFilter.cpp:61]   --->   Operation 109 'dadd' 'add' <Predicate = true> <Delay = 2.32> <CoreInst = "DAddSub_fulldsp">   --->   Core 37 'DAddSub_fulldsp' <Latency = 12> <II = 1> <Delay = 2.32> <FuncUnit> <Opcode : 'dadd' 'dsub'> <InPorts = 2> <OutPorts = 1>
ST_12 : Operation 110 [5/15] (2.79ns)   --->   "%mul_s = dmul i64 %tmp_1, i64 0" [ExtendedKalmanFilter.cpp:61]   --->   Operation 110 'dmul' 'mul_s' <Predicate = true> <Delay = 2.79> <CoreInst = "DMul_maxdsp">   --->   Core 49 'DMul_maxdsp' <Latency = 14> <II = 1> <Delay = 2.79> <FuncUnit> <Opcode : 'dmul'> <InPorts = 2> <OutPorts = 1>

State 13 <SV = 12> <Delay = 2.79>
ST_13 : Operation 111 [4/13] (2.32ns)   --->   "%add = dadd i64 %tmp, i64 0" [ExtendedKalmanFilter.cpp:61]   --->   Operation 111 'dadd' 'add' <Predicate = true> <Delay = 2.32> <CoreInst = "DAddSub_fulldsp">   --->   Core 37 'DAddSub_fulldsp' <Latency = 12> <II = 1> <Delay = 2.32> <FuncUnit> <Opcode : 'dadd' 'dsub'> <InPorts = 2> <OutPorts = 1>
ST_13 : Operation 112 [4/15] (2.79ns)   --->   "%mul_s = dmul i64 %tmp_1, i64 0" [ExtendedKalmanFilter.cpp:61]   --->   Operation 112 'dmul' 'mul_s' <Predicate = true> <Delay = 2.79> <CoreInst = "DMul_maxdsp">   --->   Core 49 'DMul_maxdsp' <Latency = 14> <II = 1> <Delay = 2.79> <FuncUnit> <Opcode : 'dmul'> <InPorts = 2> <OutPorts = 1>

State 14 <SV = 13> <Delay = 2.79>
ST_14 : Operation 113 [3/13] (2.32ns)   --->   "%add = dadd i64 %tmp, i64 0" [ExtendedKalmanFilter.cpp:61]   --->   Operation 113 'dadd' 'add' <Predicate = true> <Delay = 2.32> <CoreInst = "DAddSub_fulldsp">   --->   Core 37 'DAddSub_fulldsp' <Latency = 12> <II = 1> <Delay = 2.32> <FuncUnit> <Opcode : 'dadd' 'dsub'> <InPorts = 2> <OutPorts = 1>
ST_14 : Operation 114 [3/15] (2.79ns)   --->   "%mul_s = dmul i64 %tmp_1, i64 0" [ExtendedKalmanFilter.cpp:61]   --->   Operation 114 'dmul' 'mul_s' <Predicate = true> <Delay = 2.79> <CoreInst = "DMul_maxdsp">   --->   Core 49 'DMul_maxdsp' <Latency = 14> <II = 1> <Delay = 2.79> <FuncUnit> <Opcode : 'dmul'> <InPorts = 2> <OutPorts = 1>
ST_14 : Operation 115 [1/1] (0.86ns)   --->   "%tmp_2 = sparsemux i64 @_ssdm_op_SparseMux.ap_auto.4f64.f64.i2, i2 0, i64 %P_2_0_load_read, i2 1, i64 %P_2_1_load_read, i2 2, i64 %P_2_2_load_read, i2 3, i64 %P_2_3_load_read, i64 <undef>, i2 %trunc_ln58" [ExtendedKalmanFilter.cpp:61]   --->   Operation 115 'sparsemux' 'tmp_2' <Predicate = true> <Delay = 0.86> <CoreInst = "SparseMux">   --->   Core 135 'SparseMux' <Latency = 0> <II = 1> <Delay = 0.86> <FuncUnit> <Opcode : 'sparsemux'> <InPorts = 2> <OutPorts = 1>

State 15 <SV = 14> <Delay = 2.79>
ST_15 : Operation 116 [2/13] (2.32ns)   --->   "%add = dadd i64 %tmp, i64 0" [ExtendedKalmanFilter.cpp:61]   --->   Operation 116 'dadd' 'add' <Predicate = true> <Delay = 2.32> <CoreInst = "DAddSub_fulldsp">   --->   Core 37 'DAddSub_fulldsp' <Latency = 12> <II = 1> <Delay = 2.32> <FuncUnit> <Opcode : 'dadd' 'dsub'> <InPorts = 2> <OutPorts = 1>
ST_15 : Operation 117 [2/15] (2.79ns)   --->   "%mul_s = dmul i64 %tmp_1, i64 0" [ExtendedKalmanFilter.cpp:61]   --->   Operation 117 'dmul' 'mul_s' <Predicate = true> <Delay = 2.79> <CoreInst = "DMul_maxdsp">   --->   Core 49 'DMul_maxdsp' <Latency = 14> <II = 1> <Delay = 2.79> <FuncUnit> <Opcode : 'dmul'> <InPorts = 2> <OutPorts = 1>
ST_15 : Operation 118 [15/15] (2.79ns)   --->   "%mul_4 = dmul i64 %tmp_2, i64 0" [ExtendedKalmanFilter.cpp:61]   --->   Operation 118 'dmul' 'mul_4' <Predicate = true> <Delay = 2.79> <CoreInst = "DMul_maxdsp">   --->   Core 49 'DMul_maxdsp' <Latency = 14> <II = 1> <Delay = 2.79> <FuncUnit> <Opcode : 'dmul'> <InPorts = 2> <OutPorts = 1>

State 16 <SV = 15> <Delay = 2.79>
ST_16 : Operation 119 [1/13] (2.32ns)   --->   "%add = dadd i64 %tmp, i64 0" [ExtendedKalmanFilter.cpp:61]   --->   Operation 119 'dadd' 'add' <Predicate = true> <Delay = 2.32> <CoreInst = "DAddSub_fulldsp">   --->   Core 37 'DAddSub_fulldsp' <Latency = 12> <II = 1> <Delay = 2.32> <FuncUnit> <Opcode : 'dadd' 'dsub'> <InPorts = 2> <OutPorts = 1>
ST_16 : Operation 120 [1/15] (2.79ns)   --->   "%mul_s = dmul i64 %tmp_1, i64 0" [ExtendedKalmanFilter.cpp:61]   --->   Operation 120 'dmul' 'mul_s' <Predicate = true> <Delay = 2.79> <CoreInst = "DMul_maxdsp">   --->   Core 49 'DMul_maxdsp' <Latency = 14> <II = 1> <Delay = 2.79> <FuncUnit> <Opcode : 'dmul'> <InPorts = 2> <OutPorts = 1>
ST_16 : Operation 121 [14/15] (2.79ns)   --->   "%mul_4 = dmul i64 %tmp_2, i64 0" [ExtendedKalmanFilter.cpp:61]   --->   Operation 121 'dmul' 'mul_4' <Predicate = true> <Delay = 2.79> <CoreInst = "DMul_maxdsp">   --->   Core 49 'DMul_maxdsp' <Latency = 14> <II = 1> <Delay = 2.79> <FuncUnit> <Opcode : 'dmul'> <InPorts = 2> <OutPorts = 1>

State 17 <SV = 16> <Delay = 2.79>
ST_17 : Operation 122 [13/13] (2.32ns)   --->   "%add_s = dadd i64 %add, i64 %mul_s" [ExtendedKalmanFilter.cpp:61]   --->   Operation 122 'dadd' 'add_s' <Predicate = true> <Delay = 2.32> <CoreInst = "DAddSub_fulldsp">   --->   Core 37 'DAddSub_fulldsp' <Latency = 12> <II = 1> <Delay = 2.32> <FuncUnit> <Opcode : 'dadd' 'dsub'> <InPorts = 2> <OutPorts = 1>
ST_17 : Operation 123 [13/15] (2.79ns)   --->   "%mul_4 = dmul i64 %tmp_2, i64 0" [ExtendedKalmanFilter.cpp:61]   --->   Operation 123 'dmul' 'mul_4' <Predicate = true> <Delay = 2.79> <CoreInst = "DMul_maxdsp">   --->   Core 49 'DMul_maxdsp' <Latency = 14> <II = 1> <Delay = 2.79> <FuncUnit> <Opcode : 'dmul'> <InPorts = 2> <OutPorts = 1>

State 18 <SV = 17> <Delay = 2.79>
ST_18 : Operation 124 [12/13] (2.32ns)   --->   "%add_s = dadd i64 %add, i64 %mul_s" [ExtendedKalmanFilter.cpp:61]   --->   Operation 124 'dadd' 'add_s' <Predicate = true> <Delay = 2.32> <CoreInst = "DAddSub_fulldsp">   --->   Core 37 'DAddSub_fulldsp' <Latency = 12> <II = 1> <Delay = 2.32> <FuncUnit> <Opcode : 'dadd' 'dsub'> <InPorts = 2> <OutPorts = 1>
ST_18 : Operation 125 [12/15] (2.79ns)   --->   "%mul_4 = dmul i64 %tmp_2, i64 0" [ExtendedKalmanFilter.cpp:61]   --->   Operation 125 'dmul' 'mul_4' <Predicate = true> <Delay = 2.79> <CoreInst = "DMul_maxdsp">   --->   Core 49 'DMul_maxdsp' <Latency = 14> <II = 1> <Delay = 2.79> <FuncUnit> <Opcode : 'dmul'> <InPorts = 2> <OutPorts = 1>

State 19 <SV = 18> <Delay = 2.79>
ST_19 : Operation 126 [11/13] (2.32ns)   --->   "%add_s = dadd i64 %add, i64 %mul_s" [ExtendedKalmanFilter.cpp:61]   --->   Operation 126 'dadd' 'add_s' <Predicate = true> <Delay = 2.32> <CoreInst = "DAddSub_fulldsp">   --->   Core 37 'DAddSub_fulldsp' <Latency = 12> <II = 1> <Delay = 2.32> <FuncUnit> <Opcode : 'dadd' 'dsub'> <InPorts = 2> <OutPorts = 1>
ST_19 : Operation 127 [11/15] (2.79ns)   --->   "%mul_4 = dmul i64 %tmp_2, i64 0" [ExtendedKalmanFilter.cpp:61]   --->   Operation 127 'dmul' 'mul_4' <Predicate = true> <Delay = 2.79> <CoreInst = "DMul_maxdsp">   --->   Core 49 'DMul_maxdsp' <Latency = 14> <II = 1> <Delay = 2.79> <FuncUnit> <Opcode : 'dmul'> <InPorts = 2> <OutPorts = 1>

State 20 <SV = 19> <Delay = 2.79>
ST_20 : Operation 128 [10/13] (2.32ns)   --->   "%add_s = dadd i64 %add, i64 %mul_s" [ExtendedKalmanFilter.cpp:61]   --->   Operation 128 'dadd' 'add_s' <Predicate = true> <Delay = 2.32> <CoreInst = "DAddSub_fulldsp">   --->   Core 37 'DAddSub_fulldsp' <Latency = 12> <II = 1> <Delay = 2.32> <FuncUnit> <Opcode : 'dadd' 'dsub'> <InPorts = 2> <OutPorts = 1>
ST_20 : Operation 129 [10/15] (2.79ns)   --->   "%mul_4 = dmul i64 %tmp_2, i64 0" [ExtendedKalmanFilter.cpp:61]   --->   Operation 129 'dmul' 'mul_4' <Predicate = true> <Delay = 2.79> <CoreInst = "DMul_maxdsp">   --->   Core 49 'DMul_maxdsp' <Latency = 14> <II = 1> <Delay = 2.79> <FuncUnit> <Opcode : 'dmul'> <InPorts = 2> <OutPorts = 1>

State 21 <SV = 20> <Delay = 2.79>
ST_21 : Operation 130 [9/13] (2.32ns)   --->   "%add_s = dadd i64 %add, i64 %mul_s" [ExtendedKalmanFilter.cpp:61]   --->   Operation 130 'dadd' 'add_s' <Predicate = true> <Delay = 2.32> <CoreInst = "DAddSub_fulldsp">   --->   Core 37 'DAddSub_fulldsp' <Latency = 12> <II = 1> <Delay = 2.32> <FuncUnit> <Opcode : 'dadd' 'dsub'> <InPorts = 2> <OutPorts = 1>
ST_21 : Operation 131 [9/15] (2.79ns)   --->   "%mul_4 = dmul i64 %tmp_2, i64 0" [ExtendedKalmanFilter.cpp:61]   --->   Operation 131 'dmul' 'mul_4' <Predicate = true> <Delay = 2.79> <CoreInst = "DMul_maxdsp">   --->   Core 49 'DMul_maxdsp' <Latency = 14> <II = 1> <Delay = 2.79> <FuncUnit> <Opcode : 'dmul'> <InPorts = 2> <OutPorts = 1>

State 22 <SV = 21> <Delay = 2.79>
ST_22 : Operation 132 [8/13] (2.32ns)   --->   "%add_s = dadd i64 %add, i64 %mul_s" [ExtendedKalmanFilter.cpp:61]   --->   Operation 132 'dadd' 'add_s' <Predicate = true> <Delay = 2.32> <CoreInst = "DAddSub_fulldsp">   --->   Core 37 'DAddSub_fulldsp' <Latency = 12> <II = 1> <Delay = 2.32> <FuncUnit> <Opcode : 'dadd' 'dsub'> <InPorts = 2> <OutPorts = 1>
ST_22 : Operation 133 [8/15] (2.79ns)   --->   "%mul_4 = dmul i64 %tmp_2, i64 0" [ExtendedKalmanFilter.cpp:61]   --->   Operation 133 'dmul' 'mul_4' <Predicate = true> <Delay = 2.79> <CoreInst = "DMul_maxdsp">   --->   Core 49 'DMul_maxdsp' <Latency = 14> <II = 1> <Delay = 2.79> <FuncUnit> <Opcode : 'dmul'> <InPorts = 2> <OutPorts = 1>

State 23 <SV = 22> <Delay = 2.79>
ST_23 : Operation 134 [7/13] (2.32ns)   --->   "%add_s = dadd i64 %add, i64 %mul_s" [ExtendedKalmanFilter.cpp:61]   --->   Operation 134 'dadd' 'add_s' <Predicate = true> <Delay = 2.32> <CoreInst = "DAddSub_fulldsp">   --->   Core 37 'DAddSub_fulldsp' <Latency = 12> <II = 1> <Delay = 2.32> <FuncUnit> <Opcode : 'dadd' 'dsub'> <InPorts = 2> <OutPorts = 1>
ST_23 : Operation 135 [7/15] (2.79ns)   --->   "%mul_4 = dmul i64 %tmp_2, i64 0" [ExtendedKalmanFilter.cpp:61]   --->   Operation 135 'dmul' 'mul_4' <Predicate = true> <Delay = 2.79> <CoreInst = "DMul_maxdsp">   --->   Core 49 'DMul_maxdsp' <Latency = 14> <II = 1> <Delay = 2.79> <FuncUnit> <Opcode : 'dmul'> <InPorts = 2> <OutPorts = 1>

State 24 <SV = 23> <Delay = 2.79>
ST_24 : Operation 136 [6/13] (2.32ns)   --->   "%add_s = dadd i64 %add, i64 %mul_s" [ExtendedKalmanFilter.cpp:61]   --->   Operation 136 'dadd' 'add_s' <Predicate = true> <Delay = 2.32> <CoreInst = "DAddSub_fulldsp">   --->   Core 37 'DAddSub_fulldsp' <Latency = 12> <II = 1> <Delay = 2.32> <FuncUnit> <Opcode : 'dadd' 'dsub'> <InPorts = 2> <OutPorts = 1>
ST_24 : Operation 137 [6/15] (2.79ns)   --->   "%mul_4 = dmul i64 %tmp_2, i64 0" [ExtendedKalmanFilter.cpp:61]   --->   Operation 137 'dmul' 'mul_4' <Predicate = true> <Delay = 2.79> <CoreInst = "DMul_maxdsp">   --->   Core 49 'DMul_maxdsp' <Latency = 14> <II = 1> <Delay = 2.79> <FuncUnit> <Opcode : 'dmul'> <InPorts = 2> <OutPorts = 1>

State 25 <SV = 24> <Delay = 2.79>
ST_25 : Operation 138 [5/13] (2.32ns)   --->   "%add_s = dadd i64 %add, i64 %mul_s" [ExtendedKalmanFilter.cpp:61]   --->   Operation 138 'dadd' 'add_s' <Predicate = true> <Delay = 2.32> <CoreInst = "DAddSub_fulldsp">   --->   Core 37 'DAddSub_fulldsp' <Latency = 12> <II = 1> <Delay = 2.32> <FuncUnit> <Opcode : 'dadd' 'dsub'> <InPorts = 2> <OutPorts = 1>
ST_25 : Operation 139 [5/15] (2.79ns)   --->   "%mul_4 = dmul i64 %tmp_2, i64 0" [ExtendedKalmanFilter.cpp:61]   --->   Operation 139 'dmul' 'mul_4' <Predicate = true> <Delay = 2.79> <CoreInst = "DMul_maxdsp">   --->   Core 49 'DMul_maxdsp' <Latency = 14> <II = 1> <Delay = 2.79> <FuncUnit> <Opcode : 'dmul'> <InPorts = 2> <OutPorts = 1>

State 26 <SV = 25> <Delay = 2.79>
ST_26 : Operation 140 [4/13] (2.32ns)   --->   "%add_s = dadd i64 %add, i64 %mul_s" [ExtendedKalmanFilter.cpp:61]   --->   Operation 140 'dadd' 'add_s' <Predicate = true> <Delay = 2.32> <CoreInst = "DAddSub_fulldsp">   --->   Core 37 'DAddSub_fulldsp' <Latency = 12> <II = 1> <Delay = 2.32> <FuncUnit> <Opcode : 'dadd' 'dsub'> <InPorts = 2> <OutPorts = 1>
ST_26 : Operation 141 [4/15] (2.79ns)   --->   "%mul_4 = dmul i64 %tmp_2, i64 0" [ExtendedKalmanFilter.cpp:61]   --->   Operation 141 'dmul' 'mul_4' <Predicate = true> <Delay = 2.79> <CoreInst = "DMul_maxdsp">   --->   Core 49 'DMul_maxdsp' <Latency = 14> <II = 1> <Delay = 2.79> <FuncUnit> <Opcode : 'dmul'> <InPorts = 2> <OutPorts = 1>

State 27 <SV = 26> <Delay = 2.79>
ST_27 : Operation 142 [3/13] (2.32ns)   --->   "%add_s = dadd i64 %add, i64 %mul_s" [ExtendedKalmanFilter.cpp:61]   --->   Operation 142 'dadd' 'add_s' <Predicate = true> <Delay = 2.32> <CoreInst = "DAddSub_fulldsp">   --->   Core 37 'DAddSub_fulldsp' <Latency = 12> <II = 1> <Delay = 2.32> <FuncUnit> <Opcode : 'dadd' 'dsub'> <InPorts = 2> <OutPorts = 1>
ST_27 : Operation 143 [3/15] (2.79ns)   --->   "%mul_4 = dmul i64 %tmp_2, i64 0" [ExtendedKalmanFilter.cpp:61]   --->   Operation 143 'dmul' 'mul_4' <Predicate = true> <Delay = 2.79> <CoreInst = "DMul_maxdsp">   --->   Core 49 'DMul_maxdsp' <Latency = 14> <II = 1> <Delay = 2.79> <FuncUnit> <Opcode : 'dmul'> <InPorts = 2> <OutPorts = 1>
ST_27 : Operation 144 [1/1] (0.86ns)   --->   "%tmp_3 = sparsemux i64 @_ssdm_op_SparseMux.ap_auto.4f64.f64.i2, i2 0, i64 %P_3_0_load_read, i2 1, i64 %P_3_1_load_read, i2 2, i64 %P_3_2_load_read, i2 3, i64 %P_3_3_load_read, i64 <undef>, i2 %trunc_ln58" [ExtendedKalmanFilter.cpp:61]   --->   Operation 144 'sparsemux' 'tmp_3' <Predicate = true> <Delay = 0.86> <CoreInst = "SparseMux">   --->   Core 135 'SparseMux' <Latency = 0> <II = 1> <Delay = 0.86> <FuncUnit> <Opcode : 'sparsemux'> <InPorts = 2> <OutPorts = 1>

State 28 <SV = 27> <Delay = 2.79>
ST_28 : Operation 145 [2/13] (2.32ns)   --->   "%add_s = dadd i64 %add, i64 %mul_s" [ExtendedKalmanFilter.cpp:61]   --->   Operation 145 'dadd' 'add_s' <Predicate = true> <Delay = 2.32> <CoreInst = "DAddSub_fulldsp">   --->   Core 37 'DAddSub_fulldsp' <Latency = 12> <II = 1> <Delay = 2.32> <FuncUnit> <Opcode : 'dadd' 'dsub'> <InPorts = 2> <OutPorts = 1>
ST_28 : Operation 146 [2/15] (2.79ns)   --->   "%mul_4 = dmul i64 %tmp_2, i64 0" [ExtendedKalmanFilter.cpp:61]   --->   Operation 146 'dmul' 'mul_4' <Predicate = true> <Delay = 2.79> <CoreInst = "DMul_maxdsp">   --->   Core 49 'DMul_maxdsp' <Latency = 14> <II = 1> <Delay = 2.79> <FuncUnit> <Opcode : 'dmul'> <InPorts = 2> <OutPorts = 1>
ST_28 : Operation 147 [15/15] (2.79ns)   --->   "%mul_5 = dmul i64 %tmp_3, i64 0" [ExtendedKalmanFilter.cpp:61]   --->   Operation 147 'dmul' 'mul_5' <Predicate = true> <Delay = 2.79> <CoreInst = "DMul_maxdsp">   --->   Core 49 'DMul_maxdsp' <Latency = 14> <II = 1> <Delay = 2.79> <FuncUnit> <Opcode : 'dmul'> <InPorts = 2> <OutPorts = 1>

State 29 <SV = 28> <Delay = 2.79>
ST_29 : Operation 148 [1/13] (2.32ns)   --->   "%add_s = dadd i64 %add, i64 %mul_s" [ExtendedKalmanFilter.cpp:61]   --->   Operation 148 'dadd' 'add_s' <Predicate = true> <Delay = 2.32> <CoreInst = "DAddSub_fulldsp">   --->   Core 37 'DAddSub_fulldsp' <Latency = 12> <II = 1> <Delay = 2.32> <FuncUnit> <Opcode : 'dadd' 'dsub'> <InPorts = 2> <OutPorts = 1>
ST_29 : Operation 149 [1/15] (2.79ns)   --->   "%mul_4 = dmul i64 %tmp_2, i64 0" [ExtendedKalmanFilter.cpp:61]   --->   Operation 149 'dmul' 'mul_4' <Predicate = true> <Delay = 2.79> <CoreInst = "DMul_maxdsp">   --->   Core 49 'DMul_maxdsp' <Latency = 14> <II = 1> <Delay = 2.79> <FuncUnit> <Opcode : 'dmul'> <InPorts = 2> <OutPorts = 1>
ST_29 : Operation 150 [14/15] (2.79ns)   --->   "%mul_5 = dmul i64 %tmp_3, i64 0" [ExtendedKalmanFilter.cpp:61]   --->   Operation 150 'dmul' 'mul_5' <Predicate = true> <Delay = 2.79> <CoreInst = "DMul_maxdsp">   --->   Core 49 'DMul_maxdsp' <Latency = 14> <II = 1> <Delay = 2.79> <FuncUnit> <Opcode : 'dmul'> <InPorts = 2> <OutPorts = 1>

State 30 <SV = 29> <Delay = 2.79>
ST_30 : Operation 151 [13/13] (2.32ns)   --->   "%add_4 = dadd i64 %add_s, i64 %mul_4" [ExtendedKalmanFilter.cpp:61]   --->   Operation 151 'dadd' 'add_4' <Predicate = true> <Delay = 2.32> <CoreInst = "DAddSub_fulldsp">   --->   Core 37 'DAddSub_fulldsp' <Latency = 12> <II = 1> <Delay = 2.32> <FuncUnit> <Opcode : 'dadd' 'dsub'> <InPorts = 2> <OutPorts = 1>
ST_30 : Operation 152 [13/15] (2.79ns)   --->   "%mul_5 = dmul i64 %tmp_3, i64 0" [ExtendedKalmanFilter.cpp:61]   --->   Operation 152 'dmul' 'mul_5' <Predicate = true> <Delay = 2.79> <CoreInst = "DMul_maxdsp">   --->   Core 49 'DMul_maxdsp' <Latency = 14> <II = 1> <Delay = 2.79> <FuncUnit> <Opcode : 'dmul'> <InPorts = 2> <OutPorts = 1>

State 31 <SV = 30> <Delay = 2.79>
ST_31 : Operation 153 [12/13] (2.32ns)   --->   "%add_4 = dadd i64 %add_s, i64 %mul_4" [ExtendedKalmanFilter.cpp:61]   --->   Operation 153 'dadd' 'add_4' <Predicate = true> <Delay = 2.32> <CoreInst = "DAddSub_fulldsp">   --->   Core 37 'DAddSub_fulldsp' <Latency = 12> <II = 1> <Delay = 2.32> <FuncUnit> <Opcode : 'dadd' 'dsub'> <InPorts = 2> <OutPorts = 1>
ST_31 : Operation 154 [12/15] (2.79ns)   --->   "%mul_5 = dmul i64 %tmp_3, i64 0" [ExtendedKalmanFilter.cpp:61]   --->   Operation 154 'dmul' 'mul_5' <Predicate = true> <Delay = 2.79> <CoreInst = "DMul_maxdsp">   --->   Core 49 'DMul_maxdsp' <Latency = 14> <II = 1> <Delay = 2.79> <FuncUnit> <Opcode : 'dmul'> <InPorts = 2> <OutPorts = 1>

State 32 <SV = 31> <Delay = 2.79>
ST_32 : Operation 155 [11/13] (2.32ns)   --->   "%add_4 = dadd i64 %add_s, i64 %mul_4" [ExtendedKalmanFilter.cpp:61]   --->   Operation 155 'dadd' 'add_4' <Predicate = true> <Delay = 2.32> <CoreInst = "DAddSub_fulldsp">   --->   Core 37 'DAddSub_fulldsp' <Latency = 12> <II = 1> <Delay = 2.32> <FuncUnit> <Opcode : 'dadd' 'dsub'> <InPorts = 2> <OutPorts = 1>
ST_32 : Operation 156 [11/15] (2.79ns)   --->   "%mul_5 = dmul i64 %tmp_3, i64 0" [ExtendedKalmanFilter.cpp:61]   --->   Operation 156 'dmul' 'mul_5' <Predicate = true> <Delay = 2.79> <CoreInst = "DMul_maxdsp">   --->   Core 49 'DMul_maxdsp' <Latency = 14> <II = 1> <Delay = 2.79> <FuncUnit> <Opcode : 'dmul'> <InPorts = 2> <OutPorts = 1>

State 33 <SV = 32> <Delay = 2.79>
ST_33 : Operation 157 [10/13] (2.32ns)   --->   "%add_4 = dadd i64 %add_s, i64 %mul_4" [ExtendedKalmanFilter.cpp:61]   --->   Operation 157 'dadd' 'add_4' <Predicate = true> <Delay = 2.32> <CoreInst = "DAddSub_fulldsp">   --->   Core 37 'DAddSub_fulldsp' <Latency = 12> <II = 1> <Delay = 2.32> <FuncUnit> <Opcode : 'dadd' 'dsub'> <InPorts = 2> <OutPorts = 1>
ST_33 : Operation 158 [10/15] (2.79ns)   --->   "%mul_5 = dmul i64 %tmp_3, i64 0" [ExtendedKalmanFilter.cpp:61]   --->   Operation 158 'dmul' 'mul_5' <Predicate = true> <Delay = 2.79> <CoreInst = "DMul_maxdsp">   --->   Core 49 'DMul_maxdsp' <Latency = 14> <II = 1> <Delay = 2.79> <FuncUnit> <Opcode : 'dmul'> <InPorts = 2> <OutPorts = 1>

State 34 <SV = 33> <Delay = 2.79>
ST_34 : Operation 159 [9/13] (2.32ns)   --->   "%add_4 = dadd i64 %add_s, i64 %mul_4" [ExtendedKalmanFilter.cpp:61]   --->   Operation 159 'dadd' 'add_4' <Predicate = true> <Delay = 2.32> <CoreInst = "DAddSub_fulldsp">   --->   Core 37 'DAddSub_fulldsp' <Latency = 12> <II = 1> <Delay = 2.32> <FuncUnit> <Opcode : 'dadd' 'dsub'> <InPorts = 2> <OutPorts = 1>
ST_34 : Operation 160 [9/15] (2.79ns)   --->   "%mul_5 = dmul i64 %tmp_3, i64 0" [ExtendedKalmanFilter.cpp:61]   --->   Operation 160 'dmul' 'mul_5' <Predicate = true> <Delay = 2.79> <CoreInst = "DMul_maxdsp">   --->   Core 49 'DMul_maxdsp' <Latency = 14> <II = 1> <Delay = 2.79> <FuncUnit> <Opcode : 'dmul'> <InPorts = 2> <OutPorts = 1>

State 35 <SV = 34> <Delay = 2.79>
ST_35 : Operation 161 [8/13] (2.32ns)   --->   "%add_4 = dadd i64 %add_s, i64 %mul_4" [ExtendedKalmanFilter.cpp:61]   --->   Operation 161 'dadd' 'add_4' <Predicate = true> <Delay = 2.32> <CoreInst = "DAddSub_fulldsp">   --->   Core 37 'DAddSub_fulldsp' <Latency = 12> <II = 1> <Delay = 2.32> <FuncUnit> <Opcode : 'dadd' 'dsub'> <InPorts = 2> <OutPorts = 1>
ST_35 : Operation 162 [8/15] (2.79ns)   --->   "%mul_5 = dmul i64 %tmp_3, i64 0" [ExtendedKalmanFilter.cpp:61]   --->   Operation 162 'dmul' 'mul_5' <Predicate = true> <Delay = 2.79> <CoreInst = "DMul_maxdsp">   --->   Core 49 'DMul_maxdsp' <Latency = 14> <II = 1> <Delay = 2.79> <FuncUnit> <Opcode : 'dmul'> <InPorts = 2> <OutPorts = 1>

State 36 <SV = 35> <Delay = 2.79>
ST_36 : Operation 163 [7/13] (2.32ns)   --->   "%add_4 = dadd i64 %add_s, i64 %mul_4" [ExtendedKalmanFilter.cpp:61]   --->   Operation 163 'dadd' 'add_4' <Predicate = true> <Delay = 2.32> <CoreInst = "DAddSub_fulldsp">   --->   Core 37 'DAddSub_fulldsp' <Latency = 12> <II = 1> <Delay = 2.32> <FuncUnit> <Opcode : 'dadd' 'dsub'> <InPorts = 2> <OutPorts = 1>
ST_36 : Operation 164 [7/15] (2.79ns)   --->   "%mul_5 = dmul i64 %tmp_3, i64 0" [ExtendedKalmanFilter.cpp:61]   --->   Operation 164 'dmul' 'mul_5' <Predicate = true> <Delay = 2.79> <CoreInst = "DMul_maxdsp">   --->   Core 49 'DMul_maxdsp' <Latency = 14> <II = 1> <Delay = 2.79> <FuncUnit> <Opcode : 'dmul'> <InPorts = 2> <OutPorts = 1>

State 37 <SV = 36> <Delay = 2.79>
ST_37 : Operation 165 [6/13] (2.32ns)   --->   "%add_4 = dadd i64 %add_s, i64 %mul_4" [ExtendedKalmanFilter.cpp:61]   --->   Operation 165 'dadd' 'add_4' <Predicate = true> <Delay = 2.32> <CoreInst = "DAddSub_fulldsp">   --->   Core 37 'DAddSub_fulldsp' <Latency = 12> <II = 1> <Delay = 2.32> <FuncUnit> <Opcode : 'dadd' 'dsub'> <InPorts = 2> <OutPorts = 1>
ST_37 : Operation 166 [6/15] (2.79ns)   --->   "%mul_5 = dmul i64 %tmp_3, i64 0" [ExtendedKalmanFilter.cpp:61]   --->   Operation 166 'dmul' 'mul_5' <Predicate = true> <Delay = 2.79> <CoreInst = "DMul_maxdsp">   --->   Core 49 'DMul_maxdsp' <Latency = 14> <II = 1> <Delay = 2.79> <FuncUnit> <Opcode : 'dmul'> <InPorts = 2> <OutPorts = 1>

State 38 <SV = 37> <Delay = 2.79>
ST_38 : Operation 167 [5/13] (2.32ns)   --->   "%add_4 = dadd i64 %add_s, i64 %mul_4" [ExtendedKalmanFilter.cpp:61]   --->   Operation 167 'dadd' 'add_4' <Predicate = true> <Delay = 2.32> <CoreInst = "DAddSub_fulldsp">   --->   Core 37 'DAddSub_fulldsp' <Latency = 12> <II = 1> <Delay = 2.32> <FuncUnit> <Opcode : 'dadd' 'dsub'> <InPorts = 2> <OutPorts = 1>
ST_38 : Operation 168 [5/15] (2.79ns)   --->   "%mul_5 = dmul i64 %tmp_3, i64 0" [ExtendedKalmanFilter.cpp:61]   --->   Operation 168 'dmul' 'mul_5' <Predicate = true> <Delay = 2.79> <CoreInst = "DMul_maxdsp">   --->   Core 49 'DMul_maxdsp' <Latency = 14> <II = 1> <Delay = 2.79> <FuncUnit> <Opcode : 'dmul'> <InPorts = 2> <OutPorts = 1>

State 39 <SV = 38> <Delay = 2.79>
ST_39 : Operation 169 [4/13] (2.32ns)   --->   "%add_4 = dadd i64 %add_s, i64 %mul_4" [ExtendedKalmanFilter.cpp:61]   --->   Operation 169 'dadd' 'add_4' <Predicate = true> <Delay = 2.32> <CoreInst = "DAddSub_fulldsp">   --->   Core 37 'DAddSub_fulldsp' <Latency = 12> <II = 1> <Delay = 2.32> <FuncUnit> <Opcode : 'dadd' 'dsub'> <InPorts = 2> <OutPorts = 1>
ST_39 : Operation 170 [4/15] (2.79ns)   --->   "%mul_5 = dmul i64 %tmp_3, i64 0" [ExtendedKalmanFilter.cpp:61]   --->   Operation 170 'dmul' 'mul_5' <Predicate = true> <Delay = 2.79> <CoreInst = "DMul_maxdsp">   --->   Core 49 'DMul_maxdsp' <Latency = 14> <II = 1> <Delay = 2.79> <FuncUnit> <Opcode : 'dmul'> <InPorts = 2> <OutPorts = 1>

State 40 <SV = 39> <Delay = 2.79>
ST_40 : Operation 171 [3/13] (2.32ns)   --->   "%add_4 = dadd i64 %add_s, i64 %mul_4" [ExtendedKalmanFilter.cpp:61]   --->   Operation 171 'dadd' 'add_4' <Predicate = true> <Delay = 2.32> <CoreInst = "DAddSub_fulldsp">   --->   Core 37 'DAddSub_fulldsp' <Latency = 12> <II = 1> <Delay = 2.32> <FuncUnit> <Opcode : 'dadd' 'dsub'> <InPorts = 2> <OutPorts = 1>
ST_40 : Operation 172 [3/15] (2.79ns)   --->   "%mul_5 = dmul i64 %tmp_3, i64 0" [ExtendedKalmanFilter.cpp:61]   --->   Operation 172 'dmul' 'mul_5' <Predicate = true> <Delay = 2.79> <CoreInst = "DMul_maxdsp">   --->   Core 49 'DMul_maxdsp' <Latency = 14> <II = 1> <Delay = 2.79> <FuncUnit> <Opcode : 'dmul'> <InPorts = 2> <OutPorts = 1>

State 41 <SV = 40> <Delay = 2.79>
ST_41 : Operation 173 [2/13] (2.32ns)   --->   "%add_4 = dadd i64 %add_s, i64 %mul_4" [ExtendedKalmanFilter.cpp:61]   --->   Operation 173 'dadd' 'add_4' <Predicate = true> <Delay = 2.32> <CoreInst = "DAddSub_fulldsp">   --->   Core 37 'DAddSub_fulldsp' <Latency = 12> <II = 1> <Delay = 2.32> <FuncUnit> <Opcode : 'dadd' 'dsub'> <InPorts = 2> <OutPorts = 1>
ST_41 : Operation 174 [2/15] (2.79ns)   --->   "%mul_5 = dmul i64 %tmp_3, i64 0" [ExtendedKalmanFilter.cpp:61]   --->   Operation 174 'dmul' 'mul_5' <Predicate = true> <Delay = 2.79> <CoreInst = "DMul_maxdsp">   --->   Core 49 'DMul_maxdsp' <Latency = 14> <II = 1> <Delay = 2.79> <FuncUnit> <Opcode : 'dmul'> <InPorts = 2> <OutPorts = 1>

State 42 <SV = 41> <Delay = 2.79>
ST_42 : Operation 175 [1/13] (2.32ns)   --->   "%add_4 = dadd i64 %add_s, i64 %mul_4" [ExtendedKalmanFilter.cpp:61]   --->   Operation 175 'dadd' 'add_4' <Predicate = true> <Delay = 2.32> <CoreInst = "DAddSub_fulldsp">   --->   Core 37 'DAddSub_fulldsp' <Latency = 12> <II = 1> <Delay = 2.32> <FuncUnit> <Opcode : 'dadd' 'dsub'> <InPorts = 2> <OutPorts = 1>
ST_42 : Operation 176 [1/15] (2.79ns)   --->   "%mul_5 = dmul i64 %tmp_3, i64 0" [ExtendedKalmanFilter.cpp:61]   --->   Operation 176 'dmul' 'mul_5' <Predicate = true> <Delay = 2.79> <CoreInst = "DMul_maxdsp">   --->   Core 49 'DMul_maxdsp' <Latency = 14> <II = 1> <Delay = 2.79> <FuncUnit> <Opcode : 'dmul'> <InPorts = 2> <OutPorts = 1>

State 43 <SV = 42> <Delay = 2.32>
ST_43 : Operation 177 [13/13] (2.32ns)   --->   "%add_5 = dadd i64 %add_4, i64 %mul_5" [ExtendedKalmanFilter.cpp:61]   --->   Operation 177 'dadd' 'add_5' <Predicate = true> <Delay = 2.32> <CoreInst = "DAddSub_fulldsp">   --->   Core 37 'DAddSub_fulldsp' <Latency = 12> <II = 1> <Delay = 2.32> <FuncUnit> <Opcode : 'dadd' 'dsub'> <InPorts = 2> <OutPorts = 1>

State 44 <SV = 43> <Delay = 2.32>
ST_44 : Operation 178 [12/13] (2.32ns)   --->   "%add_5 = dadd i64 %add_4, i64 %mul_5" [ExtendedKalmanFilter.cpp:61]   --->   Operation 178 'dadd' 'add_5' <Predicate = true> <Delay = 2.32> <CoreInst = "DAddSub_fulldsp">   --->   Core 37 'DAddSub_fulldsp' <Latency = 12> <II = 1> <Delay = 2.32> <FuncUnit> <Opcode : 'dadd' 'dsub'> <InPorts = 2> <OutPorts = 1>

State 45 <SV = 44> <Delay = 2.32>
ST_45 : Operation 179 [11/13] (2.32ns)   --->   "%add_5 = dadd i64 %add_4, i64 %mul_5" [ExtendedKalmanFilter.cpp:61]   --->   Operation 179 'dadd' 'add_5' <Predicate = true> <Delay = 2.32> <CoreInst = "DAddSub_fulldsp">   --->   Core 37 'DAddSub_fulldsp' <Latency = 12> <II = 1> <Delay = 2.32> <FuncUnit> <Opcode : 'dadd' 'dsub'> <InPorts = 2> <OutPorts = 1>

State 46 <SV = 45> <Delay = 2.32>
ST_46 : Operation 180 [10/13] (2.32ns)   --->   "%add_5 = dadd i64 %add_4, i64 %mul_5" [ExtendedKalmanFilter.cpp:61]   --->   Operation 180 'dadd' 'add_5' <Predicate = true> <Delay = 2.32> <CoreInst = "DAddSub_fulldsp">   --->   Core 37 'DAddSub_fulldsp' <Latency = 12> <II = 1> <Delay = 2.32> <FuncUnit> <Opcode : 'dadd' 'dsub'> <InPorts = 2> <OutPorts = 1>

State 47 <SV = 46> <Delay = 2.32>
ST_47 : Operation 181 [9/13] (2.32ns)   --->   "%add_5 = dadd i64 %add_4, i64 %mul_5" [ExtendedKalmanFilter.cpp:61]   --->   Operation 181 'dadd' 'add_5' <Predicate = true> <Delay = 2.32> <CoreInst = "DAddSub_fulldsp">   --->   Core 37 'DAddSub_fulldsp' <Latency = 12> <II = 1> <Delay = 2.32> <FuncUnit> <Opcode : 'dadd' 'dsub'> <InPorts = 2> <OutPorts = 1>

State 48 <SV = 47> <Delay = 2.32>
ST_48 : Operation 182 [8/13] (2.32ns)   --->   "%add_5 = dadd i64 %add_4, i64 %mul_5" [ExtendedKalmanFilter.cpp:61]   --->   Operation 182 'dadd' 'add_5' <Predicate = true> <Delay = 2.32> <CoreInst = "DAddSub_fulldsp">   --->   Core 37 'DAddSub_fulldsp' <Latency = 12> <II = 1> <Delay = 2.32> <FuncUnit> <Opcode : 'dadd' 'dsub'> <InPorts = 2> <OutPorts = 1>

State 49 <SV = 48> <Delay = 2.32>
ST_49 : Operation 183 [7/13] (2.32ns)   --->   "%add_5 = dadd i64 %add_4, i64 %mul_5" [ExtendedKalmanFilter.cpp:61]   --->   Operation 183 'dadd' 'add_5' <Predicate = true> <Delay = 2.32> <CoreInst = "DAddSub_fulldsp">   --->   Core 37 'DAddSub_fulldsp' <Latency = 12> <II = 1> <Delay = 2.32> <FuncUnit> <Opcode : 'dadd' 'dsub'> <InPorts = 2> <OutPorts = 1>

State 50 <SV = 49> <Delay = 2.32>
ST_50 : Operation 184 [6/13] (2.32ns)   --->   "%add_5 = dadd i64 %add_4, i64 %mul_5" [ExtendedKalmanFilter.cpp:61]   --->   Operation 184 'dadd' 'add_5' <Predicate = true> <Delay = 2.32> <CoreInst = "DAddSub_fulldsp">   --->   Core 37 'DAddSub_fulldsp' <Latency = 12> <II = 1> <Delay = 2.32> <FuncUnit> <Opcode : 'dadd' 'dsub'> <InPorts = 2> <OutPorts = 1>

State 51 <SV = 50> <Delay = 2.32>
ST_51 : Operation 185 [5/13] (2.32ns)   --->   "%add_5 = dadd i64 %add_4, i64 %mul_5" [ExtendedKalmanFilter.cpp:61]   --->   Operation 185 'dadd' 'add_5' <Predicate = true> <Delay = 2.32> <CoreInst = "DAddSub_fulldsp">   --->   Core 37 'DAddSub_fulldsp' <Latency = 12> <II = 1> <Delay = 2.32> <FuncUnit> <Opcode : 'dadd' 'dsub'> <InPorts = 2> <OutPorts = 1>

State 52 <SV = 51> <Delay = 2.32>
ST_52 : Operation 186 [4/13] (2.32ns)   --->   "%add_5 = dadd i64 %add_4, i64 %mul_5" [ExtendedKalmanFilter.cpp:61]   --->   Operation 186 'dadd' 'add_5' <Predicate = true> <Delay = 2.32> <CoreInst = "DAddSub_fulldsp">   --->   Core 37 'DAddSub_fulldsp' <Latency = 12> <II = 1> <Delay = 2.32> <FuncUnit> <Opcode : 'dadd' 'dsub'> <InPorts = 2> <OutPorts = 1>

State 53 <SV = 52> <Delay = 2.32>
ST_53 : Operation 187 [3/13] (2.32ns)   --->   "%add_5 = dadd i64 %add_4, i64 %mul_5" [ExtendedKalmanFilter.cpp:61]   --->   Operation 187 'dadd' 'add_5' <Predicate = true> <Delay = 2.32> <CoreInst = "DAddSub_fulldsp">   --->   Core 37 'DAddSub_fulldsp' <Latency = 12> <II = 1> <Delay = 2.32> <FuncUnit> <Opcode : 'dadd' 'dsub'> <InPorts = 2> <OutPorts = 1>

State 54 <SV = 53> <Delay = 2.32>
ST_54 : Operation 188 [2/13] (2.32ns)   --->   "%add_5 = dadd i64 %add_4, i64 %mul_5" [ExtendedKalmanFilter.cpp:61]   --->   Operation 188 'dadd' 'add_5' <Predicate = true> <Delay = 2.32> <CoreInst = "DAddSub_fulldsp">   --->   Core 37 'DAddSub_fulldsp' <Latency = 12> <II = 1> <Delay = 2.32> <FuncUnit> <Opcode : 'dadd' 'dsub'> <InPorts = 2> <OutPorts = 1>
ST_54 : Operation 201 [1/1] (0.00ns)   --->   "%p_load24 = load i64 %empty"   --->   Operation 201 'load' 'p_load24' <Predicate = (icmp_ln58)> <Delay = 0.00>
ST_54 : Operation 202 [1/1] (0.00ns)   --->   "%p_load22 = load i64 %empty_22"   --->   Operation 202 'load' 'p_load22' <Predicate = (icmp_ln58)> <Delay = 0.00>
ST_54 : Operation 203 [1/1] (0.00ns)   --->   "%p_load21 = load i64 %empty_23"   --->   Operation 203 'load' 'p_load21' <Predicate = (icmp_ln58)> <Delay = 0.00>
ST_54 : Operation 204 [1/1] (0.00ns)   --->   "%p_load = load i64 %empty_24"   --->   Operation 204 'load' 'p_load' <Predicate = (icmp_ln58)> <Delay = 0.00>
ST_54 : Operation 205 [1/1] (0.00ns)   --->   "%write_ln0 = write void @_ssdm_op_Write.ap_auto.doubleP0A, i64 %p_out, i64 %p_load"   --->   Operation 205 'write' 'write_ln0' <Predicate = (icmp_ln58)> <Delay = 0.00>
ST_54 : Operation 206 [1/1] (0.00ns)   --->   "%write_ln0 = write void @_ssdm_op_Write.ap_auto.doubleP0A, i64 %p_out1, i64 %p_load21"   --->   Operation 206 'write' 'write_ln0' <Predicate = (icmp_ln58)> <Delay = 0.00>
ST_54 : Operation 207 [1/1] (0.00ns)   --->   "%write_ln0 = write void @_ssdm_op_Write.ap_auto.doubleP0A, i64 %p_out2, i64 %p_load22"   --->   Operation 207 'write' 'write_ln0' <Predicate = (icmp_ln58)> <Delay = 0.00>
ST_54 : Operation 208 [1/1] (0.00ns)   --->   "%write_ln0 = write void @_ssdm_op_Write.ap_auto.doubleP0A, i64 %p_out3, i64 %p_load24"   --->   Operation 208 'write' 'write_ln0' <Predicate = (icmp_ln58)> <Delay = 0.00>
ST_54 : Operation 209 [1/1] (0.00ns)   --->   "%ret_ln0 = ret"   --->   Operation 209 'ret' 'ret_ln0' <Predicate = (icmp_ln58)> <Delay = 0.00>

State 55 <SV = 54> <Delay = 2.32>
ST_55 : Operation 189 [1/1] (0.00ns)   --->   "%specpipeline_ln58 = specpipeline void @_ssdm_op_SpecPipeline, i32 4294967295, i32 0, i32 0, i32 0, void @empty_8" [ExtendedKalmanFilter.cpp:58]   --->   Operation 189 'specpipeline' 'specpipeline_ln58' <Predicate = true> <Delay = 0.00>
ST_55 : Operation 190 [1/1] (0.00ns)   --->   "%speclooptripcount_ln58 = speclooptripcount void @_ssdm_op_SpecLoopTripCount, i64 4, i64 4, i64 4" [ExtendedKalmanFilter.cpp:58]   --->   Operation 190 'speclooptripcount' 'speclooptripcount_ln58' <Predicate = true> <Delay = 0.00>
ST_55 : Operation 191 [1/1] (0.00ns)   --->   "%specloopname_ln58 = specloopname void @_ssdm_op_SpecLoopName, void @empty_2" [ExtendedKalmanFilter.cpp:58]   --->   Operation 191 'specloopname' 'specloopname_ln58' <Predicate = true> <Delay = 0.00>
ST_55 : Operation 192 [1/13] (2.32ns)   --->   "%add_5 = dadd i64 %add_4, i64 %mul_5" [ExtendedKalmanFilter.cpp:61]   --->   Operation 192 'dadd' 'add_5' <Predicate = true> <Delay = 2.32> <CoreInst = "DAddSub_fulldsp">   --->   Core 37 'DAddSub_fulldsp' <Latency = 12> <II = 1> <Delay = 2.32> <FuncUnit> <Opcode : 'dadd' 'dsub'> <InPorts = 2> <OutPorts = 1>
ST_55 : Operation 193 [1/1] (0.00ns)   --->   "%store_ln61 = store i64 %add_5, i64 %empty_23" [ExtendedKalmanFilter.cpp:61]   --->   Operation 193 'store' 'store_ln61' <Predicate = (trunc_ln58 == 2)> <Delay = 0.00>
ST_55 : Operation 194 [1/1] (0.00ns)   --->   "%br_ln61 = br void %arrayidx2431.exit" [ExtendedKalmanFilter.cpp:61]   --->   Operation 194 'br' 'br_ln61' <Predicate = (trunc_ln58 == 2)> <Delay = 0.00>
ST_55 : Operation 195 [1/1] (0.00ns)   --->   "%store_ln61 = store i64 %add_5, i64 %empty_22" [ExtendedKalmanFilter.cpp:61]   --->   Operation 195 'store' 'store_ln61' <Predicate = (trunc_ln58 == 1)> <Delay = 0.00>
ST_55 : Operation 196 [1/1] (0.00ns)   --->   "%br_ln61 = br void %arrayidx2431.exit" [ExtendedKalmanFilter.cpp:61]   --->   Operation 196 'br' 'br_ln61' <Predicate = (trunc_ln58 == 1)> <Delay = 0.00>
ST_55 : Operation 197 [1/1] (0.00ns)   --->   "%store_ln61 = store i64 %add_5, i64 %empty" [ExtendedKalmanFilter.cpp:61]   --->   Operation 197 'store' 'store_ln61' <Predicate = (trunc_ln58 == 0)> <Delay = 0.00>
ST_55 : Operation 198 [1/1] (0.00ns)   --->   "%br_ln61 = br void %arrayidx2431.exit" [ExtendedKalmanFilter.cpp:61]   --->   Operation 198 'br' 'br_ln61' <Predicate = (trunc_ln58 == 0)> <Delay = 0.00>
ST_55 : Operation 199 [1/1] (0.00ns)   --->   "%store_ln61 = store i64 %add_5, i64 %empty_24" [ExtendedKalmanFilter.cpp:61]   --->   Operation 199 'store' 'store_ln61' <Predicate = (trunc_ln58 == 3)> <Delay = 0.00>
ST_55 : Operation 200 [1/1] (0.00ns)   --->   "%br_ln61 = br void %arrayidx2431.exit" [ExtendedKalmanFilter.cpp:61]   --->   Operation 200 'br' 'br_ln61' <Predicate = (trunc_ln58 == 3)> <Delay = 0.00>


============================================================
+ Verbose Summary: Timing violations
============================================================
Target clock period: 4.000ns, clock uncertainty: 1.080ns.

 <State 1>: 2.600ns
The critical path consists of the following:
	'store' operation 0 bit ('store_ln58', ExtendedKalmanFilter.cpp:58) of constant 0 on local variable 'j', ExtendedKalmanFilter.cpp:58 [42]  (0.833 ns)
	'load' operation 3 bit ('j', ExtendedKalmanFilter.cpp:58) on local variable 'j', ExtendedKalmanFilter.cpp:58 [45]  (0.000 ns)
	'icmp' operation 1 bit ('icmp_ln58', ExtendedKalmanFilter.cpp:58) [46]  (0.934 ns)
	'store' operation 0 bit ('store_ln58', ExtendedKalmanFilter.cpp:58) of variable 'add_ln58', ExtendedKalmanFilter.cpp:58 on local variable 'j', ExtendedKalmanFilter.cpp:58 [79]  (0.833 ns)

 <State 2>: 2.796ns
The critical path consists of the following:
	'dmul' operation 64 bit ('mul_s', ExtendedKalmanFilter.cpp:61) [57]  (2.796 ns)

 <State 3>: 2.796ns
The critical path consists of the following:
	'dmul' operation 64 bit ('mul_s', ExtendedKalmanFilter.cpp:61) [57]  (2.796 ns)

 <State 4>: 2.796ns
The critical path consists of the following:
	'dmul' operation 64 bit ('mul_s', ExtendedKalmanFilter.cpp:61) [57]  (2.796 ns)

 <State 5>: 2.796ns
The critical path consists of the following:
	'dmul' operation 64 bit ('mul_s', ExtendedKalmanFilter.cpp:61) [57]  (2.796 ns)

 <State 6>: 2.796ns
The critical path consists of the following:
	'dmul' operation 64 bit ('mul_s', ExtendedKalmanFilter.cpp:61) [57]  (2.796 ns)

 <State 7>: 2.796ns
The critical path consists of the following:
	'dmul' operation 64 bit ('mul_s', ExtendedKalmanFilter.cpp:61) [57]  (2.796 ns)

 <State 8>: 2.796ns
The critical path consists of the following:
	'dmul' operation 64 bit ('mul_s', ExtendedKalmanFilter.cpp:61) [57]  (2.796 ns)

 <State 9>: 2.796ns
The critical path consists of the following:
	'dmul' operation 64 bit ('mul_s', ExtendedKalmanFilter.cpp:61) [57]  (2.796 ns)

 <State 10>: 2.796ns
The critical path consists of the following:
	'dmul' operation 64 bit ('mul_s', ExtendedKalmanFilter.cpp:61) [57]  (2.796 ns)

 <State 11>: 2.796ns
The critical path consists of the following:
	'dmul' operation 64 bit ('mul_s', ExtendedKalmanFilter.cpp:61) [57]  (2.796 ns)

 <State 12>: 2.796ns
The critical path consists of the following:
	'dmul' operation 64 bit ('mul_s', ExtendedKalmanFilter.cpp:61) [57]  (2.796 ns)

 <State 13>: 2.796ns
The critical path consists of the following:
	'dmul' operation 64 bit ('mul_s', ExtendedKalmanFilter.cpp:61) [57]  (2.796 ns)

 <State 14>: 2.796ns
The critical path consists of the following:
	'dmul' operation 64 bit ('mul_s', ExtendedKalmanFilter.cpp:61) [57]  (2.796 ns)

 <State 15>: 2.796ns
The critical path consists of the following:
	'dmul' operation 64 bit ('mul_s', ExtendedKalmanFilter.cpp:61) [57]  (2.796 ns)

 <State 16>: 2.796ns
The critical path consists of the following:
	'dmul' operation 64 bit ('mul_s', ExtendedKalmanFilter.cpp:61) [57]  (2.796 ns)

 <State 17>: 2.796ns
The critical path consists of the following:
	'dmul' operation 64 bit ('mul_4', ExtendedKalmanFilter.cpp:61) [60]  (2.796 ns)

 <State 18>: 2.796ns
The critical path consists of the following:
	'dmul' operation 64 bit ('mul_4', ExtendedKalmanFilter.cpp:61) [60]  (2.796 ns)

 <State 19>: 2.796ns
The critical path consists of the following:
	'dmul' operation 64 bit ('mul_4', ExtendedKalmanFilter.cpp:61) [60]  (2.796 ns)

 <State 20>: 2.796ns
The critical path consists of the following:
	'dmul' operation 64 bit ('mul_4', ExtendedKalmanFilter.cpp:61) [60]  (2.796 ns)

 <State 21>: 2.796ns
The critical path consists of the following:
	'dmul' operation 64 bit ('mul_4', ExtendedKalmanFilter.cpp:61) [60]  (2.796 ns)

 <State 22>: 2.796ns
The critical path consists of the following:
	'dmul' operation 64 bit ('mul_4', ExtendedKalmanFilter.cpp:61) [60]  (2.796 ns)

 <State 23>: 2.796ns
The critical path consists of the following:
	'dmul' operation 64 bit ('mul_4', ExtendedKalmanFilter.cpp:61) [60]  (2.796 ns)

 <State 24>: 2.796ns
The critical path consists of the following:
	'dmul' operation 64 bit ('mul_4', ExtendedKalmanFilter.cpp:61) [60]  (2.796 ns)

 <State 25>: 2.796ns
The critical path consists of the following:
	'dmul' operation 64 bit ('mul_4', ExtendedKalmanFilter.cpp:61) [60]  (2.796 ns)

 <State 26>: 2.796ns
The critical path consists of the following:
	'dmul' operation 64 bit ('mul_4', ExtendedKalmanFilter.cpp:61) [60]  (2.796 ns)

 <State 27>: 2.796ns
The critical path consists of the following:
	'dmul' operation 64 bit ('mul_4', ExtendedKalmanFilter.cpp:61) [60]  (2.796 ns)

 <State 28>: 2.796ns
The critical path consists of the following:
	'dmul' operation 64 bit ('mul_4', ExtendedKalmanFilter.cpp:61) [60]  (2.796 ns)

 <State 29>: 2.796ns
The critical path consists of the following:
	'dmul' operation 64 bit ('mul_4', ExtendedKalmanFilter.cpp:61) [60]  (2.796 ns)

 <State 30>: 2.796ns
The critical path consists of the following:
	'dmul' operation 64 bit ('mul_5', ExtendedKalmanFilter.cpp:61) [63]  (2.796 ns)

 <State 31>: 2.796ns
The critical path consists of the following:
	'dmul' operation 64 bit ('mul_5', ExtendedKalmanFilter.cpp:61) [63]  (2.796 ns)

 <State 32>: 2.796ns
The critical path consists of the following:
	'dmul' operation 64 bit ('mul_5', ExtendedKalmanFilter.cpp:61) [63]  (2.796 ns)

 <State 33>: 2.796ns
The critical path consists of the following:
	'dmul' operation 64 bit ('mul_5', ExtendedKalmanFilter.cpp:61) [63]  (2.796 ns)

 <State 34>: 2.796ns
The critical path consists of the following:
	'dmul' operation 64 bit ('mul_5', ExtendedKalmanFilter.cpp:61) [63]  (2.796 ns)

 <State 35>: 2.796ns
The critical path consists of the following:
	'dmul' operation 64 bit ('mul_5', ExtendedKalmanFilter.cpp:61) [63]  (2.796 ns)

 <State 36>: 2.796ns
The critical path consists of the following:
	'dmul' operation 64 bit ('mul_5', ExtendedKalmanFilter.cpp:61) [63]  (2.796 ns)

 <State 37>: 2.796ns
The critical path consists of the following:
	'dmul' operation 64 bit ('mul_5', ExtendedKalmanFilter.cpp:61) [63]  (2.796 ns)

 <State 38>: 2.796ns
The critical path consists of the following:
	'dmul' operation 64 bit ('mul_5', ExtendedKalmanFilter.cpp:61) [63]  (2.796 ns)

 <State 39>: 2.796ns
The critical path consists of the following:
	'dmul' operation 64 bit ('mul_5', ExtendedKalmanFilter.cpp:61) [63]  (2.796 ns)

 <State 40>: 2.796ns
The critical path consists of the following:
	'dmul' operation 64 bit ('mul_5', ExtendedKalmanFilter.cpp:61) [63]  (2.796 ns)

 <State 41>: 2.796ns
The critical path consists of the following:
	'dmul' operation 64 bit ('mul_5', ExtendedKalmanFilter.cpp:61) [63]  (2.796 ns)

 <State 42>: 2.796ns
The critical path consists of the following:
	'dmul' operation 64 bit ('mul_5', ExtendedKalmanFilter.cpp:61) [63]  (2.796 ns)

 <State 43>: 2.320ns
The critical path consists of the following:
	'dadd' operation 64 bit ('add_5', ExtendedKalmanFilter.cpp:61) [64]  (2.320 ns)

 <State 44>: 2.320ns
The critical path consists of the following:
	'dadd' operation 64 bit ('add_5', ExtendedKalmanFilter.cpp:61) [64]  (2.320 ns)

 <State 45>: 2.320ns
The critical path consists of the following:
	'dadd' operation 64 bit ('add_5', ExtendedKalmanFilter.cpp:61) [64]  (2.320 ns)

 <State 46>: 2.320ns
The critical path consists of the following:
	'dadd' operation 64 bit ('add_5', ExtendedKalmanFilter.cpp:61) [64]  (2.320 ns)

 <State 47>: 2.320ns
The critical path consists of the following:
	'dadd' operation 64 bit ('add_5', ExtendedKalmanFilter.cpp:61) [64]  (2.320 ns)

 <State 48>: 2.320ns
The critical path consists of the following:
	'dadd' operation 64 bit ('add_5', ExtendedKalmanFilter.cpp:61) [64]  (2.320 ns)

 <State 49>: 2.320ns
The critical path consists of the following:
	'dadd' operation 64 bit ('add_5', ExtendedKalmanFilter.cpp:61) [64]  (2.320 ns)

 <State 50>: 2.320ns
The critical path consists of the following:
	'dadd' operation 64 bit ('add_5', ExtendedKalmanFilter.cpp:61) [64]  (2.320 ns)

 <State 51>: 2.320ns
The critical path consists of the following:
	'dadd' operation 64 bit ('add_5', ExtendedKalmanFilter.cpp:61) [64]  (2.320 ns)

 <State 52>: 2.320ns
The critical path consists of the following:
	'dadd' operation 64 bit ('add_5', ExtendedKalmanFilter.cpp:61) [64]  (2.320 ns)

 <State 53>: 2.320ns
The critical path consists of the following:
	'dadd' operation 64 bit ('add_5', ExtendedKalmanFilter.cpp:61) [64]  (2.320 ns)

 <State 54>: 2.320ns
The critical path consists of the following:
	'dadd' operation 64 bit ('add_5', ExtendedKalmanFilter.cpp:61) [64]  (2.320 ns)

 <State 55>: 2.320ns
The critical path consists of the following:
	'dadd' operation 64 bit ('add_5', ExtendedKalmanFilter.cpp:61) [64]  (2.320 ns)
	'store' operation 0 bit ('store_ln61', ExtendedKalmanFilter.cpp:61) of variable 'add_5', ExtendedKalmanFilter.cpp:61 on local variable 'empty_24' [76]  (0.000 ns)


============================================================
+ Verbose Summary: Binding
============================================================
N/A
* FSMD analyzer results:
  - Output states:
 - Input state : 
  - Chain level:
	State 1
	State 2
	State 3
	State 4
	State 5
	State 6
	State 7
	State 8
	State 9
	State 10
	State 11
	State 12
	State 13
	State 14
	State 15
	State 16
	State 17
	State 18
	State 19
	State 20
	State 21
	State 22
	State 23
	State 24
	State 25
	State 26
	State 27
	State 28
	State 29
	State 30
	State 31
	State 32
	State 33
	State 34
	State 35
	State 36
	State 37
	State 38
	State 39
	State 40
	State 41
	State 42
	State 43
	State 44
	State 45
	State 46
	State 47
	State 48
	State 49
	State 50
	State 51
	State 52
	State 53
	State 54
	State 55


============================================================
+ Verbose Summary: Datapath Resource usage 
============================================================
N/A
