

================================================================
== Vitis HLS Report for 'extendedKalmanFilter_Pipeline_VITIS_LOOP_121_2010'
================================================================
* Date:           Sun Mar 17 14:02:07 2024

* Version:        2023.2 (Build 4023990 on Oct 11 2023)
* Project:        ExtendedKalmanFilter
* Solution:       solution2 (Vivado IP Flow Target)
* Product family: kintex7
* Target device:  xc7k160t-fbg676-2


================================================================
== Performance Estimates
================================================================
+ Timing: 
    * Summary: 
    +--------+---------+----------+------------+
    |  Clock |  Target | Estimated| Uncertainty|
    +--------+---------+----------+------------+
    |ap_clk  |  4.00 ns|  2.796 ns|     1.08 ns|
    +--------+---------+----------+------------+

+ Latency: 
    * Summary: 
    +---------+---------+----------+----------+-----+-----+---------+
    |  Latency (cycles) |  Latency (absolute) |  Interval | Pipeline|
    |   min   |   max   |    min   |    max   | min | max |   Type  |
    +---------+---------+----------+----------+-----+-----+---------+
    |       71|       71|  0.284 us|  0.284 us|   71|   71|       no|
    +---------+---------+----------+----------+-----+-----+---------+

    + Detail: 
        * Instance: 
        N/A

        * Loop: 
        +---------------------+---------+---------+----------+-----------+-----------+------+----------+
        |                     |  Latency (cycles) | Iteration|  Initiation Interval  | Trip |          |
        |      Loop Name      |   min   |   max   |  Latency |  achieved |   target  | Count| Pipelined|
        +---------------------+---------+---------+----------+-----------+-----------+------+----------+
        |- VITIS_LOOP_121_20  |       69|       69|        69|          1|          1|     2|       yes|
        +---------------------+---------+---------+----------+-----------+-----------+------+----------+

============================================================
+ Verbose Summary: Synthesis Manager
============================================================
InlineROM: 1
ExposeGlobal: 0
============================================================
+ Verbose Summary: CDFG Model
============================================================
IsTopModel: 0
ResetActiveHigh: 1
IsCombinational: 0
IsDatapathOnly: 0
HasWiredReturn: 1
HasMFsm: 2
HasVarLatency: 1
IsPipeline: 0
IsRtlPipelined: 0
IsInstanceOverlapped: 0
IsDontTouch: 0
HasImplIP: 0
IsGatedGlobalClock: 0

+ Individual pipeline summary: 
  * Pipeline-0: initiation interval (II) = 1, depth = 69


============================================================
+ Verbose Summary: Schedule
============================================================
* Number of FSM states : 69
* Pipeline : 1
  Pipeline-0 : II = 1, D = 69, States = { 1 2 3 4 5 6 7 8 9 10 11 12 13 14 15 16 17 18 19 20 21 22 23 24 25 26 27 28 29 30 31 32 33 34 35 36 37 38 39 40 41 42 43 44 45 46 47 48 49 50 51 52 53 54 55 56 57 58 59 60 61 62 63 64 65 66 67 68 69 }
* Dataflow Pipeline: 0

* FSM state transitions: 
1 --> 2 
2 --> 3 
3 --> 4 
4 --> 5 
5 --> 6 
6 --> 7 
7 --> 8 
8 --> 9 
9 --> 10 
10 --> 11 
11 --> 12 
12 --> 13 
13 --> 14 
14 --> 15 
15 --> 16 
16 --> 17 
17 --> 18 
18 --> 19 
19 --> 20 
20 --> 21 
21 --> 22 
22 --> 23 
23 --> 24 
24 --> 25 
25 --> 26 
26 --> 27 
27 --> 28 
28 --> 29 
29 --> 30 
30 --> 31 
31 --> 32 
32 --> 33 
33 --> 34 
34 --> 35 
35 --> 36 
36 --> 37 
37 --> 38 
38 --> 39 
39 --> 40 
40 --> 41 
41 --> 42 
42 --> 43 
43 --> 44 
44 --> 45 
45 --> 46 
46 --> 47 
47 --> 48 
48 --> 49 
49 --> 50 
50 --> 51 
51 --> 52 
52 --> 53 
53 --> 54 
54 --> 55 
55 --> 56 
56 --> 57 
57 --> 58 
58 --> 59 
59 --> 60 
60 --> 61 
61 --> 62 
62 --> 63 
63 --> 64 
64 --> 65 
65 --> 66 
66 --> 67 
67 --> 68 
68 --> 69 
69 --> 

* FSM state operations: 

State 1 <SV = 0> <Delay = 2.51>
ST_1 : Operation 72 [1/1] (0.00ns)   --->   "%j = alloca i32 1" [ExtendedKalmanFilter.cpp:121]   --->   Operation 72 'alloca' 'j' <Predicate = true> <Delay = 0.00>
ST_1 : Operation 73 [1/1] (0.00ns)   --->   "%temp1_1_0_0379 = alloca i32 1"   --->   Operation 73 'alloca' 'temp1_1_0_0379' <Predicate = true> <Delay = 0.00>
ST_1 : Operation 74 [1/1] (0.00ns)   --->   "%temp1_1_1_0380 = alloca i32 1"   --->   Operation 74 'alloca' 'temp1_1_1_0380' <Predicate = true> <Delay = 0.00>
ST_1 : Operation 75 [1/1] (0.00ns)   --->   "%mux_case_3161403_reload_read = read i64 @_ssdm_op_Read.ap_auto.double, i64 %mux_case_3161403_reload"   --->   Operation 75 'read' 'mux_case_3161403_reload_read' <Predicate = true> <Delay = 0.00>
ST_1 : Operation 76 [1/1] (0.00ns)   --->   "%mux_case_2160400_reload_read = read i64 @_ssdm_op_Read.ap_auto.double, i64 %mux_case_2160400_reload"   --->   Operation 76 'read' 'mux_case_2160400_reload_read' <Predicate = true> <Delay = 0.00>
ST_1 : Operation 77 [1/1] (0.00ns)   --->   "%mux_case_1159397_reload_read = read i64 @_ssdm_op_Read.ap_auto.double, i64 %mux_case_1159397_reload"   --->   Operation 77 'read' 'mux_case_1159397_reload_read' <Predicate = true> <Delay = 0.00>
ST_1 : Operation 78 [1/1] (0.00ns)   --->   "%mux_case_0158394_reload_read = read i64 @_ssdm_op_Read.ap_auto.double, i64 %mux_case_0158394_reload"   --->   Operation 78 'read' 'mux_case_0158394_reload_read' <Predicate = true> <Delay = 0.00>
ST_1 : Operation 79 [1/1] (0.83ns)   --->   "%store_ln121 = store i2 0, i2 %j" [ExtendedKalmanFilter.cpp:121]   --->   Operation 79 'store' 'store_ln121' <Predicate = true> <Delay = 0.83>
ST_1 : Operation 80 [1/1] (0.00ns)   --->   "%br_ln0 = br void %VITIS_LOOP_123_21.1"   --->   Operation 80 'br' 'br_ln0' <Predicate = true> <Delay = 0.00>
ST_1 : Operation 81 [1/1] (0.00ns)   --->   "%j_9 = load i2 %j" [ExtendedKalmanFilter.cpp:122]   --->   Operation 81 'load' 'j_9' <Predicate = true> <Delay = 0.00>
ST_1 : Operation 82 [1/1] (0.85ns)   --->   "%icmp_ln121 = icmp_eq  i2 %j_9, i2 2" [ExtendedKalmanFilter.cpp:121]   --->   Operation 82 'icmp' 'icmp_ln121' <Predicate = true> <Delay = 0.85> <CoreInst = "Cmp">   --->   Core 9 'Cmp' <Latency = 0> <II = 1> <Delay = 0.85> <FuncUnit> <Opcode : 'icmp'> <InPorts = 2> <OutPorts = 1>
ST_1 : Operation 83 [1/1] (0.85ns)   --->   "%add_ln121 = add i2 %j_9, i2 1" [ExtendedKalmanFilter.cpp:121]   --->   Operation 83 'add' 'add_ln121' <Predicate = true> <Delay = 0.85> <CoreInst = "Adder">   --->   Core 1 'Adder' <Latency = 0> <II = 1> <Delay = 0.85> <FuncUnit> <Opcode : 'add' 'sub'> <InPorts = 2> <OutPorts = 1>
ST_1 : Operation 84 [1/1] (0.00ns)   --->   "%br_ln121 = br i1 %icmp_ln121, void %VITIS_LOOP_123_21.1.split, void %for.inc270.1.exitStub" [ExtendedKalmanFilter.cpp:121]   --->   Operation 84 'br' 'br_ln121' <Predicate = true> <Delay = 0.00>
ST_1 : Operation 85 [1/1] (0.00ns)   --->   "%trunc_ln122 = trunc i2 %j_9" [ExtendedKalmanFilter.cpp:122]   --->   Operation 85 'trunc' 'trunc_ln122' <Predicate = (!icmp_ln121)> <Delay = 0.00>
ST_1 : Operation 86 [1/1] (0.61ns)   --->   "%select_ln124_4 = select i1 %trunc_ln122, i64 0, i64 1" [ExtendedKalmanFilter.cpp:124]   --->   Operation 86 'select' 'select_ln124_4' <Predicate = (!icmp_ln121)> <Delay = 0.61> <CoreInst = "Sel">   --->   Core 73 'Sel' <Latency = 0> <II = 1> <Delay = 0.61> <FuncUnit> <Opcode : 'select'> <InPorts = 3> <OutPorts = 1>
ST_1 : Operation 87 [1/1] (0.83ns)   --->   "%store_ln121 = store i2 %add_ln121, i2 %j" [ExtendedKalmanFilter.cpp:121]   --->   Operation 87 'store' 'store_ln121' <Predicate = (!icmp_ln121)> <Delay = 0.83>

State 2 <SV = 1> <Delay = 2.79>
ST_2 : Operation 88 [15/15] (2.79ns)   --->   "%mul258_1 = dmul i64 %mux_case_0158394_reload_read, i64 %select_ln124_4" [ExtendedKalmanFilter.cpp:124]   --->   Operation 88 'dmul' 'mul258_1' <Predicate = true> <Delay = 2.79> <CoreInst = "DMul_maxdsp">   --->   Core 49 'DMul_maxdsp' <Latency = 14> <II = 1> <Delay = 2.79> <FuncUnit> <Opcode : 'dmul'> <InPorts = 2> <OutPorts = 1>

State 3 <SV = 2> <Delay = 2.79>
ST_3 : Operation 89 [14/15] (2.79ns)   --->   "%mul258_1 = dmul i64 %mux_case_0158394_reload_read, i64 %select_ln124_4" [ExtendedKalmanFilter.cpp:124]   --->   Operation 89 'dmul' 'mul258_1' <Predicate = true> <Delay = 2.79> <CoreInst = "DMul_maxdsp">   --->   Core 49 'DMul_maxdsp' <Latency = 14> <II = 1> <Delay = 2.79> <FuncUnit> <Opcode : 'dmul'> <InPorts = 2> <OutPorts = 1>

State 4 <SV = 3> <Delay = 2.79>
ST_4 : Operation 90 [13/15] (2.79ns)   --->   "%mul258_1 = dmul i64 %mux_case_0158394_reload_read, i64 %select_ln124_4" [ExtendedKalmanFilter.cpp:124]   --->   Operation 90 'dmul' 'mul258_1' <Predicate = true> <Delay = 2.79> <CoreInst = "DMul_maxdsp">   --->   Core 49 'DMul_maxdsp' <Latency = 14> <II = 1> <Delay = 2.79> <FuncUnit> <Opcode : 'dmul'> <InPorts = 2> <OutPorts = 1>

State 5 <SV = 4> <Delay = 2.79>
ST_5 : Operation 91 [12/15] (2.79ns)   --->   "%mul258_1 = dmul i64 %mux_case_0158394_reload_read, i64 %select_ln124_4" [ExtendedKalmanFilter.cpp:124]   --->   Operation 91 'dmul' 'mul258_1' <Predicate = true> <Delay = 2.79> <CoreInst = "DMul_maxdsp">   --->   Core 49 'DMul_maxdsp' <Latency = 14> <II = 1> <Delay = 2.79> <FuncUnit> <Opcode : 'dmul'> <InPorts = 2> <OutPorts = 1>

State 6 <SV = 5> <Delay = 2.79>
ST_6 : Operation 92 [11/15] (2.79ns)   --->   "%mul258_1 = dmul i64 %mux_case_0158394_reload_read, i64 %select_ln124_4" [ExtendedKalmanFilter.cpp:124]   --->   Operation 92 'dmul' 'mul258_1' <Predicate = true> <Delay = 2.79> <CoreInst = "DMul_maxdsp">   --->   Core 49 'DMul_maxdsp' <Latency = 14> <II = 1> <Delay = 2.79> <FuncUnit> <Opcode : 'dmul'> <InPorts = 2> <OutPorts = 1>

State 7 <SV = 6> <Delay = 2.79>
ST_7 : Operation 93 [10/15] (2.79ns)   --->   "%mul258_1 = dmul i64 %mux_case_0158394_reload_read, i64 %select_ln124_4" [ExtendedKalmanFilter.cpp:124]   --->   Operation 93 'dmul' 'mul258_1' <Predicate = true> <Delay = 2.79> <CoreInst = "DMul_maxdsp">   --->   Core 49 'DMul_maxdsp' <Latency = 14> <II = 1> <Delay = 2.79> <FuncUnit> <Opcode : 'dmul'> <InPorts = 2> <OutPorts = 1>

State 8 <SV = 7> <Delay = 2.79>
ST_8 : Operation 94 [9/15] (2.79ns)   --->   "%mul258_1 = dmul i64 %mux_case_0158394_reload_read, i64 %select_ln124_4" [ExtendedKalmanFilter.cpp:124]   --->   Operation 94 'dmul' 'mul258_1' <Predicate = true> <Delay = 2.79> <CoreInst = "DMul_maxdsp">   --->   Core 49 'DMul_maxdsp' <Latency = 14> <II = 1> <Delay = 2.79> <FuncUnit> <Opcode : 'dmul'> <InPorts = 2> <OutPorts = 1>

State 9 <SV = 8> <Delay = 2.79>
ST_9 : Operation 95 [8/15] (2.79ns)   --->   "%mul258_1 = dmul i64 %mux_case_0158394_reload_read, i64 %select_ln124_4" [ExtendedKalmanFilter.cpp:124]   --->   Operation 95 'dmul' 'mul258_1' <Predicate = true> <Delay = 2.79> <CoreInst = "DMul_maxdsp">   --->   Core 49 'DMul_maxdsp' <Latency = 14> <II = 1> <Delay = 2.79> <FuncUnit> <Opcode : 'dmul'> <InPorts = 2> <OutPorts = 1>

State 10 <SV = 9> <Delay = 2.79>
ST_10 : Operation 96 [7/15] (2.79ns)   --->   "%mul258_1 = dmul i64 %mux_case_0158394_reload_read, i64 %select_ln124_4" [ExtendedKalmanFilter.cpp:124]   --->   Operation 96 'dmul' 'mul258_1' <Predicate = true> <Delay = 2.79> <CoreInst = "DMul_maxdsp">   --->   Core 49 'DMul_maxdsp' <Latency = 14> <II = 1> <Delay = 2.79> <FuncUnit> <Opcode : 'dmul'> <InPorts = 2> <OutPorts = 1>

State 11 <SV = 10> <Delay = 2.79>
ST_11 : Operation 97 [6/15] (2.79ns)   --->   "%mul258_1 = dmul i64 %mux_case_0158394_reload_read, i64 %select_ln124_4" [ExtendedKalmanFilter.cpp:124]   --->   Operation 97 'dmul' 'mul258_1' <Predicate = true> <Delay = 2.79> <CoreInst = "DMul_maxdsp">   --->   Core 49 'DMul_maxdsp' <Latency = 14> <II = 1> <Delay = 2.79> <FuncUnit> <Opcode : 'dmul'> <InPorts = 2> <OutPorts = 1>

State 12 <SV = 11> <Delay = 2.79>
ST_12 : Operation 98 [5/15] (2.79ns)   --->   "%mul258_1 = dmul i64 %mux_case_0158394_reload_read, i64 %select_ln124_4" [ExtendedKalmanFilter.cpp:124]   --->   Operation 98 'dmul' 'mul258_1' <Predicate = true> <Delay = 2.79> <CoreInst = "DMul_maxdsp">   --->   Core 49 'DMul_maxdsp' <Latency = 14> <II = 1> <Delay = 2.79> <FuncUnit> <Opcode : 'dmul'> <InPorts = 2> <OutPorts = 1>

State 13 <SV = 12> <Delay = 2.79>
ST_13 : Operation 99 [4/15] (2.79ns)   --->   "%mul258_1 = dmul i64 %mux_case_0158394_reload_read, i64 %select_ln124_4" [ExtendedKalmanFilter.cpp:124]   --->   Operation 99 'dmul' 'mul258_1' <Predicate = true> <Delay = 2.79> <CoreInst = "DMul_maxdsp">   --->   Core 49 'DMul_maxdsp' <Latency = 14> <II = 1> <Delay = 2.79> <FuncUnit> <Opcode : 'dmul'> <InPorts = 2> <OutPorts = 1>

State 14 <SV = 13> <Delay = 2.79>
ST_14 : Operation 100 [3/15] (2.79ns)   --->   "%mul258_1 = dmul i64 %mux_case_0158394_reload_read, i64 %select_ln124_4" [ExtendedKalmanFilter.cpp:124]   --->   Operation 100 'dmul' 'mul258_1' <Predicate = true> <Delay = 2.79> <CoreInst = "DMul_maxdsp">   --->   Core 49 'DMul_maxdsp' <Latency = 14> <II = 1> <Delay = 2.79> <FuncUnit> <Opcode : 'dmul'> <InPorts = 2> <OutPorts = 1>
ST_14 : Operation 101 [1/1] (0.61ns)   --->   "%select_ln124_5 = select i1 %trunc_ln122, i64 1, i64 0" [ExtendedKalmanFilter.cpp:124]   --->   Operation 101 'select' 'select_ln124_5' <Predicate = true> <Delay = 0.61> <CoreInst = "Sel">   --->   Core 73 'Sel' <Latency = 0> <II = 1> <Delay = 0.61> <FuncUnit> <Opcode : 'select'> <InPorts = 3> <OutPorts = 1>

State 15 <SV = 14> <Delay = 2.79>
ST_15 : Operation 102 [2/15] (2.79ns)   --->   "%mul258_1 = dmul i64 %mux_case_0158394_reload_read, i64 %select_ln124_4" [ExtendedKalmanFilter.cpp:124]   --->   Operation 102 'dmul' 'mul258_1' <Predicate = true> <Delay = 2.79> <CoreInst = "DMul_maxdsp">   --->   Core 49 'DMul_maxdsp' <Latency = 14> <II = 1> <Delay = 2.79> <FuncUnit> <Opcode : 'dmul'> <InPorts = 2> <OutPorts = 1>
ST_15 : Operation 103 [15/15] (2.79ns)   --->   "%mul258_1_1 = dmul i64 %mux_case_1159397_reload_read, i64 %select_ln124_5" [ExtendedKalmanFilter.cpp:124]   --->   Operation 103 'dmul' 'mul258_1_1' <Predicate = true> <Delay = 2.79> <CoreInst = "DMul_maxdsp">   --->   Core 49 'DMul_maxdsp' <Latency = 14> <II = 1> <Delay = 2.79> <FuncUnit> <Opcode : 'dmul'> <InPorts = 2> <OutPorts = 1>

State 16 <SV = 15> <Delay = 2.79>
ST_16 : Operation 104 [1/15] (2.79ns)   --->   "%mul258_1 = dmul i64 %mux_case_0158394_reload_read, i64 %select_ln124_4" [ExtendedKalmanFilter.cpp:124]   --->   Operation 104 'dmul' 'mul258_1' <Predicate = true> <Delay = 2.79> <CoreInst = "DMul_maxdsp">   --->   Core 49 'DMul_maxdsp' <Latency = 14> <II = 1> <Delay = 2.79> <FuncUnit> <Opcode : 'dmul'> <InPorts = 2> <OutPorts = 1>
ST_16 : Operation 105 [14/15] (2.79ns)   --->   "%mul258_1_1 = dmul i64 %mux_case_1159397_reload_read, i64 %select_ln124_5" [ExtendedKalmanFilter.cpp:124]   --->   Operation 105 'dmul' 'mul258_1_1' <Predicate = true> <Delay = 2.79> <CoreInst = "DMul_maxdsp">   --->   Core 49 'DMul_maxdsp' <Latency = 14> <II = 1> <Delay = 2.79> <FuncUnit> <Opcode : 'dmul'> <InPorts = 2> <OutPorts = 1>

State 17 <SV = 16> <Delay = 2.79>
ST_17 : Operation 106 [13/13] (2.32ns)   --->   "%add263_1 = dadd i64 %mul258_1, i64 0" [ExtendedKalmanFilter.cpp:124]   --->   Operation 106 'dadd' 'add263_1' <Predicate = true> <Delay = 2.32> <CoreInst = "DAddSub_fulldsp">   --->   Core 37 'DAddSub_fulldsp' <Latency = 12> <II = 1> <Delay = 2.32> <FuncUnit> <Opcode : 'dadd' 'dsub'> <InPorts = 2> <OutPorts = 1>
ST_17 : Operation 107 [13/15] (2.79ns)   --->   "%mul258_1_1 = dmul i64 %mux_case_1159397_reload_read, i64 %select_ln124_5" [ExtendedKalmanFilter.cpp:124]   --->   Operation 107 'dmul' 'mul258_1_1' <Predicate = true> <Delay = 2.79> <CoreInst = "DMul_maxdsp">   --->   Core 49 'DMul_maxdsp' <Latency = 14> <II = 1> <Delay = 2.79> <FuncUnit> <Opcode : 'dmul'> <InPorts = 2> <OutPorts = 1>

State 18 <SV = 17> <Delay = 2.79>
ST_18 : Operation 108 [12/13] (2.32ns)   --->   "%add263_1 = dadd i64 %mul258_1, i64 0" [ExtendedKalmanFilter.cpp:124]   --->   Operation 108 'dadd' 'add263_1' <Predicate = true> <Delay = 2.32> <CoreInst = "DAddSub_fulldsp">   --->   Core 37 'DAddSub_fulldsp' <Latency = 12> <II = 1> <Delay = 2.32> <FuncUnit> <Opcode : 'dadd' 'dsub'> <InPorts = 2> <OutPorts = 1>
ST_18 : Operation 109 [12/15] (2.79ns)   --->   "%mul258_1_1 = dmul i64 %mux_case_1159397_reload_read, i64 %select_ln124_5" [ExtendedKalmanFilter.cpp:124]   --->   Operation 109 'dmul' 'mul258_1_1' <Predicate = true> <Delay = 2.79> <CoreInst = "DMul_maxdsp">   --->   Core 49 'DMul_maxdsp' <Latency = 14> <II = 1> <Delay = 2.79> <FuncUnit> <Opcode : 'dmul'> <InPorts = 2> <OutPorts = 1>

State 19 <SV = 18> <Delay = 2.79>
ST_19 : Operation 110 [11/13] (2.32ns)   --->   "%add263_1 = dadd i64 %mul258_1, i64 0" [ExtendedKalmanFilter.cpp:124]   --->   Operation 110 'dadd' 'add263_1' <Predicate = true> <Delay = 2.32> <CoreInst = "DAddSub_fulldsp">   --->   Core 37 'DAddSub_fulldsp' <Latency = 12> <II = 1> <Delay = 2.32> <FuncUnit> <Opcode : 'dadd' 'dsub'> <InPorts = 2> <OutPorts = 1>
ST_19 : Operation 111 [11/15] (2.79ns)   --->   "%mul258_1_1 = dmul i64 %mux_case_1159397_reload_read, i64 %select_ln124_5" [ExtendedKalmanFilter.cpp:124]   --->   Operation 111 'dmul' 'mul258_1_1' <Predicate = true> <Delay = 2.79> <CoreInst = "DMul_maxdsp">   --->   Core 49 'DMul_maxdsp' <Latency = 14> <II = 1> <Delay = 2.79> <FuncUnit> <Opcode : 'dmul'> <InPorts = 2> <OutPorts = 1>

State 20 <SV = 19> <Delay = 2.79>
ST_20 : Operation 112 [10/13] (2.32ns)   --->   "%add263_1 = dadd i64 %mul258_1, i64 0" [ExtendedKalmanFilter.cpp:124]   --->   Operation 112 'dadd' 'add263_1' <Predicate = true> <Delay = 2.32> <CoreInst = "DAddSub_fulldsp">   --->   Core 37 'DAddSub_fulldsp' <Latency = 12> <II = 1> <Delay = 2.32> <FuncUnit> <Opcode : 'dadd' 'dsub'> <InPorts = 2> <OutPorts = 1>
ST_20 : Operation 113 [10/15] (2.79ns)   --->   "%mul258_1_1 = dmul i64 %mux_case_1159397_reload_read, i64 %select_ln124_5" [ExtendedKalmanFilter.cpp:124]   --->   Operation 113 'dmul' 'mul258_1_1' <Predicate = true> <Delay = 2.79> <CoreInst = "DMul_maxdsp">   --->   Core 49 'DMul_maxdsp' <Latency = 14> <II = 1> <Delay = 2.79> <FuncUnit> <Opcode : 'dmul'> <InPorts = 2> <OutPorts = 1>

State 21 <SV = 20> <Delay = 2.79>
ST_21 : Operation 114 [9/13] (2.32ns)   --->   "%add263_1 = dadd i64 %mul258_1, i64 0" [ExtendedKalmanFilter.cpp:124]   --->   Operation 114 'dadd' 'add263_1' <Predicate = true> <Delay = 2.32> <CoreInst = "DAddSub_fulldsp">   --->   Core 37 'DAddSub_fulldsp' <Latency = 12> <II = 1> <Delay = 2.32> <FuncUnit> <Opcode : 'dadd' 'dsub'> <InPorts = 2> <OutPorts = 1>
ST_21 : Operation 115 [9/15] (2.79ns)   --->   "%mul258_1_1 = dmul i64 %mux_case_1159397_reload_read, i64 %select_ln124_5" [ExtendedKalmanFilter.cpp:124]   --->   Operation 115 'dmul' 'mul258_1_1' <Predicate = true> <Delay = 2.79> <CoreInst = "DMul_maxdsp">   --->   Core 49 'DMul_maxdsp' <Latency = 14> <II = 1> <Delay = 2.79> <FuncUnit> <Opcode : 'dmul'> <InPorts = 2> <OutPorts = 1>

State 22 <SV = 21> <Delay = 2.79>
ST_22 : Operation 116 [8/13] (2.32ns)   --->   "%add263_1 = dadd i64 %mul258_1, i64 0" [ExtendedKalmanFilter.cpp:124]   --->   Operation 116 'dadd' 'add263_1' <Predicate = true> <Delay = 2.32> <CoreInst = "DAddSub_fulldsp">   --->   Core 37 'DAddSub_fulldsp' <Latency = 12> <II = 1> <Delay = 2.32> <FuncUnit> <Opcode : 'dadd' 'dsub'> <InPorts = 2> <OutPorts = 1>
ST_22 : Operation 117 [8/15] (2.79ns)   --->   "%mul258_1_1 = dmul i64 %mux_case_1159397_reload_read, i64 %select_ln124_5" [ExtendedKalmanFilter.cpp:124]   --->   Operation 117 'dmul' 'mul258_1_1' <Predicate = true> <Delay = 2.79> <CoreInst = "DMul_maxdsp">   --->   Core 49 'DMul_maxdsp' <Latency = 14> <II = 1> <Delay = 2.79> <FuncUnit> <Opcode : 'dmul'> <InPorts = 2> <OutPorts = 1>

State 23 <SV = 22> <Delay = 2.79>
ST_23 : Operation 118 [7/13] (2.32ns)   --->   "%add263_1 = dadd i64 %mul258_1, i64 0" [ExtendedKalmanFilter.cpp:124]   --->   Operation 118 'dadd' 'add263_1' <Predicate = true> <Delay = 2.32> <CoreInst = "DAddSub_fulldsp">   --->   Core 37 'DAddSub_fulldsp' <Latency = 12> <II = 1> <Delay = 2.32> <FuncUnit> <Opcode : 'dadd' 'dsub'> <InPorts = 2> <OutPorts = 1>
ST_23 : Operation 119 [7/15] (2.79ns)   --->   "%mul258_1_1 = dmul i64 %mux_case_1159397_reload_read, i64 %select_ln124_5" [ExtendedKalmanFilter.cpp:124]   --->   Operation 119 'dmul' 'mul258_1_1' <Predicate = true> <Delay = 2.79> <CoreInst = "DMul_maxdsp">   --->   Core 49 'DMul_maxdsp' <Latency = 14> <II = 1> <Delay = 2.79> <FuncUnit> <Opcode : 'dmul'> <InPorts = 2> <OutPorts = 1>

State 24 <SV = 23> <Delay = 2.79>
ST_24 : Operation 120 [6/13] (2.32ns)   --->   "%add263_1 = dadd i64 %mul258_1, i64 0" [ExtendedKalmanFilter.cpp:124]   --->   Operation 120 'dadd' 'add263_1' <Predicate = true> <Delay = 2.32> <CoreInst = "DAddSub_fulldsp">   --->   Core 37 'DAddSub_fulldsp' <Latency = 12> <II = 1> <Delay = 2.32> <FuncUnit> <Opcode : 'dadd' 'dsub'> <InPorts = 2> <OutPorts = 1>
ST_24 : Operation 121 [6/15] (2.79ns)   --->   "%mul258_1_1 = dmul i64 %mux_case_1159397_reload_read, i64 %select_ln124_5" [ExtendedKalmanFilter.cpp:124]   --->   Operation 121 'dmul' 'mul258_1_1' <Predicate = true> <Delay = 2.79> <CoreInst = "DMul_maxdsp">   --->   Core 49 'DMul_maxdsp' <Latency = 14> <II = 1> <Delay = 2.79> <FuncUnit> <Opcode : 'dmul'> <InPorts = 2> <OutPorts = 1>

State 25 <SV = 24> <Delay = 2.79>
ST_25 : Operation 122 [5/13] (2.32ns)   --->   "%add263_1 = dadd i64 %mul258_1, i64 0" [ExtendedKalmanFilter.cpp:124]   --->   Operation 122 'dadd' 'add263_1' <Predicate = true> <Delay = 2.32> <CoreInst = "DAddSub_fulldsp">   --->   Core 37 'DAddSub_fulldsp' <Latency = 12> <II = 1> <Delay = 2.32> <FuncUnit> <Opcode : 'dadd' 'dsub'> <InPorts = 2> <OutPorts = 1>
ST_25 : Operation 123 [5/15] (2.79ns)   --->   "%mul258_1_1 = dmul i64 %mux_case_1159397_reload_read, i64 %select_ln124_5" [ExtendedKalmanFilter.cpp:124]   --->   Operation 123 'dmul' 'mul258_1_1' <Predicate = true> <Delay = 2.79> <CoreInst = "DMul_maxdsp">   --->   Core 49 'DMul_maxdsp' <Latency = 14> <II = 1> <Delay = 2.79> <FuncUnit> <Opcode : 'dmul'> <InPorts = 2> <OutPorts = 1>

State 26 <SV = 25> <Delay = 2.79>
ST_26 : Operation 124 [4/13] (2.32ns)   --->   "%add263_1 = dadd i64 %mul258_1, i64 0" [ExtendedKalmanFilter.cpp:124]   --->   Operation 124 'dadd' 'add263_1' <Predicate = true> <Delay = 2.32> <CoreInst = "DAddSub_fulldsp">   --->   Core 37 'DAddSub_fulldsp' <Latency = 12> <II = 1> <Delay = 2.32> <FuncUnit> <Opcode : 'dadd' 'dsub'> <InPorts = 2> <OutPorts = 1>
ST_26 : Operation 125 [4/15] (2.79ns)   --->   "%mul258_1_1 = dmul i64 %mux_case_1159397_reload_read, i64 %select_ln124_5" [ExtendedKalmanFilter.cpp:124]   --->   Operation 125 'dmul' 'mul258_1_1' <Predicate = true> <Delay = 2.79> <CoreInst = "DMul_maxdsp">   --->   Core 49 'DMul_maxdsp' <Latency = 14> <II = 1> <Delay = 2.79> <FuncUnit> <Opcode : 'dmul'> <InPorts = 2> <OutPorts = 1>

State 27 <SV = 26> <Delay = 2.79>
ST_27 : Operation 126 [3/13] (2.32ns)   --->   "%add263_1 = dadd i64 %mul258_1, i64 0" [ExtendedKalmanFilter.cpp:124]   --->   Operation 126 'dadd' 'add263_1' <Predicate = true> <Delay = 2.32> <CoreInst = "DAddSub_fulldsp">   --->   Core 37 'DAddSub_fulldsp' <Latency = 12> <II = 1> <Delay = 2.32> <FuncUnit> <Opcode : 'dadd' 'dsub'> <InPorts = 2> <OutPorts = 1>
ST_27 : Operation 127 [3/15] (2.79ns)   --->   "%mul258_1_1 = dmul i64 %mux_case_1159397_reload_read, i64 %select_ln124_5" [ExtendedKalmanFilter.cpp:124]   --->   Operation 127 'dmul' 'mul258_1_1' <Predicate = true> <Delay = 2.79> <CoreInst = "DMul_maxdsp">   --->   Core 49 'DMul_maxdsp' <Latency = 14> <II = 1> <Delay = 2.79> <FuncUnit> <Opcode : 'dmul'> <InPorts = 2> <OutPorts = 1>

State 28 <SV = 27> <Delay = 2.79>
ST_28 : Operation 128 [2/13] (2.32ns)   --->   "%add263_1 = dadd i64 %mul258_1, i64 0" [ExtendedKalmanFilter.cpp:124]   --->   Operation 128 'dadd' 'add263_1' <Predicate = true> <Delay = 2.32> <CoreInst = "DAddSub_fulldsp">   --->   Core 37 'DAddSub_fulldsp' <Latency = 12> <II = 1> <Delay = 2.32> <FuncUnit> <Opcode : 'dadd' 'dsub'> <InPorts = 2> <OutPorts = 1>
ST_28 : Operation 129 [2/15] (2.79ns)   --->   "%mul258_1_1 = dmul i64 %mux_case_1159397_reload_read, i64 %select_ln124_5" [ExtendedKalmanFilter.cpp:124]   --->   Operation 129 'dmul' 'mul258_1_1' <Predicate = true> <Delay = 2.79> <CoreInst = "DMul_maxdsp">   --->   Core 49 'DMul_maxdsp' <Latency = 14> <II = 1> <Delay = 2.79> <FuncUnit> <Opcode : 'dmul'> <InPorts = 2> <OutPorts = 1>
ST_28 : Operation 130 [15/15] (2.79ns)   --->   "%mul258_1_2 = dmul i64 %mux_case_2160400_reload_read, i64 0" [ExtendedKalmanFilter.cpp:124]   --->   Operation 130 'dmul' 'mul258_1_2' <Predicate = true> <Delay = 2.79> <CoreInst = "DMul_maxdsp">   --->   Core 49 'DMul_maxdsp' <Latency = 14> <II = 1> <Delay = 2.79> <FuncUnit> <Opcode : 'dmul'> <InPorts = 2> <OutPorts = 1>

State 29 <SV = 28> <Delay = 2.79>
ST_29 : Operation 131 [1/13] (2.32ns)   --->   "%add263_1 = dadd i64 %mul258_1, i64 0" [ExtendedKalmanFilter.cpp:124]   --->   Operation 131 'dadd' 'add263_1' <Predicate = true> <Delay = 2.32> <CoreInst = "DAddSub_fulldsp">   --->   Core 37 'DAddSub_fulldsp' <Latency = 12> <II = 1> <Delay = 2.32> <FuncUnit> <Opcode : 'dadd' 'dsub'> <InPorts = 2> <OutPorts = 1>
ST_29 : Operation 132 [1/15] (2.79ns)   --->   "%mul258_1_1 = dmul i64 %mux_case_1159397_reload_read, i64 %select_ln124_5" [ExtendedKalmanFilter.cpp:124]   --->   Operation 132 'dmul' 'mul258_1_1' <Predicate = true> <Delay = 2.79> <CoreInst = "DMul_maxdsp">   --->   Core 49 'DMul_maxdsp' <Latency = 14> <II = 1> <Delay = 2.79> <FuncUnit> <Opcode : 'dmul'> <InPorts = 2> <OutPorts = 1>
ST_29 : Operation 133 [14/15] (2.79ns)   --->   "%mul258_1_2 = dmul i64 %mux_case_2160400_reload_read, i64 0" [ExtendedKalmanFilter.cpp:124]   --->   Operation 133 'dmul' 'mul258_1_2' <Predicate = true> <Delay = 2.79> <CoreInst = "DMul_maxdsp">   --->   Core 49 'DMul_maxdsp' <Latency = 14> <II = 1> <Delay = 2.79> <FuncUnit> <Opcode : 'dmul'> <InPorts = 2> <OutPorts = 1>

State 30 <SV = 29> <Delay = 2.79>
ST_30 : Operation 134 [13/13] (2.32ns)   --->   "%add263_1_1 = dadd i64 %add263_1, i64 %mul258_1_1" [ExtendedKalmanFilter.cpp:124]   --->   Operation 134 'dadd' 'add263_1_1' <Predicate = true> <Delay = 2.32> <CoreInst = "DAddSub_fulldsp">   --->   Core 37 'DAddSub_fulldsp' <Latency = 12> <II = 1> <Delay = 2.32> <FuncUnit> <Opcode : 'dadd' 'dsub'> <InPorts = 2> <OutPorts = 1>
ST_30 : Operation 135 [13/15] (2.79ns)   --->   "%mul258_1_2 = dmul i64 %mux_case_2160400_reload_read, i64 0" [ExtendedKalmanFilter.cpp:124]   --->   Operation 135 'dmul' 'mul258_1_2' <Predicate = true> <Delay = 2.79> <CoreInst = "DMul_maxdsp">   --->   Core 49 'DMul_maxdsp' <Latency = 14> <II = 1> <Delay = 2.79> <FuncUnit> <Opcode : 'dmul'> <InPorts = 2> <OutPorts = 1>

State 31 <SV = 30> <Delay = 2.79>
ST_31 : Operation 136 [12/13] (2.32ns)   --->   "%add263_1_1 = dadd i64 %add263_1, i64 %mul258_1_1" [ExtendedKalmanFilter.cpp:124]   --->   Operation 136 'dadd' 'add263_1_1' <Predicate = true> <Delay = 2.32> <CoreInst = "DAddSub_fulldsp">   --->   Core 37 'DAddSub_fulldsp' <Latency = 12> <II = 1> <Delay = 2.32> <FuncUnit> <Opcode : 'dadd' 'dsub'> <InPorts = 2> <OutPorts = 1>
ST_31 : Operation 137 [12/15] (2.79ns)   --->   "%mul258_1_2 = dmul i64 %mux_case_2160400_reload_read, i64 0" [ExtendedKalmanFilter.cpp:124]   --->   Operation 137 'dmul' 'mul258_1_2' <Predicate = true> <Delay = 2.79> <CoreInst = "DMul_maxdsp">   --->   Core 49 'DMul_maxdsp' <Latency = 14> <II = 1> <Delay = 2.79> <FuncUnit> <Opcode : 'dmul'> <InPorts = 2> <OutPorts = 1>

State 32 <SV = 31> <Delay = 2.79>
ST_32 : Operation 138 [11/13] (2.32ns)   --->   "%add263_1_1 = dadd i64 %add263_1, i64 %mul258_1_1" [ExtendedKalmanFilter.cpp:124]   --->   Operation 138 'dadd' 'add263_1_1' <Predicate = true> <Delay = 2.32> <CoreInst = "DAddSub_fulldsp">   --->   Core 37 'DAddSub_fulldsp' <Latency = 12> <II = 1> <Delay = 2.32> <FuncUnit> <Opcode : 'dadd' 'dsub'> <InPorts = 2> <OutPorts = 1>
ST_32 : Operation 139 [11/15] (2.79ns)   --->   "%mul258_1_2 = dmul i64 %mux_case_2160400_reload_read, i64 0" [ExtendedKalmanFilter.cpp:124]   --->   Operation 139 'dmul' 'mul258_1_2' <Predicate = true> <Delay = 2.79> <CoreInst = "DMul_maxdsp">   --->   Core 49 'DMul_maxdsp' <Latency = 14> <II = 1> <Delay = 2.79> <FuncUnit> <Opcode : 'dmul'> <InPorts = 2> <OutPorts = 1>

State 33 <SV = 32> <Delay = 2.79>
ST_33 : Operation 140 [10/13] (2.32ns)   --->   "%add263_1_1 = dadd i64 %add263_1, i64 %mul258_1_1" [ExtendedKalmanFilter.cpp:124]   --->   Operation 140 'dadd' 'add263_1_1' <Predicate = true> <Delay = 2.32> <CoreInst = "DAddSub_fulldsp">   --->   Core 37 'DAddSub_fulldsp' <Latency = 12> <II = 1> <Delay = 2.32> <FuncUnit> <Opcode : 'dadd' 'dsub'> <InPorts = 2> <OutPorts = 1>
ST_33 : Operation 141 [10/15] (2.79ns)   --->   "%mul258_1_2 = dmul i64 %mux_case_2160400_reload_read, i64 0" [ExtendedKalmanFilter.cpp:124]   --->   Operation 141 'dmul' 'mul258_1_2' <Predicate = true> <Delay = 2.79> <CoreInst = "DMul_maxdsp">   --->   Core 49 'DMul_maxdsp' <Latency = 14> <II = 1> <Delay = 2.79> <FuncUnit> <Opcode : 'dmul'> <InPorts = 2> <OutPorts = 1>

State 34 <SV = 33> <Delay = 2.79>
ST_34 : Operation 142 [9/13] (2.32ns)   --->   "%add263_1_1 = dadd i64 %add263_1, i64 %mul258_1_1" [ExtendedKalmanFilter.cpp:124]   --->   Operation 142 'dadd' 'add263_1_1' <Predicate = true> <Delay = 2.32> <CoreInst = "DAddSub_fulldsp">   --->   Core 37 'DAddSub_fulldsp' <Latency = 12> <II = 1> <Delay = 2.32> <FuncUnit> <Opcode : 'dadd' 'dsub'> <InPorts = 2> <OutPorts = 1>
ST_34 : Operation 143 [9/15] (2.79ns)   --->   "%mul258_1_2 = dmul i64 %mux_case_2160400_reload_read, i64 0" [ExtendedKalmanFilter.cpp:124]   --->   Operation 143 'dmul' 'mul258_1_2' <Predicate = true> <Delay = 2.79> <CoreInst = "DMul_maxdsp">   --->   Core 49 'DMul_maxdsp' <Latency = 14> <II = 1> <Delay = 2.79> <FuncUnit> <Opcode : 'dmul'> <InPorts = 2> <OutPorts = 1>

State 35 <SV = 34> <Delay = 2.79>
ST_35 : Operation 144 [8/13] (2.32ns)   --->   "%add263_1_1 = dadd i64 %add263_1, i64 %mul258_1_1" [ExtendedKalmanFilter.cpp:124]   --->   Operation 144 'dadd' 'add263_1_1' <Predicate = true> <Delay = 2.32> <CoreInst = "DAddSub_fulldsp">   --->   Core 37 'DAddSub_fulldsp' <Latency = 12> <II = 1> <Delay = 2.32> <FuncUnit> <Opcode : 'dadd' 'dsub'> <InPorts = 2> <OutPorts = 1>
ST_35 : Operation 145 [8/15] (2.79ns)   --->   "%mul258_1_2 = dmul i64 %mux_case_2160400_reload_read, i64 0" [ExtendedKalmanFilter.cpp:124]   --->   Operation 145 'dmul' 'mul258_1_2' <Predicate = true> <Delay = 2.79> <CoreInst = "DMul_maxdsp">   --->   Core 49 'DMul_maxdsp' <Latency = 14> <II = 1> <Delay = 2.79> <FuncUnit> <Opcode : 'dmul'> <InPorts = 2> <OutPorts = 1>

State 36 <SV = 35> <Delay = 2.79>
ST_36 : Operation 146 [7/13] (2.32ns)   --->   "%add263_1_1 = dadd i64 %add263_1, i64 %mul258_1_1" [ExtendedKalmanFilter.cpp:124]   --->   Operation 146 'dadd' 'add263_1_1' <Predicate = true> <Delay = 2.32> <CoreInst = "DAddSub_fulldsp">   --->   Core 37 'DAddSub_fulldsp' <Latency = 12> <II = 1> <Delay = 2.32> <FuncUnit> <Opcode : 'dadd' 'dsub'> <InPorts = 2> <OutPorts = 1>
ST_36 : Operation 147 [7/15] (2.79ns)   --->   "%mul258_1_2 = dmul i64 %mux_case_2160400_reload_read, i64 0" [ExtendedKalmanFilter.cpp:124]   --->   Operation 147 'dmul' 'mul258_1_2' <Predicate = true> <Delay = 2.79> <CoreInst = "DMul_maxdsp">   --->   Core 49 'DMul_maxdsp' <Latency = 14> <II = 1> <Delay = 2.79> <FuncUnit> <Opcode : 'dmul'> <InPorts = 2> <OutPorts = 1>

State 37 <SV = 36> <Delay = 2.79>
ST_37 : Operation 148 [6/13] (2.32ns)   --->   "%add263_1_1 = dadd i64 %add263_1, i64 %mul258_1_1" [ExtendedKalmanFilter.cpp:124]   --->   Operation 148 'dadd' 'add263_1_1' <Predicate = true> <Delay = 2.32> <CoreInst = "DAddSub_fulldsp">   --->   Core 37 'DAddSub_fulldsp' <Latency = 12> <II = 1> <Delay = 2.32> <FuncUnit> <Opcode : 'dadd' 'dsub'> <InPorts = 2> <OutPorts = 1>
ST_37 : Operation 149 [6/15] (2.79ns)   --->   "%mul258_1_2 = dmul i64 %mux_case_2160400_reload_read, i64 0" [ExtendedKalmanFilter.cpp:124]   --->   Operation 149 'dmul' 'mul258_1_2' <Predicate = true> <Delay = 2.79> <CoreInst = "DMul_maxdsp">   --->   Core 49 'DMul_maxdsp' <Latency = 14> <II = 1> <Delay = 2.79> <FuncUnit> <Opcode : 'dmul'> <InPorts = 2> <OutPorts = 1>

State 38 <SV = 37> <Delay = 2.79>
ST_38 : Operation 150 [5/13] (2.32ns)   --->   "%add263_1_1 = dadd i64 %add263_1, i64 %mul258_1_1" [ExtendedKalmanFilter.cpp:124]   --->   Operation 150 'dadd' 'add263_1_1' <Predicate = true> <Delay = 2.32> <CoreInst = "DAddSub_fulldsp">   --->   Core 37 'DAddSub_fulldsp' <Latency = 12> <II = 1> <Delay = 2.32> <FuncUnit> <Opcode : 'dadd' 'dsub'> <InPorts = 2> <OutPorts = 1>
ST_38 : Operation 151 [5/15] (2.79ns)   --->   "%mul258_1_2 = dmul i64 %mux_case_2160400_reload_read, i64 0" [ExtendedKalmanFilter.cpp:124]   --->   Operation 151 'dmul' 'mul258_1_2' <Predicate = true> <Delay = 2.79> <CoreInst = "DMul_maxdsp">   --->   Core 49 'DMul_maxdsp' <Latency = 14> <II = 1> <Delay = 2.79> <FuncUnit> <Opcode : 'dmul'> <InPorts = 2> <OutPorts = 1>

State 39 <SV = 38> <Delay = 2.79>
ST_39 : Operation 152 [4/13] (2.32ns)   --->   "%add263_1_1 = dadd i64 %add263_1, i64 %mul258_1_1" [ExtendedKalmanFilter.cpp:124]   --->   Operation 152 'dadd' 'add263_1_1' <Predicate = true> <Delay = 2.32> <CoreInst = "DAddSub_fulldsp">   --->   Core 37 'DAddSub_fulldsp' <Latency = 12> <II = 1> <Delay = 2.32> <FuncUnit> <Opcode : 'dadd' 'dsub'> <InPorts = 2> <OutPorts = 1>
ST_39 : Operation 153 [4/15] (2.79ns)   --->   "%mul258_1_2 = dmul i64 %mux_case_2160400_reload_read, i64 0" [ExtendedKalmanFilter.cpp:124]   --->   Operation 153 'dmul' 'mul258_1_2' <Predicate = true> <Delay = 2.79> <CoreInst = "DMul_maxdsp">   --->   Core 49 'DMul_maxdsp' <Latency = 14> <II = 1> <Delay = 2.79> <FuncUnit> <Opcode : 'dmul'> <InPorts = 2> <OutPorts = 1>

State 40 <SV = 39> <Delay = 2.79>
ST_40 : Operation 154 [3/13] (2.32ns)   --->   "%add263_1_1 = dadd i64 %add263_1, i64 %mul258_1_1" [ExtendedKalmanFilter.cpp:124]   --->   Operation 154 'dadd' 'add263_1_1' <Predicate = true> <Delay = 2.32> <CoreInst = "DAddSub_fulldsp">   --->   Core 37 'DAddSub_fulldsp' <Latency = 12> <II = 1> <Delay = 2.32> <FuncUnit> <Opcode : 'dadd' 'dsub'> <InPorts = 2> <OutPorts = 1>
ST_40 : Operation 155 [3/15] (2.79ns)   --->   "%mul258_1_2 = dmul i64 %mux_case_2160400_reload_read, i64 0" [ExtendedKalmanFilter.cpp:124]   --->   Operation 155 'dmul' 'mul258_1_2' <Predicate = true> <Delay = 2.79> <CoreInst = "DMul_maxdsp">   --->   Core 49 'DMul_maxdsp' <Latency = 14> <II = 1> <Delay = 2.79> <FuncUnit> <Opcode : 'dmul'> <InPorts = 2> <OutPorts = 1>

State 41 <SV = 40> <Delay = 2.79>
ST_41 : Operation 156 [2/13] (2.32ns)   --->   "%add263_1_1 = dadd i64 %add263_1, i64 %mul258_1_1" [ExtendedKalmanFilter.cpp:124]   --->   Operation 156 'dadd' 'add263_1_1' <Predicate = true> <Delay = 2.32> <CoreInst = "DAddSub_fulldsp">   --->   Core 37 'DAddSub_fulldsp' <Latency = 12> <II = 1> <Delay = 2.32> <FuncUnit> <Opcode : 'dadd' 'dsub'> <InPorts = 2> <OutPorts = 1>
ST_41 : Operation 157 [2/15] (2.79ns)   --->   "%mul258_1_2 = dmul i64 %mux_case_2160400_reload_read, i64 0" [ExtendedKalmanFilter.cpp:124]   --->   Operation 157 'dmul' 'mul258_1_2' <Predicate = true> <Delay = 2.79> <CoreInst = "DMul_maxdsp">   --->   Core 49 'DMul_maxdsp' <Latency = 14> <II = 1> <Delay = 2.79> <FuncUnit> <Opcode : 'dmul'> <InPorts = 2> <OutPorts = 1>
ST_41 : Operation 158 [15/15] (2.79ns)   --->   "%mul258_1_3 = dmul i64 %mux_case_3161403_reload_read, i64 0" [ExtendedKalmanFilter.cpp:124]   --->   Operation 158 'dmul' 'mul258_1_3' <Predicate = true> <Delay = 2.79> <CoreInst = "DMul_maxdsp">   --->   Core 49 'DMul_maxdsp' <Latency = 14> <II = 1> <Delay = 2.79> <FuncUnit> <Opcode : 'dmul'> <InPorts = 2> <OutPorts = 1>

State 42 <SV = 41> <Delay = 2.79>
ST_42 : Operation 159 [1/13] (2.32ns)   --->   "%add263_1_1 = dadd i64 %add263_1, i64 %mul258_1_1" [ExtendedKalmanFilter.cpp:124]   --->   Operation 159 'dadd' 'add263_1_1' <Predicate = true> <Delay = 2.32> <CoreInst = "DAddSub_fulldsp">   --->   Core 37 'DAddSub_fulldsp' <Latency = 12> <II = 1> <Delay = 2.32> <FuncUnit> <Opcode : 'dadd' 'dsub'> <InPorts = 2> <OutPorts = 1>
ST_42 : Operation 160 [1/15] (2.79ns)   --->   "%mul258_1_2 = dmul i64 %mux_case_2160400_reload_read, i64 0" [ExtendedKalmanFilter.cpp:124]   --->   Operation 160 'dmul' 'mul258_1_2' <Predicate = true> <Delay = 2.79> <CoreInst = "DMul_maxdsp">   --->   Core 49 'DMul_maxdsp' <Latency = 14> <II = 1> <Delay = 2.79> <FuncUnit> <Opcode : 'dmul'> <InPorts = 2> <OutPorts = 1>
ST_42 : Operation 161 [14/15] (2.79ns)   --->   "%mul258_1_3 = dmul i64 %mux_case_3161403_reload_read, i64 0" [ExtendedKalmanFilter.cpp:124]   --->   Operation 161 'dmul' 'mul258_1_3' <Predicate = true> <Delay = 2.79> <CoreInst = "DMul_maxdsp">   --->   Core 49 'DMul_maxdsp' <Latency = 14> <II = 1> <Delay = 2.79> <FuncUnit> <Opcode : 'dmul'> <InPorts = 2> <OutPorts = 1>

State 43 <SV = 42> <Delay = 2.79>
ST_43 : Operation 162 [13/13] (2.32ns)   --->   "%add263_1_2 = dadd i64 %add263_1_1, i64 %mul258_1_2" [ExtendedKalmanFilter.cpp:124]   --->   Operation 162 'dadd' 'add263_1_2' <Predicate = true> <Delay = 2.32> <CoreInst = "DAddSub_fulldsp">   --->   Core 37 'DAddSub_fulldsp' <Latency = 12> <II = 1> <Delay = 2.32> <FuncUnit> <Opcode : 'dadd' 'dsub'> <InPorts = 2> <OutPorts = 1>
ST_43 : Operation 163 [13/15] (2.79ns)   --->   "%mul258_1_3 = dmul i64 %mux_case_3161403_reload_read, i64 0" [ExtendedKalmanFilter.cpp:124]   --->   Operation 163 'dmul' 'mul258_1_3' <Predicate = true> <Delay = 2.79> <CoreInst = "DMul_maxdsp">   --->   Core 49 'DMul_maxdsp' <Latency = 14> <II = 1> <Delay = 2.79> <FuncUnit> <Opcode : 'dmul'> <InPorts = 2> <OutPorts = 1>

State 44 <SV = 43> <Delay = 2.79>
ST_44 : Operation 164 [12/13] (2.32ns)   --->   "%add263_1_2 = dadd i64 %add263_1_1, i64 %mul258_1_2" [ExtendedKalmanFilter.cpp:124]   --->   Operation 164 'dadd' 'add263_1_2' <Predicate = true> <Delay = 2.32> <CoreInst = "DAddSub_fulldsp">   --->   Core 37 'DAddSub_fulldsp' <Latency = 12> <II = 1> <Delay = 2.32> <FuncUnit> <Opcode : 'dadd' 'dsub'> <InPorts = 2> <OutPorts = 1>
ST_44 : Operation 165 [12/15] (2.79ns)   --->   "%mul258_1_3 = dmul i64 %mux_case_3161403_reload_read, i64 0" [ExtendedKalmanFilter.cpp:124]   --->   Operation 165 'dmul' 'mul258_1_3' <Predicate = true> <Delay = 2.79> <CoreInst = "DMul_maxdsp">   --->   Core 49 'DMul_maxdsp' <Latency = 14> <II = 1> <Delay = 2.79> <FuncUnit> <Opcode : 'dmul'> <InPorts = 2> <OutPorts = 1>

State 45 <SV = 44> <Delay = 2.79>
ST_45 : Operation 166 [11/13] (2.32ns)   --->   "%add263_1_2 = dadd i64 %add263_1_1, i64 %mul258_1_2" [ExtendedKalmanFilter.cpp:124]   --->   Operation 166 'dadd' 'add263_1_2' <Predicate = true> <Delay = 2.32> <CoreInst = "DAddSub_fulldsp">   --->   Core 37 'DAddSub_fulldsp' <Latency = 12> <II = 1> <Delay = 2.32> <FuncUnit> <Opcode : 'dadd' 'dsub'> <InPorts = 2> <OutPorts = 1>
ST_45 : Operation 167 [11/15] (2.79ns)   --->   "%mul258_1_3 = dmul i64 %mux_case_3161403_reload_read, i64 0" [ExtendedKalmanFilter.cpp:124]   --->   Operation 167 'dmul' 'mul258_1_3' <Predicate = true> <Delay = 2.79> <CoreInst = "DMul_maxdsp">   --->   Core 49 'DMul_maxdsp' <Latency = 14> <II = 1> <Delay = 2.79> <FuncUnit> <Opcode : 'dmul'> <InPorts = 2> <OutPorts = 1>

State 46 <SV = 45> <Delay = 2.79>
ST_46 : Operation 168 [10/13] (2.32ns)   --->   "%add263_1_2 = dadd i64 %add263_1_1, i64 %mul258_1_2" [ExtendedKalmanFilter.cpp:124]   --->   Operation 168 'dadd' 'add263_1_2' <Predicate = true> <Delay = 2.32> <CoreInst = "DAddSub_fulldsp">   --->   Core 37 'DAddSub_fulldsp' <Latency = 12> <II = 1> <Delay = 2.32> <FuncUnit> <Opcode : 'dadd' 'dsub'> <InPorts = 2> <OutPorts = 1>
ST_46 : Operation 169 [10/15] (2.79ns)   --->   "%mul258_1_3 = dmul i64 %mux_case_3161403_reload_read, i64 0" [ExtendedKalmanFilter.cpp:124]   --->   Operation 169 'dmul' 'mul258_1_3' <Predicate = true> <Delay = 2.79> <CoreInst = "DMul_maxdsp">   --->   Core 49 'DMul_maxdsp' <Latency = 14> <II = 1> <Delay = 2.79> <FuncUnit> <Opcode : 'dmul'> <InPorts = 2> <OutPorts = 1>

State 47 <SV = 46> <Delay = 2.79>
ST_47 : Operation 170 [9/13] (2.32ns)   --->   "%add263_1_2 = dadd i64 %add263_1_1, i64 %mul258_1_2" [ExtendedKalmanFilter.cpp:124]   --->   Operation 170 'dadd' 'add263_1_2' <Predicate = true> <Delay = 2.32> <CoreInst = "DAddSub_fulldsp">   --->   Core 37 'DAddSub_fulldsp' <Latency = 12> <II = 1> <Delay = 2.32> <FuncUnit> <Opcode : 'dadd' 'dsub'> <InPorts = 2> <OutPorts = 1>
ST_47 : Operation 171 [9/15] (2.79ns)   --->   "%mul258_1_3 = dmul i64 %mux_case_3161403_reload_read, i64 0" [ExtendedKalmanFilter.cpp:124]   --->   Operation 171 'dmul' 'mul258_1_3' <Predicate = true> <Delay = 2.79> <CoreInst = "DMul_maxdsp">   --->   Core 49 'DMul_maxdsp' <Latency = 14> <II = 1> <Delay = 2.79> <FuncUnit> <Opcode : 'dmul'> <InPorts = 2> <OutPorts = 1>

State 48 <SV = 47> <Delay = 2.79>
ST_48 : Operation 172 [8/13] (2.32ns)   --->   "%add263_1_2 = dadd i64 %add263_1_1, i64 %mul258_1_2" [ExtendedKalmanFilter.cpp:124]   --->   Operation 172 'dadd' 'add263_1_2' <Predicate = true> <Delay = 2.32> <CoreInst = "DAddSub_fulldsp">   --->   Core 37 'DAddSub_fulldsp' <Latency = 12> <II = 1> <Delay = 2.32> <FuncUnit> <Opcode : 'dadd' 'dsub'> <InPorts = 2> <OutPorts = 1>
ST_48 : Operation 173 [8/15] (2.79ns)   --->   "%mul258_1_3 = dmul i64 %mux_case_3161403_reload_read, i64 0" [ExtendedKalmanFilter.cpp:124]   --->   Operation 173 'dmul' 'mul258_1_3' <Predicate = true> <Delay = 2.79> <CoreInst = "DMul_maxdsp">   --->   Core 49 'DMul_maxdsp' <Latency = 14> <II = 1> <Delay = 2.79> <FuncUnit> <Opcode : 'dmul'> <InPorts = 2> <OutPorts = 1>

State 49 <SV = 48> <Delay = 2.79>
ST_49 : Operation 174 [7/13] (2.32ns)   --->   "%add263_1_2 = dadd i64 %add263_1_1, i64 %mul258_1_2" [ExtendedKalmanFilter.cpp:124]   --->   Operation 174 'dadd' 'add263_1_2' <Predicate = true> <Delay = 2.32> <CoreInst = "DAddSub_fulldsp">   --->   Core 37 'DAddSub_fulldsp' <Latency = 12> <II = 1> <Delay = 2.32> <FuncUnit> <Opcode : 'dadd' 'dsub'> <InPorts = 2> <OutPorts = 1>
ST_49 : Operation 175 [7/15] (2.79ns)   --->   "%mul258_1_3 = dmul i64 %mux_case_3161403_reload_read, i64 0" [ExtendedKalmanFilter.cpp:124]   --->   Operation 175 'dmul' 'mul258_1_3' <Predicate = true> <Delay = 2.79> <CoreInst = "DMul_maxdsp">   --->   Core 49 'DMul_maxdsp' <Latency = 14> <II = 1> <Delay = 2.79> <FuncUnit> <Opcode : 'dmul'> <InPorts = 2> <OutPorts = 1>

State 50 <SV = 49> <Delay = 2.79>
ST_50 : Operation 176 [6/13] (2.32ns)   --->   "%add263_1_2 = dadd i64 %add263_1_1, i64 %mul258_1_2" [ExtendedKalmanFilter.cpp:124]   --->   Operation 176 'dadd' 'add263_1_2' <Predicate = true> <Delay = 2.32> <CoreInst = "DAddSub_fulldsp">   --->   Core 37 'DAddSub_fulldsp' <Latency = 12> <II = 1> <Delay = 2.32> <FuncUnit> <Opcode : 'dadd' 'dsub'> <InPorts = 2> <OutPorts = 1>
ST_50 : Operation 177 [6/15] (2.79ns)   --->   "%mul258_1_3 = dmul i64 %mux_case_3161403_reload_read, i64 0" [ExtendedKalmanFilter.cpp:124]   --->   Operation 177 'dmul' 'mul258_1_3' <Predicate = true> <Delay = 2.79> <CoreInst = "DMul_maxdsp">   --->   Core 49 'DMul_maxdsp' <Latency = 14> <II = 1> <Delay = 2.79> <FuncUnit> <Opcode : 'dmul'> <InPorts = 2> <OutPorts = 1>

State 51 <SV = 50> <Delay = 2.79>
ST_51 : Operation 178 [5/13] (2.32ns)   --->   "%add263_1_2 = dadd i64 %add263_1_1, i64 %mul258_1_2" [ExtendedKalmanFilter.cpp:124]   --->   Operation 178 'dadd' 'add263_1_2' <Predicate = true> <Delay = 2.32> <CoreInst = "DAddSub_fulldsp">   --->   Core 37 'DAddSub_fulldsp' <Latency = 12> <II = 1> <Delay = 2.32> <FuncUnit> <Opcode : 'dadd' 'dsub'> <InPorts = 2> <OutPorts = 1>
ST_51 : Operation 179 [5/15] (2.79ns)   --->   "%mul258_1_3 = dmul i64 %mux_case_3161403_reload_read, i64 0" [ExtendedKalmanFilter.cpp:124]   --->   Operation 179 'dmul' 'mul258_1_3' <Predicate = true> <Delay = 2.79> <CoreInst = "DMul_maxdsp">   --->   Core 49 'DMul_maxdsp' <Latency = 14> <II = 1> <Delay = 2.79> <FuncUnit> <Opcode : 'dmul'> <InPorts = 2> <OutPorts = 1>

State 52 <SV = 51> <Delay = 2.79>
ST_52 : Operation 180 [4/13] (2.32ns)   --->   "%add263_1_2 = dadd i64 %add263_1_1, i64 %mul258_1_2" [ExtendedKalmanFilter.cpp:124]   --->   Operation 180 'dadd' 'add263_1_2' <Predicate = true> <Delay = 2.32> <CoreInst = "DAddSub_fulldsp">   --->   Core 37 'DAddSub_fulldsp' <Latency = 12> <II = 1> <Delay = 2.32> <FuncUnit> <Opcode : 'dadd' 'dsub'> <InPorts = 2> <OutPorts = 1>
ST_52 : Operation 181 [4/15] (2.79ns)   --->   "%mul258_1_3 = dmul i64 %mux_case_3161403_reload_read, i64 0" [ExtendedKalmanFilter.cpp:124]   --->   Operation 181 'dmul' 'mul258_1_3' <Predicate = true> <Delay = 2.79> <CoreInst = "DMul_maxdsp">   --->   Core 49 'DMul_maxdsp' <Latency = 14> <II = 1> <Delay = 2.79> <FuncUnit> <Opcode : 'dmul'> <InPorts = 2> <OutPorts = 1>

State 53 <SV = 52> <Delay = 2.79>
ST_53 : Operation 182 [3/13] (2.32ns)   --->   "%add263_1_2 = dadd i64 %add263_1_1, i64 %mul258_1_2" [ExtendedKalmanFilter.cpp:124]   --->   Operation 182 'dadd' 'add263_1_2' <Predicate = true> <Delay = 2.32> <CoreInst = "DAddSub_fulldsp">   --->   Core 37 'DAddSub_fulldsp' <Latency = 12> <II = 1> <Delay = 2.32> <FuncUnit> <Opcode : 'dadd' 'dsub'> <InPorts = 2> <OutPorts = 1>
ST_53 : Operation 183 [3/15] (2.79ns)   --->   "%mul258_1_3 = dmul i64 %mux_case_3161403_reload_read, i64 0" [ExtendedKalmanFilter.cpp:124]   --->   Operation 183 'dmul' 'mul258_1_3' <Predicate = true> <Delay = 2.79> <CoreInst = "DMul_maxdsp">   --->   Core 49 'DMul_maxdsp' <Latency = 14> <II = 1> <Delay = 2.79> <FuncUnit> <Opcode : 'dmul'> <InPorts = 2> <OutPorts = 1>

State 54 <SV = 53> <Delay = 2.79>
ST_54 : Operation 184 [2/13] (2.32ns)   --->   "%add263_1_2 = dadd i64 %add263_1_1, i64 %mul258_1_2" [ExtendedKalmanFilter.cpp:124]   --->   Operation 184 'dadd' 'add263_1_2' <Predicate = true> <Delay = 2.32> <CoreInst = "DAddSub_fulldsp">   --->   Core 37 'DAddSub_fulldsp' <Latency = 12> <II = 1> <Delay = 2.32> <FuncUnit> <Opcode : 'dadd' 'dsub'> <InPorts = 2> <OutPorts = 1>
ST_54 : Operation 185 [2/15] (2.79ns)   --->   "%mul258_1_3 = dmul i64 %mux_case_3161403_reload_read, i64 0" [ExtendedKalmanFilter.cpp:124]   --->   Operation 185 'dmul' 'mul258_1_3' <Predicate = true> <Delay = 2.79> <CoreInst = "DMul_maxdsp">   --->   Core 49 'DMul_maxdsp' <Latency = 14> <II = 1> <Delay = 2.79> <FuncUnit> <Opcode : 'dmul'> <InPorts = 2> <OutPorts = 1>

State 55 <SV = 54> <Delay = 2.79>
ST_55 : Operation 186 [1/13] (2.32ns)   --->   "%add263_1_2 = dadd i64 %add263_1_1, i64 %mul258_1_2" [ExtendedKalmanFilter.cpp:124]   --->   Operation 186 'dadd' 'add263_1_2' <Predicate = true> <Delay = 2.32> <CoreInst = "DAddSub_fulldsp">   --->   Core 37 'DAddSub_fulldsp' <Latency = 12> <II = 1> <Delay = 2.32> <FuncUnit> <Opcode : 'dadd' 'dsub'> <InPorts = 2> <OutPorts = 1>
ST_55 : Operation 187 [1/15] (2.79ns)   --->   "%mul258_1_3 = dmul i64 %mux_case_3161403_reload_read, i64 0" [ExtendedKalmanFilter.cpp:124]   --->   Operation 187 'dmul' 'mul258_1_3' <Predicate = true> <Delay = 2.79> <CoreInst = "DMul_maxdsp">   --->   Core 49 'DMul_maxdsp' <Latency = 14> <II = 1> <Delay = 2.79> <FuncUnit> <Opcode : 'dmul'> <InPorts = 2> <OutPorts = 1>

State 56 <SV = 55> <Delay = 2.32>
ST_56 : Operation 188 [13/13] (2.32ns)   --->   "%temp1_0 = dadd i64 %add263_1_2, i64 %mul258_1_3" [ExtendedKalmanFilter.cpp:124]   --->   Operation 188 'dadd' 'temp1_0' <Predicate = true> <Delay = 2.32> <CoreInst = "DAddSub_fulldsp">   --->   Core 37 'DAddSub_fulldsp' <Latency = 12> <II = 1> <Delay = 2.32> <FuncUnit> <Opcode : 'dadd' 'dsub'> <InPorts = 2> <OutPorts = 1>

State 57 <SV = 56> <Delay = 2.32>
ST_57 : Operation 189 [12/13] (2.32ns)   --->   "%temp1_0 = dadd i64 %add263_1_2, i64 %mul258_1_3" [ExtendedKalmanFilter.cpp:124]   --->   Operation 189 'dadd' 'temp1_0' <Predicate = true> <Delay = 2.32> <CoreInst = "DAddSub_fulldsp">   --->   Core 37 'DAddSub_fulldsp' <Latency = 12> <II = 1> <Delay = 2.32> <FuncUnit> <Opcode : 'dadd' 'dsub'> <InPorts = 2> <OutPorts = 1>

State 58 <SV = 57> <Delay = 2.32>
ST_58 : Operation 190 [11/13] (2.32ns)   --->   "%temp1_0 = dadd i64 %add263_1_2, i64 %mul258_1_3" [ExtendedKalmanFilter.cpp:124]   --->   Operation 190 'dadd' 'temp1_0' <Predicate = true> <Delay = 2.32> <CoreInst = "DAddSub_fulldsp">   --->   Core 37 'DAddSub_fulldsp' <Latency = 12> <II = 1> <Delay = 2.32> <FuncUnit> <Opcode : 'dadd' 'dsub'> <InPorts = 2> <OutPorts = 1>

State 59 <SV = 58> <Delay = 2.32>
ST_59 : Operation 191 [10/13] (2.32ns)   --->   "%temp1_0 = dadd i64 %add263_1_2, i64 %mul258_1_3" [ExtendedKalmanFilter.cpp:124]   --->   Operation 191 'dadd' 'temp1_0' <Predicate = true> <Delay = 2.32> <CoreInst = "DAddSub_fulldsp">   --->   Core 37 'DAddSub_fulldsp' <Latency = 12> <II = 1> <Delay = 2.32> <FuncUnit> <Opcode : 'dadd' 'dsub'> <InPorts = 2> <OutPorts = 1>

State 60 <SV = 59> <Delay = 2.32>
ST_60 : Operation 192 [9/13] (2.32ns)   --->   "%temp1_0 = dadd i64 %add263_1_2, i64 %mul258_1_3" [ExtendedKalmanFilter.cpp:124]   --->   Operation 192 'dadd' 'temp1_0' <Predicate = true> <Delay = 2.32> <CoreInst = "DAddSub_fulldsp">   --->   Core 37 'DAddSub_fulldsp' <Latency = 12> <II = 1> <Delay = 2.32> <FuncUnit> <Opcode : 'dadd' 'dsub'> <InPorts = 2> <OutPorts = 1>

State 61 <SV = 60> <Delay = 2.32>
ST_61 : Operation 193 [8/13] (2.32ns)   --->   "%temp1_0 = dadd i64 %add263_1_2, i64 %mul258_1_3" [ExtendedKalmanFilter.cpp:124]   --->   Operation 193 'dadd' 'temp1_0' <Predicate = true> <Delay = 2.32> <CoreInst = "DAddSub_fulldsp">   --->   Core 37 'DAddSub_fulldsp' <Latency = 12> <II = 1> <Delay = 2.32> <FuncUnit> <Opcode : 'dadd' 'dsub'> <InPorts = 2> <OutPorts = 1>

State 62 <SV = 61> <Delay = 2.32>
ST_62 : Operation 194 [7/13] (2.32ns)   --->   "%temp1_0 = dadd i64 %add263_1_2, i64 %mul258_1_3" [ExtendedKalmanFilter.cpp:124]   --->   Operation 194 'dadd' 'temp1_0' <Predicate = true> <Delay = 2.32> <CoreInst = "DAddSub_fulldsp">   --->   Core 37 'DAddSub_fulldsp' <Latency = 12> <II = 1> <Delay = 2.32> <FuncUnit> <Opcode : 'dadd' 'dsub'> <InPorts = 2> <OutPorts = 1>

State 63 <SV = 62> <Delay = 2.32>
ST_63 : Operation 195 [6/13] (2.32ns)   --->   "%temp1_0 = dadd i64 %add263_1_2, i64 %mul258_1_3" [ExtendedKalmanFilter.cpp:124]   --->   Operation 195 'dadd' 'temp1_0' <Predicate = true> <Delay = 2.32> <CoreInst = "DAddSub_fulldsp">   --->   Core 37 'DAddSub_fulldsp' <Latency = 12> <II = 1> <Delay = 2.32> <FuncUnit> <Opcode : 'dadd' 'dsub'> <InPorts = 2> <OutPorts = 1>

State 64 <SV = 63> <Delay = 2.32>
ST_64 : Operation 196 [5/13] (2.32ns)   --->   "%temp1_0 = dadd i64 %add263_1_2, i64 %mul258_1_3" [ExtendedKalmanFilter.cpp:124]   --->   Operation 196 'dadd' 'temp1_0' <Predicate = true> <Delay = 2.32> <CoreInst = "DAddSub_fulldsp">   --->   Core 37 'DAddSub_fulldsp' <Latency = 12> <II = 1> <Delay = 2.32> <FuncUnit> <Opcode : 'dadd' 'dsub'> <InPorts = 2> <OutPorts = 1>

State 65 <SV = 64> <Delay = 2.32>
ST_65 : Operation 197 [4/13] (2.32ns)   --->   "%temp1_0 = dadd i64 %add263_1_2, i64 %mul258_1_3" [ExtendedKalmanFilter.cpp:124]   --->   Operation 197 'dadd' 'temp1_0' <Predicate = true> <Delay = 2.32> <CoreInst = "DAddSub_fulldsp">   --->   Core 37 'DAddSub_fulldsp' <Latency = 12> <II = 1> <Delay = 2.32> <FuncUnit> <Opcode : 'dadd' 'dsub'> <InPorts = 2> <OutPorts = 1>

State 66 <SV = 65> <Delay = 2.32>
ST_66 : Operation 198 [3/13] (2.32ns)   --->   "%temp1_0 = dadd i64 %add263_1_2, i64 %mul258_1_3" [ExtendedKalmanFilter.cpp:124]   --->   Operation 198 'dadd' 'temp1_0' <Predicate = true> <Delay = 2.32> <CoreInst = "DAddSub_fulldsp">   --->   Core 37 'DAddSub_fulldsp' <Latency = 12> <II = 1> <Delay = 2.32> <FuncUnit> <Opcode : 'dadd' 'dsub'> <InPorts = 2> <OutPorts = 1>

State 67 <SV = 66> <Delay = 2.32>
ST_67 : Operation 199 [2/13] (2.32ns)   --->   "%temp1_0 = dadd i64 %add263_1_2, i64 %mul258_1_3" [ExtendedKalmanFilter.cpp:124]   --->   Operation 199 'dadd' 'temp1_0' <Predicate = true> <Delay = 2.32> <CoreInst = "DAddSub_fulldsp">   --->   Core 37 'DAddSub_fulldsp' <Latency = 12> <II = 1> <Delay = 2.32> <FuncUnit> <Opcode : 'dadd' 'dsub'> <InPorts = 2> <OutPorts = 1>

State 68 <SV = 67> <Delay = 2.32>
ST_68 : Operation 200 [1/13] (2.32ns)   --->   "%temp1_0 = dadd i64 %add263_1_2, i64 %mul258_1_3" [ExtendedKalmanFilter.cpp:124]   --->   Operation 200 'dadd' 'temp1_0' <Predicate = true> <Delay = 2.32> <CoreInst = "DAddSub_fulldsp">   --->   Core 37 'DAddSub_fulldsp' <Latency = 12> <II = 1> <Delay = 2.32> <FuncUnit> <Opcode : 'dadd' 'dsub'> <InPorts = 2> <OutPorts = 1>
ST_68 : Operation 211 [1/1] (0.00ns)   --->   "%temp1_1_0_0379_load = load i64 %temp1_1_0_0379"   --->   Operation 211 'load' 'temp1_1_0_0379_load' <Predicate = (icmp_ln121)> <Delay = 0.00>
ST_68 : Operation 212 [1/1] (0.00ns)   --->   "%temp1_1_1_0380_load = load i64 %temp1_1_1_0380"   --->   Operation 212 'load' 'temp1_1_1_0380_load' <Predicate = (icmp_ln121)> <Delay = 0.00>
ST_68 : Operation 213 [1/1] (0.00ns)   --->   "%write_ln0 = write void @_ssdm_op_Write.ap_auto.doubleP0A, i64 %temp1_1_1_0380_out, i64 %temp1_1_1_0380_load"   --->   Operation 213 'write' 'write_ln0' <Predicate = (icmp_ln121)> <Delay = 0.00>
ST_68 : Operation 214 [1/1] (0.00ns)   --->   "%write_ln0 = write void @_ssdm_op_Write.ap_auto.doubleP0A, i64 %temp1_1_0_0379_out, i64 %temp1_1_0_0379_load"   --->   Operation 214 'write' 'write_ln0' <Predicate = (icmp_ln121)> <Delay = 0.00>
ST_68 : Operation 215 [1/1] (0.00ns)   --->   "%ret_ln0 = ret"   --->   Operation 215 'ret' 'ret_ln0' <Predicate = (icmp_ln121)> <Delay = 0.00>

State 69 <SV = 68> <Delay = 0.61>
ST_69 : Operation 201 [1/1] (0.00ns)   --->   "%temp1_1_0_0379_load_1 = load i64 %temp1_1_0_0379" [ExtendedKalmanFilter.cpp:124]   --->   Operation 201 'load' 'temp1_1_0_0379_load_1' <Predicate = (trunc_ln122)> <Delay = 0.00>
ST_69 : Operation 202 [1/1] (0.00ns)   --->   "%temp1_1_1_0380_load_1 = load i64 %temp1_1_1_0380" [ExtendedKalmanFilter.cpp:124]   --->   Operation 202 'load' 'temp1_1_1_0380_load_1' <Predicate = (!trunc_ln122)> <Delay = 0.00>
ST_69 : Operation 203 [1/1] (0.00ns)   --->   "%specpipeline_ln121 = specpipeline void @_ssdm_op_SpecPipeline, i32 4294967295, i32 0, i32 0, i32 0, void @empty_8" [ExtendedKalmanFilter.cpp:121]   --->   Operation 203 'specpipeline' 'specpipeline_ln121' <Predicate = true> <Delay = 0.00>
ST_69 : Operation 204 [1/1] (0.00ns)   --->   "%speclooptripcount_ln121 = speclooptripcount void @_ssdm_op_SpecLoopTripCount, i64 2, i64 2, i64 2" [ExtendedKalmanFilter.cpp:121]   --->   Operation 204 'speclooptripcount' 'speclooptripcount_ln121' <Predicate = true> <Delay = 0.00>
ST_69 : Operation 205 [1/1] (0.00ns)   --->   "%specloopname_ln121 = specloopname void @_ssdm_op_SpecLoopName, void @empty_1" [ExtendedKalmanFilter.cpp:121]   --->   Operation 205 'specloopname' 'specloopname_ln121' <Predicate = true> <Delay = 0.00>
ST_69 : Operation 206 [1/1] (0.61ns)   --->   "%temp1_1_6 = select i1 %trunc_ln122, i64 %temp1_0, i64 %temp1_1_1_0380_load_1" [ExtendedKalmanFilter.cpp:124]   --->   Operation 206 'select' 'temp1_1_6' <Predicate = true> <Delay = 0.61> <CoreInst = "Sel">   --->   Core 73 'Sel' <Latency = 0> <II = 1> <Delay = 0.61> <FuncUnit> <Opcode : 'select'> <InPorts = 3> <OutPorts = 1>
ST_69 : Operation 207 [1/1] (0.61ns)   --->   "%temp1_1_7 = select i1 %trunc_ln122, i64 %temp1_1_0_0379_load_1, i64 %temp1_0" [ExtendedKalmanFilter.cpp:124]   --->   Operation 207 'select' 'temp1_1_7' <Predicate = true> <Delay = 0.61> <CoreInst = "Sel">   --->   Core 73 'Sel' <Latency = 0> <II = 1> <Delay = 0.61> <FuncUnit> <Opcode : 'select'> <InPorts = 3> <OutPorts = 1>
ST_69 : Operation 208 [1/1] (0.00ns)   --->   "%store_ln124 = store i64 %temp1_1_6, i64 %temp1_1_1_0380" [ExtendedKalmanFilter.cpp:124]   --->   Operation 208 'store' 'store_ln124' <Predicate = true> <Delay = 0.00>
ST_69 : Operation 209 [1/1] (0.00ns)   --->   "%store_ln124 = store i64 %temp1_1_7, i64 %temp1_1_0_0379" [ExtendedKalmanFilter.cpp:124]   --->   Operation 209 'store' 'store_ln124' <Predicate = true> <Delay = 0.00>
ST_69 : Operation 210 [1/1] (0.00ns)   --->   "%br_ln121 = br void %VITIS_LOOP_123_21.1" [ExtendedKalmanFilter.cpp:121]   --->   Operation 210 'br' 'br_ln121' <Predicate = true> <Delay = 0.00>


============================================================
+ Verbose Summary: Binding
============================================================
STG Binding: 
---------------- STG Properties BEGIN ----------------
- Is combinational: 0
- Is one-state seq: 0
- Is datapath-only: 0
- Is pipelined: 0
- Is top level: 0
Port [ Return ] is wired: 1; IO mode=ap_ctrl_hs:ce=0
Port [ mux_case_0158394_reload]:  wired=1; compound=0; hidden=0; nouse=0; global=0; static=0; extern=0; dir=0; type=0; pingpong=0; private_global=0; IO mode=ap_none:ce=0
Port [ mux_case_1159397_reload]:  wired=1; compound=0; hidden=0; nouse=0; global=0; static=0; extern=0; dir=0; type=0; pingpong=0; private_global=0; IO mode=ap_none:ce=0
Port [ mux_case_2160400_reload]:  wired=1; compound=0; hidden=0; nouse=0; global=0; static=0; extern=0; dir=0; type=0; pingpong=0; private_global=0; IO mode=ap_none:ce=0
Port [ mux_case_3161403_reload]:  wired=1; compound=0; hidden=0; nouse=0; global=0; static=0; extern=0; dir=0; type=0; pingpong=0; private_global=0; IO mode=ap_none:ce=0
Port [ temp1_1_1_0380_out]:  wired=1; compound=0; hidden=0; nouse=0; global=0; static=0; extern=0; dir=1; type=0; pingpong=0; private_global=0; IO mode=ap_vld:ce=0
Port [ temp1_1_0_0379_out]:  wired=1; compound=0; hidden=0; nouse=0; global=0; static=0; extern=0; dir=1; type=0; pingpong=0; private_global=0; IO mode=ap_vld:ce=0
---------------- STG Properties END ------------------

---------------- Datapath Model BEGIN ----------------

<LifeTime>
<method=bitvector/>
j                            (alloca           ) [ 0100000000000000000000000000000000000000000000000000000000000000000000]
temp1_1_0_0379               (alloca           ) [ 0111111111111111111111111111111111111111111111111111111111111111111111]
temp1_1_1_0380               (alloca           ) [ 0111111111111111111111111111111111111111111111111111111111111111111111]
mux_case_3161403_reload_read (read             ) [ 0111111111111111111111111111111111111111111111111111111100000000000000]
mux_case_2160400_reload_read (read             ) [ 0111111111111111111111111111111111111111111000000000000000000000000000]
mux_case_1159397_reload_read (read             ) [ 0111111111111111111111111111110000000000000000000000000000000000000000]
mux_case_0158394_reload_read (read             ) [ 0111111111111111100000000000000000000000000000000000000000000000000000]
store_ln121                  (store            ) [ 0000000000000000000000000000000000000000000000000000000000000000000000]
br_ln0                       (br               ) [ 0000000000000000000000000000000000000000000000000000000000000000000000]
j_9                          (load             ) [ 0000000000000000000000000000000000000000000000000000000000000000000000]
icmp_ln121                   (icmp             ) [ 0111111111111111111111111111111111111111111111111111111111111111111110]
add_ln121                    (add              ) [ 0000000000000000000000000000000000000000000000000000000000000000000000]
br_ln121                     (br               ) [ 0000000000000000000000000000000000000000000000000000000000000000000000]
trunc_ln122                  (trunc            ) [ 0111111111111111111111111111111111111111111111111111111111111111111111]
select_ln124_4               (select           ) [ 0111111111111111100000000000000000000000000000000000000000000000000000]
store_ln121                  (store            ) [ 0000000000000000000000000000000000000000000000000000000000000000000000]
select_ln124_5               (select           ) [ 0100000000000001111111111111110000000000000000000000000000000000000000]
mul258_1                     (dmul             ) [ 0100000000000000011111111111110000000000000000000000000000000000000000]
add263_1                     (dadd             ) [ 0100000000000000000000000000001111111111111000000000000000000000000000]
mul258_1_1                   (dmul             ) [ 0100000000000000000000000000001111111111111000000000000000000000000000]
add263_1_1                   (dadd             ) [ 0100000000000000000000000000000000000000000111111111111100000000000000]
mul258_1_2                   (dmul             ) [ 0100000000000000000000000000000000000000000111111111111100000000000000]
add263_1_2                   (dadd             ) [ 0100000000000000000000000000000000000000000000000000000011111111111110]
mul258_1_3                   (dmul             ) [ 0100000000000000000000000000000000000000000000000000000011111111111110]
temp1_0                      (dadd             ) [ 0100000000000000000000000000000000000000000000000000000000000000000001]
temp1_1_0_0379_load_1        (load             ) [ 0000000000000000000000000000000000000000000000000000000000000000000000]
temp1_1_1_0380_load_1        (load             ) [ 0000000000000000000000000000000000000000000000000000000000000000000000]
specpipeline_ln121           (specpipeline     ) [ 0000000000000000000000000000000000000000000000000000000000000000000000]
speclooptripcount_ln121      (speclooptripcount) [ 0000000000000000000000000000000000000000000000000000000000000000000000]
specloopname_ln121           (specloopname     ) [ 0000000000000000000000000000000000000000000000000000000000000000000000]
temp1_1_6                    (select           ) [ 0000000000000000000000000000000000000000000000000000000000000000000000]
temp1_1_7                    (select           ) [ 0000000000000000000000000000000000000000000000000000000000000000000000]
store_ln124                  (store            ) [ 0000000000000000000000000000000000000000000000000000000000000000000000]
store_ln124                  (store            ) [ 0000000000000000000000000000000000000000000000000000000000000000000000]
br_ln121                     (br               ) [ 0000000000000000000000000000000000000000000000000000000000000000000000]
temp1_1_0_0379_load          (load             ) [ 0000000000000000000000000000000000000000000000000000000000000000000000]
temp1_1_1_0380_load          (load             ) [ 0000000000000000000000000000000000000000000000000000000000000000000000]
write_ln0                    (write            ) [ 0000000000000000000000000000000000000000000000000000000000000000000000]
write_ln0                    (write            ) [ 0000000000000000000000000000000000000000000000000000000000000000000000]
ret_ln0                      (ret              ) [ 0000000000000000000000000000000000000000000000000000000000000000000000]
</LifeTime>

<model>

<comp_list>
<comp id="0" class="1000" name="mux_case_0158394_reload">
<pin_list>
<pin id="1" dir="1" index="0" bw="1" slack="0"/>
</pin_list>
<bind>
<StgValue><ssdm name="mux_case_0158394_reload"/></StgValue>
</bind>
</comp>

<comp id="2" class="1000" name="mux_case_1159397_reload">
<pin_list>
<pin id="3" dir="1" index="0" bw="1" slack="0"/>
</pin_list>
<bind>
<StgValue><ssdm name="mux_case_1159397_reload"/></StgValue>
</bind>
</comp>

<comp id="4" class="1000" name="mux_case_2160400_reload">
<pin_list>
<pin id="5" dir="1" index="0" bw="1" slack="0"/>
</pin_list>
<bind>
<StgValue><ssdm name="mux_case_2160400_reload"/></StgValue>
</bind>
</comp>

<comp id="6" class="1000" name="mux_case_3161403_reload">
<pin_list>
<pin id="7" dir="1" index="0" bw="1" slack="0"/>
</pin_list>
<bind>
<StgValue><ssdm name="mux_case_3161403_reload"/></StgValue>
</bind>
</comp>

<comp id="8" class="1000" name="temp1_1_1_0380_out">
<pin_list>
<pin id="9" dir="1" index="0" bw="1" slack="0"/>
</pin_list>
<bind>
<StgValue><ssdm name="temp1_1_1_0380_out"/></StgValue>
</bind>
</comp>

<comp id="10" class="1000" name="temp1_1_0_0379_out">
<pin_list>
<pin id="11" dir="1" index="0" bw="1" slack="0"/>
</pin_list>
<bind>
<StgValue><ssdm name="temp1_1_0_0379_out"/></StgValue>
</bind>
</comp>

<comp id="12" class="1001" name="const_12">
<pin_list>
<pin id="13" dir="1" index="0" bw="1" slack="0"/>
</pin_list>
<bind>
<StgValue><ssdm name=""/></StgValue>
</bind>
</comp>

<comp id="14" class="1001" name="const_14">
<pin_list>
<pin id="15" dir="1" index="0" bw="1" slack="0"/>
</pin_list>
<bind>
<StgValue><ssdm name="_ssdm_op_Read.ap_auto.double"/></StgValue>
</bind>
</comp>

<comp id="16" class="1001" name="const_16">
<pin_list>
<pin id="17" dir="1" index="0" bw="1" slack="0"/>
</pin_list>
<bind>
<StgValue><ssdm name=""/></StgValue>
</bind>
</comp>

<comp id="18" class="1001" name="const_18">
<pin_list>
<pin id="19" dir="1" index="0" bw="1" slack="0"/>
</pin_list>
<bind>
<StgValue><ssdm name=""/></StgValue>
</bind>
</comp>

<comp id="20" class="1001" name="const_20">
<pin_list>
<pin id="21" dir="1" index="0" bw="1" slack="0"/>
</pin_list>
<bind>
<StgValue><ssdm name=""/></StgValue>
</bind>
</comp>

<comp id="22" class="1001" name="const_22">
<pin_list>
<pin id="23" dir="1" index="0" bw="1" slack="0"/>
</pin_list>
<bind>
<StgValue><ssdm name=""/></StgValue>
</bind>
</comp>

<comp id="24" class="1001" name="const_24">
<pin_list>
<pin id="25" dir="1" index="0" bw="1" slack="0"/>
</pin_list>
<bind>
<StgValue><ssdm name=""/></StgValue>
</bind>
</comp>

<comp id="26" class="1001" name="const_26">
<pin_list>
<pin id="27" dir="1" index="0" bw="1" slack="2147483647"/>
</pin_list>
<bind>
<StgValue><ssdm name="_ssdm_op_SpecPipeline"/></StgValue>
</bind>
</comp>

<comp id="28" class="1001" name="const_28">
<pin_list>
<pin id="29" dir="1" index="0" bw="1" slack="2147483647"/>
</pin_list>
<bind>
<StgValue><ssdm name=""/></StgValue>
</bind>
</comp>

<comp id="30" class="1001" name="const_30">
<pin_list>
<pin id="31" dir="1" index="0" bw="1" slack="2147483647"/>
</pin_list>
<bind>
<StgValue><ssdm name=""/></StgValue>
</bind>
</comp>

<comp id="32" class="1001" name="const_32">
<pin_list>
<pin id="33" dir="1" index="0" bw="1" slack="2147483647"/>
</pin_list>
<bind>
<StgValue><ssdm name="empty_8"/></StgValue>
</bind>
</comp>

<comp id="34" class="1001" name="const_34">
<pin_list>
<pin id="35" dir="1" index="0" bw="1" slack="2147483647"/>
</pin_list>
<bind>
<StgValue><ssdm name="_ssdm_op_SpecLoopTripCount"/></StgValue>
</bind>
</comp>

<comp id="36" class="1001" name="const_36">
<pin_list>
<pin id="37" dir="1" index="0" bw="1" slack="2147483647"/>
</pin_list>
<bind>
<StgValue><ssdm name=""/></StgValue>
</bind>
</comp>

<comp id="38" class="1001" name="const_38">
<pin_list>
<pin id="39" dir="1" index="0" bw="1" slack="2147483647"/>
</pin_list>
<bind>
<StgValue><ssdm name="_ssdm_op_SpecLoopName"/></StgValue>
</bind>
</comp>

<comp id="40" class="1001" name="const_40">
<pin_list>
<pin id="41" dir="1" index="0" bw="1" slack="2147483647"/>
</pin_list>
<bind>
<StgValue><ssdm name="empty_1"/></StgValue>
</bind>
</comp>

<comp id="42" class="1001" name="const_42">
<pin_list>
<pin id="43" dir="1" index="0" bw="1" slack="0"/>
</pin_list>
<bind>
<StgValue><ssdm name="_ssdm_op_Write.ap_auto.doubleP0A"/></StgValue>
</bind>
</comp>

<comp id="44" class="1004" name="j_fu_44">
<pin_list>
<pin id="45" dir="0" index="0" bw="1" slack="0"/>
<pin id="46" dir="1" index="1" bw="2" slack="0"/>
</pin_list>
<bind>
<opcode="alloca(26) " fcode="alloca"/>
<opset="j/1 "/>
</bind>
</comp>

<comp id="48" class="1004" name="temp1_1_0_0379_fu_48">
<pin_list>
<pin id="49" dir="0" index="0" bw="1" slack="0"/>
<pin id="50" dir="1" index="1" bw="64" slack="67"/>
</pin_list>
<bind>
<opcode="alloca(26) " fcode="alloca"/>
<opset="temp1_1_0_0379/1 "/>
</bind>
</comp>

<comp id="52" class="1004" name="temp1_1_1_0380_fu_52">
<pin_list>
<pin id="53" dir="0" index="0" bw="1" slack="0"/>
<pin id="54" dir="1" index="1" bw="64" slack="67"/>
</pin_list>
<bind>
<opcode="alloca(26) " fcode="alloca"/>
<opset="temp1_1_1_0380/1 "/>
</bind>
</comp>

<comp id="56" class="1004" name="mux_case_3161403_reload_read_read_fu_56">
<pin_list>
<pin id="57" dir="0" index="0" bw="64" slack="0"/>
<pin id="58" dir="0" index="1" bw="64" slack="0"/>
<pin id="59" dir="1" index="2" bw="64" slack="40"/>
</pin_list>
<bind>
<opcode="read(1150) " fcode="read"/>
<opset="mux_case_3161403_reload_read/1 "/>
</bind>
</comp>

<comp id="62" class="1004" name="mux_case_2160400_reload_read_read_fu_62">
<pin_list>
<pin id="63" dir="0" index="0" bw="64" slack="0"/>
<pin id="64" dir="0" index="1" bw="64" slack="0"/>
<pin id="65" dir="1" index="2" bw="64" slack="27"/>
</pin_list>
<bind>
<opcode="read(1150) " fcode="read"/>
<opset="mux_case_2160400_reload_read/1 "/>
</bind>
</comp>

<comp id="68" class="1004" name="mux_case_1159397_reload_read_read_fu_68">
<pin_list>
<pin id="69" dir="0" index="0" bw="64" slack="0"/>
<pin id="70" dir="0" index="1" bw="64" slack="0"/>
<pin id="71" dir="1" index="2" bw="64" slack="14"/>
</pin_list>
<bind>
<opcode="read(1150) " fcode="read"/>
<opset="mux_case_1159397_reload_read/1 "/>
</bind>
</comp>

<comp id="74" class="1004" name="mux_case_0158394_reload_read_read_fu_74">
<pin_list>
<pin id="75" dir="0" index="0" bw="64" slack="0"/>
<pin id="76" dir="0" index="1" bw="64" slack="0"/>
<pin id="77" dir="1" index="2" bw="64" slack="1"/>
</pin_list>
<bind>
<opcode="read(1150) " fcode="read"/>
<opset="mux_case_0158394_reload_read/1 "/>
</bind>
</comp>

<comp id="80" class="1004" name="write_ln0_write_fu_80">
<pin_list>
<pin id="81" dir="0" index="0" bw="0" slack="0"/>
<pin id="82" dir="0" index="1" bw="64" slack="0"/>
<pin id="83" dir="0" index="2" bw="64" slack="0"/>
<pin id="84" dir="1" index="3" bw="0" slack="2147483647"/>
</pin_list>
<bind>
<opcode="write(1151) " fcode="write"/>
<opset="write_ln0/68 "/>
</bind>
</comp>

<comp id="87" class="1004" name="write_ln0_write_fu_87">
<pin_list>
<pin id="88" dir="0" index="0" bw="0" slack="0"/>
<pin id="89" dir="0" index="1" bw="64" slack="0"/>
<pin id="90" dir="0" index="2" bw="64" slack="0"/>
<pin id="91" dir="1" index="3" bw="0" slack="2147483647"/>
</pin_list>
<bind>
<opcode="write(1151) " fcode="write"/>
<opset="write_ln0/68 "/>
</bind>
</comp>

<comp id="94" class="1004" name="grp_fu_94">
<pin_list>
<pin id="95" dir="0" index="0" bw="64" slack="1"/>
<pin id="96" dir="0" index="1" bw="64" slack="0"/>
<pin id="97" dir="1" index="2" bw="64" slack="1"/>
</pin_list>
<bind>
<opcode="dadd(508) " fcode="dadd"/>
<opset="add263_1/17 "/>
</bind>
</comp>

<comp id="99" class="1004" name="grp_fu_99">
<pin_list>
<pin id="100" dir="0" index="0" bw="64" slack="1"/>
<pin id="101" dir="0" index="1" bw="64" slack="1"/>
<pin id="102" dir="1" index="2" bw="64" slack="1"/>
</pin_list>
<bind>
<opcode="dadd(508) " fcode="dadd"/>
<opset="add263_1_1/30 "/>
</bind>
</comp>

<comp id="103" class="1004" name="grp_fu_103">
<pin_list>
<pin id="104" dir="0" index="0" bw="64" slack="1"/>
<pin id="105" dir="0" index="1" bw="64" slack="1"/>
<pin id="106" dir="1" index="2" bw="64" slack="1"/>
</pin_list>
<bind>
<opcode="dadd(508) " fcode="dadd"/>
<opset="add263_1_2/43 "/>
</bind>
</comp>

<comp id="107" class="1004" name="grp_fu_107">
<pin_list>
<pin id="108" dir="0" index="0" bw="64" slack="1"/>
<pin id="109" dir="0" index="1" bw="64" slack="1"/>
<pin id="110" dir="1" index="2" bw="64" slack="1"/>
</pin_list>
<bind>
<opcode="dadd(508) " fcode="dadd"/>
<opset="temp1_0/56 "/>
</bind>
</comp>

<comp id="111" class="1004" name="grp_fu_111">
<pin_list>
<pin id="112" dir="0" index="0" bw="64" slack="1"/>
<pin id="113" dir="0" index="1" bw="64" slack="1"/>
<pin id="114" dir="1" index="2" bw="64" slack="1"/>
</pin_list>
<bind>
<opcode="dmul(510) " fcode="dmul"/>
<opset="mul258_1/2 "/>
</bind>
</comp>

<comp id="115" class="1004" name="grp_fu_115">
<pin_list>
<pin id="116" dir="0" index="0" bw="64" slack="14"/>
<pin id="117" dir="0" index="1" bw="64" slack="1"/>
<pin id="118" dir="1" index="2" bw="64" slack="1"/>
</pin_list>
<bind>
<opcode="dmul(510) " fcode="dmul"/>
<opset="mul258_1_1/15 "/>
</bind>
</comp>

<comp id="119" class="1004" name="grp_fu_119">
<pin_list>
<pin id="120" dir="0" index="0" bw="64" slack="27"/>
<pin id="121" dir="0" index="1" bw="64" slack="0"/>
<pin id="122" dir="1" index="2" bw="64" slack="1"/>
</pin_list>
<bind>
<opcode="dmul(510) " fcode="dmul"/>
<opset="mul258_1_2/28 "/>
</bind>
</comp>

<comp id="124" class="1004" name="grp_fu_124">
<pin_list>
<pin id="125" dir="0" index="0" bw="64" slack="40"/>
<pin id="126" dir="0" index="1" bw="64" slack="0"/>
<pin id="127" dir="1" index="2" bw="64" slack="1"/>
</pin_list>
<bind>
<opcode="dmul(510) " fcode="dmul"/>
<opset="mul258_1_3/41 "/>
</bind>
</comp>

<comp id="129" class="1004" name="store_ln121_store_fu_129">
<pin_list>
<pin id="130" dir="0" index="0" bw="1" slack="0"/>
<pin id="131" dir="0" index="1" bw="2" slack="0"/>
<pin id="132" dir="1" index="2" bw="0" slack="2147483647"/>
</pin_list>
<bind>
<opcode="store(28) " fcode="store"/>
<opset="store_ln121/1 "/>
</bind>
</comp>

<comp id="134" class="1004" name="j_9_load_fu_134">
<pin_list>
<pin id="135" dir="0" index="0" bw="2" slack="0"/>
<pin id="136" dir="1" index="1" bw="2" slack="0"/>
</pin_list>
<bind>
<opcode="load(27) " fcode="load"/>
<opset="j_9/1 "/>
</bind>
</comp>

<comp id="137" class="1004" name="icmp_ln121_fu_137">
<pin_list>
<pin id="138" dir="0" index="0" bw="2" slack="0"/>
<pin id="139" dir="0" index="1" bw="2" slack="0"/>
<pin id="140" dir="1" index="2" bw="1" slack="67"/>
</pin_list>
<bind>
<opcode="icmp(45) " fcode="icmp"/>
<opset="icmp_ln121/1 "/>
</bind>
</comp>

<comp id="143" class="1004" name="add_ln121_fu_143">
<pin_list>
<pin id="144" dir="0" index="0" bw="2" slack="0"/>
<pin id="145" dir="0" index="1" bw="1" slack="0"/>
<pin id="146" dir="1" index="2" bw="2" slack="0"/>
</pin_list>
<bind>
<opcode="add(8) " fcode="add"/>
<opset="add_ln121/1 "/>
</bind>
</comp>

<comp id="149" class="1004" name="trunc_ln122_fu_149">
<pin_list>
<pin id="150" dir="0" index="0" bw="2" slack="0"/>
<pin id="151" dir="1" index="1" bw="1" slack="0"/>
</pin_list>
<bind>
<opcode="trunc(33) " fcode="trunc"/>
<opset="trunc_ln122/1 "/>
</bind>
</comp>

<comp id="153" class="1004" name="select_ln124_4_fu_153">
<pin_list>
<pin id="154" dir="0" index="0" bw="1" slack="0"/>
<pin id="155" dir="0" index="1" bw="64" slack="0"/>
<pin id="156" dir="0" index="2" bw="64" slack="0"/>
<pin id="157" dir="1" index="3" bw="64" slack="1"/>
</pin_list>
<bind>
<opcode="select(49) " fcode="select"/>
<opset="select_ln124_4/1 "/>
</bind>
</comp>

<comp id="161" class="1004" name="store_ln121_store_fu_161">
<pin_list>
<pin id="162" dir="0" index="0" bw="2" slack="0"/>
<pin id="163" dir="0" index="1" bw="2" slack="0"/>
<pin id="164" dir="1" index="2" bw="0" slack="2147483647"/>
</pin_list>
<bind>
<opcode="store(28) " fcode="store"/>
<opset="store_ln121/1 "/>
</bind>
</comp>

<comp id="166" class="1004" name="select_ln124_5_fu_166">
<pin_list>
<pin id="167" dir="0" index="0" bw="1" slack="13"/>
<pin id="168" dir="0" index="1" bw="64" slack="0"/>
<pin id="169" dir="0" index="2" bw="64" slack="0"/>
<pin id="170" dir="1" index="3" bw="64" slack="1"/>
</pin_list>
<bind>
<opcode="select(49) " fcode="select"/>
<opset="select_ln124_5/14 "/>
</bind>
</comp>

<comp id="173" class="1004" name="temp1_1_0_0379_load_1_load_fu_173">
<pin_list>
<pin id="174" dir="0" index="0" bw="64" slack="68"/>
<pin id="175" dir="1" index="1" bw="64" slack="0"/>
</pin_list>
<bind>
<opcode="load(27) " fcode="load"/>
<opset="temp1_1_0_0379_load_1/69 "/>
</bind>
</comp>

<comp id="176" class="1004" name="temp1_1_1_0380_load_1_load_fu_176">
<pin_list>
<pin id="177" dir="0" index="0" bw="64" slack="68"/>
<pin id="178" dir="1" index="1" bw="64" slack="0"/>
</pin_list>
<bind>
<opcode="load(27) " fcode="load"/>
<opset="temp1_1_1_0380_load_1/69 "/>
</bind>
</comp>

<comp id="179" class="1004" name="temp1_1_6_fu_179">
<pin_list>
<pin id="180" dir="0" index="0" bw="1" slack="68"/>
<pin id="181" dir="0" index="1" bw="64" slack="1"/>
<pin id="182" dir="0" index="2" bw="64" slack="0"/>
<pin id="183" dir="1" index="3" bw="64" slack="0"/>
</pin_list>
<bind>
<opcode="select(49) " fcode="select"/>
<opset="temp1_1_6/69 "/>
</bind>
</comp>

<comp id="185" class="1004" name="temp1_1_7_fu_185">
<pin_list>
<pin id="186" dir="0" index="0" bw="1" slack="68"/>
<pin id="187" dir="0" index="1" bw="64" slack="0"/>
<pin id="188" dir="0" index="2" bw="64" slack="1"/>
<pin id="189" dir="1" index="3" bw="64" slack="0"/>
</pin_list>
<bind>
<opcode="select(49) " fcode="select"/>
<opset="temp1_1_7/69 "/>
</bind>
</comp>

<comp id="191" class="1004" name="store_ln124_store_fu_191">
<pin_list>
<pin id="192" dir="0" index="0" bw="64" slack="0"/>
<pin id="193" dir="0" index="1" bw="64" slack="68"/>
<pin id="194" dir="1" index="2" bw="0" slack="2147483647"/>
</pin_list>
<bind>
<opcode="store(28) " fcode="store"/>
<opset="store_ln124/69 "/>
</bind>
</comp>

<comp id="196" class="1004" name="store_ln124_store_fu_196">
<pin_list>
<pin id="197" dir="0" index="0" bw="64" slack="0"/>
<pin id="198" dir="0" index="1" bw="64" slack="68"/>
<pin id="199" dir="1" index="2" bw="0" slack="2147483647"/>
</pin_list>
<bind>
<opcode="store(28) " fcode="store"/>
<opset="store_ln124/69 "/>
</bind>
</comp>

<comp id="201" class="1004" name="temp1_1_0_0379_load_load_fu_201">
<pin_list>
<pin id="202" dir="0" index="0" bw="64" slack="67"/>
<pin id="203" dir="1" index="1" bw="64" slack="0"/>
</pin_list>
<bind>
<opcode="load(27) " fcode="load"/>
<opset="temp1_1_0_0379_load/68 "/>
</bind>
</comp>

<comp id="205" class="1004" name="temp1_1_1_0380_load_load_fu_205">
<pin_list>
<pin id="206" dir="0" index="0" bw="64" slack="67"/>
<pin id="207" dir="1" index="1" bw="64" slack="0"/>
</pin_list>
<bind>
<opcode="load(27) " fcode="load"/>
<opset="temp1_1_1_0380_load/68 "/>
</bind>
</comp>

<comp id="209" class="1005" name="j_reg_209">
<pin_list>
<pin id="210" dir="0" index="0" bw="2" slack="0"/>
<pin id="211" dir="1" index="1" bw="2" slack="0"/>
</pin_list>
<bind>
<opset="j "/>
</bind>
</comp>

<comp id="216" class="1005" name="temp1_1_0_0379_reg_216">
<pin_list>
<pin id="217" dir="0" index="0" bw="64" slack="67"/>
<pin id="218" dir="1" index="1" bw="64" slack="67"/>
</pin_list>
<bind>
<opset="temp1_1_0_0379 "/>
</bind>
</comp>

<comp id="223" class="1005" name="temp1_1_1_0380_reg_223">
<pin_list>
<pin id="224" dir="0" index="0" bw="64" slack="67"/>
<pin id="225" dir="1" index="1" bw="64" slack="67"/>
</pin_list>
<bind>
<opset="temp1_1_1_0380 "/>
</bind>
</comp>

<comp id="230" class="1005" name="mux_case_3161403_reload_read_reg_230">
<pin_list>
<pin id="231" dir="0" index="0" bw="64" slack="40"/>
<pin id="232" dir="1" index="1" bw="64" slack="40"/>
</pin_list>
<bind>
<opset="mux_case_3161403_reload_read "/>
</bind>
</comp>

<comp id="235" class="1005" name="mux_case_2160400_reload_read_reg_235">
<pin_list>
<pin id="236" dir="0" index="0" bw="64" slack="27"/>
<pin id="237" dir="1" index="1" bw="64" slack="27"/>
</pin_list>
<bind>
<opset="mux_case_2160400_reload_read "/>
</bind>
</comp>

<comp id="240" class="1005" name="mux_case_1159397_reload_read_reg_240">
<pin_list>
<pin id="241" dir="0" index="0" bw="64" slack="14"/>
<pin id="242" dir="1" index="1" bw="64" slack="14"/>
</pin_list>
<bind>
<opset="mux_case_1159397_reload_read "/>
</bind>
</comp>

<comp id="245" class="1005" name="mux_case_0158394_reload_read_reg_245">
<pin_list>
<pin id="246" dir="0" index="0" bw="64" slack="1"/>
<pin id="247" dir="1" index="1" bw="64" slack="1"/>
</pin_list>
<bind>
<opset="mux_case_0158394_reload_read "/>
</bind>
</comp>

<comp id="250" class="1005" name="icmp_ln121_reg_250">
<pin_list>
<pin id="251" dir="0" index="0" bw="1" slack="67"/>
<pin id="252" dir="1" index="1" bw="1" slack="2147483647"/>
</pin_list>
<bind>
<opset="icmp_ln121 "/>
</bind>
</comp>

<comp id="254" class="1005" name="trunc_ln122_reg_254">
<pin_list>
<pin id="255" dir="0" index="0" bw="1" slack="13"/>
<pin id="256" dir="1" index="1" bw="1" slack="13"/>
</pin_list>
<bind>
<opset="trunc_ln122 "/>
</bind>
</comp>

<comp id="261" class="1005" name="select_ln124_4_reg_261">
<pin_list>
<pin id="262" dir="0" index="0" bw="64" slack="1"/>
<pin id="263" dir="1" index="1" bw="64" slack="1"/>
</pin_list>
<bind>
<opset="select_ln124_4 "/>
</bind>
</comp>

<comp id="266" class="1005" name="select_ln124_5_reg_266">
<pin_list>
<pin id="267" dir="0" index="0" bw="64" slack="1"/>
<pin id="268" dir="1" index="1" bw="64" slack="1"/>
</pin_list>
<bind>
<opset="select_ln124_5 "/>
</bind>
</comp>

<comp id="271" class="1005" name="mul258_1_reg_271">
<pin_list>
<pin id="272" dir="0" index="0" bw="64" slack="1"/>
<pin id="273" dir="1" index="1" bw="64" slack="1"/>
</pin_list>
<bind>
<opset="mul258_1 "/>
</bind>
</comp>

<comp id="276" class="1005" name="add263_1_reg_276">
<pin_list>
<pin id="277" dir="0" index="0" bw="64" slack="1"/>
<pin id="278" dir="1" index="1" bw="64" slack="1"/>
</pin_list>
<bind>
<opset="add263_1 "/>
</bind>
</comp>

<comp id="281" class="1005" name="mul258_1_1_reg_281">
<pin_list>
<pin id="282" dir="0" index="0" bw="64" slack="1"/>
<pin id="283" dir="1" index="1" bw="64" slack="1"/>
</pin_list>
<bind>
<opset="mul258_1_1 "/>
</bind>
</comp>

<comp id="286" class="1005" name="add263_1_1_reg_286">
<pin_list>
<pin id="287" dir="0" index="0" bw="64" slack="1"/>
<pin id="288" dir="1" index="1" bw="64" slack="1"/>
</pin_list>
<bind>
<opset="add263_1_1 "/>
</bind>
</comp>

<comp id="291" class="1005" name="mul258_1_2_reg_291">
<pin_list>
<pin id="292" dir="0" index="0" bw="64" slack="1"/>
<pin id="293" dir="1" index="1" bw="64" slack="1"/>
</pin_list>
<bind>
<opset="mul258_1_2 "/>
</bind>
</comp>

<comp id="296" class="1005" name="add263_1_2_reg_296">
<pin_list>
<pin id="297" dir="0" index="0" bw="64" slack="1"/>
<pin id="298" dir="1" index="1" bw="64" slack="1"/>
</pin_list>
<bind>
<opset="add263_1_2 "/>
</bind>
</comp>

<comp id="301" class="1005" name="mul258_1_3_reg_301">
<pin_list>
<pin id="302" dir="0" index="0" bw="64" slack="1"/>
<pin id="303" dir="1" index="1" bw="64" slack="1"/>
</pin_list>
<bind>
<opset="mul258_1_3 "/>
</bind>
</comp>

<comp id="306" class="1005" name="temp1_0_reg_306">
<pin_list>
<pin id="307" dir="0" index="0" bw="64" slack="1"/>
<pin id="308" dir="1" index="1" bw="64" slack="1"/>
</pin_list>
<bind>
<opset="temp1_0 "/>
</bind>
</comp>

</comp_list>

<net_list>
<net id="47"><net_src comp="12" pin="0"/><net_sink comp="44" pin=0"/></net>

<net id="51"><net_src comp="12" pin="0"/><net_sink comp="48" pin=0"/></net>

<net id="55"><net_src comp="12" pin="0"/><net_sink comp="52" pin=0"/></net>

<net id="60"><net_src comp="14" pin="0"/><net_sink comp="56" pin=0"/></net>

<net id="61"><net_src comp="6" pin="0"/><net_sink comp="56" pin=1"/></net>

<net id="66"><net_src comp="14" pin="0"/><net_sink comp="62" pin=0"/></net>

<net id="67"><net_src comp="4" pin="0"/><net_sink comp="62" pin=1"/></net>

<net id="72"><net_src comp="14" pin="0"/><net_sink comp="68" pin=0"/></net>

<net id="73"><net_src comp="2" pin="0"/><net_sink comp="68" pin=1"/></net>

<net id="78"><net_src comp="14" pin="0"/><net_sink comp="74" pin=0"/></net>

<net id="79"><net_src comp="0" pin="0"/><net_sink comp="74" pin=1"/></net>

<net id="85"><net_src comp="42" pin="0"/><net_sink comp="80" pin=0"/></net>

<net id="86"><net_src comp="8" pin="0"/><net_sink comp="80" pin=1"/></net>

<net id="92"><net_src comp="42" pin="0"/><net_sink comp="87" pin=0"/></net>

<net id="93"><net_src comp="10" pin="0"/><net_sink comp="87" pin=1"/></net>

<net id="98"><net_src comp="22" pin="0"/><net_sink comp="94" pin=1"/></net>

<net id="123"><net_src comp="22" pin="0"/><net_sink comp="119" pin=1"/></net>

<net id="128"><net_src comp="22" pin="0"/><net_sink comp="124" pin=1"/></net>

<net id="133"><net_src comp="16" pin="0"/><net_sink comp="129" pin=0"/></net>

<net id="141"><net_src comp="134" pin="1"/><net_sink comp="137" pin=0"/></net>

<net id="142"><net_src comp="18" pin="0"/><net_sink comp="137" pin=1"/></net>

<net id="147"><net_src comp="134" pin="1"/><net_sink comp="143" pin=0"/></net>

<net id="148"><net_src comp="20" pin="0"/><net_sink comp="143" pin=1"/></net>

<net id="152"><net_src comp="134" pin="1"/><net_sink comp="149" pin=0"/></net>

<net id="158"><net_src comp="149" pin="1"/><net_sink comp="153" pin=0"/></net>

<net id="159"><net_src comp="22" pin="0"/><net_sink comp="153" pin=1"/></net>

<net id="160"><net_src comp="24" pin="0"/><net_sink comp="153" pin=2"/></net>

<net id="165"><net_src comp="143" pin="2"/><net_sink comp="161" pin=0"/></net>

<net id="171"><net_src comp="24" pin="0"/><net_sink comp="166" pin=1"/></net>

<net id="172"><net_src comp="22" pin="0"/><net_sink comp="166" pin=2"/></net>

<net id="184"><net_src comp="176" pin="1"/><net_sink comp="179" pin=2"/></net>

<net id="190"><net_src comp="173" pin="1"/><net_sink comp="185" pin=1"/></net>

<net id="195"><net_src comp="179" pin="3"/><net_sink comp="191" pin=0"/></net>

<net id="200"><net_src comp="185" pin="3"/><net_sink comp="196" pin=0"/></net>

<net id="204"><net_src comp="201" pin="1"/><net_sink comp="87" pin=2"/></net>

<net id="208"><net_src comp="205" pin="1"/><net_sink comp="80" pin=2"/></net>

<net id="212"><net_src comp="44" pin="1"/><net_sink comp="209" pin=0"/></net>

<net id="213"><net_src comp="209" pin="1"/><net_sink comp="129" pin=1"/></net>

<net id="214"><net_src comp="209" pin="1"/><net_sink comp="134" pin=0"/></net>

<net id="215"><net_src comp="209" pin="1"/><net_sink comp="161" pin=1"/></net>

<net id="219"><net_src comp="48" pin="1"/><net_sink comp="216" pin=0"/></net>

<net id="220"><net_src comp="216" pin="1"/><net_sink comp="173" pin=0"/></net>

<net id="221"><net_src comp="216" pin="1"/><net_sink comp="196" pin=1"/></net>

<net id="222"><net_src comp="216" pin="1"/><net_sink comp="201" pin=0"/></net>

<net id="226"><net_src comp="52" pin="1"/><net_sink comp="223" pin=0"/></net>

<net id="227"><net_src comp="223" pin="1"/><net_sink comp="176" pin=0"/></net>

<net id="228"><net_src comp="223" pin="1"/><net_sink comp="191" pin=1"/></net>

<net id="229"><net_src comp="223" pin="1"/><net_sink comp="205" pin=0"/></net>

<net id="233"><net_src comp="56" pin="2"/><net_sink comp="230" pin=0"/></net>

<net id="234"><net_src comp="230" pin="1"/><net_sink comp="124" pin=0"/></net>

<net id="238"><net_src comp="62" pin="2"/><net_sink comp="235" pin=0"/></net>

<net id="239"><net_src comp="235" pin="1"/><net_sink comp="119" pin=0"/></net>

<net id="243"><net_src comp="68" pin="2"/><net_sink comp="240" pin=0"/></net>

<net id="244"><net_src comp="240" pin="1"/><net_sink comp="115" pin=0"/></net>

<net id="248"><net_src comp="74" pin="2"/><net_sink comp="245" pin=0"/></net>

<net id="249"><net_src comp="245" pin="1"/><net_sink comp="111" pin=0"/></net>

<net id="253"><net_src comp="137" pin="2"/><net_sink comp="250" pin=0"/></net>

<net id="257"><net_src comp="149" pin="1"/><net_sink comp="254" pin=0"/></net>

<net id="258"><net_src comp="254" pin="1"/><net_sink comp="166" pin=0"/></net>

<net id="259"><net_src comp="254" pin="1"/><net_sink comp="179" pin=0"/></net>

<net id="260"><net_src comp="254" pin="1"/><net_sink comp="185" pin=0"/></net>

<net id="264"><net_src comp="153" pin="3"/><net_sink comp="261" pin=0"/></net>

<net id="265"><net_src comp="261" pin="1"/><net_sink comp="111" pin=1"/></net>

<net id="269"><net_src comp="166" pin="3"/><net_sink comp="266" pin=0"/></net>

<net id="270"><net_src comp="266" pin="1"/><net_sink comp="115" pin=1"/></net>

<net id="274"><net_src comp="111" pin="2"/><net_sink comp="271" pin=0"/></net>

<net id="275"><net_src comp="271" pin="1"/><net_sink comp="94" pin=0"/></net>

<net id="279"><net_src comp="94" pin="2"/><net_sink comp="276" pin=0"/></net>

<net id="280"><net_src comp="276" pin="1"/><net_sink comp="99" pin=0"/></net>

<net id="284"><net_src comp="115" pin="2"/><net_sink comp="281" pin=0"/></net>

<net id="285"><net_src comp="281" pin="1"/><net_sink comp="99" pin=1"/></net>

<net id="289"><net_src comp="99" pin="2"/><net_sink comp="286" pin=0"/></net>

<net id="290"><net_src comp="286" pin="1"/><net_sink comp="103" pin=0"/></net>

<net id="294"><net_src comp="119" pin="2"/><net_sink comp="291" pin=0"/></net>

<net id="295"><net_src comp="291" pin="1"/><net_sink comp="103" pin=1"/></net>

<net id="299"><net_src comp="103" pin="2"/><net_sink comp="296" pin=0"/></net>

<net id="300"><net_src comp="296" pin="1"/><net_sink comp="107" pin=0"/></net>

<net id="304"><net_src comp="124" pin="2"/><net_sink comp="301" pin=0"/></net>

<net id="305"><net_src comp="301" pin="1"/><net_sink comp="107" pin=1"/></net>

<net id="309"><net_src comp="107" pin="2"/><net_sink comp="306" pin=0"/></net>

<net id="310"><net_src comp="306" pin="1"/><net_sink comp="179" pin=1"/></net>

<net id="311"><net_src comp="306" pin="1"/><net_sink comp="185" pin=2"/></net>

</net_list>

</model> 
---------------- Datapath Model END ------------------

* FSMD analyzer results:
  - Output states:
	Port: temp1_1_1_0380_out | {68 }
	Port: temp1_1_0_0379_out | {68 }
 - Input state : 
	Port: extendedKalmanFilter_Pipeline_VITIS_LOOP_121_2010 : mux_case_0158394_reload | {1 }
	Port: extendedKalmanFilter_Pipeline_VITIS_LOOP_121_2010 : mux_case_1159397_reload | {1 }
	Port: extendedKalmanFilter_Pipeline_VITIS_LOOP_121_2010 : mux_case_2160400_reload | {1 }
	Port: extendedKalmanFilter_Pipeline_VITIS_LOOP_121_2010 : mux_case_3161403_reload | {1 }
  - Chain level:
	State 1
		store_ln121 : 1
		j_9 : 1
		icmp_ln121 : 2
		add_ln121 : 2
		br_ln121 : 3
		trunc_ln122 : 2
		select_ln124_4 : 3
		store_ln121 : 3
	State 2
	State 3
	State 4
	State 5
	State 6
	State 7
	State 8
	State 9
	State 10
	State 11
	State 12
	State 13
	State 14
	State 15
	State 16
	State 17
	State 18
	State 19
	State 20
	State 21
	State 22
	State 23
	State 24
	State 25
	State 26
	State 27
	State 28
	State 29
	State 30
	State 31
	State 32
	State 33
	State 34
	State 35
	State 36
	State 37
	State 38
	State 39
	State 40
	State 41
	State 42
	State 43
	State 44
	State 45
	State 46
	State 47
	State 48
	State 49
	State 50
	State 51
	State 52
	State 53
	State 54
	State 55
	State 56
	State 57
	State 58
	State 59
	State 60
	State 61
	State 62
	State 63
	State 64
	State 65
	State 66
	State 67
	State 68
		write_ln0 : 1
		write_ln0 : 1
	State 69
		temp1_1_6 : 1
		temp1_1_7 : 1
		store_ln124 : 2
		store_ln124 : 2


============================================================
+ Verbose Summary: Datapath Resource usage 
============================================================

* Functional unit list:
|----------|-----------------------------------------|---------|---------|---------|
| Operation|             Functional Unit             |   DSP   |    FF   |   LUT   |
|----------|-----------------------------------------|---------|---------|---------|
|          |                grp_fu_94                |    3    |   979   |   800   |
|   dadd   |                grp_fu_99                |    3    |   979   |   800   |
|          |                grp_fu_103               |    3    |   979   |   800   |
|          |                grp_fu_107               |    3    |   979   |   800   |
|----------|-----------------------------------------|---------|---------|---------|
|          |                grp_fu_111               |    11   |   565   |   296   |
|   dmul   |                grp_fu_115               |    11   |   565   |   296   |
|          |                grp_fu_119               |    11   |   565   |   296   |
|          |                grp_fu_124               |    11   |   565   |   296   |
|----------|-----------------------------------------|---------|---------|---------|
|          |          select_ln124_4_fu_153          |    0    |    0    |    64   |
|  select  |          select_ln124_5_fu_166          |    0    |    0    |    64   |
|          |             temp1_1_6_fu_179            |    0    |    0    |    64   |
|          |             temp1_1_7_fu_185            |    0    |    0    |    64   |
|----------|-----------------------------------------|---------|---------|---------|
|   icmp   |            icmp_ln121_fu_137            |    0    |    0    |    10   |
|----------|-----------------------------------------|---------|---------|---------|
|    add   |             add_ln121_fu_143            |    0    |    0    |    10   |
|----------|-----------------------------------------|---------|---------|---------|
|          | mux_case_3161403_reload_read_read_fu_56 |    0    |    0    |    0    |
|   read   | mux_case_2160400_reload_read_read_fu_62 |    0    |    0    |    0    |
|          | mux_case_1159397_reload_read_read_fu_68 |    0    |    0    |    0    |
|          | mux_case_0158394_reload_read_read_fu_74 |    0    |    0    |    0    |
|----------|-----------------------------------------|---------|---------|---------|
|   write  |          write_ln0_write_fu_80          |    0    |    0    |    0    |
|          |          write_ln0_write_fu_87          |    0    |    0    |    0    |
|----------|-----------------------------------------|---------|---------|---------|
|   trunc  |            trunc_ln122_fu_149           |    0    |    0    |    0    |
|----------|-----------------------------------------|---------|---------|---------|
|   Total  |                                         |    56   |   6176  |   4660  |
|----------|-----------------------------------------|---------|---------|---------|

Memories:
N/A

* Register list:
+------------------------------------+--------+
|                                    |   FF   |
+------------------------------------+--------+
|         add263_1_1_reg_286         |   64   |
|         add263_1_2_reg_296         |   64   |
|          add263_1_reg_276          |   64   |
|         icmp_ln121_reg_250         |    1   |
|              j_reg_209             |    2   |
|         mul258_1_1_reg_281         |   64   |
|         mul258_1_2_reg_291         |   64   |
|         mul258_1_3_reg_301         |   64   |
|          mul258_1_reg_271          |   64   |
|mux_case_0158394_reload_read_reg_245|   64   |
|mux_case_1159397_reload_read_reg_240|   64   |
|mux_case_2160400_reload_read_reg_235|   64   |
|mux_case_3161403_reload_read_reg_230|   64   |
|       select_ln124_4_reg_261       |   64   |
|       select_ln124_5_reg_266       |   64   |
|           temp1_0_reg_306          |   64   |
|       temp1_1_0_0379_reg_216       |   64   |
|       temp1_1_1_0380_reg_223       |   64   |
|         trunc_ln122_reg_254        |    1   |
+------------------------------------+--------+
|                Total               |  1028  |
+------------------------------------+--------+

* Multiplexer (MUX) list: 
|--------|------|------|------|--------|
|  Comp  |  Pin | Size |  BW  | S x BW |
|--------|------|------|------|--------|
|  Total |      |      |      |    0   |
|--------|------|------|------|--------|



* Summary:
+-----------+--------+--------+--------+
|           |   DSP  |   FF   |   LUT  |
+-----------+--------+--------+--------+
|  Function |   56   |  6176  |  4660  |
|   Memory  |    -   |    -   |    -   |
|Multiplexer|    -   |    -   |    -   |
|  Register |    -   |  1028  |    -   |
+-----------+--------+--------+--------+
|   Total   |   56   |  7204  |  4660  |
+-----------+--------+--------+--------+
