

================================================================
== Vitis HLS Report for 'extendedKalmanFilter_Pipeline_VITIS_LOOP_94_12'
================================================================
* Date:           Sun Mar 17 14:02:04 2024

* Version:        2023.2 (Build 4023990 on Oct 11 2023)
* Project:        ExtendedKalmanFilter
* Solution:       solution2 (Vivado IP Flow Target)
* Product family: kintex7
* Target device:  xc7k160t-fbg676-2


================================================================
== Performance Estimates
================================================================
+ Timing: 
    * Summary: 
    +--------+---------+----------+------------+
    |  Clock |  Target | Estimated| Uncertainty|
    +--------+---------+----------+------------+
    |ap_clk  |  4.00 ns|  2.516 ns|     1.08 ns|
    +--------+---------+----------+------------+

+ Latency: 
    * Summary: 
    +---------+---------+-----------+-----------+-----+-----+---------+
    |  Latency (cycles) |   Latency (absolute)  |  Interval | Pipeline|
    |   min   |   max   |    min    |    max    | min | max |   Type  |
    +---------+---------+-----------+-----------+-----+-----+---------+
    |        4|        4|  16.000 ns|  16.000 ns|    4|    4|       no|
    +---------+---------+-----------+-----------+-----+-----+---------+

    + Detail: 
        * Instance: 
        N/A

        * Loop: 
        +--------------------+---------+---------+----------+-----------+-----------+------+----------+
        |                    |  Latency (cycles) | Iteration|  Initiation Interval  | Trip |          |
        |      Loop Name     |   min   |   max   |  Latency |  achieved |   target  | Count| Pipelined|
        +--------------------+---------+---------+----------+-----------+-----------+------+----------+
        |- VITIS_LOOP_94_12  |        2|        2|         1|          1|          1|     2|       yes|
        +--------------------+---------+---------+----------+-----------+-----------+------+----------+

============================================================
+ Verbose Summary: Synthesis Manager
============================================================
InlineROM: 1
ExposeGlobal: 0
============================================================
+ Verbose Summary: CDFG Model
============================================================
IsTopModel: 0
ResetActiveHigh: 1
IsCombinational: 0
IsDatapathOnly: 0
HasWiredReturn: 1
HasMFsm: 2
HasVarLatency: 1
IsPipeline: 0
IsRtlPipelined: 0
IsInstanceOverlapped: 0
IsDontTouch: 0
HasImplIP: 0
IsGatedGlobalClock: 0

+ Individual pipeline summary: 
  * Pipeline-0: initiation interval (II) = 1, depth = 1


============================================================
+ Verbose Summary: Schedule
============================================================
* Number of FSM states : 1
* Pipeline : 1
  Pipeline-0 : II = 1, D = 1, States = { 1 }
* Dataflow Pipeline: 0

* FSM state transitions: 
1 --> 

* FSM state operations: 

State 1 <SV = 0> <Delay = 2.51>
ST_1 : Operation 4 [1/1] (0.00ns)   --->   "%j = alloca i32 1" [ExtendedKalmanFilter.cpp:94]   --->   Operation 4 'alloca' 'j' <Predicate = true> <Delay = 0.00>
ST_1 : Operation 5 [1/1] (0.00ns)   --->   "%S_0_0_0 = alloca i32 1"   --->   Operation 5 'alloca' 'S_0_0_0' <Predicate = true> <Delay = 0.00>
ST_1 : Operation 6 [1/1] (0.83ns)   --->   "%store_ln94 = store i2 0, i2 %j" [ExtendedKalmanFilter.cpp:94]   --->   Operation 6 'store' 'store_ln94' <Predicate = true> <Delay = 0.83>
ST_1 : Operation 7 [1/1] (0.00ns)   --->   "%br_ln0 = br void %for.inc141"   --->   Operation 7 'br' 'br_ln0' <Predicate = true> <Delay = 0.00>
ST_1 : Operation 8 [1/1] (0.00ns)   --->   "%j_2 = load i2 %j" [ExtendedKalmanFilter.cpp:95]   --->   Operation 8 'load' 'j_2' <Predicate = true> <Delay = 0.00>
ST_1 : Operation 9 [1/1] (0.85ns)   --->   "%icmp_ln94 = icmp_eq  i2 %j_2, i2 2" [ExtendedKalmanFilter.cpp:94]   --->   Operation 9 'icmp' 'icmp_ln94' <Predicate = true> <Delay = 0.85> <CoreInst = "Cmp">   --->   Core 9 'Cmp' <Latency = 0> <II = 1> <Delay = 0.85> <FuncUnit> <Opcode : 'icmp'> <InPorts = 2> <OutPorts = 1>
ST_1 : Operation 10 [1/1] (0.85ns)   --->   "%add_ln94 = add i2 %j_2, i2 1" [ExtendedKalmanFilter.cpp:94]   --->   Operation 10 'add' 'add_ln94' <Predicate = true> <Delay = 0.85> <CoreInst = "Adder">   --->   Core 1 'Adder' <Latency = 0> <II = 1> <Delay = 0.85> <FuncUnit> <Opcode : 'add' 'sub'> <InPorts = 2> <OutPorts = 1>
ST_1 : Operation 11 [1/1] (0.00ns)   --->   "%br_ln94 = br i1 %icmp_ln94, void %for.inc141.split, void %for.inc141.1.preheader.exitStub" [ExtendedKalmanFilter.cpp:94]   --->   Operation 11 'br' 'br_ln94' <Predicate = true> <Delay = 0.00>
ST_1 : Operation 12 [1/1] (0.00ns)   --->   "%S_0_0_0_load_1 = load i64 %S_0_0_0" [ExtendedKalmanFilter.cpp:95]   --->   Operation 12 'load' 'S_0_0_0_load_1' <Predicate = (!icmp_ln94)> <Delay = 0.00>
ST_1 : Operation 13 [1/1] (0.00ns)   --->   "%specpipeline_ln94 = specpipeline void @_ssdm_op_SpecPipeline, i32 4294967295, i32 0, i32 0, i32 0, void @empty_8" [ExtendedKalmanFilter.cpp:94]   --->   Operation 13 'specpipeline' 'specpipeline_ln94' <Predicate = (!icmp_ln94)> <Delay = 0.00>
ST_1 : Operation 14 [1/1] (0.00ns)   --->   "%speclooptripcount_ln94 = speclooptripcount void @_ssdm_op_SpecLoopTripCount, i64 2, i64 2, i64 2" [ExtendedKalmanFilter.cpp:94]   --->   Operation 14 'speclooptripcount' 'speclooptripcount_ln94' <Predicate = (!icmp_ln94)> <Delay = 0.00>
ST_1 : Operation 15 [1/1] (0.00ns)   --->   "%specloopname_ln94 = specloopname void @_ssdm_op_SpecLoopName, void @empty_4" [ExtendedKalmanFilter.cpp:94]   --->   Operation 15 'specloopname' 'specloopname_ln94' <Predicate = (!icmp_ln94)> <Delay = 0.00>
ST_1 : Operation 16 [1/1] (0.85ns)   --->   "%icmp_ln95 = icmp_eq  i2 %j_2, i2 0" [ExtendedKalmanFilter.cpp:95]   --->   Operation 16 'icmp' 'icmp_ln95' <Predicate = (!icmp_ln94)> <Delay = 0.85> <CoreInst = "Cmp">   --->   Core 9 'Cmp' <Latency = 0> <II = 1> <Delay = 0.85> <FuncUnit> <Opcode : 'icmp'> <InPorts = 2> <OutPorts = 1>
ST_1 : Operation 17 [1/1] (0.00ns) (grouped into LUT with out node select_ln95)   --->   "%S_0_0 = select i1 %icmp_ln95, i64 1, i64 0" [ExtendedKalmanFilter.cpp:95]   --->   Operation 17 'select' 'S_0_0' <Predicate = (!icmp_ln94)> <Delay = 0.00> <CoreInst = "Sel">   --->   Core 73 'Sel' <Latency = 0> <II = 1> <Delay = 0.61> <FuncUnit> <Opcode : 'select'> <InPorts = 3> <OutPorts = 1>
ST_1 : Operation 18 [1/1] (0.00ns) (grouped into LUT with out node select_ln95)   --->   "%trunc_ln95 = trunc i2 %j_2" [ExtendedKalmanFilter.cpp:95]   --->   Operation 18 'trunc' 'trunc_ln95' <Predicate = (!icmp_ln94)> <Delay = 0.00>
ST_1 : Operation 19 [1/1] (0.61ns) (out node of the LUT)   --->   "%select_ln95 = select i1 %trunc_ln95, i64 %S_0_0_0_load_1, i64 %S_0_0" [ExtendedKalmanFilter.cpp:95]   --->   Operation 19 'select' 'select_ln95' <Predicate = (!icmp_ln94)> <Delay = 0.61> <CoreInst = "Sel">   --->   Core 73 'Sel' <Latency = 0> <II = 1> <Delay = 0.61> <FuncUnit> <Opcode : 'select'> <InPorts = 3> <OutPorts = 1>
ST_1 : Operation 20 [1/1] (0.00ns)   --->   "%store_ln95 = store i64 %select_ln95, i64 %S_0_0_0" [ExtendedKalmanFilter.cpp:95]   --->   Operation 20 'store' 'store_ln95' <Predicate = (!icmp_ln94)> <Delay = 0.00>
ST_1 : Operation 21 [1/1] (0.83ns)   --->   "%store_ln94 = store i2 %add_ln94, i2 %j" [ExtendedKalmanFilter.cpp:94]   --->   Operation 21 'store' 'store_ln94' <Predicate = (!icmp_ln94)> <Delay = 0.83>
ST_1 : Operation 22 [1/1] (0.00ns)   --->   "%br_ln94 = br void %for.inc141" [ExtendedKalmanFilter.cpp:94]   --->   Operation 22 'br' 'br_ln94' <Predicate = (!icmp_ln94)> <Delay = 0.00>
ST_1 : Operation 23 [1/1] (0.00ns)   --->   "%S_0_0_0_load = load i64 %S_0_0_0"   --->   Operation 23 'load' 'S_0_0_0_load' <Predicate = (icmp_ln94)> <Delay = 0.00>
ST_1 : Operation 24 [1/1] (0.00ns)   --->   "%write_ln0 = write void @_ssdm_op_Write.ap_auto.doubleP0A, i64 %S_0_0_0_out, i64 %S_0_0_0_load"   --->   Operation 24 'write' 'write_ln0' <Predicate = (icmp_ln94)> <Delay = 0.00>
ST_1 : Operation 25 [1/1] (0.00ns)   --->   "%ret_ln0 = ret"   --->   Operation 25 'ret' 'ret_ln0' <Predicate = (icmp_ln94)> <Delay = 0.00>


============================================================
+ Verbose Summary: Timing violations
============================================================
Target clock period: 4.000ns, clock uncertainty: 1.080ns.

 <State 1>: 2.516ns
The critical path consists of the following:
	'store' operation 0 bit ('store_ln94', ExtendedKalmanFilter.cpp:94) of constant 0 on local variable 'j', ExtendedKalmanFilter.cpp:94 [4]  (0.833 ns)
	'load' operation 2 bit ('j', ExtendedKalmanFilter.cpp:95) on local variable 'j', ExtendedKalmanFilter.cpp:94 [7]  (0.000 ns)
	'icmp' operation 1 bit ('icmp_ln94', ExtendedKalmanFilter.cpp:94) [8]  (0.850 ns)
	'store' operation 0 bit ('store_ln94', ExtendedKalmanFilter.cpp:94) of variable 'add_ln94', ExtendedKalmanFilter.cpp:94 on local variable 'j', ExtendedKalmanFilter.cpp:94 [21]  (0.833 ns)


============================================================
+ Verbose Summary: Binding
============================================================
N/A
* FSMD analyzer results:
  - Output states:
 - Input state : 
  - Chain level:
	State 1


============================================================
+ Verbose Summary: Datapath Resource usage 
============================================================
N/A
