Copyright 1986-2022 Xilinx, Inc. All Rights Reserved. Copyright 2022-2023 Advanced Micro Devices, Inc. All Rights Reserved.
---------------------------------------------------------------------------------------------------------------------------------------------
| Tool Version : Vivado v.2023.2 (win64) Build 4029153 Fri Oct 13 20:14:34 MDT 2023
| Date         : Sun Mar 17 15:49:23 2024
| Host         : AsusROG-Enrique running 64-bit major release  (build 9200)
| Command      : report_control_sets -verbose -file bd_0_wrapper_control_sets_placed.rpt
| Design       : bd_0_wrapper
| Device       : xc7k160t
---------------------------------------------------------------------------------------------------------------------------------------------

Control Set Information

Table of Contents
-----------------
1. Summary
2. Histogram
3. Flip-Flop Distribution
4. Detailed Control Set Information

1. Summary
----------

+----------------------------------------------------------+-------+
|                          Status                          | Count |
+----------------------------------------------------------+-------+
| Total control sets                                       |    91 |
|    Minimum number of control sets                        |    91 |
|    Addition due to synthesis replication                 |     0 |
|    Addition due to physical synthesis replication        |     0 |
| Unused register locations in slices containing registers |   213 |
+----------------------------------------------------------+-------+
* Control sets can be merged at opt_design using control_set_merge or merge_equivalent_drivers
** Run report_qor_suggestions for automated merging and remapping suggestions


2. Histogram
------------

+--------------------+-------+
|       Fanout       | Count |
+--------------------+-------+
| Total control sets |    91 |
| >= 0 to < 4        |     2 |
| >= 4 to < 6        |    23 |
| >= 6 to < 8        |     4 |
| >= 8 to < 10       |     3 |
| >= 10 to < 12      |     4 |
| >= 12 to < 14      |     0 |
| >= 14 to < 16      |     0 |
| >= 16              |    55 |
+--------------------+-------+
* Control sets can be remapped at either synth_design or opt_design


3. Flip-Flop Distribution
-------------------------

+--------------+-----------------------+------------------------+-----------------+--------------+
| Clock Enable | Synchronous Set/Reset | Asynchronous Set/Reset | Total Registers | Total Slices |
+--------------+-----------------------+------------------------+-----------------+--------------+
| No           | No                    | No                     |           10302 |         2009 |
| No           | No                    | Yes                    |               0 |            0 |
| No           | Yes                   | No                     |            1036 |          254 |
| Yes          | No                    | No                     |            2028 |          436 |
| Yes          | No                    | Yes                    |               0 |            0 |
| Yes          | Yes                   | No                     |             421 |           98 |
+--------------+-----------------------+------------------------+-----------------+--------------+


4. Detailed Control Set Information
-----------------------------------

+--------------+-----------------------------------------------------+------------------------------------------------------------------------------------------------------------------------------------------------------------------------------------------------------------------------------------------------------------------------+------------------+----------------+--------------+
| Clock Signal |                    Enable Signal                    |                                                                                                                            Set/Reset Signal                                                                                                                            | Slice Load Count | Bel Load Count | Bels / Slice |
+--------------+-----------------------------------------------------+------------------------------------------------------------------------------------------------------------------------------------------------------------------------------------------------------------------------------------------------------------------------+------------------+----------------+--------------+
|  ap_clk      |                                                     | bd_0_i/hls_inst/inst/dmul_64ns_64ns_64_15_max_dsp_1_U5/extendedKalmanFilter_dmul_64ns_64ns_64_15_max_dsp_1_ip_u/inst/i_synth/MULT.OP/i_non_prim.EXP/STATE_DELAY/i_pipe/state_up[0]                                                                                     |                1 |              1 |         1.00 |
|  ap_clk      |                                                     | bd_0_i/hls_inst/inst/dmul_64ns_64ns_64_15_max_dsp_1_U6/extendedKalmanFilter_dmul_64ns_64ns_64_15_max_dsp_1_ip_u/inst/i_synth/MULT.OP/i_non_prim.EXP/STATE_DELAY/i_pipe/state_up[0]                                                                                     |                1 |              1 |         1.00 |
|  ap_clk      |                                                     | bd_0_i/hls_inst/inst/dadddsub_64ns_64ns_64_13_full_dsp_1_U2/extendedKalmanFilter_dadddsub_64ns_64ns_64_13_full_dsp_1_ip_u/inst/i_synth/ADDSUB_OP.ADDSUB/LOGIC_SPEED.OP/ALIGN_BLK/ALIGN_SHIFT/ALIGN_Z_D/MUX_LOOP[1].SKEW_DIST_DEL.DEL_DIST/i_pipe/ext_del_distance_2[0] |                2 |              4 |         2.00 |
|  ap_clk      |                                                     | bd_0_i/hls_inst/inst/dadd_64ns_64ns_64_13_full_dsp_1_U3/extendedKalmanFilter_dadd_64ns_64ns_64_13_full_dsp_1_ip_u/inst/i_synth/ADDSUB_OP.ADDSUB/LOGIC_SPEED.OP/ALIGN_BLK/ALIGN_SHIFT/ALIGN_Z_D/MUX_LOOP[1].SKEW_DIST_DEL.DEL_DIST/i_pipe/ext_del_distance_2[0]         |                1 |              4 |         4.00 |
|  ap_clk      |                                                     | bd_0_i/hls_inst/inst/dadd_64ns_64ns_64_13_full_dsp_1_U4/extendedKalmanFilter_dadd_64ns_64ns_64_13_full_dsp_1_ip_u/inst/i_synth/ADDSUB_OP.ADDSUB/LOGIC_SPEED.OP/NORM/LZE/ZERO_DET_CC_2.CC/CHAIN_GEN[5].CARRYS_DEL.NEED_DEL.CARRYS_FD_1                                  |                1 |              4 |         4.00 |
|  ap_clk      |                                                     | bd_0_i/hls_inst/inst/dadd_64ns_64ns_64_13_full_dsp_1_U4/extendedKalmanFilter_dadd_64ns_64ns_64_13_full_dsp_1_ip_u/inst/i_synth/ADDSUB_OP.ADDSUB/LOGIC_SPEED.OP/NORM/LZE/ZERO_DET_CC_2.CC/CHAIN_GEN[5].CARRYS_DEL.NEED_DEL.CARRYS_FD_0                                  |                1 |              4 |         4.00 |
|  ap_clk      |                                                     | bd_0_i/hls_inst/inst/dadddsub_64ns_64ns_64_13_full_dsp_1_U1/extendedKalmanFilter_dadddsub_64ns_64ns_64_13_full_dsp_1_ip_u/inst/i_synth/ADDSUB_OP.ADDSUB/LOGIC_SPEED.OP/ALIGN_BLK/ALIGN_SHIFT/ALIGN_Z_D/MUX_LOOP[1].SKEW_DIST_DEL.DEL_DIST/i_pipe/ext_del_distance_2[0] |                1 |              4 |         4.00 |
|  ap_clk      |                                                     | bd_0_i/hls_inst/inst/dadddsub_64ns_64ns_64_13_full_dsp_1_U1/extendedKalmanFilter_dadddsub_64ns_64ns_64_13_full_dsp_1_ip_u/inst/i_synth/ADDSUB_OP.ADDSUB/LOGIC_SPEED.OP/NORM/LZE/ZERO_DET_CC_2.CC/CHAIN_GEN[5].CARRYS_DEL.NEED_DEL.CARRYS_FD_1                          |                1 |              4 |         4.00 |
|  ap_clk      |                                                     | bd_0_i/hls_inst/inst/dadd_64ns_64ns_64_13_full_dsp_1_U3/extendedKalmanFilter_dadd_64ns_64ns_64_13_full_dsp_1_ip_u/inst/i_synth/ADDSUB_OP.ADDSUB/LOGIC_SPEED.OP/NORM/LZE/ZERO_DET_CC_2.CC/CHAIN_GEN[5].CARRYS_DEL.NEED_DEL.CARRYS_FD_0                                  |                1 |              4 |         4.00 |
|  ap_clk      |                                                     | bd_0_i/hls_inst/inst/dadd_64ns_64ns_64_13_full_dsp_1_U3/extendedKalmanFilter_dadd_64ns_64ns_64_13_full_dsp_1_ip_u/inst/i_synth/ADDSUB_OP.ADDSUB/LOGIC_SPEED.OP/NORM/LZE/ZERO_DET_CC_2.CC/CHAIN_GEN[5].CARRYS_DEL.NEED_DEL.CARRYS_FD_1                                  |                2 |              4 |         2.00 |
|  ap_clk      |                                                     | bd_0_i/hls_inst/inst/dadd_64ns_64ns_64_13_full_dsp_1_U4/extendedKalmanFilter_dadd_64ns_64ns_64_13_full_dsp_1_ip_u/inst/i_synth/ADDSUB_OP.ADDSUB/LOGIC_SPEED.OP/ALIGN_BLK/ALIGN_SHIFT/ALIGN_Z_D/MUX_LOOP[1].SKEW_DIST_DEL.DEL_DIST/i_pipe/ext_del_distance_2[0]         |                1 |              4 |         4.00 |
|  ap_clk      |                                                     | bd_0_i/hls_inst/inst/dadddsub_64ns_64ns_64_13_full_dsp_1_U2/extendedKalmanFilter_dadddsub_64ns_64ns_64_13_full_dsp_1_ip_u/inst/i_synth/ADDSUB_OP.ADDSUB/LOGIC_SPEED.OP/NORM/LZE/ZERO_DET_CC_2.CC/CHAIN_GEN[5].CARRYS_DEL.NEED_DEL.CARRYS_FD_1                          |                1 |              4 |         4.00 |
|  ap_clk      |                                                     | bd_0_i/hls_inst/inst/dadddsub_64ns_64ns_64_13_full_dsp_1_U2/extendedKalmanFilter_dadddsub_64ns_64ns_64_13_full_dsp_1_ip_u/inst/i_synth/ADDSUB_OP.ADDSUB/LOGIC_SPEED.OP/NORM/LZE/ZERO_DET_CC_2.CC/CHAIN_GEN[5].CARRYS_DEL.NEED_DEL.CARRYS_FD_0                          |                2 |              4 |         2.00 |
|  ap_clk      | bd_0_i/hls_inst/inst/ap_CS_fsm_state337             |                                                                                                                                                                                                                                                                        |                1 |              4 |         4.00 |
|  ap_clk      |                                                     | bd_0_i/hls_inst/inst/dadddsub_64ns_64ns_64_13_full_dsp_1_U1/extendedKalmanFilter_dadddsub_64ns_64ns_64_13_full_dsp_1_ip_u/inst/i_synth/ADDSUB_OP.ADDSUB/LOGIC_SPEED.OP/NORM/LZE/ZERO_DET_CC_2.CC/CHAIN_GEN[5].CARRYS_DEL.NEED_DEL.CARRYS_FD_0                          |                1 |              4 |         4.00 |
|  ap_clk      | bd_0_i/hls_inst/inst/ap_CS_fsm_state15              |                                                                                                                                                                                                                                                                        |                1 |              5 |         5.00 |
|  ap_clk      | bd_0_i/hls_inst/inst/ap_CS_fsm_state49              |                                                                                                                                                                                                                                                                        |                1 |              5 |         5.00 |
|  ap_clk      | bd_0_i/hls_inst/inst/ap_CS_fsm_state150             |                                                                                                                                                                                                                                                                        |                1 |              5 |         5.00 |
|  ap_clk      | bd_0_i/hls_inst/inst/ap_CS_fsm_state335             |                                                                                                                                                                                                                                                                        |                1 |              5 |         5.00 |
|  ap_clk      | bd_0_i/hls_inst/inst/ap_CS_fsm_state183             |                                                                                                                                                                                                                                                                        |                1 |              5 |         5.00 |
|  ap_clk      | bd_0_i/hls_inst/inst/ap_CS_fsm_state151             |                                                                                                                                                                                                                                                                        |                2 |              5 |         2.50 |
|  ap_clk      | bd_0_i/hls_inst/inst/ap_CS_fsm_state83              |                                                                                                                                                                                                                                                                        |                1 |              5 |         5.00 |
|  ap_clk      | bd_0_i/hls_inst/inst/ap_CS_fsm_state258             |                                                                                                                                                                                                                                                                        |                3 |              5 |         1.67 |
|  ap_clk      | bd_0_i/hls_inst/inst/ap_CS_fsm_state184             |                                                                                                                                                                                                                                                                        |                2 |              5 |         2.50 |
|  ap_clk      | bd_0_i/hls_inst/inst/ap_CS_fsm_state302             |                                                                                                                                                                                                                                                                        |                1 |              5 |         5.00 |
|  ap_clk      | bd_0_i/hls_inst/inst/ap_CS_fsm_state303             |                                                                                                                                                                                                                                                                        |                2 |              7 |         3.50 |
|  ap_clk      | bd_0_i/hls_inst/inst/ap_CS_fsm_state336             |                                                                                                                                                                                                                                                                        |                1 |              7 |         7.00 |
|  ap_clk      | bd_0_i/hls_inst/inst/ap_CS_fsm_state50              |                                                                                                                                                                                                                                                                        |                2 |              7 |         3.50 |
|  ap_clk      | bd_0_i/hls_inst/inst/ap_CS_fsm_state86              |                                                                                                                                                                                                                                                                        |                1 |              7 |         7.00 |
|  ap_clk      | bd_0_i/hls_inst/inst/ap_CS_fsm_state16              |                                                                                                                                                                                                                                                                        |                2 |              8 |         4.00 |
|  ap_clk      | bd_0_i/hls_inst/inst/ap_CS_fsm_state152             |                                                                                                                                                                                                                                                                        |                2 |              8 |         4.00 |
|  ap_clk      | bd_0_i/hls_inst/inst/ap_CS_fsm_state51              |                                                                                                                                                                                                                                                                        |                2 |              9 |         4.50 |
|  ap_clk      | bd_0_i/hls_inst/inst/S_0_0_3_fu_174[63]_i_1_n_10    | bd_0_i/hls_inst/inst/S_0_0_3_fu_174[61]_i_1_n_10                                                                                                                                                                                                                       |                2 |             10 |         5.00 |
|  ap_clk      | bd_0_i/hls_inst/inst/S_1_1_3_fu_178[63]_i_1_n_10    | bd_0_i/hls_inst/inst/S_1_1_3_fu_178[61]_i_1_n_10                                                                                                                                                                                                                       |                2 |             10 |         5.00 |
|  ap_clk      | bd_0_i/hls_inst/inst/ap_CS_fsm_state87              |                                                                                                                                                                                                                                                                        |                3 |             10 |         3.33 |
|  ap_clk      | bd_0_i/hls_inst/inst/ap_CS_fsm_state17              |                                                                                                                                                                                                                                                                        |                2 |             11 |         5.50 |
|  ap_clk      |                                                     | bd_0_i/hls_inst/inst/dadd_64ns_64ns_64_13_full_dsp_1_U3/extendedKalmanFilter_dadd_64ns_64ns_64_13_full_dsp_1_ip_u/inst/i_synth/ADDSUB_OP.ADDSUB/LOGIC_SPEED.OP/ALIGN_BLK/ABS_DELAY/i_pipe/opt_has_pipe.first_q[5]                                                      |                5 |             16 |         3.20 |
|  ap_clk      |                                                     | bd_0_i/hls_inst/inst/dadd_64ns_64ns_64_13_full_dsp_1_U4/extendedKalmanFilter_dadd_64ns_64ns_64_13_full_dsp_1_ip_u/inst/i_synth/ADDSUB_OP.ADDSUB/LOGIC_SPEED.OP/ALIGN_BLK/ABS_DELAY/i_pipe/opt_has_pipe.first_q_reg[5]_0                                                |                4 |             16 |         4.00 |
|  ap_clk      |                                                     | bd_0_i/hls_inst/inst/dadd_64ns_64ns_64_13_full_dsp_1_U4/extendedKalmanFilter_dadd_64ns_64ns_64_13_full_dsp_1_ip_u/inst/i_synth/ADDSUB_OP.ADDSUB/LOGIC_SPEED.OP/ALIGN_BLK/ABS_DELAY/i_pipe/opt_has_pipe.first_q[5]                                                      |                3 |             16 |         5.33 |
|  ap_clk      |                                                     | bd_0_i/hls_inst/inst/dadddsub_64ns_64ns_64_13_full_dsp_1_U1/extendedKalmanFilter_dadddsub_64ns_64ns_64_13_full_dsp_1_ip_u/inst/i_synth/ADDSUB_OP.ADDSUB/LOGIC_SPEED.OP/ALIGN_BLK/ABS_DELAY/i_pipe/opt_has_pipe.first_q[5]                                              |                5 |             16 |         3.20 |
|  ap_clk      |                                                     | bd_0_i/hls_inst/inst/dadddsub_64ns_64ns_64_13_full_dsp_1_U1/extendedKalmanFilter_dadddsub_64ns_64ns_64_13_full_dsp_1_ip_u/inst/i_synth/ADDSUB_OP.ADDSUB/LOGIC_SPEED.OP/ALIGN_BLK/ABS_DELAY/i_pipe/opt_has_pipe.first_q_reg[5]_0                                        |                2 |             16 |         8.00 |
|  ap_clk      |                                                     | bd_0_i/hls_inst/inst/dadddsub_64ns_64ns_64_13_full_dsp_1_U2/extendedKalmanFilter_dadddsub_64ns_64ns_64_13_full_dsp_1_ip_u/inst/i_synth/ADDSUB_OP.ADDSUB/LOGIC_SPEED.OP/ALIGN_BLK/ABS_DELAY/i_pipe/opt_has_pipe.first_q[5]                                              |                4 |             16 |         4.00 |
|  ap_clk      |                                                     | bd_0_i/hls_inst/inst/dadddsub_64ns_64ns_64_13_full_dsp_1_U2/extendedKalmanFilter_dadddsub_64ns_64ns_64_13_full_dsp_1_ip_u/inst/i_synth/ADDSUB_OP.ADDSUB/LOGIC_SPEED.OP/ALIGN_BLK/ABS_DELAY/i_pipe/opt_has_pipe.first_q_reg[5]_0                                        |                4 |             16 |         4.00 |
|  ap_clk      |                                                     | bd_0_i/hls_inst/inst/dadd_64ns_64ns_64_13_full_dsp_1_U3/extendedKalmanFilter_dadd_64ns_64ns_64_13_full_dsp_1_ip_u/inst/i_synth/ADDSUB_OP.ADDSUB/LOGIC_SPEED.OP/ALIGN_BLK/ABS_DELAY/i_pipe/opt_has_pipe.first_q_reg[5]_0                                                |                3 |             16 |         5.33 |
|  ap_clk      |                                                     | bd_0_i/hls_inst/inst/dmul_64ns_64ns_64_15_max_dsp_1_U5/extendedKalmanFilter_dmul_64ns_64ns_64_15_max_dsp_1_ip_u/inst/i_synth/MULT.OP/i_non_prim.EXP/STATE_DEC_DELAY/i_pipe/state_op[5]                                                                                 |                7 |             46 |         6.57 |
|  ap_clk      |                                                     | bd_0_i/hls_inst/inst/dmul_64ns_64ns_64_15_max_dsp_1_U6/extendedKalmanFilter_dmul_64ns_64ns_64_15_max_dsp_1_ip_u/inst/i_synth/MULT.OP/i_non_prim.EXP/STATE_DEC_DELAY/i_pipe/state_op[5]                                                                                 |                7 |             46 |         6.57 |
|  ap_clk      |                                                     | bd_0_i/hls_inst/inst/dadd_64ns_64ns_64_13_full_dsp_1_U3/extendedKalmanFilter_dadd_64ns_64ns_64_13_full_dsp_1_ip_u/inst/i_synth/ADDSUB_OP.ADDSUB/LOGIC_SPEED.OP/EXP/DEC_STATE_PRE_OP_DELAY/i_pipe/op_state[2]                                                           |               11 |             51 |         4.64 |
|  ap_clk      |                                                     | bd_0_i/hls_inst/inst/dadddsub_64ns_64ns_64_13_full_dsp_1_U2/extendedKalmanFilter_dadddsub_64ns_64ns_64_13_full_dsp_1_ip_u/inst/i_synth/ADDSUB_OP.ADDSUB/LOGIC_SPEED.OP/EXP/DEC_STATE_PRE_OP_DELAY/i_pipe/op_state[2]                                                   |                9 |             51 |         5.67 |
|  ap_clk      |                                                     | bd_0_i/hls_inst/inst/dadddsub_64ns_64ns_64_13_full_dsp_1_U1/extendedKalmanFilter_dadddsub_64ns_64ns_64_13_full_dsp_1_ip_u/inst/i_synth/ADDSUB_OP.ADDSUB/LOGIC_SPEED.OP/EXP/DEC_STATE_PRE_OP_DELAY/i_pipe/op_state[2]                                                   |               11 |             51 |         4.64 |
|  ap_clk      |                                                     | bd_0_i/hls_inst/inst/dadd_64ns_64ns_64_13_full_dsp_1_U4/extendedKalmanFilter_dadd_64ns_64ns_64_13_full_dsp_1_ip_u/inst/i_synth/ADDSUB_OP.ADDSUB/LOGIC_SPEED.OP/EXP/DEC_STATE_PRE_OP_DELAY/i_pipe/op_state[2]                                                           |               11 |             51 |         4.64 |
|  ap_clk      |                                                     | bd_0_i/hls_inst/inst/dadd_64ns_64ns_64_13_full_dsp_1_U3/extendedKalmanFilter_dadd_64ns_64ns_64_13_full_dsp_1_ip_u/inst/i_synth/ADDSUB_OP.ADDSUB/LOGIC_SPEED.OP/EXP/COND_DET_B/EXP_DET_LUT.EXP_ALL_ZERO_DEL/i_pipe/zero_largest                                         |               16 |             52 |         3.25 |
|  ap_clk      |                                                     | bd_0_i/hls_inst/inst/dadddsub_64ns_64ns_64_13_full_dsp_1_U2/extendedKalmanFilter_dadddsub_64ns_64ns_64_13_full_dsp_1_ip_u/inst/i_synth/ADDSUB_OP.ADDSUB/LOGIC_SPEED.OP/EXP/COND_DET_B/EXP_DET_LUT.EXP_ALL_ZERO_DEL/i_pipe/zero_largest                                 |               15 |             52 |         3.47 |
|  ap_clk      |                                                     | bd_0_i/hls_inst/inst/dadddsub_64ns_64ns_64_13_full_dsp_1_U1/extendedKalmanFilter_dadddsub_64ns_64ns_64_13_full_dsp_1_ip_u/inst/i_synth/ADDSUB_OP.ADDSUB/LOGIC_SPEED.OP/EXP/COND_DET_B/EXP_DET_LUT.EXP_ALL_ZERO_DEL/i_pipe/zero_largest                                 |               16 |             52 |         3.25 |
|  ap_clk      |                                                     | bd_0_i/hls_inst/inst/dadd_64ns_64ns_64_13_full_dsp_1_U4/extendedKalmanFilter_dadd_64ns_64ns_64_13_full_dsp_1_ip_u/inst/i_synth/ADDSUB_OP.ADDSUB/LOGIC_SPEED.OP/EXP/COND_DET_B/EXP_DET_LUT.EXP_ALL_ZERO_DEL/i_pipe/zero_largest                                         |               16 |             52 |         3.25 |
|  ap_clk      | bd_0_i/hls_inst/inst/S_0_0_3_fu_174[63]_i_1_n_10    |                                                                                                                                                                                                                                                                        |               10 |             54 |         5.40 |
|  ap_clk      | bd_0_i/hls_inst/inst/S_1_1_3_fu_178[63]_i_1_n_10    |                                                                                                                                                                                                                                                                        |               12 |             54 |         4.50 |
|  ap_clk      | bd_0_i/hls_inst/inst/temp_U/p_0_in__1               |                                                                                                                                                                                                                                                                        |               16 |             64 |         4.00 |
|  ap_clk      | bd_0_i/hls_inst/inst/temp_U/temp_ce0                |                                                                                                                                                                                                                                                                        |               16 |             64 |         4.00 |
|  ap_clk      | bd_0_i/hls_inst/inst/ap_CS_fsm_state259             |                                                                                                                                                                                                                                                                        |               15 |             64 |         4.27 |
|  ap_clk      | bd_0_i/hls_inst/inst/temp1_U/p_0_in__2              |                                                                                                                                                                                                                                                                        |               16 |             64 |         4.00 |
|  ap_clk      | bd_0_i/hls_inst/inst/temp1_U/temp1_ce0              |                                                                                                                                                                                                                                                                        |               16 |             64 |         4.00 |
|  ap_clk      | bd_0_i/hls_inst/inst/ap_CS_fsm_state244             |                                                                                                                                                                                                                                                                        |               12 |             64 |         5.33 |
|  ap_clk      | bd_0_i/hls_inst/inst/K_U/K_ce1                      |                                                                                                                                                                                                                                                                        |               11 |             64 |         5.82 |
|  ap_clk      | bd_0_i/hls_inst/inst/ap_CS_fsm_state121             |                                                                                                                                                                                                                                                                        |               16 |             64 |         4.00 |
|  ap_clk      | bd_0_i/hls_inst/inst/K_U/K_ce0                      |                                                                                                                                                                                                                                                                        |               16 |             64 |         4.00 |
|  ap_clk      | bd_0_i/hls_inst/inst/reg_7440                       |                                                                                                                                                                                                                                                                        |               10 |             64 |         6.40 |
|  ap_clk      | bd_0_i/hls_inst/inst/reg_7920                       |                                                                                                                                                                                                                                                                        |               14 |             64 |         4.57 |
|  ap_clk      | bd_0_i/hls_inst/inst/reg_7760                       |                                                                                                                                                                                                                                                                        |                9 |             64 |         7.11 |
|  ap_clk      | bd_0_i/hls_inst/inst/reg_7520                       |                                                                                                                                                                                                                                                                        |               16 |             64 |         4.00 |
|  ap_clk      | bd_0_i/hls_inst/inst/reg_7710                       |                                                                                                                                                                                                                                                                        |               12 |             64 |         5.33 |
|  ap_clk      | bd_0_i/hls_inst/inst/x_0[63]_i_1_n_10               |                                                                                                                                                                                                                                                                        |               26 |             64 |         2.46 |
|  ap_clk      | bd_0_i/hls_inst/inst/x_0_load_1_fu_198[63]_i_1_n_10 |                                                                                                                                                                                                                                                                        |               10 |             64 |         6.40 |
|  ap_clk      | bd_0_i/hls_inst/inst/x_1[63]_i_1_n_10               |                                                                                                                                                                                                                                                                        |               11 |             64 |         5.82 |
|  ap_clk      | bd_0_i/hls_inst/inst/x_1_load_1_fu_202[63]_i_1_n_10 |                                                                                                                                                                                                                                                                        |               12 |             64 |         5.33 |
|  ap_clk      | bd_0_i/hls_inst/inst/x_2[63]_i_1_n_10               |                                                                                                                                                                                                                                                                        |               10 |             64 |         6.40 |
|  ap_clk      | bd_0_i/hls_inst/inst/x_2_load_1_fu_206[63]_i_1_n_10 |                                                                                                                                                                                                                                                                        |               11 |             64 |         5.82 |
|  ap_clk      | bd_0_i/hls_inst/inst/x_3[63]_i_1_n_10               |                                                                                                                                                                                                                                                                        |               13 |             64 |         4.92 |
|  ap_clk      | bd_0_i/hls_inst/inst/x_3_load_1_fu_194[63]_i_1_n_10 |                                                                                                                                                                                                                                                                        |                9 |             64 |         7.11 |
|  ap_clk      | bd_0_i/hls_inst/inst/ap_CS_fsm_state333             | bd_0_i/hls_inst/inst/empty_33_reg_6740                                                                                                                                                                                                                                 |               12 |             66 |         5.50 |
|  ap_clk      | bd_0_i/hls_inst/inst/ap_CS_fsm_state149             | bd_0_i/hls_inst/inst/S_1_1_1_reg_5930                                                                                                                                                                                                                                  |               21 |             67 |         3.19 |
|  ap_clk      | bd_0_i/hls_inst/inst/ap_CS_fsm_state117             | bd_0_i/hls_inst/inst/empty_31_reg_5580                                                                                                                                                                                                                                 |               14 |             67 |         4.79 |
|  ap_clk      | bd_0_i/hls_inst/inst/ap_CS_fsm_state81              | bd_0_i/hls_inst/inst/empty_30_reg_5120                                                                                                                                                                                                                                 |               15 |             67 |         4.47 |
|  ap_clk      | bd_0_i/hls_inst/inst/ap_CS_fsm_state47              | bd_0_i/hls_inst/inst/empty_reg_4770                                                                                                                                                                                                                                    |               15 |             67 |         4.47 |
|  ap_clk      | bd_0_i/hls_inst/inst/ap_CS_fsm_state182             | bd_0_i/hls_inst/inst/empty_32_reg_6270                                                                                                                                                                                                                                 |               17 |             67 |         3.94 |
|  ap_clk      | bd_0_i/hls_inst/inst/ap_CS_fsm_state13              |                                                                                                                                                                                                                                                                        |               31 |            128 |         4.13 |
|  ap_clk      | bd_0_i/hls_inst/inst/ap_CS_fsm_state245             |                                                                                                                                                                                                                                                                        |               16 |            128 |         8.00 |
|  ap_clk      | bd_0_i/hls_inst/inst/ap_CS_fsm_state185             |                                                                                                                                                                                                                                                                        |               25 |            128 |         5.12 |
|  ap_clk      | bd_0_i/hls_inst/inst/ap_CS_fsm_state274             |                                                                                                                                                                                                                                                                        |               31 |            128 |         4.13 |
|  ap_clk      | bd_0_i/hls_inst/inst/ap_CS_fsm_state1               |                                                                                                                                                                                                                                                                        |               30 |            128 |         4.27 |
|  ap_clk      |                                                     | ap_rst                                                                                                                                                                                                                                                                 |               88 |            354 |         4.02 |
|  ap_clk      |                                                     |                                                                                                                                                                                                                                                                        |             2009 |          10755 |         5.35 |
+--------------+-----------------------------------------------------+------------------------------------------------------------------------------------------------------------------------------------------------------------------------------------------------------------------------------------------------------------------------+------------------+----------------+--------------+


