Copyright 1986-2022 Xilinx, Inc. All Rights Reserved. Copyright 2022-2023 Advanced Micro Devices, Inc. All Rights Reserved.
------------------------------------------------------------------------------------------------------------------------------------------------
| Tool Version : Vivado v.2023.2 (win64) Build 4029153 Fri Oct 13 20:14:34 MDT 2023
| Date         : Sun Mar 17 15:51:06 2024
| Host         : AsusROG-Enrique running 64-bit major release  (build 9200)
| Command      : report_utilization -hierarchical -hierarchical_depth 5 -file ./report/extendedKalmanFilter_utilization_hierarchical_routed.rpt
| Design       : bd_0_wrapper
| Device       : xc7k160tfbg676-2
| Speed File   : -2
| Design State : Routed
------------------------------------------------------------------------------------------------------------------------------------------------

Utilization Design Information

Table of Contents
-----------------
1. Utilization by Hierarchy

1. Utilization by Hierarchy
---------------------------

+-------------------------------------------------------------------------+---------------------------------------------------------------------------------+------------+------------+---------+------+-------+--------+--------+------------+
|                                 Instance                                |                                      Module                                     | Total LUTs | Logic LUTs | LUTRAMs | SRLs |  FFs  | RAMB36 | RAMB18 | DSP Blocks |
+-------------------------------------------------------------------------+---------------------------------------------------------------------------------+------------+------------+---------+------+-------+--------+--------+------------+
| bd_0_wrapper                                                            |                                                                           (top) |       7720 |       7211 |     192 |  317 | 13787 |      3 |      0 |         34 |
|   bd_0_i                                                                |                                                                            bd_0 |       7720 |       7211 |     192 |  317 | 13787 |      3 |      0 |         34 |
|     hls_inst                                                            |                                                                 bd_0_hls_inst_0 |       7720 |       7211 |     192 |  317 | 13787 |      3 |      0 |         34 |
|       inst                                                              |                                            bd_0_hls_inst_0_extendedKalmanFilter |       7720 |       7211 |     192 |  317 | 13787 |      3 |      0 |         34 |
|         (inst)                                                          |                                            bd_0_hls_inst_0_extendedKalmanFilter |        659 |        659 |       0 |    0 |  2615 |      0 |      0 |          0 |
|         A_U                                                             |                              bd_0_hls_inst_0_extendedKalmanFilter_A_ROM_AUTO_1R |          4 |          4 |       0 |    0 |     1 |      0 |      0 |          0 |
|         H_U                                                             |                              bd_0_hls_inst_0_extendedKalmanFilter_H_ROM_AUTO_1R |          7 |          7 |       0 |    0 |     1 |      0 |      0 |          0 |
|         K_U                                                             |                            bd_0_hls_inst_0_extendedKalmanFilter_K_RAM_AUTO_1R1W |         69 |          5 |      64 |    0 |   128 |      0 |      0 |          0 |
|         P_U                                                             |                            bd_0_hls_inst_0_extendedKalmanFilter_P_RAM_AUTO_1R1W |        244 |        244 |       0 |    0 |     0 |      1 |      0 |          0 |
|         dadd_64ns_64ns_64_13_full_dsp_1_U3                              |            bd_0_hls_inst_0_extendedKalmanFilter_dadd_64ns_64ns_64_13_full_dsp_1 |        625 |        607 |       0 |   18 |   927 |      0 |      0 |          3 |
|           (dadd_64ns_64ns_64_13_full_dsp_1_U3)                          |            bd_0_hls_inst_0_extendedKalmanFilter_dadd_64ns_64ns_64_13_full_dsp_1 |          0 |          0 |       0 |    0 |   128 |      0 |      0 |          0 |
|           extendedKalmanFilter_dadd_64ns_64ns_64_13_full_dsp_1_ip_u     |     bd_0_hls_inst_0_extendedKalmanFilter_dadd_64ns_64ns_64_13_full_dsp_1_ip_993 |        625 |        607 |       0 |   18 |   799 |      0 |      0 |          3 |
|         dadd_64ns_64ns_64_13_full_dsp_1_U4                              |          bd_0_hls_inst_0_extendedKalmanFilter_dadd_64ns_64ns_64_13_full_dsp_1_0 |        624 |        607 |       0 |   17 |   927 |      0 |      0 |          3 |
|           (dadd_64ns_64ns_64_13_full_dsp_1_U4)                          |          bd_0_hls_inst_0_extendedKalmanFilter_dadd_64ns_64ns_64_13_full_dsp_1_0 |          0 |          0 |       0 |    0 |   128 |      0 |      0 |          0 |
|           extendedKalmanFilter_dadd_64ns_64ns_64_13_full_dsp_1_ip_u     |         bd_0_hls_inst_0_extendedKalmanFilter_dadd_64ns_64ns_64_13_full_dsp_1_ip |        624 |        607 |       0 |   17 |   799 |      0 |      0 |          3 |
|         dadddsub_64ns_64ns_64_13_full_dsp_1_U1                          |        bd_0_hls_inst_0_extendedKalmanFilter_dadddsub_64ns_64ns_64_13_full_dsp_1 |        951 |        933 |       0 |   18 |   928 |      0 |      0 |          3 |
|           (dadddsub_64ns_64ns_64_13_full_dsp_1_U1)                      |        bd_0_hls_inst_0_extendedKalmanFilter_dadddsub_64ns_64ns_64_13_full_dsp_1 |        325 |        325 |       0 |    0 |   129 |      0 |      0 |          0 |
|           extendedKalmanFilter_dadddsub_64ns_64ns_64_13_full_dsp_1_ip_u | bd_0_hls_inst_0_extendedKalmanFilter_dadddsub_64ns_64ns_64_13_full_dsp_1_ip_627 |        626 |        608 |       0 |   18 |   799 |      0 |      0 |          3 |
|         dadddsub_64ns_64ns_64_13_full_dsp_1_U2                          |      bd_0_hls_inst_0_extendedKalmanFilter_dadddsub_64ns_64ns_64_13_full_dsp_1_1 |        690 |        673 |       0 |   17 |   928 |      0 |      0 |          3 |
|           (dadddsub_64ns_64ns_64_13_full_dsp_1_U2)                      |      bd_0_hls_inst_0_extendedKalmanFilter_dadddsub_64ns_64ns_64_13_full_dsp_1_1 |         65 |         65 |       0 |    0 |   129 |      0 |      0 |          0 |
|           extendedKalmanFilter_dadddsub_64ns_64ns_64_13_full_dsp_1_ip_u |     bd_0_hls_inst_0_extendedKalmanFilter_dadddsub_64ns_64ns_64_13_full_dsp_1_ip |        625 |        608 |       0 |   17 |   799 |      0 |      0 |          3 |
|         ddiv_64ns_64ns_64_59_no_dsp_1_U7                                |              bd_0_hls_inst_0_extendedKalmanFilter_ddiv_64ns_64ns_64_59_no_dsp_1 |       3236 |       3133 |       0 |  103 |  6098 |      0 |      0 |          0 |
|           (ddiv_64ns_64ns_64_59_no_dsp_1_U7)                            |              bd_0_hls_inst_0_extendedKalmanFilter_ddiv_64ns_64ns_64_59_no_dsp_1 |          0 |          0 |       0 |    0 |   128 |      0 |      0 |          0 |
|           extendedKalmanFilter_ddiv_64ns_64ns_64_59_no_dsp_1_ip_u       |           bd_0_hls_inst_0_extendedKalmanFilter_ddiv_64ns_64ns_64_59_no_dsp_1_ip |       3236 |       3133 |       0 |  103 |  5970 |      0 |      0 |          0 |
|         dmul_64ns_64ns_64_15_max_dsp_1_U5                               |             bd_0_hls_inst_0_extendedKalmanFilter_dmul_64ns_64ns_64_15_max_dsp_1 |        173 |        100 |       0 |   73 |   553 |      0 |      0 |         11 |
|           (dmul_64ns_64ns_64_15_max_dsp_1_U5)                           |             bd_0_hls_inst_0_extendedKalmanFilter_dmul_64ns_64ns_64_15_max_dsp_1 |          2 |          2 |       0 |    0 |   128 |      0 |      0 |          0 |
|           extendedKalmanFilter_dmul_64ns_64ns_64_15_max_dsp_1_ip_u      |       bd_0_hls_inst_0_extendedKalmanFilter_dmul_64ns_64ns_64_15_max_dsp_1_ip_24 |        171 |         98 |       0 |   73 |   425 |      0 |      0 |         11 |
|         dmul_64ns_64ns_64_15_max_dsp_1_U6                               |           bd_0_hls_inst_0_extendedKalmanFilter_dmul_64ns_64ns_64_15_max_dsp_1_2 |        170 |         98 |       0 |   72 |   553 |      0 |      0 |         11 |
|           (dmul_64ns_64ns_64_15_max_dsp_1_U6)                           |           bd_0_hls_inst_0_extendedKalmanFilter_dmul_64ns_64ns_64_15_max_dsp_1_2 |          0 |          0 |       0 |    0 |   128 |      0 |      0 |          0 |
|           extendedKalmanFilter_dmul_64ns_64ns_64_15_max_dsp_1_ip_u      |          bd_0_hls_inst_0_extendedKalmanFilter_dmul_64ns_64ns_64_15_max_dsp_1_ip |        170 |         98 |       0 |   72 |   425 |      0 |      0 |         11 |
|         temp1_U                                                         |                         bd_0_hls_inst_0_extendedKalmanFilter_temp_RAM_AUTO_1R1W |         69 |          5 |      64 |    0 |    64 |      0 |      0 |          0 |
|         temp2_U                                                         |                        bd_0_hls_inst_0_extendedKalmanFilter_tempP_RAM_AUTO_1R1W |         67 |         67 |       0 |    0 |     0 |      1 |      0 |          0 |
|         tempP_U                                                         |                      bd_0_hls_inst_0_extendedKalmanFilter_tempP_RAM_AUTO_1R1W_3 |         72 |         72 |       0 |    0 |     0 |      1 |      0 |          0 |
|         temp_U                                                          |                       bd_0_hls_inst_0_extendedKalmanFilter_temp_RAM_AUTO_1R1W_4 |         68 |          4 |      64 |    0 |    64 |      0 |      0 |          0 |
+-------------------------------------------------------------------------+---------------------------------------------------------------------------------+------------+------------+---------+------+-------+--------+--------+------------+
* Note: The sum of lower-level cells may be larger than their parent cells total, due to cross-hierarchy LUT combining


