Copyright 1986-2022 Xilinx, Inc. All Rights Reserved. Copyright 2022-2023 Advanced Micro Devices, Inc. All Rights Reserved.
---------------------------------------------------------------------------------------------------------------------------------------------
| Tool Version : Vivado v.2023.2 (win64) Build 4029153 Fri Oct 13 20:14:34 MDT 2023
| Date         : Sun Mar 17 14:43:04 2024
| Host         : AsusROG-Enrique running 64-bit major release  (build 9200)
| Command      : report_timing_summary -file ./report/extendedKalmanFilter_timing_routed.rpt
| Design       : bd_0_wrapper
| Device       : 7k160t-fbg676
| Speed File   : -2  PRODUCTION 1.12 2017-02-17
| Design State : Routed
---------------------------------------------------------------------------------------------------------------------------------------------

Timing Summary Report

------------------------------------------------------------------------------------------------
| Timer Settings
| --------------
------------------------------------------------------------------------------------------------

  Enable Multi Corner Analysis               :  Yes
  Enable Pessimism Removal                   :  Yes
  Pessimism Removal Resolution               :  Nearest Common Node
  Enable Input Delay Default Clock           :  No
  Enable Preset / Clear Arcs                 :  No
  Disable Flight Delays                      :  No
  Ignore I/O Paths                           :  No
  Timing Early Launch at Borrowing Latches   :  No
  Borrow Time for Max Delay Exceptions       :  Yes
  Merge Timing Exceptions                    :  Yes
  Inter-SLR Compensation                     :  Conservative

  Corner  Analyze    Analyze    
  Name    Max Paths  Min Paths  
  ------  ---------  ---------  
  Slow    Yes        Yes        
  Fast    Yes        Yes        


------------------------------------------------------------------------------------------------
| Report Methodology
| ------------------
------------------------------------------------------------------------------------------------

Rule       Severity  Description                    Violations  
---------  --------  -----------------------------  ----------  
TIMING-18  Warning   Missing input or output delay  263         

Note: This report is based on the most recent report_methodology run and may not be up-to-date. Run report_methodology on the current design for the latest report.



check_timing report

Table of Contents
-----------------
1. checking no_clock (0)
2. checking constant_clock (0)
3. checking pulse_width_clock (0)
4. checking unconstrained_internal_endpoints (0)
5. checking no_input_delay (130)
6. checking no_output_delay (133)
7. checking multiple_clock (0)
8. checking generated_clocks (0)
9. checking loops (0)
10. checking partial_input_delay (0)
11. checking partial_output_delay (0)
12. checking latch_loops (0)

1. checking no_clock (0)
------------------------
 There are 0 register/latch pins with no clock.


2. checking constant_clock (0)
------------------------------
 There are 0 register/latch pins with constant_clock.


3. checking pulse_width_clock (0)
---------------------------------
 There are 0 register/latch pins which need pulse_width check


4. checking unconstrained_internal_endpoints (0)
------------------------------------------------
 There are 0 pins that are not constrained for maximum delay.

 There are 0 pins that are not constrained for maximum delay due to constant clock.


5. checking no_input_delay (130)
--------------------------------
 There are 130 input ports with no input delay specified. (HIGH)

 There are 0 input ports with no input delay but user has a false path constraint.


6. checking no_output_delay (133)
---------------------------------
 There are 133 ports with no output delay specified. (HIGH)

 There are 0 ports with no output delay but user has a false path constraint

 There are 0 ports with no output delay but with a timing clock defined on it or propagating through it


7. checking multiple_clock (0)
------------------------------
 There are 0 register/latch pins with multiple clocks.


8. checking generated_clocks (0)
--------------------------------
 There are 0 generated clocks that are not connected to a clock source.


9. checking loops (0)
---------------------
 There are 0 combinational loops in the design.


10. checking partial_input_delay (0)
------------------------------------
 There are 0 input ports with partial input delay specified.


11. checking partial_output_delay (0)
-------------------------------------
 There are 0 ports with partial output delay specified.


12. checking latch_loops (0)
----------------------------
 There are 0 combinational latch loops in the design through latch input



------------------------------------------------------------------------------------------------
| Design Timing Summary
| ---------------------
------------------------------------------------------------------------------------------------

    WNS(ns)      TNS(ns)  TNS Failing Endpoints  TNS Total Endpoints      WHS(ns)      THS(ns)  THS Failing Endpoints  THS Total Endpoints     WPWS(ns)     TPWS(ns)  TPWS Failing Endpoints  TPWS Total Endpoints  
    -------      -------  ---------------------  -------------------      -------      -------  ---------------------  -------------------     --------     --------  ----------------------  --------------------  
      0.179        0.000                      0               113051        0.038        0.000                      0               113051        0.948        0.000                       0                 76400  


All user specified timing constraints are met.


------------------------------------------------------------------------------------------------
| Clock Summary
| -------------
------------------------------------------------------------------------------------------------

Clock   Waveform(ns)         Period(ns)      Frequency(MHz)
-----   ------------         ----------      --------------
ap_clk  {0.000 2.000}        4.000           250.000         


------------------------------------------------------------------------------------------------
| Intra Clock Table
| -----------------
------------------------------------------------------------------------------------------------

Clock             WNS(ns)      TNS(ns)  TNS Failing Endpoints  TNS Total Endpoints      WHS(ns)      THS(ns)  THS Failing Endpoints  THS Total Endpoints     WPWS(ns)     TPWS(ns)  TPWS Failing Endpoints  TPWS Total Endpoints  
-----             -------      -------  ---------------------  -------------------      -------      -------  ---------------------  -------------------     --------     --------  ----------------------  --------------------  
ap_clk              0.179        0.000                      0               113051        0.038        0.000                      0               113051        0.948        0.000                       0                 76400  


------------------------------------------------------------------------------------------------
| Inter Clock Table
| -----------------
------------------------------------------------------------------------------------------------

From Clock    To Clock          WNS(ns)      TNS(ns)  TNS Failing Endpoints  TNS Total Endpoints      WHS(ns)      THS(ns)  THS Failing Endpoints  THS Total Endpoints  
----------    --------          -------      -------  ---------------------  -------------------      -------      -------  ---------------------  -------------------  


------------------------------------------------------------------------------------------------
| Other Path Groups Table
| -----------------------
------------------------------------------------------------------------------------------------

Path Group    From Clock    To Clock          WNS(ns)      TNS(ns)  TNS Failing Endpoints  TNS Total Endpoints      WHS(ns)      THS(ns)  THS Failing Endpoints  THS Total Endpoints  
----------    ----------    --------          -------      -------  ---------------------  -------------------      -------      -------  ---------------------  -------------------  


------------------------------------------------------------------------------------------------
| Timing Details
| --------------
------------------------------------------------------------------------------------------------


---------------------------------------------------------------------------------------------------
From Clock:  ap_clk
  To Clock:  ap_clk

Setup :            0  Failing Endpoints,  Worst Slack        0.179ns,  Total Violation        0.000ns
Hold  :            0  Failing Endpoints,  Worst Slack        0.038ns,  Total Violation        0.000ns
PW    :            0  Failing Endpoints,  Worst Slack        0.948ns,  Total Violation        0.000ns
---------------------------------------------------------------------------------------------------


Max Delay Paths
--------------------------------------------------------------------------------------
Slack (MET) :             0.179ns  (required time - arrival time)
  Source:                 bd_0_i/hls_inst/inst/ap_CS_fsm_reg[3]_rep__15/C
                            (rising edge-triggered cell FDRE clocked by ap_clk  {rise@0.000ns fall@2.000ns period=4.000ns})
  Destination:            bd_0_i/hls_inst/inst/dmul_64ns_64ns_64_15_max_dsp_1_U520/din0_buf1_reg[61]/D
                            (rising edge-triggered cell FDRE clocked by ap_clk  {rise@0.000ns fall@2.000ns period=4.000ns})
  Path Group:             ap_clk
  Path Type:              Setup (Max at Slow Process Corner)
  Requirement:            4.000ns  (ap_clk rise@4.000ns - ap_clk rise@0.000ns)
  Data Path Delay:        3.793ns  (logic 0.302ns (7.962%)  route 3.491ns (92.038%))
  Logic Levels:           1  (LUT5=1)
  Clock Path Skew:        -0.027ns (DCD - SCD + CPR)
    Destination Clock Delay (DCD):    0.510ns = ( 4.510 - 4.000 ) 
    Source Clock Delay      (SCD):    0.537ns
    Clock Pessimism Removal (CPR):    0.000ns
  Clock Uncertainty:      0.035ns  ((TSJ^2 + TIJ^2)^1/2 + DJ) / 2 + PE
    Total System Jitter     (TSJ):    0.071ns
    Total Input Jitter      (TIJ):    0.000ns
    Discrete Jitter          (DJ):    0.000ns
    Phase Error              (PE):    0.000ns

    Location             Delay type                Incr(ns)  Path(ns)    Netlist Resource(s)
  -------------------------------------------------------------------    -------------------
                         (clock ap_clk rise edge)     0.000     0.000 r  
                                                      0.000     0.000 r  ap_clk (IN)
                         net (fo=76399, unset)        0.537     0.537    bd_0_i/hls_inst/inst/ap_clk
    SLICE_X22Y153        FDRE                                         r  bd_0_i/hls_inst/inst/ap_CS_fsm_reg[3]_rep__15/C
  -------------------------------------------------------------------    -------------------
    SLICE_X22Y153        FDRE (Prop_fdre_C_Q)         0.259     0.796 r  bd_0_i/hls_inst/inst/ap_CS_fsm_reg[3]_rep__15/Q
                         net (fo=79, routed)          3.491     4.287    bd_0_i/hls_inst/inst/grp_extendedKalmanFilter_Pipeline_VITIS_LOOP_58_43_fu_456/din0_buf1_reg[62]
    SLICE_X53Y193        LUT5 (Prop_lut5_I3_O)        0.043     4.330 r  bd_0_i/hls_inst/inst/grp_extendedKalmanFilter_Pipeline_VITIS_LOOP_58_43_fu_456/din0_buf1[61]_i_1__8/O
                         net (fo=1, routed)           0.000     4.330    bd_0_i/hls_inst/inst/dmul_64ns_64ns_64_15_max_dsp_1_U520/grp_fu_2082_p0[61]
    SLICE_X53Y193        FDRE                                         r  bd_0_i/hls_inst/inst/dmul_64ns_64ns_64_15_max_dsp_1_U520/din0_buf1_reg[61]/D
  -------------------------------------------------------------------    -------------------

                         (clock ap_clk rise edge)     4.000     4.000 r  
                                                      0.000     4.000 r  ap_clk (IN)
                         net (fo=76399, unset)        0.510     4.510    bd_0_i/hls_inst/inst/dmul_64ns_64ns_64_15_max_dsp_1_U520/ap_clk
    SLICE_X53Y193        FDRE                                         r  bd_0_i/hls_inst/inst/dmul_64ns_64ns_64_15_max_dsp_1_U520/din0_buf1_reg[61]/C
                         clock pessimism              0.000     4.510    
                         clock uncertainty           -0.035     4.475    
    SLICE_X53Y193        FDRE (Setup_fdre_C_D)        0.034     4.509    bd_0_i/hls_inst/inst/dmul_64ns_64ns_64_15_max_dsp_1_U520/din0_buf1_reg[61]
  -------------------------------------------------------------------
                         required time                          4.509    
                         arrival time                          -4.330    
  -------------------------------------------------------------------
                         slack                                  0.179    





Min Delay Paths
--------------------------------------------------------------------------------------
Slack (MET) :             0.038ns  (arrival time - required time)
  Source:                 bd_0_i/hls_inst/inst/dadd_64ns_64ns_64_13_full_dsp_1_U516/extendedKalmanFilter_dadd_64ns_64ns_64_13_full_dsp_1_ip_u/inst/i_synth/ADDSUB_OP.ADDSUB/LOGIC_SPEED.OP/EXP/EXP_OFF.LRG_EXP_ALIGN_DELAY/i_pipe/opt_has_pipe.first_q_reg[7]/C
                            (rising edge-triggered cell FDRE clocked by ap_clk  {rise@0.000ns fall@2.000ns period=4.000ns})
  Destination:            bd_0_i/hls_inst/inst/dadd_64ns_64ns_64_13_full_dsp_1_U516/extendedKalmanFilter_dadd_64ns_64ns_64_13_full_dsp_1_ip_u/inst/i_synth/ADDSUB_OP.ADDSUB/LOGIC_SPEED.OP/EXP/EXP_OFF.LRG_EXP_DELAY/i_pipe/opt_has_pipe.i_pipe[5].pipe_reg[5][7]_srl5/D
                            (rising edge-triggered cell SRL16E clocked by ap_clk  {rise@0.000ns fall@2.000ns period=4.000ns})
  Path Group:             ap_clk
  Path Type:              Hold (Min at Fast Process Corner)
  Requirement:            0.000ns  (ap_clk rise@0.000ns - ap_clk rise@0.000ns)
  Data Path Delay:        0.206ns  (logic 0.100ns (48.431%)  route 0.106ns (51.569%))
  Logic Levels:           0  
  Clock Path Skew:        0.014ns (DCD - SCD - CPR)
    Destination Clock Delay (DCD):    0.280ns
    Source Clock Delay      (SCD):    0.266ns
    Clock Pessimism Removal (CPR):    -0.000ns

    Location             Delay type                Incr(ns)  Path(ns)    Netlist Resource(s)
  -------------------------------------------------------------------    -------------------
                         (clock ap_clk rise edge)     0.000     0.000 r  
                                                      0.000     0.000 r  ap_clk (IN)
                         net (fo=76399, unset)        0.266     0.266    bd_0_i/hls_inst/inst/dadd_64ns_64ns_64_13_full_dsp_1_U516/extendedKalmanFilter_dadd_64ns_64ns_64_13_full_dsp_1_ip_u/inst/i_synth/ADDSUB_OP.ADDSUB/LOGIC_SPEED.OP/EXP/EXP_OFF.LRG_EXP_ALIGN_DELAY/i_pipe/aclk
    SLICE_X17Y212        FDRE                                         r  bd_0_i/hls_inst/inst/dadd_64ns_64ns_64_13_full_dsp_1_U516/extendedKalmanFilter_dadd_64ns_64ns_64_13_full_dsp_1_ip_u/inst/i_synth/ADDSUB_OP.ADDSUB/LOGIC_SPEED.OP/EXP/EXP_OFF.LRG_EXP_ALIGN_DELAY/i_pipe/opt_has_pipe.first_q_reg[7]/C
  -------------------------------------------------------------------    -------------------
    SLICE_X17Y212        FDRE (Prop_fdre_C_Q)         0.100     0.366 r  bd_0_i/hls_inst/inst/dadd_64ns_64ns_64_13_full_dsp_1_U516/extendedKalmanFilter_dadd_64ns_64ns_64_13_full_dsp_1_ip_u/inst/i_synth/ADDSUB_OP.ADDSUB/LOGIC_SPEED.OP/EXP/EXP_OFF.LRG_EXP_ALIGN_DELAY/i_pipe/opt_has_pipe.first_q_reg[7]/Q
                         net (fo=2, routed)           0.106     0.473    bd_0_i/hls_inst/inst/dadd_64ns_64ns_64_13_full_dsp_1_U516/extendedKalmanFilter_dadd_64ns_64ns_64_13_full_dsp_1_ip_u/inst/i_synth/ADDSUB_OP.ADDSUB/LOGIC_SPEED.OP/EXP/EXP_OFF.LRG_EXP_DELAY/i_pipe/out[7]
    SLICE_X16Y210        SRL16E                                       r  bd_0_i/hls_inst/inst/dadd_64ns_64ns_64_13_full_dsp_1_U516/extendedKalmanFilter_dadd_64ns_64ns_64_13_full_dsp_1_ip_u/inst/i_synth/ADDSUB_OP.ADDSUB/LOGIC_SPEED.OP/EXP/EXP_OFF.LRG_EXP_DELAY/i_pipe/opt_has_pipe.i_pipe[5].pipe_reg[5][7]_srl5/D
  -------------------------------------------------------------------    -------------------

                         (clock ap_clk rise edge)     0.000     0.000 r  
                                                      0.000     0.000 r  ap_clk (IN)
                         net (fo=76399, unset)        0.280     0.280    bd_0_i/hls_inst/inst/dadd_64ns_64ns_64_13_full_dsp_1_U516/extendedKalmanFilter_dadd_64ns_64ns_64_13_full_dsp_1_ip_u/inst/i_synth/ADDSUB_OP.ADDSUB/LOGIC_SPEED.OP/EXP/EXP_OFF.LRG_EXP_DELAY/i_pipe/aclk
    SLICE_X16Y210        SRL16E                                       r  bd_0_i/hls_inst/inst/dadd_64ns_64ns_64_13_full_dsp_1_U516/extendedKalmanFilter_dadd_64ns_64ns_64_13_full_dsp_1_ip_u/inst/i_synth/ADDSUB_OP.ADDSUB/LOGIC_SPEED.OP/EXP/EXP_OFF.LRG_EXP_DELAY/i_pipe/opt_has_pipe.i_pipe[5].pipe_reg[5][7]_srl5/CLK
                         clock pessimism              0.000     0.280    
    SLICE_X16Y210        SRL16E (Hold_srl16e_CLK_D)
                                                      0.154     0.434    bd_0_i/hls_inst/inst/dadd_64ns_64ns_64_13_full_dsp_1_U516/extendedKalmanFilter_dadd_64ns_64ns_64_13_full_dsp_1_ip_u/inst/i_synth/ADDSUB_OP.ADDSUB/LOGIC_SPEED.OP/EXP/EXP_OFF.LRG_EXP_DELAY/i_pipe/opt_has_pipe.i_pipe[5].pipe_reg[5][7]_srl5
  -------------------------------------------------------------------
                         required time                         -0.434    
                         arrival time                           0.473    
  -------------------------------------------------------------------
                         slack                                  0.038    





Pulse Width Checks
--------------------------------------------------------------------------------------
Clock Name:         ap_clk
Waveform(ns):       { 0.000 2.000 }
Period(ns):         4.000
Sources:            { ap_clk }

Check Type        Corner  Lib Pin      Reference Pin  Required(ns)  Actual(ns)  Slack(ns)  Location     Pin
Min Period        n/a     DSP48E1/CLK  n/a            3.052         4.000       0.948      DSP48_X2Y61  bd_0_i/hls_inst/inst/dmul_64ns_64ns_64_15_max_dsp_1_U497/extendedKalmanFilter_dmul_64ns_64ns_64_15_max_dsp_1_ip_u/inst/i_synth/MULT.OP/i_non_prim.MULT/DSP48E1_SPD_DBL_VARIANT.FIX_MULT/DSP0/i_no_versal_es1_workaround.DSP/CLK
Low Pulse Width   Slow    SRL16E/CLK   n/a            0.642         2.000       1.358      SLICE_X6Y83  bd_0_i/hls_inst/inst/dadd_64ns_64ns_64_13_full_dsp_1_U489/extendedKalmanFilter_dadd_64ns_64ns_64_13_full_dsp_1_ip_u/inst/i_synth/ADDSUB_OP.ADDSUB/LOGIC_SPEED.OP/ALIGN_BLK/FRAC_ADDSUB/DSP_ADD.FRAC_ADDSUB/i_no_versal_es1_workaround.LOGIC_ADD.LRG_LOGIC_DEL/i_pipe/opt_has_pipe.i_pipe[3].pipe_reg[3][0]_srl2/CLK
High Pulse Width  Slow    SRL16E/CLK   n/a            0.642         2.000       1.358      SLICE_X6Y83  bd_0_i/hls_inst/inst/dadd_64ns_64ns_64_13_full_dsp_1_U489/extendedKalmanFilter_dadd_64ns_64ns_64_13_full_dsp_1_ip_u/inst/i_synth/ADDSUB_OP.ADDSUB/LOGIC_SPEED.OP/ALIGN_BLK/FRAC_ADDSUB/DSP_ADD.FRAC_ADDSUB/i_no_versal_es1_workaround.LOGIC_ADD.LRG_LOGIC_DEL/i_pipe/opt_has_pipe.i_pipe[3].pipe_reg[3][0]_srl2/CLK



