

================================================================
== Vitis HLS Report for 'extendedKalmanFilter_Pipeline_VITIS_LOOP_67_7'
================================================================
* Date:           Sun Mar 17 14:02:13 2024

* Version:        2023.2 (Build 4023990 on Oct 11 2023)
* Project:        ExtendedKalmanFilter
* Solution:       solution2 (Vivado IP Flow Target)
* Product family: kintex7
* Target device:  xc7k160t-fbg676-2


================================================================
== Performance Estimates
================================================================
+ Timing: 
    * Summary: 
    +--------+---------+----------+------------+
    |  Clock |  Target | Estimated| Uncertainty|
    +--------+---------+----------+------------+
    |ap_clk  |  4.00 ns|  2.796 ns|     1.08 ns|
    +--------+---------+----------+------------+

+ Latency: 
    * Summary: 
    +---------+---------+----------+----------+-----+-----+---------+
    |  Latency (cycles) |  Latency (absolute) |  Interval | Pipeline|
    |   min   |   max   |    min   |    max   | min | max |   Type  |
    +---------+---------+----------+----------+-----+-----+---------+
    |       73|       73|  0.292 us|  0.292 us|   73|   73|       no|
    +---------+---------+----------+----------+-----+-----+---------+

    + Detail: 
        * Instance: 
        N/A

        * Loop: 
        +-------------------+---------+---------+----------+-----------+-----------+------+----------+
        |                   |  Latency (cycles) | Iteration|  Initiation Interval  | Trip |          |
        |     Loop Name     |   min   |   max   |  Latency |  achieved |   target  | Count| Pipelined|
        +-------------------+---------+---------+----------+-----------+-----------+------+----------+
        |- VITIS_LOOP_67_7  |       71|       71|        69|          1|          1|     4|       yes|
        +-------------------+---------+---------+----------+-----------+-----------+------+----------+



================================================================
== Utilization Estimates
================================================================
* Summary: 
+-----------------+---------+-----+--------+--------+-----+
|       Name      | BRAM_18K| DSP |   FF   |   LUT  | URAM|
+-----------------+---------+-----+--------+--------+-----+
|DSP              |        -|    -|       -|       -|    -|
|Expression       |        -|    -|       0|      26|    -|
|FIFO             |        -|    -|       -|       -|    -|
|Instance         |        -|    -|       0|      68|    -|
|Memory           |        -|    -|       -|       -|    -|
|Multiplexer      |        -|    -|       -|      72|    -|
|Register         |        -|    -|    1295|      64|    -|
+-----------------+---------+-----+--------+--------+-----+
|Total            |        0|    0|    1295|     230|    0|
+-----------------+---------+-----+--------+--------+-----+
|Available        |      650|  600|  202800|  101400|    0|
+-----------------+---------+-----+--------+--------+-----+
|Utilization (%)  |        0|    0|      ~0|      ~0|    0|
+-----------------+---------+-----+--------+--------+-----+

+ Detail: 
    * Instance: 
    +---------------------+----------------+---------+----+---+----+-----+
    |       Instance      |     Module     | BRAM_18K| DSP| FF| LUT| URAM|
    +---------------------+----------------+---------+----+---+----+-----+
    |mux_4_2_64_1_1_U134  |mux_4_2_64_1_1  |        0|   0|  0|  17|    0|
    |mux_4_2_64_1_1_U135  |mux_4_2_64_1_1  |        0|   0|  0|  17|    0|
    |mux_4_2_64_1_1_U136  |mux_4_2_64_1_1  |        0|   0|  0|  17|    0|
    |mux_4_2_64_1_1_U137  |mux_4_2_64_1_1  |        0|   0|  0|  17|    0|
    +---------------------+----------------+---------+----+---+----+-----+
    |Total                |                |        0|   0|  0|  68|    0|
    +---------------------+----------------+---------+----+---+----+-----+

    * DSP: 
    N/A

    * Memory: 
    N/A

    * FIFO: 
    N/A

    * Expression: 
    +---------------------+----------+----+---+----+------------+------------+
    |    Variable Name    | Operation| DSP| FF| LUT| Bitwidth P0| Bitwidth P1|
    +---------------------+----------+----+---+----+------------+------------+
    |add_ln67_fu_235_p2   |         +|   0|  0|  11|           3|           1|
    |icmp_ln67_fu_229_p2  |      icmp|   0|  0|  13|           3|           4|
    |ap_enable_pp0        |       xor|   0|  0|   2|           1|           2|
    +---------------------+----------+----+---+----+------------+------------+
    |Total                |          |   0|  0|  26|           7|           7|
    +---------------------+----------+----+---+----+------------+------------+

    * Multiplexer: 
    +-------------------------+----+-----------+-----+-----------+
    |           Name          | LUT| Input Size| Bits| Total Bits|
    +-------------------------+----+-----------+-----+-----------+
    |ap_done_int              |   9|          2|    1|          2|
    |ap_enable_reg_pp0_iter1  |   9|          2|    1|          2|
    |ap_sig_allocacmp_j       |   9|          2|    3|          6|
    |j_4_fu_72                |   9|          2|    3|          6|
    |mux_case_0154382_fu_76   |   9|          2|   64|        128|
    |mux_case_1155385_fu_80   |   9|          2|   64|        128|
    |mux_case_2156388_fu_84   |   9|          2|   64|        128|
    |mux_case_3157391_fu_88   |   9|          2|   64|        128|
    +-------------------------+----+-----------+-----+-----------+
    |Total                    |  72|         16|  264|        528|
    +-------------------------+----+-----------+-----+-----------+

    * Register: 
    +-----------------------------------+----+----+-----+-----------+
    |                Name               | FF | LUT| Bits| Const Bits|
    +-----------------------------------+----+----+-----+-----------+
    |add1_reg_441                       |  64|   0|   64|          0|
    |add82_4_reg_466                    |  64|   0|   64|          0|
    |add82_5_reg_476                    |  64|   0|   64|          0|
    |add82_s_reg_456                    |  64|   0|   64|          0|
    |ap_CS_fsm                          |   1|   0|    1|          0|
    |ap_done_reg                        |   1|   0|    1|          0|
    |ap_enable_reg_pp0_iter1            |   1|   0|    1|          0|
    |ap_enable_reg_pp0_iter10           |   1|   0|    1|          0|
    |ap_enable_reg_pp0_iter11           |   1|   0|    1|          0|
    |ap_enable_reg_pp0_iter12           |   1|   0|    1|          0|
    |ap_enable_reg_pp0_iter13           |   1|   0|    1|          0|
    |ap_enable_reg_pp0_iter14           |   1|   0|    1|          0|
    |ap_enable_reg_pp0_iter15           |   1|   0|    1|          0|
    |ap_enable_reg_pp0_iter16           |   1|   0|    1|          0|
    |ap_enable_reg_pp0_iter17           |   1|   0|    1|          0|
    |ap_enable_reg_pp0_iter18           |   1|   0|    1|          0|
    |ap_enable_reg_pp0_iter19           |   1|   0|    1|          0|
    |ap_enable_reg_pp0_iter2            |   1|   0|    1|          0|
    |ap_enable_reg_pp0_iter20           |   1|   0|    1|          0|
    |ap_enable_reg_pp0_iter21           |   1|   0|    1|          0|
    |ap_enable_reg_pp0_iter22           |   1|   0|    1|          0|
    |ap_enable_reg_pp0_iter23           |   1|   0|    1|          0|
    |ap_enable_reg_pp0_iter24           |   1|   0|    1|          0|
    |ap_enable_reg_pp0_iter25           |   1|   0|    1|          0|
    |ap_enable_reg_pp0_iter26           |   1|   0|    1|          0|
    |ap_enable_reg_pp0_iter27           |   1|   0|    1|          0|
    |ap_enable_reg_pp0_iter28           |   1|   0|    1|          0|
    |ap_enable_reg_pp0_iter29           |   1|   0|    1|          0|
    |ap_enable_reg_pp0_iter3            |   1|   0|    1|          0|
    |ap_enable_reg_pp0_iter30           |   1|   0|    1|          0|
    |ap_enable_reg_pp0_iter31           |   1|   0|    1|          0|
    |ap_enable_reg_pp0_iter32           |   1|   0|    1|          0|
    |ap_enable_reg_pp0_iter33           |   1|   0|    1|          0|
    |ap_enable_reg_pp0_iter34           |   1|   0|    1|          0|
    |ap_enable_reg_pp0_iter35           |   1|   0|    1|          0|
    |ap_enable_reg_pp0_iter36           |   1|   0|    1|          0|
    |ap_enable_reg_pp0_iter37           |   1|   0|    1|          0|
    |ap_enable_reg_pp0_iter38           |   1|   0|    1|          0|
    |ap_enable_reg_pp0_iter39           |   1|   0|    1|          0|
    |ap_enable_reg_pp0_iter4            |   1|   0|    1|          0|
    |ap_enable_reg_pp0_iter40           |   1|   0|    1|          0|
    |ap_enable_reg_pp0_iter41           |   1|   0|    1|          0|
    |ap_enable_reg_pp0_iter42           |   1|   0|    1|          0|
    |ap_enable_reg_pp0_iter43           |   1|   0|    1|          0|
    |ap_enable_reg_pp0_iter44           |   1|   0|    1|          0|
    |ap_enable_reg_pp0_iter45           |   1|   0|    1|          0|
    |ap_enable_reg_pp0_iter46           |   1|   0|    1|          0|
    |ap_enable_reg_pp0_iter47           |   1|   0|    1|          0|
    |ap_enable_reg_pp0_iter48           |   1|   0|    1|          0|
    |ap_enable_reg_pp0_iter49           |   1|   0|    1|          0|
    |ap_enable_reg_pp0_iter5            |   1|   0|    1|          0|
    |ap_enable_reg_pp0_iter50           |   1|   0|    1|          0|
    |ap_enable_reg_pp0_iter51           |   1|   0|    1|          0|
    |ap_enable_reg_pp0_iter52           |   1|   0|    1|          0|
    |ap_enable_reg_pp0_iter53           |   1|   0|    1|          0|
    |ap_enable_reg_pp0_iter54           |   1|   0|    1|          0|
    |ap_enable_reg_pp0_iter55           |   1|   0|    1|          0|
    |ap_enable_reg_pp0_iter56           |   1|   0|    1|          0|
    |ap_enable_reg_pp0_iter57           |   1|   0|    1|          0|
    |ap_enable_reg_pp0_iter58           |   1|   0|    1|          0|
    |ap_enable_reg_pp0_iter59           |   1|   0|    1|          0|
    |ap_enable_reg_pp0_iter6            |   1|   0|    1|          0|
    |ap_enable_reg_pp0_iter60           |   1|   0|    1|          0|
    |ap_enable_reg_pp0_iter61           |   1|   0|    1|          0|
    |ap_enable_reg_pp0_iter62           |   1|   0|    1|          0|
    |ap_enable_reg_pp0_iter63           |   1|   0|    1|          0|
    |ap_enable_reg_pp0_iter64           |   1|   0|    1|          0|
    |ap_enable_reg_pp0_iter65           |   1|   0|    1|          0|
    |ap_enable_reg_pp0_iter66           |   1|   0|    1|          0|
    |ap_enable_reg_pp0_iter67           |   1|   0|    1|          0|
    |ap_enable_reg_pp0_iter68           |   1|   0|    1|          0|
    |ap_enable_reg_pp0_iter7            |   1|   0|    1|          0|
    |ap_enable_reg_pp0_iter8            |   1|   0|    1|          0|
    |ap_enable_reg_pp0_iter9            |   1|   0|    1|          0|
    |ap_loop_exit_ready_pp0_iter10_reg  |   1|   0|    1|          0|
    |ap_loop_exit_ready_pp0_iter11_reg  |   1|   0|    1|          0|
    |ap_loop_exit_ready_pp0_iter12_reg  |   1|   0|    1|          0|
    |ap_loop_exit_ready_pp0_iter13_reg  |   1|   0|    1|          0|
    |ap_loop_exit_ready_pp0_iter14_reg  |   1|   0|    1|          0|
    |ap_loop_exit_ready_pp0_iter15_reg  |   1|   0|    1|          0|
    |ap_loop_exit_ready_pp0_iter16_reg  |   1|   0|    1|          0|
    |ap_loop_exit_ready_pp0_iter17_reg  |   1|   0|    1|          0|
    |ap_loop_exit_ready_pp0_iter18_reg  |   1|   0|    1|          0|
    |ap_loop_exit_ready_pp0_iter19_reg  |   1|   0|    1|          0|
    |ap_loop_exit_ready_pp0_iter1_reg   |   1|   0|    1|          0|
    |ap_loop_exit_ready_pp0_iter20_reg  |   1|   0|    1|          0|
    |ap_loop_exit_ready_pp0_iter21_reg  |   1|   0|    1|          0|
    |ap_loop_exit_ready_pp0_iter22_reg  |   1|   0|    1|          0|
    |ap_loop_exit_ready_pp0_iter23_reg  |   1|   0|    1|          0|
    |ap_loop_exit_ready_pp0_iter24_reg  |   1|   0|    1|          0|
    |ap_loop_exit_ready_pp0_iter25_reg  |   1|   0|    1|          0|
    |ap_loop_exit_ready_pp0_iter26_reg  |   1|   0|    1|          0|
    |ap_loop_exit_ready_pp0_iter27_reg  |   1|   0|    1|          0|
    |ap_loop_exit_ready_pp0_iter28_reg  |   1|   0|    1|          0|
    |ap_loop_exit_ready_pp0_iter29_reg  |   1|   0|    1|          0|
    |ap_loop_exit_ready_pp0_iter2_reg   |   1|   0|    1|          0|
    |ap_loop_exit_ready_pp0_iter30_reg  |   1|   0|    1|          0|
    |ap_loop_exit_ready_pp0_iter31_reg  |   1|   0|    1|          0|
    |ap_loop_exit_ready_pp0_iter32_reg  |   1|   0|    1|          0|
    |ap_loop_exit_ready_pp0_iter33_reg  |   1|   0|    1|          0|
    |ap_loop_exit_ready_pp0_iter34_reg  |   1|   0|    1|          0|
    |ap_loop_exit_ready_pp0_iter35_reg  |   1|   0|    1|          0|
    |ap_loop_exit_ready_pp0_iter36_reg  |   1|   0|    1|          0|
    |ap_loop_exit_ready_pp0_iter37_reg  |   1|   0|    1|          0|
    |ap_loop_exit_ready_pp0_iter38_reg  |   1|   0|    1|          0|
    |ap_loop_exit_ready_pp0_iter39_reg  |   1|   0|    1|          0|
    |ap_loop_exit_ready_pp0_iter3_reg   |   1|   0|    1|          0|
    |ap_loop_exit_ready_pp0_iter40_reg  |   1|   0|    1|          0|
    |ap_loop_exit_ready_pp0_iter41_reg  |   1|   0|    1|          0|
    |ap_loop_exit_ready_pp0_iter42_reg  |   1|   0|    1|          0|
    |ap_loop_exit_ready_pp0_iter43_reg  |   1|   0|    1|          0|
    |ap_loop_exit_ready_pp0_iter44_reg  |   1|   0|    1|          0|
    |ap_loop_exit_ready_pp0_iter45_reg  |   1|   0|    1|          0|
    |ap_loop_exit_ready_pp0_iter46_reg  |   1|   0|    1|          0|
    |ap_loop_exit_ready_pp0_iter47_reg  |   1|   0|    1|          0|
    |ap_loop_exit_ready_pp0_iter48_reg  |   1|   0|    1|          0|
    |ap_loop_exit_ready_pp0_iter49_reg  |   1|   0|    1|          0|
    |ap_loop_exit_ready_pp0_iter4_reg   |   1|   0|    1|          0|
    |ap_loop_exit_ready_pp0_iter50_reg  |   1|   0|    1|          0|
    |ap_loop_exit_ready_pp0_iter51_reg  |   1|   0|    1|          0|
    |ap_loop_exit_ready_pp0_iter52_reg  |   1|   0|    1|          0|
    |ap_loop_exit_ready_pp0_iter53_reg  |   1|   0|    1|          0|
    |ap_loop_exit_ready_pp0_iter54_reg  |   1|   0|    1|          0|
    |ap_loop_exit_ready_pp0_iter55_reg  |   1|   0|    1|          0|
    |ap_loop_exit_ready_pp0_iter56_reg  |   1|   0|    1|          0|
    |ap_loop_exit_ready_pp0_iter57_reg  |   1|   0|    1|          0|
    |ap_loop_exit_ready_pp0_iter58_reg  |   1|   0|    1|          0|
    |ap_loop_exit_ready_pp0_iter59_reg  |   1|   0|    1|          0|
    |ap_loop_exit_ready_pp0_iter5_reg   |   1|   0|    1|          0|
    |ap_loop_exit_ready_pp0_iter60_reg  |   1|   0|    1|          0|
    |ap_loop_exit_ready_pp0_iter61_reg  |   1|   0|    1|          0|
    |ap_loop_exit_ready_pp0_iter62_reg  |   1|   0|    1|          0|
    |ap_loop_exit_ready_pp0_iter63_reg  |   1|   0|    1|          0|
    |ap_loop_exit_ready_pp0_iter64_reg  |   1|   0|    1|          0|
    |ap_loop_exit_ready_pp0_iter65_reg  |   1|   0|    1|          0|
    |ap_loop_exit_ready_pp0_iter66_reg  |   1|   0|    1|          0|
    |ap_loop_exit_ready_pp0_iter67_reg  |   1|   0|    1|          0|
    |ap_loop_exit_ready_pp0_iter6_reg   |   1|   0|    1|          0|
    |ap_loop_exit_ready_pp0_iter7_reg   |   1|   0|    1|          0|
    |ap_loop_exit_ready_pp0_iter8_reg   |   1|   0|    1|          0|
    |ap_loop_exit_ready_pp0_iter9_reg   |   1|   0|    1|          0|
    |icmp_ln67_reg_410                  |   1|   0|    1|          0|
    |j_4_fu_72                          |   3|   0|    3|          0|
    |mul77_4_reg_461                    |  64|   0|   64|          0|
    |mul77_5_reg_471                    |  64|   0|   64|          0|
    |mul77_s_reg_446                    |  64|   0|   64|          0|
    |mul_reg_431                        |  64|   0|   64|          0|
    |mux_case_0154382_fu_76             |  64|   0|   64|          0|
    |mux_case_1155385_fu_80             |  64|   0|   64|          0|
    |mux_case_2156388_fu_84             |  64|   0|   64|          0|
    |mux_case_3157391_fu_88             |  64|   0|   64|          0|
    |tmp_10_reg_426                     |  64|   0|   64|          0|
    |tmp_11_reg_436                     |  64|   0|   64|          0|
    |tmp_12_reg_451                     |  64|   0|   64|          0|
    |tmp_s_reg_421                      |  64|   0|   64|          0|
    |trunc_ln67_reg_414                 |   2|   0|    2|          0|
    |icmp_ln67_reg_410                  |  64|  32|    1|          0|
    |trunc_ln67_reg_414                 |  64|  32|    2|          0|
    +-----------------------------------+----+----+-----+-----------+
    |Total                              |1295|  64| 1170|          0|
    +-----------------------------------+----+----+-----+-----------+



================================================================
== Interface
================================================================
* Summary: 
+-----------------------------+-----+-----+------------+-----------------------------------------------+--------------+
|          RTL Ports          | Dir | Bits|  Protocol  |                 Source Object                 |    C Type    |
+-----------------------------+-----+-----+------------+-----------------------------------------------+--------------+
|ap_clk                       |   in|    1|  ap_ctrl_hs|  extendedKalmanFilter_Pipeline_VITIS_LOOP_67_7|  return value|
|ap_rst                       |   in|    1|  ap_ctrl_hs|  extendedKalmanFilter_Pipeline_VITIS_LOOP_67_7|  return value|
|ap_start                     |   in|    1|  ap_ctrl_hs|  extendedKalmanFilter_Pipeline_VITIS_LOOP_67_7|  return value|
|ap_done                      |  out|    1|  ap_ctrl_hs|  extendedKalmanFilter_Pipeline_VITIS_LOOP_67_7|  return value|
|ap_idle                      |  out|    1|  ap_ctrl_hs|  extendedKalmanFilter_Pipeline_VITIS_LOOP_67_7|  return value|
|ap_ready                     |  out|    1|  ap_ctrl_hs|  extendedKalmanFilter_Pipeline_VITIS_LOOP_67_7|  return value|
|grp_fu_1974_p_din0           |  out|   64|  ap_ctrl_hs|  extendedKalmanFilter_Pipeline_VITIS_LOOP_67_7|  return value|
|grp_fu_1974_p_din1           |  out|   64|  ap_ctrl_hs|  extendedKalmanFilter_Pipeline_VITIS_LOOP_67_7|  return value|
|grp_fu_1974_p_opcode         |  out|    2|  ap_ctrl_hs|  extendedKalmanFilter_Pipeline_VITIS_LOOP_67_7|  return value|
|grp_fu_1974_p_dout0          |   in|   64|  ap_ctrl_hs|  extendedKalmanFilter_Pipeline_VITIS_LOOP_67_7|  return value|
|grp_fu_1974_p_ce             |  out|    1|  ap_ctrl_hs|  extendedKalmanFilter_Pipeline_VITIS_LOOP_67_7|  return value|
|grp_fu_1978_p_din0           |  out|   64|  ap_ctrl_hs|  extendedKalmanFilter_Pipeline_VITIS_LOOP_67_7|  return value|
|grp_fu_1978_p_din1           |  out|   64|  ap_ctrl_hs|  extendedKalmanFilter_Pipeline_VITIS_LOOP_67_7|  return value|
|grp_fu_1978_p_opcode         |  out|    2|  ap_ctrl_hs|  extendedKalmanFilter_Pipeline_VITIS_LOOP_67_7|  return value|
|grp_fu_1978_p_dout0          |   in|   64|  ap_ctrl_hs|  extendedKalmanFilter_Pipeline_VITIS_LOOP_67_7|  return value|
|grp_fu_1978_p_ce             |  out|    1|  ap_ctrl_hs|  extendedKalmanFilter_Pipeline_VITIS_LOOP_67_7|  return value|
|grp_fu_1982_p_din0           |  out|   64|  ap_ctrl_hs|  extendedKalmanFilter_Pipeline_VITIS_LOOP_67_7|  return value|
|grp_fu_1982_p_din1           |  out|   64|  ap_ctrl_hs|  extendedKalmanFilter_Pipeline_VITIS_LOOP_67_7|  return value|
|grp_fu_1982_p_opcode         |  out|    2|  ap_ctrl_hs|  extendedKalmanFilter_Pipeline_VITIS_LOOP_67_7|  return value|
|grp_fu_1982_p_dout0          |   in|   64|  ap_ctrl_hs|  extendedKalmanFilter_Pipeline_VITIS_LOOP_67_7|  return value|
|grp_fu_1982_p_ce             |  out|    1|  ap_ctrl_hs|  extendedKalmanFilter_Pipeline_VITIS_LOOP_67_7|  return value|
|grp_fu_1986_p_din0           |  out|   64|  ap_ctrl_hs|  extendedKalmanFilter_Pipeline_VITIS_LOOP_67_7|  return value|
|grp_fu_1986_p_din1           |  out|   64|  ap_ctrl_hs|  extendedKalmanFilter_Pipeline_VITIS_LOOP_67_7|  return value|
|grp_fu_1986_p_opcode         |  out|    2|  ap_ctrl_hs|  extendedKalmanFilter_Pipeline_VITIS_LOOP_67_7|  return value|
|grp_fu_1986_p_dout0          |   in|   64|  ap_ctrl_hs|  extendedKalmanFilter_Pipeline_VITIS_LOOP_67_7|  return value|
|grp_fu_1986_p_ce             |  out|    1|  ap_ctrl_hs|  extendedKalmanFilter_Pipeline_VITIS_LOOP_67_7|  return value|
|grp_fu_2086_p_din0           |  out|   64|  ap_ctrl_hs|  extendedKalmanFilter_Pipeline_VITIS_LOOP_67_7|  return value|
|grp_fu_2086_p_din1           |  out|   64|  ap_ctrl_hs|  extendedKalmanFilter_Pipeline_VITIS_LOOP_67_7|  return value|
|grp_fu_2086_p_dout0          |   in|   64|  ap_ctrl_hs|  extendedKalmanFilter_Pipeline_VITIS_LOOP_67_7|  return value|
|grp_fu_2086_p_ce             |  out|    1|  ap_ctrl_hs|  extendedKalmanFilter_Pipeline_VITIS_LOOP_67_7|  return value|
|grp_fu_2090_p_din0           |  out|   64|  ap_ctrl_hs|  extendedKalmanFilter_Pipeline_VITIS_LOOP_67_7|  return value|
|grp_fu_2090_p_din1           |  out|   64|  ap_ctrl_hs|  extendedKalmanFilter_Pipeline_VITIS_LOOP_67_7|  return value|
|grp_fu_2090_p_dout0          |   in|   64|  ap_ctrl_hs|  extendedKalmanFilter_Pipeline_VITIS_LOOP_67_7|  return value|
|grp_fu_2090_p_ce             |  out|    1|  ap_ctrl_hs|  extendedKalmanFilter_Pipeline_VITIS_LOOP_67_7|  return value|
|grp_fu_2094_p_din0           |  out|   64|  ap_ctrl_hs|  extendedKalmanFilter_Pipeline_VITIS_LOOP_67_7|  return value|
|grp_fu_2094_p_din1           |  out|   64|  ap_ctrl_hs|  extendedKalmanFilter_Pipeline_VITIS_LOOP_67_7|  return value|
|grp_fu_2094_p_dout0          |   in|   64|  ap_ctrl_hs|  extendedKalmanFilter_Pipeline_VITIS_LOOP_67_7|  return value|
|grp_fu_2094_p_ce             |  out|    1|  ap_ctrl_hs|  extendedKalmanFilter_Pipeline_VITIS_LOOP_67_7|  return value|
|grp_fu_2098_p_din0           |  out|   64|  ap_ctrl_hs|  extendedKalmanFilter_Pipeline_VITIS_LOOP_67_7|  return value|
|grp_fu_2098_p_din1           |  out|   64|  ap_ctrl_hs|  extendedKalmanFilter_Pipeline_VITIS_LOOP_67_7|  return value|
|grp_fu_2098_p_dout0          |   in|   64|  ap_ctrl_hs|  extendedKalmanFilter_Pipeline_VITIS_LOOP_67_7|  return value|
|grp_fu_2098_p_ce             |  out|    1|  ap_ctrl_hs|  extendedKalmanFilter_Pipeline_VITIS_LOOP_67_7|  return value|
|P_0_3_load                   |   in|   64|     ap_none|                                     P_0_3_load|        scalar|
|P_0_2_load                   |   in|   64|     ap_none|                                     P_0_2_load|        scalar|
|P_0_1_load                   |   in|   64|     ap_none|                                     P_0_1_load|        scalar|
|P_0_0_load                   |   in|   64|     ap_none|                                     P_0_0_load|        scalar|
|p_reload42                   |   in|   64|     ap_none|                                     p_reload42|        scalar|
|p_reload41                   |   in|   64|     ap_none|                                     p_reload41|        scalar|
|p_reload40                   |   in|   64|     ap_none|                                     p_reload40|        scalar|
|p_reload                     |   in|   64|     ap_none|                                       p_reload|        scalar|
|mux_case_3157391_out         |  out|   64|      ap_vld|                           mux_case_3157391_out|       pointer|
|mux_case_3157391_out_ap_vld  |  out|    1|      ap_vld|                           mux_case_3157391_out|       pointer|
|mux_case_2156388_out         |  out|   64|      ap_vld|                           mux_case_2156388_out|       pointer|
|mux_case_2156388_out_ap_vld  |  out|    1|      ap_vld|                           mux_case_2156388_out|       pointer|
|mux_case_1155385_out         |  out|   64|      ap_vld|                           mux_case_1155385_out|       pointer|
|mux_case_1155385_out_ap_vld  |  out|    1|      ap_vld|                           mux_case_1155385_out|       pointer|
|mux_case_0154382_out         |  out|   64|      ap_vld|                           mux_case_0154382_out|       pointer|
|mux_case_0154382_out_ap_vld  |  out|    1|      ap_vld|                           mux_case_0154382_out|       pointer|
|P_0_0                        |  out|   64|      ap_vld|                                          P_0_0|       pointer|
|P_0_0_ap_vld                 |  out|    1|      ap_vld|                                          P_0_0|       pointer|
|P_0_1                        |  out|   64|      ap_vld|                                          P_0_1|       pointer|
|P_0_1_ap_vld                 |  out|    1|      ap_vld|                                          P_0_1|       pointer|
|P_0_2                        |  out|   64|      ap_vld|                                          P_0_2|       pointer|
|P_0_2_ap_vld                 |  out|    1|      ap_vld|                                          P_0_2|       pointer|
|P_0_3                        |  out|   64|      ap_vld|                                          P_0_3|       pointer|
|P_0_3_ap_vld                 |  out|    1|      ap_vld|                                          P_0_3|       pointer|
+-----------------------------+-----+-----+------------+-----------------------------------------------+--------------+

