

================================================================
== Vitis HLS Report for 'extendedKalmanFilter_Pipeline_VITIS_LOOP_110_17'
================================================================
* Date:           Sun Mar 17 14:02:17 2024

* Version:        2023.2 (Build 4023990 on Oct 11 2023)
* Project:        ExtendedKalmanFilter
* Solution:       solution2 (Vivado IP Flow Target)
* Product family: kintex7
* Target device:  xc7k160t-fbg676-2


================================================================
== Performance Estimates
================================================================
+ Timing: 
    * Summary: 
    +--------+---------+----------+------------+
    |  Clock |  Target | Estimated| Uncertainty|
    +--------+---------+----------+------------+
    |ap_clk  |  4.00 ns|  2.796 ns|     1.08 ns|
    +--------+---------+----------+------------+

+ Latency: 
    * Summary: 
    +---------+---------+----------+----------+-----+-----+---------+
    |  Latency (cycles) |  Latency (absolute) |  Interval | Pipeline|
    |   min   |   max   |    min   |    max   | min | max |   Type  |
    +---------+---------+----------+----------+-----+-----+---------+
    |       71|       71|  0.284 us|  0.284 us|   71|   71|       no|
    +---------+---------+----------+----------+-----+-----+---------+

    + Detail: 
        * Instance: 
        N/A

        * Loop: 
        +---------------------+---------+---------+----------+-----------+-----------+------+----------+
        |                     |  Latency (cycles) | Iteration|  Initiation Interval  | Trip |          |
        |      Loop Name      |   min   |   max   |  Latency |  achieved |   target  | Count| Pipelined|
        +---------------------+---------+---------+----------+-----------+-----------+------+----------+
        |- VITIS_LOOP_110_17  |       69|       69|        69|          1|          1|     2|       yes|
        +---------------------+---------+---------+----------+-----------+-----------+------+----------+



================================================================
== Utilization Estimates
================================================================
* Summary: 
+-----------------+---------+-----+--------+--------+-----+
|       Name      | BRAM_18K| DSP |   FF   |   LUT  | URAM|
+-----------------+---------+-----+--------+--------+-----+
|DSP              |        -|    -|       -|       -|    -|
|Expression       |        -|    -|       0|     211|    -|
|FIFO             |        -|    -|       -|       -|    -|
|Instance         |        -|    -|       -|       -|    -|
|Memory           |        -|    -|       -|       -|    -|
|Multiplexer      |        -|    -|       -|      45|    -|
|Register         |        -|    -|     865|      64|    -|
+-----------------+---------+-----+--------+--------+-----+
|Total            |        0|    0|     865|     320|    0|
+-----------------+---------+-----+--------+--------+-----+
|Available        |      650|  600|  202800|  101400|    0|
+-----------------+---------+-----+--------+--------+-----+
|Utilization (%)  |        0|    0|      ~0|      ~0|    0|
+-----------------+---------+-----+--------+--------+-----+

+ Detail: 
    * Instance: 
    N/A

    * DSP: 
    N/A

    * Memory: 
    N/A

    * FIFO: 
    N/A

    * Expression: 
    +--------------------------+----------+----+---+----+------------+------------+
    |       Variable Name      | Operation| DSP| FF| LUT| Bitwidth P0| Bitwidth P1|
    +--------------------------+----------+----+---+----+------------+------------+
    |add_ln110_fu_143_p2       |         +|   0|  0|  10|           2|           1|
    |icmp_ln110_fu_137_p2      |      icmp|   0|  0|  11|           2|           3|
    |select_ln113_1_fu_166_p3  |    select|   0|  0|  62|           1|          62|
    |select_ln113_2_fu_176_p3  |    select|   0|  0|  64|           1|          64|
    |select_ln113_fu_153_p3    |    select|   0|  0|  62|           1|           1|
    |ap_enable_pp0             |       xor|   0|  0|   2|           1|           2|
    +--------------------------+----------+----+---+----+------------+------------+
    |Total                     |          |   0|  0| 211|           8|         133|
    +--------------------------+----------+----+---+----+------------+------------+

    * Multiplexer: 
    +-------------------------+----+-----------+-----+-----------+
    |           Name          | LUT| Input Size| Bits| Total Bits|
    +-------------------------+----+-----------+-----+-----------+
    |S_0_0_2_fu_48            |   9|          2|   64|        128|
    |ap_done_int              |   9|          2|    1|          2|
    |ap_enable_reg_pp0_iter1  |   9|          2|    1|          2|
    |ap_sig_allocacmp_j_12    |   9|          2|    2|          4|
    |j_fu_44                  |   9|          2|    2|          4|
    +-------------------------+----+-----------+-----+-----------+
    |Total                    |  45|         10|   70|        140|
    +-------------------------+----+-----------+-----+-----------+

    * Register: 
    +-----------------------------------+----+----+-----+-----------+
    |                Name               | FF | LUT| Bits| Const Bits|
    +-----------------------------------+----+----+-----+-----------+
    |S_0_0_2_fu_48                      |  64|   0|   64|          0|
    |S_0_0_reg_281                      |  64|   0|   64|          0|
    |add221_2_reg_271                   |  64|   0|   64|          0|
    |add221_s_reg_261                   |  64|   0|   64|          0|
    |add3_reg_251                       |  64|   0|   64|          0|
    |ap_CS_fsm                          |   1|   0|    1|          0|
    |ap_done_reg                        |   1|   0|    1|          0|
    |ap_enable_reg_pp0_iter1            |   1|   0|    1|          0|
    |ap_enable_reg_pp0_iter10           |   1|   0|    1|          0|
    |ap_enable_reg_pp0_iter11           |   1|   0|    1|          0|
    |ap_enable_reg_pp0_iter12           |   1|   0|    1|          0|
    |ap_enable_reg_pp0_iter13           |   1|   0|    1|          0|
    |ap_enable_reg_pp0_iter14           |   1|   0|    1|          0|
    |ap_enable_reg_pp0_iter15           |   1|   0|    1|          0|
    |ap_enable_reg_pp0_iter16           |   1|   0|    1|          0|
    |ap_enable_reg_pp0_iter17           |   1|   0|    1|          0|
    |ap_enable_reg_pp0_iter18           |   1|   0|    1|          0|
    |ap_enable_reg_pp0_iter19           |   1|   0|    1|          0|
    |ap_enable_reg_pp0_iter2            |   1|   0|    1|          0|
    |ap_enable_reg_pp0_iter20           |   1|   0|    1|          0|
    |ap_enable_reg_pp0_iter21           |   1|   0|    1|          0|
    |ap_enable_reg_pp0_iter22           |   1|   0|    1|          0|
    |ap_enable_reg_pp0_iter23           |   1|   0|    1|          0|
    |ap_enable_reg_pp0_iter24           |   1|   0|    1|          0|
    |ap_enable_reg_pp0_iter25           |   1|   0|    1|          0|
    |ap_enable_reg_pp0_iter26           |   1|   0|    1|          0|
    |ap_enable_reg_pp0_iter27           |   1|   0|    1|          0|
    |ap_enable_reg_pp0_iter28           |   1|   0|    1|          0|
    |ap_enable_reg_pp0_iter29           |   1|   0|    1|          0|
    |ap_enable_reg_pp0_iter3            |   1|   0|    1|          0|
    |ap_enable_reg_pp0_iter30           |   1|   0|    1|          0|
    |ap_enable_reg_pp0_iter31           |   1|   0|    1|          0|
    |ap_enable_reg_pp0_iter32           |   1|   0|    1|          0|
    |ap_enable_reg_pp0_iter33           |   1|   0|    1|          0|
    |ap_enable_reg_pp0_iter34           |   1|   0|    1|          0|
    |ap_enable_reg_pp0_iter35           |   1|   0|    1|          0|
    |ap_enable_reg_pp0_iter36           |   1|   0|    1|          0|
    |ap_enable_reg_pp0_iter37           |   1|   0|    1|          0|
    |ap_enable_reg_pp0_iter38           |   1|   0|    1|          0|
    |ap_enable_reg_pp0_iter39           |   1|   0|    1|          0|
    |ap_enable_reg_pp0_iter4            |   1|   0|    1|          0|
    |ap_enable_reg_pp0_iter40           |   1|   0|    1|          0|
    |ap_enable_reg_pp0_iter41           |   1|   0|    1|          0|
    |ap_enable_reg_pp0_iter42           |   1|   0|    1|          0|
    |ap_enable_reg_pp0_iter43           |   1|   0|    1|          0|
    |ap_enable_reg_pp0_iter44           |   1|   0|    1|          0|
    |ap_enable_reg_pp0_iter45           |   1|   0|    1|          0|
    |ap_enable_reg_pp0_iter46           |   1|   0|    1|          0|
    |ap_enable_reg_pp0_iter47           |   1|   0|    1|          0|
    |ap_enable_reg_pp0_iter48           |   1|   0|    1|          0|
    |ap_enable_reg_pp0_iter49           |   1|   0|    1|          0|
    |ap_enable_reg_pp0_iter5            |   1|   0|    1|          0|
    |ap_enable_reg_pp0_iter50           |   1|   0|    1|          0|
    |ap_enable_reg_pp0_iter51           |   1|   0|    1|          0|
    |ap_enable_reg_pp0_iter52           |   1|   0|    1|          0|
    |ap_enable_reg_pp0_iter53           |   1|   0|    1|          0|
    |ap_enable_reg_pp0_iter54           |   1|   0|    1|          0|
    |ap_enable_reg_pp0_iter55           |   1|   0|    1|          0|
    |ap_enable_reg_pp0_iter56           |   1|   0|    1|          0|
    |ap_enable_reg_pp0_iter57           |   1|   0|    1|          0|
    |ap_enable_reg_pp0_iter58           |   1|   0|    1|          0|
    |ap_enable_reg_pp0_iter59           |   1|   0|    1|          0|
    |ap_enable_reg_pp0_iter6            |   1|   0|    1|          0|
    |ap_enable_reg_pp0_iter60           |   1|   0|    1|          0|
    |ap_enable_reg_pp0_iter61           |   1|   0|    1|          0|
    |ap_enable_reg_pp0_iter62           |   1|   0|    1|          0|
    |ap_enable_reg_pp0_iter63           |   1|   0|    1|          0|
    |ap_enable_reg_pp0_iter64           |   1|   0|    1|          0|
    |ap_enable_reg_pp0_iter65           |   1|   0|    1|          0|
    |ap_enable_reg_pp0_iter66           |   1|   0|    1|          0|
    |ap_enable_reg_pp0_iter67           |   1|   0|    1|          0|
    |ap_enable_reg_pp0_iter68           |   1|   0|    1|          0|
    |ap_enable_reg_pp0_iter7            |   1|   0|    1|          0|
    |ap_enable_reg_pp0_iter8            |   1|   0|    1|          0|
    |ap_enable_reg_pp0_iter9            |   1|   0|    1|          0|
    |ap_loop_exit_ready_pp0_iter10_reg  |   1|   0|    1|          0|
    |ap_loop_exit_ready_pp0_iter11_reg  |   1|   0|    1|          0|
    |ap_loop_exit_ready_pp0_iter12_reg  |   1|   0|    1|          0|
    |ap_loop_exit_ready_pp0_iter13_reg  |   1|   0|    1|          0|
    |ap_loop_exit_ready_pp0_iter14_reg  |   1|   0|    1|          0|
    |ap_loop_exit_ready_pp0_iter15_reg  |   1|   0|    1|          0|
    |ap_loop_exit_ready_pp0_iter16_reg  |   1|   0|    1|          0|
    |ap_loop_exit_ready_pp0_iter17_reg  |   1|   0|    1|          0|
    |ap_loop_exit_ready_pp0_iter18_reg  |   1|   0|    1|          0|
    |ap_loop_exit_ready_pp0_iter19_reg  |   1|   0|    1|          0|
    |ap_loop_exit_ready_pp0_iter1_reg   |   1|   0|    1|          0|
    |ap_loop_exit_ready_pp0_iter20_reg  |   1|   0|    1|          0|
    |ap_loop_exit_ready_pp0_iter21_reg  |   1|   0|    1|          0|
    |ap_loop_exit_ready_pp0_iter22_reg  |   1|   0|    1|          0|
    |ap_loop_exit_ready_pp0_iter23_reg  |   1|   0|    1|          0|
    |ap_loop_exit_ready_pp0_iter24_reg  |   1|   0|    1|          0|
    |ap_loop_exit_ready_pp0_iter25_reg  |   1|   0|    1|          0|
    |ap_loop_exit_ready_pp0_iter26_reg  |   1|   0|    1|          0|
    |ap_loop_exit_ready_pp0_iter27_reg  |   1|   0|    1|          0|
    |ap_loop_exit_ready_pp0_iter28_reg  |   1|   0|    1|          0|
    |ap_loop_exit_ready_pp0_iter29_reg  |   1|   0|    1|          0|
    |ap_loop_exit_ready_pp0_iter2_reg   |   1|   0|    1|          0|
    |ap_loop_exit_ready_pp0_iter30_reg  |   1|   0|    1|          0|
    |ap_loop_exit_ready_pp0_iter31_reg  |   1|   0|    1|          0|
    |ap_loop_exit_ready_pp0_iter32_reg  |   1|   0|    1|          0|
    |ap_loop_exit_ready_pp0_iter33_reg  |   1|   0|    1|          0|
    |ap_loop_exit_ready_pp0_iter34_reg  |   1|   0|    1|          0|
    |ap_loop_exit_ready_pp0_iter35_reg  |   1|   0|    1|          0|
    |ap_loop_exit_ready_pp0_iter36_reg  |   1|   0|    1|          0|
    |ap_loop_exit_ready_pp0_iter37_reg  |   1|   0|    1|          0|
    |ap_loop_exit_ready_pp0_iter38_reg  |   1|   0|    1|          0|
    |ap_loop_exit_ready_pp0_iter39_reg  |   1|   0|    1|          0|
    |ap_loop_exit_ready_pp0_iter3_reg   |   1|   0|    1|          0|
    |ap_loop_exit_ready_pp0_iter40_reg  |   1|   0|    1|          0|
    |ap_loop_exit_ready_pp0_iter41_reg  |   1|   0|    1|          0|
    |ap_loop_exit_ready_pp0_iter42_reg  |   1|   0|    1|          0|
    |ap_loop_exit_ready_pp0_iter43_reg  |   1|   0|    1|          0|
    |ap_loop_exit_ready_pp0_iter44_reg  |   1|   0|    1|          0|
    |ap_loop_exit_ready_pp0_iter45_reg  |   1|   0|    1|          0|
    |ap_loop_exit_ready_pp0_iter46_reg  |   1|   0|    1|          0|
    |ap_loop_exit_ready_pp0_iter47_reg  |   1|   0|    1|          0|
    |ap_loop_exit_ready_pp0_iter48_reg  |   1|   0|    1|          0|
    |ap_loop_exit_ready_pp0_iter49_reg  |   1|   0|    1|          0|
    |ap_loop_exit_ready_pp0_iter4_reg   |   1|   0|    1|          0|
    |ap_loop_exit_ready_pp0_iter50_reg  |   1|   0|    1|          0|
    |ap_loop_exit_ready_pp0_iter51_reg  |   1|   0|    1|          0|
    |ap_loop_exit_ready_pp0_iter52_reg  |   1|   0|    1|          0|
    |ap_loop_exit_ready_pp0_iter53_reg  |   1|   0|    1|          0|
    |ap_loop_exit_ready_pp0_iter54_reg  |   1|   0|    1|          0|
    |ap_loop_exit_ready_pp0_iter55_reg  |   1|   0|    1|          0|
    |ap_loop_exit_ready_pp0_iter56_reg  |   1|   0|    1|          0|
    |ap_loop_exit_ready_pp0_iter57_reg  |   1|   0|    1|          0|
    |ap_loop_exit_ready_pp0_iter58_reg  |   1|   0|    1|          0|
    |ap_loop_exit_ready_pp0_iter59_reg  |   1|   0|    1|          0|
    |ap_loop_exit_ready_pp0_iter5_reg   |   1|   0|    1|          0|
    |ap_loop_exit_ready_pp0_iter60_reg  |   1|   0|    1|          0|
    |ap_loop_exit_ready_pp0_iter61_reg  |   1|   0|    1|          0|
    |ap_loop_exit_ready_pp0_iter62_reg  |   1|   0|    1|          0|
    |ap_loop_exit_ready_pp0_iter63_reg  |   1|   0|    1|          0|
    |ap_loop_exit_ready_pp0_iter64_reg  |   1|   0|    1|          0|
    |ap_loop_exit_ready_pp0_iter65_reg  |   1|   0|    1|          0|
    |ap_loop_exit_ready_pp0_iter66_reg  |   1|   0|    1|          0|
    |ap_loop_exit_ready_pp0_iter67_reg  |   1|   0|    1|          0|
    |ap_loop_exit_ready_pp0_iter6_reg   |   1|   0|    1|          0|
    |ap_loop_exit_ready_pp0_iter7_reg   |   1|   0|    1|          0|
    |ap_loop_exit_ready_pp0_iter8_reg   |   1|   0|    1|          0|
    |ap_loop_exit_ready_pp0_iter9_reg   |   1|   0|    1|          0|
    |icmp_ln110_reg_226                 |   1|   0|    1|          0|
    |j_fu_44                            |   2|   0|    2|          0|
    |mul1_reg_246                       |  64|   0|   64|          0|
    |mul216_2_reg_266                   |  64|   0|   64|          0|
    |mul216_3_reg_276                   |  64|   0|   64|          0|
    |mul216_s_reg_256                   |  64|   0|   64|          0|
    |select_ln113_1_reg_241             |  10|   0|   64|         54|
    |select_ln113_reg_236               |  10|   0|   64|         54|
    |trunc_ln111_reg_230                |   1|   0|    1|          0|
    |icmp_ln110_reg_226                 |  64|  32|    1|          0|
    |trunc_ln111_reg_230                |  64|  32|    1|          0|
    +-----------------------------------+----+----+-----+-----------+
    |Total                              | 865|  64|  847|        108|
    +-----------------------------------+----+----+-----+-----------+



================================================================
== Interface
================================================================
* Summary: 
+----------------------+-----+-----+------------+-------------------------------------------------+--------------+
|       RTL Ports      | Dir | Bits|  Protocol  |                  Source Object                  |    C Type    |
+----------------------+-----+-----+------------+-------------------------------------------------+--------------+
|ap_clk                |   in|    1|  ap_ctrl_hs|  extendedKalmanFilter_Pipeline_VITIS_LOOP_110_17|  return value|
|ap_rst                |   in|    1|  ap_ctrl_hs|  extendedKalmanFilter_Pipeline_VITIS_LOOP_110_17|  return value|
|ap_start              |   in|    1|  ap_ctrl_hs|  extendedKalmanFilter_Pipeline_VITIS_LOOP_110_17|  return value|
|ap_done               |  out|    1|  ap_ctrl_hs|  extendedKalmanFilter_Pipeline_VITIS_LOOP_110_17|  return value|
|ap_idle               |  out|    1|  ap_ctrl_hs|  extendedKalmanFilter_Pipeline_VITIS_LOOP_110_17|  return value|
|ap_ready              |  out|    1|  ap_ctrl_hs|  extendedKalmanFilter_Pipeline_VITIS_LOOP_110_17|  return value|
|grp_fu_2030_p_din0    |  out|   64|  ap_ctrl_hs|  extendedKalmanFilter_Pipeline_VITIS_LOOP_110_17|  return value|
|grp_fu_2030_p_din1    |  out|   64|  ap_ctrl_hs|  extendedKalmanFilter_Pipeline_VITIS_LOOP_110_17|  return value|
|grp_fu_2030_p_opcode  |  out|    2|  ap_ctrl_hs|  extendedKalmanFilter_Pipeline_VITIS_LOOP_110_17|  return value|
|grp_fu_2030_p_dout0   |   in|   64|  ap_ctrl_hs|  extendedKalmanFilter_Pipeline_VITIS_LOOP_110_17|  return value|
|grp_fu_2030_p_ce      |  out|    1|  ap_ctrl_hs|  extendedKalmanFilter_Pipeline_VITIS_LOOP_110_17|  return value|
|grp_fu_2050_p_din0    |  out|   64|  ap_ctrl_hs|  extendedKalmanFilter_Pipeline_VITIS_LOOP_110_17|  return value|
|grp_fu_2050_p_din1    |  out|   64|  ap_ctrl_hs|  extendedKalmanFilter_Pipeline_VITIS_LOOP_110_17|  return value|
|grp_fu_2050_p_dout0   |   in|   64|  ap_ctrl_hs|  extendedKalmanFilter_Pipeline_VITIS_LOOP_110_17|  return value|
|grp_fu_2050_p_ce      |  out|    1|  ap_ctrl_hs|  extendedKalmanFilter_Pipeline_VITIS_LOOP_110_17|  return value|
|grp_fu_2054_p_din0    |  out|   64|  ap_ctrl_hs|  extendedKalmanFilter_Pipeline_VITIS_LOOP_110_17|  return value|
|grp_fu_2054_p_din1    |  out|   64|  ap_ctrl_hs|  extendedKalmanFilter_Pipeline_VITIS_LOOP_110_17|  return value|
|grp_fu_2054_p_dout0   |   in|   64|  ap_ctrl_hs|  extendedKalmanFilter_Pipeline_VITIS_LOOP_110_17|  return value|
|grp_fu_2054_p_ce      |  out|    1|  ap_ctrl_hs|  extendedKalmanFilter_Pipeline_VITIS_LOOP_110_17|  return value|
|grp_fu_2074_p_din0    |  out|   64|  ap_ctrl_hs|  extendedKalmanFilter_Pipeline_VITIS_LOOP_110_17|  return value|
|grp_fu_2074_p_din1    |  out|   64|  ap_ctrl_hs|  extendedKalmanFilter_Pipeline_VITIS_LOOP_110_17|  return value|
|grp_fu_2074_p_dout0   |   in|   64|  ap_ctrl_hs|  extendedKalmanFilter_Pipeline_VITIS_LOOP_110_17|  return value|
|grp_fu_2074_p_ce      |  out|    1|  ap_ctrl_hs|  extendedKalmanFilter_Pipeline_VITIS_LOOP_110_17|  return value|
|grp_fu_2078_p_din0    |  out|   64|  ap_ctrl_hs|  extendedKalmanFilter_Pipeline_VITIS_LOOP_110_17|  return value|
|grp_fu_2078_p_din1    |  out|   64|  ap_ctrl_hs|  extendedKalmanFilter_Pipeline_VITIS_LOOP_110_17|  return value|
|grp_fu_2078_p_dout0   |   in|   64|  ap_ctrl_hs|  extendedKalmanFilter_Pipeline_VITIS_LOOP_110_17|  return value|
|grp_fu_2078_p_ce      |  out|    1|  ap_ctrl_hs|  extendedKalmanFilter_Pipeline_VITIS_LOOP_110_17|  return value|
|grp_fu_2034_p_din0    |  out|   64|  ap_ctrl_hs|  extendedKalmanFilter_Pipeline_VITIS_LOOP_110_17|  return value|
|grp_fu_2034_p_din1    |  out|   64|  ap_ctrl_hs|  extendedKalmanFilter_Pipeline_VITIS_LOOP_110_17|  return value|
|grp_fu_2034_p_opcode  |  out|    2|  ap_ctrl_hs|  extendedKalmanFilter_Pipeline_VITIS_LOOP_110_17|  return value|
|grp_fu_2034_p_dout0   |   in|   64|  ap_ctrl_hs|  extendedKalmanFilter_Pipeline_VITIS_LOOP_110_17|  return value|
|grp_fu_2034_p_ce      |  out|    1|  ap_ctrl_hs|  extendedKalmanFilter_Pipeline_VITIS_LOOP_110_17|  return value|
|grp_fu_2038_p_din0    |  out|   64|  ap_ctrl_hs|  extendedKalmanFilter_Pipeline_VITIS_LOOP_110_17|  return value|
|grp_fu_2038_p_din1    |  out|   64|  ap_ctrl_hs|  extendedKalmanFilter_Pipeline_VITIS_LOOP_110_17|  return value|
|grp_fu_2038_p_opcode  |  out|    2|  ap_ctrl_hs|  extendedKalmanFilter_Pipeline_VITIS_LOOP_110_17|  return value|
|grp_fu_2038_p_dout0   |   in|   64|  ap_ctrl_hs|  extendedKalmanFilter_Pipeline_VITIS_LOOP_110_17|  return value|
|grp_fu_2038_p_ce      |  out|    1|  ap_ctrl_hs|  extendedKalmanFilter_Pipeline_VITIS_LOOP_110_17|  return value|
|grp_fu_2042_p_din0    |  out|   64|  ap_ctrl_hs|  extendedKalmanFilter_Pipeline_VITIS_LOOP_110_17|  return value|
|grp_fu_2042_p_din1    |  out|   64|  ap_ctrl_hs|  extendedKalmanFilter_Pipeline_VITIS_LOOP_110_17|  return value|
|grp_fu_2042_p_opcode  |  out|    2|  ap_ctrl_hs|  extendedKalmanFilter_Pipeline_VITIS_LOOP_110_17|  return value|
|grp_fu_2042_p_dout0   |   in|   64|  ap_ctrl_hs|  extendedKalmanFilter_Pipeline_VITIS_LOOP_110_17|  return value|
|grp_fu_2042_p_ce      |  out|    1|  ap_ctrl_hs|  extendedKalmanFilter_Pipeline_VITIS_LOOP_110_17|  return value|
|S_0_0_0_reload        |   in|   64|     ap_none|                                   S_0_0_0_reload|        scalar|
|p_reload84            |   in|   64|     ap_none|                                       p_reload84|        scalar|
|p_reload83            |   in|   64|     ap_none|                                       p_reload83|        scalar|
|p_reload82            |   in|   64|     ap_none|                                       p_reload82|        scalar|
|p_reload81            |   in|   64|     ap_none|                                       p_reload81|        scalar|
|S_0_0_2_out           |  out|   64|      ap_vld|                                      S_0_0_2_out|       pointer|
|S_0_0_2_out_ap_vld    |  out|    1|      ap_vld|                                      S_0_0_2_out|       pointer|
+----------------------+-----+-----+------------+-------------------------------------------------+--------------+

