

================================================================
== Vitis HLS Report for 'extendedKalmanFilter'
================================================================
* Date:           Sun Mar 17 14:02:24 2024

* Version:        2023.2 (Build 4023990 on Oct 11 2023)
* Project:        ExtendedKalmanFilter
* Solution:       solution2 (Vivado IP Flow Target)
* Product family: kintex7
* Target device:  xc7k160t-fbg676-2


================================================================
== Performance Estimates
================================================================
+ Timing: 
    * Summary: 
    +--------+---------+----------+------------+
    |  Clock |  Target | Estimated| Uncertainty|
    +--------+---------+----------+------------+
    |ap_clk  |  4.00 ns|  3.483 ns|     1.08 ns|
    +--------+---------+----------+------------+

+ Latency: 
    * Summary: 
    +---------+---------+----------+----------+-----+-----+---------+
    |  Latency (cycles) |  Latency (absolute) |  Interval | Pipeline|
    |   min   |   max   |    min   |    max   | min | max |   Type  |
    +---------+---------+----------+----------+-----+-----+---------+
    |      733|      733|  2.932 us|  2.932 us|  734|  734|       no|
    +---------+---------+----------+----------+-----+-----+---------+

    + Detail: 
        * Instance: 
        +------------------------------------------------------------------------------+-------------------------------------------------------------------+---------+---------+-----------+-----------+-----+-----+---------+
        |                                                                              |                                                                   |  Latency (cycles) |   Latency (absolute)  |  Interval | Pipeline|
        |                                   Instance                                   |                               Module                              |   min   |   max   |    min    |    max    | min | max |   Type  |
        +------------------------------------------------------------------------------+-------------------------------------------------------------------+---------+---------+-----------+-----------+-----+-----+---------+
        |grp_extendedKalmanFilter_Pipeline_VITIS_LOOP_58_4_fu_384                      |extendedKalmanFilter_Pipeline_VITIS_LOOP_58_4                      |       59|       59|   0.236 us|   0.236 us|   59|   59|       no|
        |grp_extendedKalmanFilter_Pipeline_VITIS_LOOP_58_41_fu_408                     |extendedKalmanFilter_Pipeline_VITIS_LOOP_58_41                     |       72|       72|   0.288 us|   0.288 us|   72|   72|       no|
        |grp_extendedKalmanFilter_Pipeline_VITIS_LOOP_58_42_fu_432                     |extendedKalmanFilter_Pipeline_VITIS_LOOP_58_42                     |       72|       72|   0.288 us|   0.288 us|   72|   72|       no|
        |grp_extendedKalmanFilter_Pipeline_VITIS_LOOP_58_43_fu_456                     |extendedKalmanFilter_Pipeline_VITIS_LOOP_58_43                     |       72|       72|   0.288 us|   0.288 us|   72|   72|       no|
        |grp_extendedKalmanFilter_Pipeline_VITIS_LOOP_94_12_fu_480                     |extendedKalmanFilter_Pipeline_VITIS_LOOP_94_12                     |        4|        4|  16.000 ns|  16.000 ns|    4|    4|       no|
        |grp_extendedKalmanFilter_Pipeline_VITIS_LOOP_94_127_fu_485                    |extendedKalmanFilter_Pipeline_VITIS_LOOP_94_127                    |        4|        4|  16.000 ns|  16.000 ns|    4|    4|       no|
        |grp_extendedKalmanFilter_Pipeline_VITIS_LOOP_67_7_fu_490                      |extendedKalmanFilter_Pipeline_VITIS_LOOP_67_7                      |       73|       73|   0.292 us|   0.292 us|   73|   73|       no|
        |grp_extendedKalmanFilter_Pipeline_VITIS_LOOP_67_74_fu_514                     |extendedKalmanFilter_Pipeline_VITIS_LOOP_67_74                     |       73|       73|   0.292 us|   0.292 us|   73|   73|       no|
        |grp_extendedKalmanFilter_Pipeline_VITIS_LOOP_67_75_fu_538                     |extendedKalmanFilter_Pipeline_VITIS_LOOP_67_75                     |       73|       73|   0.292 us|   0.292 us|   73|   73|       no|
        |grp_extendedKalmanFilter_Pipeline_VITIS_LOOP_67_76_fu_562                     |extendedKalmanFilter_Pipeline_VITIS_LOOP_67_76                     |       73|       73|   0.292 us|   0.292 us|   73|   73|       no|
        |grp_extendedKalmanFilter_Pipeline_VITIS_LOOP_101_14_fu_586                    |extendedKalmanFilter_Pipeline_VITIS_LOOP_101_14                    |       59|       59|   0.236 us|   0.236 us|   59|   59|       no|
        |grp_extendedKalmanFilter_Pipeline_VITIS_LOOP_101_148_fu_610                   |extendedKalmanFilter_Pipeline_VITIS_LOOP_101_148                   |       72|       72|   0.288 us|   0.288 us|   72|   72|       no|
        |grp_extendedKalmanFilter_Pipeline_VITIS_LOOP_121_20_fu_634                    |extendedKalmanFilter_Pipeline_VITIS_LOOP_121_20                    |       71|       71|   0.284 us|   0.284 us|   71|   71|       no|
        |grp_extendedKalmanFilter_Pipeline_VITIS_LOOP_121_2010_fu_644                  |extendedKalmanFilter_Pipeline_VITIS_LOOP_121_2010                  |       71|       71|   0.284 us|   0.284 us|   71|   71|       no|
        |grp_extendedKalmanFilter_Pipeline_VITIS_LOOP_121_2011_fu_654                  |extendedKalmanFilter_Pipeline_VITIS_LOOP_121_2011                  |       71|       71|   0.284 us|   0.284 us|   71|   71|       no|
        |grp_extendedKalmanFilter_Pipeline_VITIS_LOOP_121_2012_fu_664                  |extendedKalmanFilter_Pipeline_VITIS_LOOP_121_2012                  |       71|       71|   0.284 us|   0.284 us|   71|   71|       no|
        |grp_extendedKalmanFilter_Pipeline_VITIS_LOOP_110_17_fu_674                    |extendedKalmanFilter_Pipeline_VITIS_LOOP_110_17                    |       71|       71|   0.284 us|   0.284 us|   71|   71|       no|
        |grp_extendedKalmanFilter_Pipeline_VITIS_LOOP_110_179_fu_684                   |extendedKalmanFilter_Pipeline_VITIS_LOOP_110_179                   |       71|       71|   0.284 us|   0.284 us|   71|   71|       no|
        |grp_extendedKalmanFilter_Pipeline_VITIS_LOOP_128_22_fu_694                    |extendedKalmanFilter_Pipeline_VITIS_LOOP_128_22                    |       63|       63|   0.252 us|   0.252 us|   63|   63|       no|
        |grp_extendedKalmanFilter_Pipeline_VITIS_LOOP_135_24_fu_716                    |extendedKalmanFilter_Pipeline_VITIS_LOOP_135_24                    |      125|      125|   0.500 us|   0.500 us|  125|  125|       no|
        |grp_extendedKalmanFilter_Pipeline_VITIS_LOOP_140_25_VITIS_LOOP_141_26_fu_742  |extendedKalmanFilter_Pipeline_VITIS_LOOP_140_25_VITIS_LOOP_141_26  |       59|       59|   0.236 us|   0.236 us|   59|   59|       no|
        |grp_extendedKalmanFilter_Pipeline_VITIS_LOOP_148_28_VITIS_LOOP_149_29_fu_755  |extendedKalmanFilter_Pipeline_VITIS_LOOP_148_28_VITIS_LOOP_149_29  |      228|      228|   0.912 us|   0.912 us|  228|  228|       no|
        +------------------------------------------------------------------------------+-------------------------------------------------------------------+---------+---------+-----------+-----------+-----+-----+---------+

        * Loop: 
        N/A



================================================================
== Utilization Estimates
================================================================
* Summary: 
+-----------------+---------+-----+--------+--------+-----+
|       Name      | BRAM_18K| DSP |   FF   |   LUT  | URAM|
+-----------------+---------+-----+--------+--------+-----+
|DSP              |        -|    -|       -|       -|    -|
|Expression       |        -|    -|       0|      10|    -|
|FIFO             |        -|    -|       -|       -|    -|
|Instance         |        -|  326|   61644|   35762|    -|
|Memory           |        2|    -|       0|       0|    0|
|Multiplexer      |        -|    -|       -|    2306|    -|
|Register         |        -|    -|    2740|       -|    -|
+-----------------+---------+-----+--------+--------+-----+
|Total            |        2|  326|   64384|   38078|    0|
+-----------------+---------+-----+--------+--------+-----+
|Available        |      650|  600|  202800|  101400|    0|
+-----------------+---------+-----+--------+--------+-----+
|Utilization (%)  |       ~0|   54|      31|      37|    0|
+-----------------+---------+-----+--------+--------+-----+

+ Detail: 
    * Instance: 
    +------------------------------------------------------------------------------+-------------------------------------------------------------------+---------+----+------+------+-----+
    |                                   Instance                                   |                               Module                              | BRAM_18K| DSP|  FF  |  LUT | URAM|
    +------------------------------------------------------------------------------+-------------------------------------------------------------------+---------+----+------+------+-----+
    |dadd_64ns_64ns_64_13_full_dsp_1_U489                                          |dadd_64ns_64ns_64_13_full_dsp_1                                    |        0|   3|   979|   800|    0|
    |dadd_64ns_64ns_64_13_full_dsp_1_U490                                          |dadd_64ns_64ns_64_13_full_dsp_1                                    |        0|   3|   979|   800|    0|
    |dadd_64ns_64ns_64_13_full_dsp_1_U493                                          |dadd_64ns_64ns_64_13_full_dsp_1                                    |        0|   3|   979|   800|    0|
    |dadd_64ns_64ns_64_13_full_dsp_1_U494                                          |dadd_64ns_64ns_64_13_full_dsp_1                                    |        0|   3|   979|   800|    0|
    |dadd_64ns_64ns_64_13_full_dsp_1_U495                                          |dadd_64ns_64ns_64_13_full_dsp_1                                    |        0|   3|   979|   800|    0|
    |dadd_64ns_64ns_64_13_full_dsp_1_U496                                          |dadd_64ns_64ns_64_13_full_dsp_1                                    |        0|   3|   979|   800|    0|
    |dadd_64ns_64ns_64_13_full_dsp_1_U501                                          |dadd_64ns_64ns_64_13_full_dsp_1                                    |        0|   3|   979|   800|    0|
    |dadd_64ns_64ns_64_13_full_dsp_1_U502                                          |dadd_64ns_64ns_64_13_full_dsp_1                                    |        0|   3|   979|   800|    0|
    |dadd_64ns_64ns_64_13_full_dsp_1_U503                                          |dadd_64ns_64ns_64_13_full_dsp_1                                    |        0|   3|   979|   800|    0|
    |dadd_64ns_64ns_64_13_full_dsp_1_U507                                          |dadd_64ns_64ns_64_13_full_dsp_1                                    |        0|   3|   979|   800|    0|
    |dadd_64ns_64ns_64_13_full_dsp_1_U508                                          |dadd_64ns_64ns_64_13_full_dsp_1                                    |        0|   3|   979|   800|    0|
    |dadd_64ns_64ns_64_13_full_dsp_1_U509                                          |dadd_64ns_64ns_64_13_full_dsp_1                                    |        0|   3|   979|   800|    0|
    |dadd_64ns_64ns_64_13_full_dsp_1_U510                                          |dadd_64ns_64ns_64_13_full_dsp_1                                    |        0|   3|   979|   800|    0|
    |dadd_64ns_64ns_64_13_full_dsp_1_U514                                          |dadd_64ns_64ns_64_13_full_dsp_1                                    |        0|   3|   979|   800|    0|
    |dadd_64ns_64ns_64_13_full_dsp_1_U515                                          |dadd_64ns_64ns_64_13_full_dsp_1                                    |        0|   3|   979|   800|    0|
    |dadd_64ns_64ns_64_13_full_dsp_1_U516                                          |dadd_64ns_64ns_64_13_full_dsp_1                                    |        0|   3|   979|   800|    0|
    |dadd_64ns_64ns_64_13_full_dsp_1_U517                                          |dadd_64ns_64ns_64_13_full_dsp_1                                    |        0|   3|   979|   800|    0|
    |dadddsub_64ns_64ns_64_13_full_dsp_1_U500                                      |dadddsub_64ns_64ns_64_13_full_dsp_1                                |        0|   3|   979|   800|    0|
    |dmul_64ns_64ns_64_15_max_dsp_1_U497                                           |dmul_64ns_64ns_64_15_max_dsp_1                                     |        0|  11|   565|   296|    0|
    |dmul_64ns_64ns_64_15_max_dsp_1_U498                                           |dmul_64ns_64ns_64_15_max_dsp_1                                     |        0|  11|   565|   296|    0|
    |dmul_64ns_64ns_64_15_max_dsp_1_U499                                           |dmul_64ns_64ns_64_15_max_dsp_1                                     |        0|  11|   565|   296|    0|
    |dmul_64ns_64ns_64_15_max_dsp_1_U504                                           |dmul_64ns_64ns_64_15_max_dsp_1                                     |        0|  11|   565|   296|    0|
    |dmul_64ns_64ns_64_15_max_dsp_1_U505                                           |dmul_64ns_64ns_64_15_max_dsp_1                                     |        0|  11|   565|   296|    0|
    |dmul_64ns_64ns_64_15_max_dsp_1_U506                                           |dmul_64ns_64ns_64_15_max_dsp_1                                     |        0|  11|   565|   296|    0|
    |dmul_64ns_64ns_64_15_max_dsp_1_U511                                           |dmul_64ns_64ns_64_15_max_dsp_1                                     |        0|  11|   565|   296|    0|
    |dmul_64ns_64ns_64_15_max_dsp_1_U512                                           |dmul_64ns_64ns_64_15_max_dsp_1                                     |        0|  11|   565|   296|    0|
    |dmul_64ns_64ns_64_15_max_dsp_1_U513                                           |dmul_64ns_64ns_64_15_max_dsp_1                                     |        0|  11|   565|   296|    0|
    |dmul_64ns_64ns_64_15_max_dsp_1_U518                                           |dmul_64ns_64ns_64_15_max_dsp_1                                     |        0|  11|   565|   296|    0|
    |dmul_64ns_64ns_64_15_max_dsp_1_U519                                           |dmul_64ns_64ns_64_15_max_dsp_1                                     |        0|  11|   565|   296|    0|
    |dmul_64ns_64ns_64_15_max_dsp_1_U520                                           |dmul_64ns_64ns_64_15_max_dsp_1                                     |        0|  11|   565|   296|    0|
    |dmul_64ns_64ns_64_15_max_dsp_1_U521                                           |dmul_64ns_64ns_64_15_max_dsp_1                                     |        0|  11|   565|   296|    0|
    |dmul_64ns_64ns_64_15_max_dsp_1_U522                                           |dmul_64ns_64ns_64_15_max_dsp_1                                     |        0|  11|   565|   296|    0|
    |dmul_64ns_64ns_64_15_max_dsp_1_U523                                           |dmul_64ns_64ns_64_15_max_dsp_1                                     |        0|  11|   565|   296|    0|
    |dmul_64ns_64ns_64_15_max_dsp_1_U524                                           |dmul_64ns_64ns_64_15_max_dsp_1                                     |        0|  11|   565|   296|    0|
    |dsub_64ns_64ns_64_13_full_dsp_1_U491                                          |dsub_64ns_64ns_64_13_full_dsp_1                                    |        0|   3|   979|   800|    0|
    |dsub_64ns_64ns_64_13_full_dsp_1_U492                                          |dsub_64ns_64ns_64_13_full_dsp_1                                    |        0|   3|   979|   800|    0|
    |grp_extendedKalmanFilter_Pipeline_VITIS_LOOP_101_14_fu_586                    |extendedKalmanFilter_Pipeline_VITIS_LOOP_101_14                    |        0|   0|  1139|   194|    0|
    |grp_extendedKalmanFilter_Pipeline_VITIS_LOOP_101_148_fu_610                   |extendedKalmanFilter_Pipeline_VITIS_LOOP_101_148                   |        0|   0|  1165|   194|    0|
    |grp_extendedKalmanFilter_Pipeline_VITIS_LOOP_110_17_fu_674                    |extendedKalmanFilter_Pipeline_VITIS_LOOP_110_17                    |        0|   0|   865|   320|    0|
    |grp_extendedKalmanFilter_Pipeline_VITIS_LOOP_110_179_fu_684                   |extendedKalmanFilter_Pipeline_VITIS_LOOP_110_179                   |        0|   0|   865|   320|    0|
    |grp_extendedKalmanFilter_Pipeline_VITIS_LOOP_121_20_fu_634                    |extendedKalmanFilter_Pipeline_VITIS_LOOP_121_20                    |        0|  56|  7105|  4759|    0|
    |grp_extendedKalmanFilter_Pipeline_VITIS_LOOP_121_2010_fu_644                  |extendedKalmanFilter_Pipeline_VITIS_LOOP_121_2010                  |        0|   0|   929|   375|    0|
    |grp_extendedKalmanFilter_Pipeline_VITIS_LOOP_121_2011_fu_654                  |extendedKalmanFilter_Pipeline_VITIS_LOOP_121_2011                  |        0|   0|   929|   375|    0|
    |grp_extendedKalmanFilter_Pipeline_VITIS_LOOP_121_2012_fu_664                  |extendedKalmanFilter_Pipeline_VITIS_LOOP_121_2012                  |        0|  34|  5975|  4167|    0|
    |grp_extendedKalmanFilter_Pipeline_VITIS_LOOP_128_22_fu_694                    |extendedKalmanFilter_Pipeline_VITIS_LOOP_128_22                    |        0|   0|  1278|   902|    0|
    |grp_extendedKalmanFilter_Pipeline_VITIS_LOOP_135_24_fu_716                    |extendedKalmanFilter_Pipeline_VITIS_LOOP_135_24                    |        0|   0|   678|   394|    0|
    |grp_extendedKalmanFilter_Pipeline_VITIS_LOOP_140_25_VITIS_LOOP_141_26_fu_742  |extendedKalmanFilter_Pipeline_VITIS_LOOP_140_25_VITIS_LOOP_141_26  |        0|   0|   878|   355|    0|
    |grp_extendedKalmanFilter_Pipeline_VITIS_LOOP_148_28_VITIS_LOOP_149_29_fu_755  |extendedKalmanFilter_Pipeline_VITIS_LOOP_148_28_VITIS_LOOP_149_29  |        0|   0|  1268|   607|    0|
    |grp_extendedKalmanFilter_Pipeline_VITIS_LOOP_58_4_fu_384                      |extendedKalmanFilter_Pipeline_VITIS_LOOP_58_4                      |        0|   0|  1139|   194|    0|
    |grp_extendedKalmanFilter_Pipeline_VITIS_LOOP_58_41_fu_408                     |extendedKalmanFilter_Pipeline_VITIS_LOOP_58_41                     |        0|   0|  1165|   194|    0|
    |grp_extendedKalmanFilter_Pipeline_VITIS_LOOP_58_42_fu_432                     |extendedKalmanFilter_Pipeline_VITIS_LOOP_58_42                     |        0|   0|  1165|   194|    0|
    |grp_extendedKalmanFilter_Pipeline_VITIS_LOOP_58_43_fu_456                     |extendedKalmanFilter_Pipeline_VITIS_LOOP_58_43                     |        0|   0|  1165|   194|    0|
    |grp_extendedKalmanFilter_Pipeline_VITIS_LOOP_67_7_fu_490                      |extendedKalmanFilter_Pipeline_VITIS_LOOP_67_7                      |        0|   0|  1295|   230|    0|
    |grp_extendedKalmanFilter_Pipeline_VITIS_LOOP_67_74_fu_514                     |extendedKalmanFilter_Pipeline_VITIS_LOOP_67_74                     |        0|   0|  1295|   230|    0|
    |grp_extendedKalmanFilter_Pipeline_VITIS_LOOP_67_75_fu_538                     |extendedKalmanFilter_Pipeline_VITIS_LOOP_67_75                     |        0|   0|  1295|   230|    0|
    |grp_extendedKalmanFilter_Pipeline_VITIS_LOOP_67_76_fu_562                     |extendedKalmanFilter_Pipeline_VITIS_LOOP_67_76                     |        0|   0|  1295|   230|    0|
    |grp_extendedKalmanFilter_Pipeline_VITIS_LOOP_94_12_fu_480                     |extendedKalmanFilter_Pipeline_VITIS_LOOP_94_12                     |        0|   0|    68|   184|    0|
    |grp_extendedKalmanFilter_Pipeline_VITIS_LOOP_94_127_fu_485                    |extendedKalmanFilter_Pipeline_VITIS_LOOP_94_127                    |        0|   0|    68|   184|    0|
    +------------------------------------------------------------------------------+-------------------------------------------------------------------+---------+----+------+------+-----+
    |Total                                                                         |                                                                   |        0| 326| 61644| 35762|    0|
    +------------------------------------------------------------------------------+-------------------------------------------------------------------+---------+----+------+------+-----+

    * DSP: 
    N/A

    * Memory: 
    +---------+---------------------+---------+---+----+-----+------+-----+------+-------------+
    |  Memory |        Module       | BRAM_18K| FF| LUT| URAM| Words| Bits| Banks| W*Bits*Banks|
    +---------+---------------------+---------+---+----+-----+------+-----+------+-------------+
    |temp2_U  |temp2_RAM_AUTO_1R1W  |        2|  0|   0|    0|    16|   64|     1|         1024|
    +---------+---------------------+---------+---+----+-----+------+-----+------+-------------+
    |Total    |                     |        2|  0|   0|    0|    16|   64|     1|         1024|
    +---------+---------------------+---------+---+----+-----+------+-----+------+-------------+

    * FIFO: 
    N/A

    * Expression: 
    +----------------------------------+----------+----+---+----+------------+------------+
    |           Variable Name          | Operation| DSP| FF| LUT| Bitwidth P0| Bitwidth P1|
    +----------------------------------+----------+----+---+----+------------+------------+
    |ap_block_state22_on_subcall_done  |        or|   0|  0|   2|           1|           1|
    |ap_block_state24_on_subcall_done  |        or|   0|  0|   2|           1|           1|
    |ap_block_state28_on_subcall_done  |        or|   0|  0|   2|           1|           1|
    |ap_block_state2_on_subcall_done   |        or|   0|  0|   2|           1|           1|
    |ap_block_state4_on_subcall_done   |        or|   0|  0|   2|           1|           1|
    +----------------------------------+----------+----+---+----+------------+------------+
    |Total                             |          |   0|  0|  10|           5|           5|
    +----------------------------------+----------+----+---+----+------------+------------+

    * Multiplexer: 
    +--------------------+-----+-----------+-----+-----------+
    |        Name        | LUT | Input Size| Bits| Total Bits|
    +--------------------+-----+-----------+-----+-----------+
    |P_0_0               |    9|          2|   64|        128|
    |P_0_1               |    9|          2|   64|        128|
    |P_0_2               |    9|          2|   64|        128|
    |P_0_3               |    9|          2|   64|        128|
    |P_1_0               |    9|          2|   64|        128|
    |P_1_1               |    9|          2|   64|        128|
    |P_1_2               |    9|          2|   64|        128|
    |P_1_3               |    9|          2|   64|        128|
    |P_2_0               |    9|          2|   64|        128|
    |P_2_1               |    9|          2|   64|        128|
    |P_2_2               |    9|          2|   64|        128|
    |P_2_3               |    9|          2|   64|        128|
    |P_3_0               |    9|          2|   64|        128|
    |P_3_1               |    9|          2|   64|        128|
    |P_3_2               |    9|          2|   64|        128|
    |P_3_3               |    9|          2|   64|        128|
    |ap_NS_fsm           |  150|         31|    1|         31|
    |grp_fu_1974_ce      |   17|          4|    1|          4|
    |grp_fu_1974_p0      |   17|          4|   64|        256|
    |grp_fu_1974_p1      |   17|          4|   64|        256|
    |grp_fu_1978_ce      |   17|          4|    1|          4|
    |grp_fu_1978_p0      |   17|          4|   64|        256|
    |grp_fu_1978_p1      |   17|          4|   64|        256|
    |grp_fu_1982_ce      |   17|          4|    1|          4|
    |grp_fu_1982_p0      |   17|          4|   64|        256|
    |grp_fu_1982_p1      |   17|          4|   64|        256|
    |grp_fu_1986_ce      |   17|          4|    1|          4|
    |grp_fu_1986_p0      |   17|          4|   64|        256|
    |grp_fu_1986_p1      |   17|          4|   64|        256|
    |grp_fu_1990_ce      |   17|          4|    1|          4|
    |grp_fu_1990_p0      |   17|          4|   64|        256|
    |grp_fu_1990_p1      |   17|          4|   64|        256|
    |grp_fu_1994_ce      |   17|          4|    1|          4|
    |grp_fu_1994_p0      |   17|          4|   64|        256|
    |grp_fu_1994_p1      |   17|          4|   64|        256|
    |grp_fu_1998_ce      |   17|          4|    1|          4|
    |grp_fu_1998_p0      |   17|          4|   64|        256|
    |grp_fu_1998_p1      |   17|          4|   64|        256|
    |grp_fu_2002_ce      |   29|          7|    1|          7|
    |grp_fu_2002_opcode  |   29|          7|    2|         14|
    |grp_fu_2002_p0      |   29|          7|   64|        448|
    |grp_fu_2002_p1      |   29|          7|   64|        448|
    |grp_fu_2006_ce      |   25|          6|    1|          6|
    |grp_fu_2006_p0      |   25|          6|   64|        384|
    |grp_fu_2006_p1      |   25|          6|   64|        384|
    |grp_fu_2010_ce      |   25|          6|    1|          6|
    |grp_fu_2010_p0      |   25|          6|   64|        384|
    |grp_fu_2010_p1      |   25|          6|   64|        384|
    |grp_fu_2014_ce      |   21|          5|    1|          5|
    |grp_fu_2014_p0      |   21|          5|   64|        320|
    |grp_fu_2014_p1      |   21|          5|   64|        320|
    |grp_fu_2018_ce      |   25|          6|    1|          6|
    |grp_fu_2018_p0      |   25|          6|   64|        384|
    |grp_fu_2018_p1      |   25|          6|   64|        384|
    |grp_fu_2022_ce      |   25|          6|    1|          6|
    |grp_fu_2022_p0      |   25|          6|   64|        384|
    |grp_fu_2022_p1      |   25|          6|   64|        384|
    |grp_fu_2026_ce      |   25|          6|    1|          6|
    |grp_fu_2026_p0      |   25|          6|   64|        384|
    |grp_fu_2026_p1      |   25|          6|   64|        384|
    |grp_fu_2030_ce      |   21|          5|    1|          5|
    |grp_fu_2030_p0      |   21|          5|   64|        320|
    |grp_fu_2030_p1      |   21|          5|   64|        320|
    |grp_fu_2034_ce      |   21|          5|    1|          5|
    |grp_fu_2034_p0      |   21|          5|   64|        320|
    |grp_fu_2034_p1      |   21|          5|   64|        320|
    |grp_fu_2038_ce      |   21|          5|    1|          5|
    |grp_fu_2038_p0      |   21|          5|   64|        320|
    |grp_fu_2038_p1      |   21|          5|   64|        320|
    |grp_fu_2042_ce      |   21|          5|    1|          5|
    |grp_fu_2042_p0      |   21|          5|   64|        320|
    |grp_fu_2042_p1      |   21|          5|   64|        320|
    |grp_fu_2046_ce      |   21|          5|    1|          5|
    |grp_fu_2046_p0      |   21|          5|   64|        320|
    |grp_fu_2046_p1      |   21|          5|   64|        320|
    |grp_fu_2050_ce      |   21|          5|    1|          5|
    |grp_fu_2050_p0      |   21|          5|   64|        320|
    |grp_fu_2050_p1      |   21|          5|   64|        320|
    |grp_fu_2054_ce      |   21|          5|    1|          5|
    |grp_fu_2054_p0      |   21|          5|   64|        320|
    |grp_fu_2054_p1      |   21|          5|   64|        320|
    |grp_fu_2058_ce      |   17|          4|    1|          4|
    |grp_fu_2058_p0      |   17|          4|   64|        256|
    |grp_fu_2058_p1      |   17|          4|   64|        256|
    |grp_fu_2062_ce      |   17|          4|    1|          4|
    |grp_fu_2062_p0      |   17|          4|   64|        256|
    |grp_fu_2062_p1      |   17|          4|   64|        256|
    |grp_fu_2066_ce      |   17|          4|    1|          4|
    |grp_fu_2066_p0      |   17|          4|   64|        256|
    |grp_fu_2066_p1      |   17|          4|   64|        256|
    |grp_fu_2070_ce      |   17|          4|    1|          4|
    |grp_fu_2070_p0      |   17|          4|   64|        256|
    |grp_fu_2070_p1      |   17|          4|   64|        256|
    |grp_fu_2074_ce      |   21|          5|    1|          5|
    |grp_fu_2074_p0      |   21|          5|   64|        320|
    |grp_fu_2074_p1      |   21|          5|   64|        320|
    |grp_fu_2078_ce      |   21|          5|    1|          5|
    |grp_fu_2078_p0      |   21|          5|   64|        320|
    |grp_fu_2078_p1      |   21|          5|   64|        320|
    |grp_fu_2082_ce      |   17|          4|    1|          4|
    |grp_fu_2082_p0      |   17|          4|   64|        256|
    |grp_fu_2082_p1      |   17|          4|   64|        256|
    |grp_fu_2086_ce      |   13|          3|    1|          3|
    |grp_fu_2086_p0      |   13|          3|   64|        192|
    |grp_fu_2086_p1      |   13|          3|   64|        192|
    |grp_fu_2090_ce      |   13|          3|    1|          3|
    |grp_fu_2090_p0      |   13|          3|   64|        192|
    |grp_fu_2090_p1      |   13|          3|   64|        192|
    |grp_fu_2094_ce      |   13|          3|    1|          3|
    |grp_fu_2094_p0      |   13|          3|   64|        192|
    |grp_fu_2094_p1      |   13|          3|   64|        192|
    |grp_fu_2098_ce      |   13|          3|    1|          3|
    |grp_fu_2098_p0      |   13|          3|   64|        192|
    |grp_fu_2098_p1      |   13|          3|   64|        192|
    |grp_fu_808_p0       |   13|          3|   64|        192|
    |grp_fu_808_p1       |   13|          3|   64|        192|
    |grp_fu_812_p0       |   13|          3|   64|        192|
    |grp_fu_812_p1       |   13|          3|   64|        192|
    |temp2_address0      |   13|          3|    4|         12|
    |temp2_ce0           |   13|          3|    1|          3|
    |temp2_we0           |    9|          2|    1|          2|
    |x_0                 |    9|          2|   64|        128|
    |x_1                 |    9|          2|   64|        128|
    |x_2                 |    9|          2|   64|        128|
    |x_3                 |    9|          2|   64|        128|
    +--------------------+-----+-----------+-----+-----------+
    |Total               | 2306|        539| 5673|      22353|
    +--------------------+-----+-----------+-----+-----------+

    * Register: 
    +-------------------------------------------------------------------------------------------+----+----+-----+-----------+
    |                                            Name                                           | FF | LUT| Bits| Const Bits|
    +-------------------------------------------------------------------------------------------+----+----+-----+-----------+
    |P_0_0                                                                                      |  64|   0|   64|          0|
    |P_0_0_load_reg_1670                                                                        |  64|   0|   64|          0|
    |P_0_1                                                                                      |  64|   0|   64|          0|
    |P_0_1_load_reg_1675                                                                        |  64|   0|   64|          0|
    |P_0_2                                                                                      |  64|   0|   64|          0|
    |P_0_2_load_reg_1680                                                                        |  64|   0|   64|          0|
    |P_0_3                                                                                      |  64|   0|   64|          0|
    |P_0_3_load_reg_1685                                                                        |  64|   0|   64|          0|
    |P_1_0                                                                                      |  64|   0|   64|          0|
    |P_1_0_load_reg_1690                                                                        |  64|   0|   64|          0|
    |P_1_1                                                                                      |  64|   0|   64|          0|
    |P_1_1_load_reg_1695                                                                        |  64|   0|   64|          0|
    |P_1_2                                                                                      |  64|   0|   64|          0|
    |P_1_2_load_reg_1700                                                                        |  64|   0|   64|          0|
    |P_1_3                                                                                      |  64|   0|   64|          0|
    |P_1_3_load_reg_1705                                                                        |  64|   0|   64|          0|
    |P_2_0                                                                                      |  64|   0|   64|          0|
    |P_2_0_load_reg_1710                                                                        |  64|   0|   64|          0|
    |P_2_1                                                                                      |  64|   0|   64|          0|
    |P_2_1_load_reg_1715                                                                        |  64|   0|   64|          0|
    |P_2_2                                                                                      |  64|   0|   64|          0|
    |P_2_2_load_reg_1720                                                                        |  64|   0|   64|          0|
    |P_2_3                                                                                      |  64|   0|   64|          0|
    |P_2_3_load_reg_1725                                                                        |  64|   0|   64|          0|
    |P_3_0                                                                                      |  64|   0|   64|          0|
    |P_3_0_load_reg_1730                                                                        |  64|   0|   64|          0|
    |P_3_1                                                                                      |  64|   0|   64|          0|
    |P_3_1_load_reg_1735                                                                        |  64|   0|   64|          0|
    |P_3_2                                                                                      |  64|   0|   64|          0|
    |P_3_2_load_reg_1740                                                                        |  64|   0|   64|          0|
    |P_3_3                                                                                      |  64|   0|   64|          0|
    |P_3_3_load_reg_1745                                                                        |  64|   0|   64|          0|
    |add2_i_reg_1930                                                                            |  64|   0|   64|          0|
    |add4_i_reg_1935                                                                            |  64|   0|   64|          0|
    |ap_CS_fsm                                                                                  |  30|   0|   30|          0|
    |grp_extendedKalmanFilter_Pipeline_VITIS_LOOP_101_148_fu_610_ap_start_reg                   |   1|   0|    1|          0|
    |grp_extendedKalmanFilter_Pipeline_VITIS_LOOP_101_14_fu_586_ap_start_reg                    |   1|   0|    1|          0|
    |grp_extendedKalmanFilter_Pipeline_VITIS_LOOP_110_179_fu_684_ap_start_reg                   |   1|   0|    1|          0|
    |grp_extendedKalmanFilter_Pipeline_VITIS_LOOP_110_17_fu_674_ap_start_reg                    |   1|   0|    1|          0|
    |grp_extendedKalmanFilter_Pipeline_VITIS_LOOP_121_2010_fu_644_ap_start_reg                  |   1|   0|    1|          0|
    |grp_extendedKalmanFilter_Pipeline_VITIS_LOOP_121_2011_fu_654_ap_start_reg                  |   1|   0|    1|          0|
    |grp_extendedKalmanFilter_Pipeline_VITIS_LOOP_121_2012_fu_664_ap_start_reg                  |   1|   0|    1|          0|
    |grp_extendedKalmanFilter_Pipeline_VITIS_LOOP_121_20_fu_634_ap_start_reg                    |   1|   0|    1|          0|
    |grp_extendedKalmanFilter_Pipeline_VITIS_LOOP_128_22_fu_694_ap_start_reg                    |   1|   0|    1|          0|
    |grp_extendedKalmanFilter_Pipeline_VITIS_LOOP_135_24_fu_716_ap_start_reg                    |   1|   0|    1|          0|
    |grp_extendedKalmanFilter_Pipeline_VITIS_LOOP_140_25_VITIS_LOOP_141_26_fu_742_ap_start_reg  |   1|   0|    1|          0|
    |grp_extendedKalmanFilter_Pipeline_VITIS_LOOP_148_28_VITIS_LOOP_149_29_fu_755_ap_start_reg  |   1|   0|    1|          0|
    |grp_extendedKalmanFilter_Pipeline_VITIS_LOOP_58_41_fu_408_ap_start_reg                     |   1|   0|    1|          0|
    |grp_extendedKalmanFilter_Pipeline_VITIS_LOOP_58_42_fu_432_ap_start_reg                     |   1|   0|    1|          0|
    |grp_extendedKalmanFilter_Pipeline_VITIS_LOOP_58_43_fu_456_ap_start_reg                     |   1|   0|    1|          0|
    |grp_extendedKalmanFilter_Pipeline_VITIS_LOOP_58_4_fu_384_ap_start_reg                      |   1|   0|    1|          0|
    |grp_extendedKalmanFilter_Pipeline_VITIS_LOOP_67_74_fu_514_ap_start_reg                     |   1|   0|    1|          0|
    |grp_extendedKalmanFilter_Pipeline_VITIS_LOOP_67_75_fu_538_ap_start_reg                     |   1|   0|    1|          0|
    |grp_extendedKalmanFilter_Pipeline_VITIS_LOOP_67_76_fu_562_ap_start_reg                     |   1|   0|    1|          0|
    |grp_extendedKalmanFilter_Pipeline_VITIS_LOOP_67_7_fu_490_ap_start_reg                      |   1|   0|    1|          0|
    |grp_extendedKalmanFilter_Pipeline_VITIS_LOOP_94_127_fu_485_ap_start_reg                    |   1|   0|    1|          0|
    |grp_extendedKalmanFilter_Pipeline_VITIS_LOOP_94_12_fu_480_ap_start_reg                     |   1|   0|    1|          0|
    |x_0                                                                                        |  64|   0|   64|          0|
    |x_1                                                                                        |  64|   0|   64|          0|
    |x_2                                                                                        |  64|   0|   64|          0|
    |x_3                                                                                        |  64|   0|   64|          0|
    |y_1_reg_1945                                                                               |  64|   0|   64|          0|
    |y_reg_1940                                                                                 |  64|   0|   64|          0|
    |z_pred_1_reg_1804                                                                          |  64|   0|   64|          0|
    |z_pred_reg_1798                                                                            |  64|   0|   64|          0|
    +-------------------------------------------------------------------------------------------+----+----+-----+-----------+
    |Total                                                                                      |2740|   0| 2740|          0|
    +-------------------------------------------------------------------------------------------+----+----+-----+-----------+



================================================================
== Interface
================================================================
* Summary: 
+------------------------------+-----+-----+------------+------------------------+--------------+
|           RTL Ports          | Dir | Bits|  Protocol  |      Source Object     |    C Type    |
+------------------------------+-----+-----+------------+------------------------+--------------+
|ap_clk                        |   in|    1|  ap_ctrl_hs|    extendedKalmanFilter|  return value|
|ap_rst                        |   in|    1|  ap_ctrl_hs|    extendedKalmanFilter|  return value|
|ap_start                      |   in|    1|  ap_ctrl_hs|    extendedKalmanFilter|  return value|
|ap_done                       |  out|    1|  ap_ctrl_hs|    extendedKalmanFilter|  return value|
|ap_idle                       |  out|    1|  ap_ctrl_hs|    extendedKalmanFilter|  return value|
|ap_ready                      |  out|    1|  ap_ctrl_hs|    extendedKalmanFilter|  return value|
|gps_measurement_data_0        |   in|   64|     ap_none|  gps_measurement_data_0|       pointer|
|gps_measurement_data_1        |   in|   64|     ap_none|  gps_measurement_data_1|       pointer|
|output_predict_data_0         |  out|   64|      ap_vld|   output_predict_data_0|       pointer|
|output_predict_data_0_ap_vld  |  out|    1|      ap_vld|   output_predict_data_0|       pointer|
|output_predict_data_1         |  out|   64|      ap_vld|   output_predict_data_1|       pointer|
|output_predict_data_1_ap_vld  |  out|    1|      ap_vld|   output_predict_data_1|       pointer|
+------------------------------+-----+-----+------------+------------------------+--------------+

