================================================================
== Design Size Report
================================================================

* Total Instructions per Compilation Phase
+---------------+-----------------------------+--------------+----------------------------------------------------------------------------------------+
| Phase         | Step                        | Instructions | Description                                                                            |
+---------------+-----------------------------+--------------+----------------------------------------------------------------------------------------+
| Compile/Link  |                             | 580          | After all functions are compiled and linked into a single design                       |
|               |                             |              |                                                                                        |
| Unroll/Inline |                             |              | After user unroll and inline pragmas are applied                                       |
|               | (1) unroll                  | 392          | user unroll pragmas are applied                                                        |
|               | (2) simplification          | 295          | simplification of applied user unroll pragmas                                          |
|               | (3) inline                  | 266          | user inline pragmas are applied                                                        |
|               | (4) simplification          | 258          | simplification of applied user inline pragmas                                          |
|               |                             |              |                                                                                        |
| Array/Struct  |                             |              | After user array partition and struct aggregate/disaggregate pragmas are applied       |
|               | (1) array partition         | 256          | user array partition pragmas are applied                                               |
|               | (2) simplification          | 256          | simplification of applied user array partition & struct aggregate/disaggregate pragmas |
|               | (3) aggregate/disaggregate  | 256          | user struct aggregate/disaggregate pragmas are applied                                 |
|               | (4) array reshape           | 256          | apply array reshape pragmas                                                            |
|               | (5) access patterns         | 262          | array access pattern optmizations                                                      |
|               |                             |              |                                                                                        |
| Performance   |                             |              | After transformations are applied to meet performance pragma targets                   |
|               | (1) loop simplification     | 256          | loop and instruction simplification                                                    |
|               | (2) parallelization         | 256          | loops are unrolled or pipelined to meet performance targets                            |
|               | (3) array partition         | 256          | arrays are partitioned to meet performance targets                                     |
|               | (4) simplification          | 256          | simplification of design after performance transformations                             |
|               |                             |              |                                                                                        |
| HW Transforms |                             |              | After hardware transfomations                                                          |
|               | (1) lowering                | 268          | initial conversion to HW specific instructions                                         |
|               | (2) optimizations           | 336          | high level synthesis optimizations                                                     |
+---------------+-----------------------------+--------------+----------------------------------------------------------------------------------------+

* Instructions per Function for each Compilation Phase
+------------------------+-----------------------------+--------------+---------------+--------------+-------------+---------------+
| Function               | Location                    | Compile/Link | Unroll/Inline | Array/Struct | Performance | HW Transforms |
+------------------------+-----------------------------+--------------+---------------+--------------+-------------+---------------+
| + extendedKalmanFilter | ExtendedKalmanFilter.cpp:39 | 580          | 258           | 262          | 256         | 336           |
|    stateTransition     | ExtendedKalmanFilter.cpp:23 |  19          |               |              |             |               |
|    measurementFunction | ExtendedKalmanFilter.cpp:32 |   7          |               |              |             |               |
+------------------------+-----------------------------+--------------+---------------+--------------+-------------+---------------+

* Design Size Message Settings
+---------------------------------------------+--------+------------------------------------------------------------------+
| Message Setting                             | Value  | Description                                                      |
+---------------------------------------------+--------+------------------------------------------------------------------+
| config_compile -design_size_maximum_warning | 100000 | Show a warning when total design instructions exceeds this value |
+---------------------------------------------+--------+------------------------------------------------------------------+


